<?xml version="1.0" encoding="UTF-8"?>
<testsuite xmlns:xsi="http://www.w3.org/2001/XMLSchema-instance" xsi:noNamespaceSchemaLocation="https://maven.apache.org/surefire/maven-surefire-plugin/xsd/surefire-test-report-3.0.xsd" version="3.0" name="TestSuite" time="963.12" tests="32" errors="0" skipped="0" failures="8">
  <properties>
    <property name="sun.desktop" value="windows"/>
    <property name="awt.toolkit" value="sun.awt.windows.WToolkit"/>
    <property name="file.encoding.pkg" value="sun.io"/>
    <property name="java.specification.version" value="1.8"/>
    <property name="sun.cpu.isalist" value="amd64"/>
    <property name="sun.jnu.encoding" value="Cp1252"/>
    <property name="java.class.path" value="F:\CogsdaleWorkSpace\BitBucket\portal_test_automation\target\test-classes;F:\CogsdaleWorkSpace\BitBucket\portal_test_automation\target\classes;C:\Users\Administrator\.m2\repository\junit\junit\3.8.1\junit-3.8.1.jar;C:\Users\Administrator\.m2\repository\org\testng\testng\6.14.3\testng-6.14.3.jar;C:\Users\Administrator\.m2\repository\org\apache-extras\beanshell\bsh\2.0b6\bsh-2.0b6.jar;C:\Users\Administrator\.m2\repository\org\seleniumhq\selenium\selenium-java\3.14.0\selenium-java-3.14.0.jar;C:\Users\Administrator\.m2\repository\org\seleniumhq\selenium\selenium-api\3.14.0\selenium-api-3.14.0.jar;C:\Users\Administrator\.m2\repository\org\seleniumhq\selenium\selenium-edge-driver\3.14.0\selenium-edge-driver-3.14.0.jar;C:\Users\Administrator\.m2\repository\org\seleniumhq\selenium\selenium-ie-driver\3.14.0\selenium-ie-driver-3.14.0.jar;C:\Users\Administrator\.m2\repository\org\seleniumhq\selenium\selenium-opera-driver\3.14.0\selenium-opera-driver-3.14.0.jar;C:\Users\Administrator\.m2\repository\org\seleniumhq\selenium\selenium-remote-driver\3.14.0\selenium-remote-driver-3.14.0.jar;C:\Users\Administrator\.m2\repository\org\seleniumhq\selenium\selenium-safari-driver\3.14.0\selenium-safari-driver-3.14.0.jar;C:\Users\Administrator\.m2\repository\org\seleniumhq\selenium\selenium-support\3.14.0\selenium-support-3.14.0.jar;C:\Users\Administrator\.m2\repository\net\bytebuddy\byte-buddy\1.8.15\byte-buddy-1.8.15.jar;C:\Users\Administrator\.m2\repository\org\apache\commons\commons-exec\1.3\commons-exec-1.3.jar;C:\Users\Administrator\.m2\repository\commons-codec\commons-codec\1.10\commons-codec-1.10.jar;C:\Users\Administrator\.m2\repository\commons-logging\commons-logging\1.2\commons-logging-1.2.jar;C:\Users\Administrator\.m2\repository\com\google\guava\guava\25.0-jre\guava-25.0-jre.jar;C:\Users\Administrator\.m2\repository\com\google\code\findbugs\jsr305\1.3.9\jsr305-1.3.9.jar;C:\Users\Administrator\.m2\repository\org\checkerframework\checker-compat-qual\2.0.0\checker-compat-qual-2.0.0.jar;C:\Users\Administrator\.m2\repository\com\google\errorprone\error_prone_annotations\2.1.3\error_prone_annotations-2.1.3.jar;C:\Users\Administrator\.m2\repository\com\google\j2objc\j2objc-annotations\1.1\j2objc-annotations-1.1.jar;C:\Users\Administrator\.m2\repository\org\codehaus\mojo\animal-sniffer-annotations\1.14\animal-sniffer-annotations-1.14.jar;C:\Users\Administrator\.m2\repository\org\apache\httpcomponents\httpclient\4.5.5\httpclient-4.5.5.jar;C:\Users\Administrator\.m2\repository\org\apache\httpcomponents\httpcore\4.4.9\httpcore-4.4.9.jar;C:\Users\Administrator\.m2\repository\com\squareup\okhttp3\okhttp\3.10.0\okhttp-3.10.0.jar;C:\Users\Administrator\.m2\repository\com\squareup\okio\okio\1.14.1\okio-1.14.1.jar;C:\Users\Administrator\.m2\repository\org\seleniumhq\selenium\selenium-firefox-driver\3.141.59\selenium-firefox-driver-3.141.59.jar;C:\Users\Administrator\.m2\repository\org\apache\maven\reporting\maven-reporting-api\2.0.6\maven-reporting-api-2.0.6.jar;C:\Users\Administrator\.m2\repository\org\apache\maven\doxia\doxia-sink-api\1.0-alpha-7\doxia-sink-api-1.0-alpha-7.jar;C:\Users\Administrator\.m2\repository\org\seleniumhq\selenium\selenium-chrome-driver\3.141.59\selenium-chrome-driver-3.141.59.jar;C:\Users\Administrator\.m2\repository\mysql\mysql-connector-java\8.0.15\mysql-connector-java-8.0.15.jar;C:\Users\Administrator\.m2\repository\com\google\protobuf\protobuf-java\3.6.1\protobuf-java-3.6.1.jar;C:\Users\Administrator\.m2\repository\org\apache\logging\log4j\log4j-core\2.11.2\log4j-core-2.11.2.jar;C:\Users\Administrator\.m2\repository\org\apache\logging\log4j\log4j-api\2.11.2\log4j-api-2.11.2.jar;C:\Users\Administrator\.m2\repository\org\apache\poi\poi\4.1.0\poi-4.1.0.jar;C:\Users\Administrator\.m2\repository\org\apache\commons\commons-collections4\4.3\commons-collections4-4.3.jar;C:\Users\Administrator\.m2\repository\org\apache\commons\commons-math3\3.6.1\commons-math3-3.6.1.jar;C:\Users\Administrator\.m2\repository\org\apache\poi\poi-ooxml\4.1.0\poi-ooxml-4.1.0.jar;C:\Users\Administrator\.m2\repository\org\apache\poi\poi-ooxml-schemas\4.1.0\poi-ooxml-schemas-4.1.0.jar;C:\Users\Administrator\.m2\repository\org\apache\xmlbeans\xmlbeans\3.1.0\xmlbeans-3.1.0.jar;C:\Users\Administrator\.m2\repository\org\apache\commons\commons-compress\1.18\commons-compress-1.18.jar;C:\Users\Administrator\.m2\repository\com\github\virtuald\curvesapi\1.06\curvesapi-1.06.jar;C:\Users\Administrator\.m2\repository\org\slf4j\slf4j-api\1.7.25\slf4j-api-1.7.25.jar;C:\Users\Administrator\.m2\repository\com\microsoft\sqlserver\mssql-jdbc\7.0.0.jre8\mssql-jdbc-7.0.0.jre8.jar;C:\Users\Administrator\.m2\repository\com\paulhammant\ngwebdriver\1.1.4\ngwebdriver-1.1.4.jar;C:\Users\Administrator\.m2\repository\com\aventstack\extentreports\4.0.5\extentreports-4.0.5.jar;C:\Users\Administrator\.m2\repository\org\freemarker\freemarker\2.3.23\freemarker-2.3.23.jar;C:\Users\Administrator\.m2\repository\org\mongodb\mongodb-driver\3.3.0\mongodb-driver-3.3.0.jar;C:\Users\Administrator\.m2\repository\org\mongodb\mongodb-driver-core\3.3.0\mongodb-driver-core-3.3.0.jar;C:\Users\Administrator\.m2\repository\org\mongodb\bson\3.3.0\bson-3.3.0.jar;C:\Users\Administrator\.m2\repository\org\apache\httpcomponents\httpmime\4.5.2\httpmime-4.5.2.jar;C:\Users\Administrator\.m2\repository\com\google\code\gson\gson\2.8.5\gson-2.8.5.jar;C:\Users\Administrator\.m2\repository\commons-io\commons-io\2.6\commons-io-2.6.jar;C:\Users\Administrator\.m2\repository\org\uncommons\reportng\1.1.4\reportng-1.1.4.jar;C:\Users\Administrator\.m2\repository\velocity\velocity\1.4\velocity-1.4.jar;C:\Users\Administrator\.m2\repository\com\google\inject\guice\3.0\guice-3.0.jar;C:\Users\Administrator\.m2\repository\javax\inject\javax.inject\1\javax.inject-1.jar;C:\Users\Administrator\.m2\repository\aopalliance\aopalliance\1.0\aopalliance-1.0.jar;C:\Users\Administrator\.m2\repository\velocity\velocity-dep\1.4\velocity-dep-1.4.jar;C:\Users\Administrator\.m2\repository\com\beust\jcommander\1.72\jcommander-1.72.jar;"/>
    <property name="java.vm.vendor" value="Oracle Corporation"/>
    <property name="sun.arch.data.model" value="64"/>
    <property name="user.variant" value=""/>
    <property name="java.vendor.url" value="http://java.oracle.com/"/>
    <property name="user.timezone" value="America/Chicago"/>
    <property name="java.vm.specification.version" value="1.8"/>
    <property name="os.name" value="Windows Server 2012 R2"/>
    <property name="user.country" value="US"/>
    <property name="sun.java.launcher" value="SUN_STANDARD"/>
    <property name="sun.boot.library.path" value="C:\Program Files\Java\jdk1.8.0_201\jre\bin"/>
    <property name="sun.java.command" value="C:\Users\Administrator\AppData\Local\Temp\2\surefire4639831725367145652\surefirebooter2765581462941571246.jar C:\Users\Administrator\AppData\Local\Temp\2\surefire4639831725367145652 2019-07-30T08-54-07_233-jvmRun1 surefire5062345509736717266tmp surefire_01018105962303490651tmp"/>
    <property name="surefire.test.class.path" value="F:\CogsdaleWorkSpace\BitBucket\portal_test_automation\target\test-classes;F:\CogsdaleWorkSpace\BitBucket\portal_test_automation\target\classes;C:\Users\Administrator\.m2\repository\junit\junit\3.8.1\junit-3.8.1.jar;C:\Users\Administrator\.m2\repository\org\testng\testng\6.14.3\testng-6.14.3.jar;C:\Users\Administrator\.m2\repository\org\apache-extras\beanshell\bsh\2.0b6\bsh-2.0b6.jar;C:\Users\Administrator\.m2\repository\org\seleniumhq\selenium\selenium-java\3.14.0\selenium-java-3.14.0.jar;C:\Users\Administrator\.m2\repository\org\seleniumhq\selenium\selenium-api\3.14.0\selenium-api-3.14.0.jar;C:\Users\Administrator\.m2\repository\org\seleniumhq\selenium\selenium-edge-driver\3.14.0\selenium-edge-driver-3.14.0.jar;C:\Users\Administrator\.m2\repository\org\seleniumhq\selenium\selenium-ie-driver\3.14.0\selenium-ie-driver-3.14.0.jar;C:\Users\Administrator\.m2\repository\org\seleniumhq\selenium\selenium-opera-driver\3.14.0\selenium-opera-driver-3.14.0.jar;C:\Users\Administrator\.m2\repository\org\seleniumhq\selenium\selenium-remote-driver\3.14.0\selenium-remote-driver-3.14.0.jar;C:\Users\Administrator\.m2\repository\org\seleniumhq\selenium\selenium-safari-driver\3.14.0\selenium-safari-driver-3.14.0.jar;C:\Users\Administrator\.m2\repository\org\seleniumhq\selenium\selenium-support\3.14.0\selenium-support-3.14.0.jar;C:\Users\Administrator\.m2\repository\net\bytebuddy\byte-buddy\1.8.15\byte-buddy-1.8.15.jar;C:\Users\Administrator\.m2\repository\org\apache\commons\commons-exec\1.3\commons-exec-1.3.jar;C:\Users\Administrator\.m2\repository\commons-codec\commons-codec\1.10\commons-codec-1.10.jar;C:\Users\Administrator\.m2\repository\commons-logging\commons-logging\1.2\commons-logging-1.2.jar;C:\Users\Administrator\.m2\repository\com\google\guava\guava\25.0-jre\guava-25.0-jre.jar;C:\Users\Administrator\.m2\repository\com\google\code\findbugs\jsr305\1.3.9\jsr305-1.3.9.jar;C:\Users\Administrator\.m2\repository\org\checkerframework\checker-compat-qual\2.0.0\checker-compat-qual-2.0.0.jar;C:\Users\Administrator\.m2\repository\com\google\errorprone\error_prone_annotations\2.1.3\error_prone_annotations-2.1.3.jar;C:\Users\Administrator\.m2\repository\com\google\j2objc\j2objc-annotations\1.1\j2objc-annotations-1.1.jar;C:\Users\Administrator\.m2\repository\org\codehaus\mojo\animal-sniffer-annotations\1.14\animal-sniffer-annotations-1.14.jar;C:\Users\Administrator\.m2\repository\org\apache\httpcomponents\httpclient\4.5.5\httpclient-4.5.5.jar;C:\Users\Administrator\.m2\repository\org\apache\httpcomponents\httpcore\4.4.9\httpcore-4.4.9.jar;C:\Users\Administrator\.m2\repository\com\squareup\okhttp3\okhttp\3.10.0\okhttp-3.10.0.jar;C:\Users\Administrator\.m2\repository\com\squareup\okio\okio\1.14.1\okio-1.14.1.jar;C:\Users\Administrator\.m2\repository\org\seleniumhq\selenium\selenium-firefox-driver\3.141.59\selenium-firefox-driver-3.141.59.jar;C:\Users\Administrator\.m2\repository\org\apache\maven\reporting\maven-reporting-api\2.0.6\maven-reporting-api-2.0.6.jar;C:\Users\Administrator\.m2\repository\org\apache\maven\doxia\doxia-sink-api\1.0-alpha-7\doxia-sink-api-1.0-alpha-7.jar;C:\Users\Administrator\.m2\repository\org\seleniumhq\selenium\selenium-chrome-driver\3.141.59\selenium-chrome-driver-3.141.59.jar;C:\Users\Administrator\.m2\repository\mysql\mysql-connector-java\8.0.15\mysql-connector-java-8.0.15.jar;C:\Users\Administrator\.m2\repository\com\google\protobuf\protobuf-java\3.6.1\protobuf-java-3.6.1.jar;C:\Users\Administrator\.m2\repository\org\apache\logging\log4j\log4j-core\2.11.2\log4j-core-2.11.2.jar;C:\Users\Administrator\.m2\repository\org\apache\logging\log4j\log4j-api\2.11.2\log4j-api-2.11.2.jar;C:\Users\Administrator\.m2\repository\org\apache\poi\poi\4.1.0\poi-4.1.0.jar;C:\Users\Administrator\.m2\repository\org\apache\commons\commons-collections4\4.3\commons-collections4-4.3.jar;C:\Users\Administrator\.m2\repository\org\apache\commons\commons-math3\3.6.1\commons-math3-3.6.1.jar;C:\Users\Administrator\.m2\repository\org\apache\poi\poi-ooxml\4.1.0\poi-ooxml-4.1.0.jar;C:\Users\Administrator\.m2\repository\org\apache\poi\poi-ooxml-schemas\4.1.0\poi-ooxml-schemas-4.1.0.jar;C:\Users\Administrator\.m2\repository\org\apache\xmlbeans\xmlbeans\3.1.0\xmlbeans-3.1.0.jar;C:\Users\Administrator\.m2\repository\org\apache\commons\commons-compress\1.18\commons-compress-1.18.jar;C:\Users\Administrator\.m2\repository\com\github\virtuald\curvesapi\1.06\curvesapi-1.06.jar;C:\Users\Administrator\.m2\repository\org\slf4j\slf4j-api\1.7.25\slf4j-api-1.7.25.jar;C:\Users\Administrator\.m2\repository\com\microsoft\sqlserver\mssql-jdbc\7.0.0.jre8\mssql-jdbc-7.0.0.jre8.jar;C:\Users\Administrator\.m2\repository\com\paulhammant\ngwebdriver\1.1.4\ngwebdriver-1.1.4.jar;C:\Users\Administrator\.m2\repository\com\aventstack\extentreports\4.0.5\extentreports-4.0.5.jar;C:\Users\Administrator\.m2\repository\org\freemarker\freemarker\2.3.23\freemarker-2.3.23.jar;C:\Users\Administrator\.m2\repository\org\mongodb\mongodb-driver\3.3.0\mongodb-driver-3.3.0.jar;C:\Users\Administrator\.m2\repository\org\mongodb\mongodb-driver-core\3.3.0\mongodb-driver-core-3.3.0.jar;C:\Users\Administrator\.m2\repository\org\mongodb\bson\3.3.0\bson-3.3.0.jar;C:\Users\Administrator\.m2\repository\org\apache\httpcomponents\httpmime\4.5.2\httpmime-4.5.2.jar;C:\Users\Administrator\.m2\repository\com\google\code\gson\gson\2.8.5\gson-2.8.5.jar;C:\Users\Administrator\.m2\repository\commons-io\commons-io\2.6\commons-io-2.6.jar;C:\Users\Administrator\.m2\repository\org\uncommons\reportng\1.1.4\reportng-1.1.4.jar;C:\Users\Administrator\.m2\repository\velocity\velocity\1.4\velocity-1.4.jar;C:\Users\Administrator\.m2\repository\com\google\inject\guice\3.0\guice-3.0.jar;C:\Users\Administrator\.m2\repository\javax\inject\javax.inject\1\javax.inject-1.jar;C:\Users\Administrator\.m2\repository\aopalliance\aopalliance\1.0\aopalliance-1.0.jar;C:\Users\Administrator\.m2\repository\velocity\velocity-dep\1.4\velocity-dep-1.4.jar;C:\Users\Administrator\.m2\repository\com\beust\jcommander\1.72\jcommander-1.72.jar;"/>
    <property name="sun.cpu.endian" value="little"/>
    <property name="user.home" value="C:\Users\Administrator"/>
    <property name="user.language" value="en"/>
    <property name="java.specification.vendor" value="Oracle Corporation"/>
    <property name="java.home" value="C:\Program Files\Java\jdk1.8.0_201\jre"/>
    <property name="basedir" value="F:\CogsdaleWorkSpace\BitBucket\portal_test_automation"/>
    <property name="file.separator" value="\"/>
    <property name="line.separator" value="&#10;"/>
    <property name="java.vm.specification.vendor" value="Oracle Corporation"/>
    <property name="java.specification.name" value="Java Platform API Specification"/>
    <property name="java.awt.graphicsenv" value="sun.awt.Win32GraphicsEnvironment"/>
    <property name="surefire.real.class.path" value="C:\Users\Administrator\AppData\Local\Temp\2\surefire4639831725367145652\surefirebooter2765581462941571246.jar"/>
    <property name="sun.boot.class.path" value="C:\Program Files\Java\jdk1.8.0_201\jre\lib\resources.jar;C:\Program Files\Java\jdk1.8.0_201\jre\lib\rt.jar;C:\Program Files\Java\jdk1.8.0_201\jre\lib\sunrsasign.jar;C:\Program Files\Java\jdk1.8.0_201\jre\lib\jsse.jar;C:\Program Files\Java\jdk1.8.0_201\jre\lib\jce.jar;C:\Program Files\Java\jdk1.8.0_201\jre\lib\charsets.jar;C:\Program Files\Java\jdk1.8.0_201\jre\lib\jfr.jar;C:\Program Files\Java\jdk1.8.0_201\jre\classes"/>
    <property name="user.script" value=""/>
    <property name="sun.management.compiler" value="HotSpot 64-Bit Tiered Compilers"/>
    <property name="java.runtime.version" value="1.8.0_201-b09"/>
    <property name="user.name" value="Administrator"/>
    <property name="path.separator" value=";"/>
    <property name="os.version" value="6.3"/>
    <property name="java.endorsed.dirs" value="C:\Program Files\Java\jdk1.8.0_201\jre\lib\endorsed"/>
    <property name="java.runtime.name" value="Java(TM) SE Runtime Environment"/>
    <property name="file.encoding" value="Cp1252"/>
    <property name="java.vm.name" value="Java HotSpot(TM) 64-Bit Server VM"/>
    <property name="localRepository" value="C:\Users\Administrator\.m2\repository"/>
    <property name="java.vendor.url.bug" value="http://bugreport.sun.com/bugreport/"/>
    <property name="java.io.tmpdir" value="C:\Users\ADMINI~1\AppData\Local\Temp\2\"/>
    <property name="java.version" value="1.8.0_201"/>
    <property name="user.dir" value="F:\CogsdaleWorkSpace\BitBucket\portal_test_automation"/>
    <property name="os.arch" value="amd64"/>
    <property name="java.vm.specification.name" value="Java Virtual Machine Specification"/>
    <property name="java.awt.printerjob" value="sun.awt.windows.WPrinterJob"/>
    <property name="sun.os.patch.level" value=""/>
    <property name="java.library.path" value="C:\Program Files\Java\jdk1.8.0_201\jre\bin;C:\Windows\Sun\Java\bin;C:\Windows\system32;C:\Windows;F:\apache-maven-3.6.0/bin;C:\Program Files\Java\jdk1.8.0_201/bin;C:\Program Files\Java\jdk1.8.0_201/bin;C:\Program Files (x86)\Common Files\Oracle\Java\javapath;C:\Program Files\Python35\Scripts\;C:\Program Files\Python35\;C:\Windows\system32;C:\Windows;C:\Windows\System32\Wbem;C:\Windows\System32\WindowsPowerShell\v1.0\;C:\ProgramData\chocolatey\bin;C:\Program Files (x86)\Microsoft SQL Server\Client SDK\ODBC\130\Tools\Binn\;C:\Program Files\Microsoft SQL Server\Client SDK\ODBC\110\Tools\Binn\;C:\Program Files (x86)\Microsoft SQL Server\140\Tools\Binn\;C:\Program Files (x86)\Microsoft SQL Server\140\DTS\Binn\;C:\Program Files (x86)\Microsoft SQL Server\140\Tools\Binn\ManagementStudio\;C:\Program Files\Microsoft SQL Server\Client SDK\ODBC\130\Tools\Binn\;C:\Program Files\Microsoft SQL Server\140\Tools\Binn\;C:\Program Files\Microsoft SQL Server\140\DTS\Binn\;C:\Program Files\nodejs\;C:\CSM_API\API\CSR_Portal\;C:\Server\npm\;F:\apache-maven-3.6.0\bin;C:\Program Files\Git\cmd;C:\Users\Administrator\AppData\Roaming\npm;C:\Users\Administrator\AppData\Local\GitHubDesktop\bin;F:\apache-maven-3.6.0\bin;."/>
    <property name="java.vm.info" value="mixed mode"/>
    <property name="java.vendor" value="Oracle Corporation"/>
    <property name="java.vm.version" value="25.201-b09"/>
    <property name="java.ext.dirs" value="C:\Program Files\Java\jdk1.8.0_201\jre\lib\ext;C:\Windows\Sun\Java\lib\ext"/>
    <property name="sun.io.unicode.encoding" value="UnicodeLittle"/>
    <property name="java.class.version" value="52.0"/>
  </properties>
  <testcase name="TestBookMark" classname="com.NexusPortalAutomation.TestCases.Java.TC0011_VerifyBookMark" time="42.198"/>
  <testcase name="VerifyDrillBackTransactions" classname="com.NexusPortalAutomation.TestCases.Java.TC0019_VerifyDrillBackTransactions" time="24.581"/>
  <testcase name="TestDrillBackServices" classname="com.NexusPortalAutomation.TestCases.Java.TC0020_VerifyDrillBackServices" time="22.566"/>
  <testcase name="TestServiceOrderDetails" classname="com.NexusPortalAutomation.TestCases.Java.TC0021_VerifyServicesOrderDetails" time="22.314"/>
  <testcase name="TestCustomerDetails" classname="com.NexusPortalAutomation.TestCases.Java.TC0010_VerifyCustomerDetails" time="21.625"/>
  <testcase name="VerifyDrillBacksGeneral" classname="com.NexusPortalAutomation.TestCases.Java.TC0018_VerifyDrillBacksGeneral" time="30.369"/>
  <testcase name="TestSearchAccount" classname="com.NexusPortalAutomation.TestCases.Java.TC0009_VerifyAccountSearch" time="22.684"/>
  <testcase name="TestBillingStatements" classname="com.NexusPortalAutomation.TestCases.Java.TC0017_StatementsValue" time="20.599"/>
  <testcase name="TestSearchbyLocationID" classname="com.NexusPortalAutomation.TestCases.Java.TC0008_VerifySignInbyLocationID" time="20.748"/>
  <testcase name="TestContactLogs" classname="com.NexusPortalAutomation.TestCases.Java.TC0015_VerifyContactLogs" time="22.228"/>
  <testcase name="VerifyBillingDetails" classname="com.NexusPortalAutomation.TestCases.Java.TC0016_VerifyBillingDetails" time="22.059"/>
  <testcase name="TestContactEdit" classname="com.NexusPortalAutomation.TestCases.Java.TC0013_VerifyContactEdit" time="25.609"/>
  <testcase name="TestSecondayContact" classname="com.NexusPortalAutomation.TestCases.Java.TC0014_VerifySecondaryContact" time="20.605"/>
  <testcase name="TestCreditStatus" classname="com.NexusPortalAutomation.TestCases.Java.TC0012_VerifyCreditStatus" time="19.885"/>
  <testcase name="TestSearchID" classname="com.NexusPortalAutomation.TestCases.Java.TC0001_VerifySignInbyID" time="20.557"/>
  <testcase name="VerifyActionServiceOrder" classname="com.NexusPortalAutomation.TestCases.Java.TC0022_VerifyAction_ServiceOrder" time="23.437">
    <failure message="expected [check&#10;Service Order successfully created] but found [Service successfully Started]" type="java.lang.AssertionError">java.lang.AssertionError: 
expected [check
Service Order successfully created] but found [Service successfully Started]
	at com.NexusPortalAutomation.TestCases.Java.TC0022_VerifyAction_ServiceOrder.VerifyActionServiceOrder(TC0022_VerifyAction_ServiceOrder.java:56)
</failure>
    <system-out><![CDATA[Test completed successfully- TestSearchID
Closing Browser
Test Completed...
Launching Chrome
Browser Maximised
Test started- VerifyActionServiceOrder
Reading Project Properties
SORD00000000414
Deleting Records for SORD00000000414
Angular Request Completed in 33ms
Element [[ChromeDriver: chrome on XP (8bafe1e8fc1a6187b36ac88cb840678d)] -> id: kc-header-wrapper] displayed in 43ms
Login Page Title Verified
Element [[ChromeDriver: chrome on XP (8bafe1e8fc1a6187b36ac88cb840678d)] -> id: username] displayed in 37ms
Element [[ChromeDriver: chrome on XP (8bafe1e8fc1a6187b36ac88cb840678d)] -> id: password] displayed in 37ms
Element [[ChromeDriver: chrome on XP (8bafe1e8fc1a6187b36ac88cb840678d)] -> id: kc-login] displayed in 35ms
Angular Request Completed in 29ms
User signed Admin
Enter Text for Search =LOC@0007
Element [[ChromeDriver: chrome on XP (8bafe1e8fc1a6187b36ac88cb840678d)] -> id: SRCH_Input] displayed in 52ms
Angular request time 956ms
Click Customer
Angular request time 2963ms
Angular request time 8ms
Element [[ChromeDriver: chrome on XP (8bafe1e8fc1a6187b36ac88cb840678d)] -> id: 'LOC_Location_Id'] displayed in 36ms
get Text Text CustomerLocId
Angular request time 10ms
Customer Location Id found LOC@0007
Strings Matched: LOC@0007 = LOC@0007
Click Action Dropdown
Element [[ChromeDriver: chrome on XP (8bafe1e8fc1a6187b36ac88cb840678d)] -> id: ACTION_Button] displayed in 40ms
Element [[ChromeDriver: chrome on XP (8bafe1e8fc1a6187b36ac88cb840678d)] -> id: ACTION_Button] displayed in 18ms
Click Action Drop down
Angular request time 10ms
Element [[ChromeDriver: chrome on XP (8bafe1e8fc1a6187b36ac88cb840678d)] -> id: ACTION_Service_Order] displayed in 44ms
Click Action Dropdown Service Order
Element [[ChromeDriver: chrome on XP (8bafe1e8fc1a6187b36ac88cb840678d)] -> id: ACTION_Service_Order] displayed in 15ms
Click Action Service Order Drop down
Angular request time 328ms
Entering Service Name
Element [[ChromeDriver: chrome on XP (8bafe1e8fc1a6187b36ac88cb840678d)] -> id: SOACT_Search_Input] displayed in 43ms
Set Text Service Name
Angular request time 10ms
Entering Date Requested
Element [[ChromeDriver: chrome on XP (8bafe1e8fc1a6187b36ac88cb840678d)] -> id: SOACT_Date_Picker_Requested] displayed in 43ms
Set Text Date Description
Angular request time 333ms
Entering Date Scheduled
Element [[ChromeDriver: chrome on XP (8bafe1e8fc1a6187b36ac88cb840678d)] -> id: SOACT_Date_Picker_Scheduled] displayed in 37ms
Set Text Date Scheduled
Angular request time 7ms
Entering Date Description
Element [[ChromeDriver: chrome on XP (8bafe1e8fc1a6187b36ac88cb840678d)] -> id: SOACT_Description] displayed in 35ms
Set Text Date Description
Angular request time 7ms
Click Action Button
Element [[ChromeDriver: chrome on XP (8bafe1e8fc1a6187b36ac88cb840678d)] -> id: SOACT_Button_Action] displayed in 41ms
Click Action Button
Angular request time 316ms
Strings Not Matched: check
Service Order successfully created != Service successfully Started
]]></system-out>
    <system-err><![CDATA[Starting ChromeDriver 74.0.3729.6 (255758eccf3d244491b8a1317aa76e1ce10d57e9-refs/branch-heads/3729@{#29}) on port 16072
Only local connections are allowed.
Please protect ports used by ChromeDriver and related test frameworks to prevent access by malicious code.
[1564495261.118][WARNING]: This version of ChromeDriver has not been tested with Chrome version 75.
Jul 30, 2019 9:01:02 AM org.openqa.selenium.remote.ProtocolHandshake createSession
INFO: Detected dialect: OSS
]]></system-err>
  </testcase>
  <testcase name="VerifyActionServiceOrder" classname="com.NexusPortalAutomation.TestCases.Java.TC0025_VerifyAction_Transfers_NotScheduled" time="32.969">
    <failure message="expected [Prepayment Required-new Custom] but found [Prepayment Required-New Custom]" type="java.lang.AssertionError">java.lang.AssertionError: expected [Prepayment Required-new Custom] but found [Prepayment Required-New Custom]
	at com.NexusPortalAutomation.TestCases.Java.TC0025_VerifyAction_Transfers_NotScheduled.VerifyActionServiceOrder(TC0025_VerifyAction_Transfers_NotScheduled.java:109)
</failure>
    <system-out><![CDATA[***** Error VerifyActionServiceOrder test has failed *****
Closing Browser
Test Completed...
Launching Chrome
Browser Maximised
Test started- VerifyActionServiceOrder
SORD00000000423
Deleting Records for SORD00000000423
SORD00000000418
Deleting Records for SORD00000000418
0
Deleting Records for LOC@0004
0
Deleting Records for LOC@0005
Angular Request Completed in 49ms
Element [[ChromeDriver: chrome on XP (313d42b70fbfa5f6873f4f0dca265538)] -> id: kc-header-wrapper] displayed in 39ms
Login Page Title Verified
Element [[ChromeDriver: chrome on XP (313d42b70fbfa5f6873f4f0dca265538)] -> id: username] displayed in 35ms
Element [[ChromeDriver: chrome on XP (313d42b70fbfa5f6873f4f0dca265538)] -> id: password] displayed in 30ms
Element [[ChromeDriver: chrome on XP (313d42b70fbfa5f6873f4f0dca265538)] -> id: kc-login] displayed in 32ms
Angular Request Completed in 20ms
User signed Admin
Enter Text for Search =LOC@0004
Element [[ChromeDriver: chrome on XP (313d42b70fbfa5f6873f4f0dca265538)] -> id: SRCH_Input] displayed in 43ms
Angular request time 962ms
Click Customer
Angular request time 2950ms
Angular request time 11ms
Element [[ChromeDriver: chrome on XP (313d42b70fbfa5f6873f4f0dca265538)] -> id: 'LOC_Location_Id'] displayed in 36ms
get Text Text CustomerLocId
Angular request time 10ms
Customer Location Id found LOC@0004
Strings Matched: LOC@0004 = LOC@0004
Click Action Dropdown
Element [[ChromeDriver: chrome on XP (313d42b70fbfa5f6873f4f0dca265538)] -> id: ACTION_Button] displayed in 36ms
Element [[ChromeDriver: chrome on XP (313d42b70fbfa5f6873f4f0dca265538)] -> id: ACTION_Button] displayed in 16ms
Click Action Drop down
Angular request time 9ms
Element [[ChromeDriver: chrome on XP (313d42b70fbfa5f6873f4f0dca265538)] -> id: ACTION_Transfer_Service] displayed in 46ms
Element [[ChromeDriver: chrome on XP (313d42b70fbfa5f6873f4f0dca265538)] -> id: ACTION_Transfer_Service] displayed in 59ms
Click Action Transfer Service Drop down
Angular request time 269ms
Element [[ChromeDriver: chrome on XP (313d42b70fbfa5f6873f4f0dca265538)] -> id: XFER_Select] displayed in 90ms
Click Transfer Combo
Angular request time 9ms
Element [[ChromeDriver: chrome on XP (313d42b70fbfa5f6873f4f0dca265538)] -> id: XFER_Select_Option_1] displayed in 55ms
Click Transfer Option 1
Angular request time 11ms
TRANSFER
Element [[ChromeDriver: chrome on XP (313d42b70fbfa5f6873f4f0dca265538)] -> id: CLO_Service_Order_Input] displayed in 56ms
Set Text Search Request
Angular request time 22ms
Element [[ChromeDriver: chrome on XP (313d42b70fbfa5f6873f4f0dca265538)] -> id: XFER_MoveFrom_Date_Picker_Requested] displayed in 64ms
07/30/2019 09:01
Strings Matched: Mr. VACANT VACANT = Mr. VACANT VACANT
TEST DEFAULT VALUE FOR CUSTOMER ===Mr. VACANT VACANT
Element [[ChromeDriver: chrome on XP (313d42b70fbfa5f6873f4f0dca265538)] -> id: XFER_Search_Input] displayed in 41ms
Set Text Customer Name Request
Angular request time 636ms
Element [[ChromeDriver: chrome on XP (313d42b70fbfa5f6873f4f0dca265538)] -> id: XFER_Search_Option_1_Customer_Name] displayed in 926ms
Click XFER_Search_Option_1_Customer_Name
Angular request time 16ms
Element [[ChromeDriver: chrome on XP (313d42b70fbfa5f6873f4f0dca265538)] -> id: XFER_Description] displayed in 49ms
Set Text Description Request
Angular request time 10ms
Element [[ChromeDriver: chrome on XP (313d42b70fbfa5f6873f4f0dca265538)] -> xpath: //*[@id="mat-tab-label-2-1"]/div] displayed in 49ms
Click Move In
Angular request time 9ms
Element [[ChromeDriver: chrome on XP (313d42b70fbfa5f6873f4f0dca265538)] -> id: XFER_MoveTo_Date_Picker_Requested] displayed in 51ms
07/30/2019 09:01
Enter Request Date
Element [[ChromeDriver: chrome on XP (313d42b70fbfa5f6873f4f0dca265538)] -> id: XFER_MoveTo_Date_Picker_Requested] displayed in 52ms
Element [[ChromeDriver: chrome on XP (313d42b70fbfa5f6873f4f0dca265538)] -> id: XFER_MoveTo_Date_Picker_Requested] displayed in 55ms
Set Text DatePicket
Angular request time 17ms
Element [[ChromeDriver: chrome on XP (313d42b70fbfa5f6873f4f0dca265538)] -> id: CLO_Service_Order_Input] displayed in 54ms
Enter Request Name
Element [[ChromeDriver: chrome on XP (313d42b70fbfa5f6873f4f0dca265538)] -> id: CLO_Service_Order_Input] displayed in 56ms
Set Text Service Order Input
Angular request time 11ms
Element [[ChromeDriver: chrome on XP (313d42b70fbfa5f6873f4f0dca265538)] -> id: XFER_Search_Input] displayed in 48ms
Element [[ChromeDriver: chrome on XP (313d42b70fbfa5f6873f4f0dca265538)] -> id: XFER_Search_Input] displayed in 41ms
Set Text XFERSearchInput
Angular request time 739ms
Element [[ChromeDriver: chrome on XP (313d42b70fbfa5f6873f4f0dca265538)] -> id: XFER_Search_Option_1_Customer_Name] displayed in 983ms
Click XFER_Search_Option_1_Customer_Name
Angular request time 339ms
Enter Request Description
Element [[ChromeDriver: chrome on XP (313d42b70fbfa5f6873f4f0dca265538)] -> id: XFER_Description] displayed in 46ms
Element [[ChromeDriver: chrome on XP (313d42b70fbfa5f6873f4f0dca265538)] -> id: XFER_Description] displayed in 40ms
Set Text XFER Description
Angular request time 9ms
Click Submit
Element [[ChromeDriver: chrome on XP (313d42b70fbfa5f6873f4f0dca265538)] -> id: XFER_Button_Action] displayed in 50ms
Element [[ChromeDriver: chrome on XP (313d42b70fbfa5f6873f4f0dca265538)] -> id: XFER_Button_Action] displayed in 34ms
Click MoveInSubmit Button
Angular request time 323ms
Element [[ChromeDriver: chrome on XP (313d42b70fbfa5f6873f4f0dca265538)] -> id: XFER_Button_Done] displayed in 77ms
Click Done Button for Transfer
Angular request time 533ms
Clicking Servic Order Link
Element [[ChromeDriver: chrome on XP (313d42b70fbfa5f6873f4f0dca265538)] -> css selector: #mat-tab-label-0-2 > div] displayed in 37ms
Click Service Order Link
Angular request time 1152ms
Capturing Servic Order Number
Element [[ChromeDriver: chrome on XP (313d42b70fbfa5f6873f4f0dca265538)] -> id: SODV_Service_Order_Id] displayed in 52ms
get Text Text Service Order Number
Angular request time 12ms
Element [[ChromeDriver: chrome on XP (313d42b70fbfa5f6873f4f0dca265538)] -> id: SODV_Drillback] displayed in 23ms
Strings Matched: cogsdrillback://DGPB/?Db=SQL_2017&Srv=RND-BASE-A&Cmp=TWO&Prod=229&Act=OPEN&Func=ServiceOrder&LocationID=LOC@0004&ServiceOrderNumber=SORD00000000425&CogsDrillback=1 = SORD00000000425
get Requested Customer Name
Strings Matched: Mr. Automation Mate = Mr. Automation Mate
get Requested Date
Strings Matched: Jul 30, 2019 = Jul 30, 2019
get Move Out Customer Date
Strings Matched: Mr. Automation Mate = Mr. Automation Mate
get Movein Customer Name Date
Strings Matched: Mr. Vacant Vacant (Vacant) = Mr. Vacant Vacant (Vacant)
Meter Reading-electric
Strings Matched: Meter Reading-electric = Meter Reading-electric
get Task Description
Strings Matched: Charge New Customer = Charge New Customer
get Task Description
Strings Matched: Property Transfer = Property Transfer
get Task Description
Strings Matched: Deposit Request-new Customer = Deposit Request-new Customer
Deposit Payment-new Customer E
Strings Matched: Deposit Payment-new Customer E = Deposit Payment-new Customer E
Prepayment Required-new Custom
Strings Not Matched: Prepayment Required-new Custom != Prepayment Required-New Custom
]]></system-out>
    <system-err><![CDATA[Starting ChromeDriver 74.0.3729.6 (255758eccf3d244491b8a1317aa76e1ce10d57e9-refs/branch-heads/3729@{#29}) on port 37375
Only local connections are allowed.
Please protect ports used by ChromeDriver and related test frameworks to prevent access by malicious code.
[1564495290.395][WARNING]: This version of ChromeDriver has not been tested with Chrome version 75.
Jul 30, 2019 9:01:31 AM org.openqa.selenium.remote.ProtocolHandshake createSession
INFO: Detected dialect: OSS
]]></system-err>
  </testcase>
  <testcase name="VerifyActionServiceOrder" classname="com.NexusPortalAutomation.TestCases.Java.TC0029_VerifyAction_Transfers_Scheduled" time="34.856">
    <failure message="expected [Deposit Request-new Customer] but found [Deposit Request-New Customer]" type="java.lang.AssertionError">java.lang.AssertionError: expected [Deposit Request-new Customer] but found [Deposit Request-New Customer]
	at com.NexusPortalAutomation.TestCases.Java.TC0029_VerifyAction_Transfers_Scheduled.VerifyActionServiceOrder(TC0029_VerifyAction_Transfers_Scheduled.java:110)
</failure>
    <system-out><![CDATA[***** Error VerifyActionServiceOrder test has failed *****
Closing Browser
Test Completed...
Launching Chrome
Browser Maximised
Test started- VerifyActionServiceOrder
SORD00000000425
Deleting Records for SORD00000000425
SORD00000000426
Deleting Records for SORD00000000426
0
Deleting Records for LOC@0004
0
Deleting Records for LOC@0005
Angular Request Completed in 46ms
Element [[ChromeDriver: chrome on XP (0d47dfabe07f6f74ec8c6c6cac4e7f6f)] -> id: kc-header-wrapper] displayed in 47ms
Login Page Title Verified
Element [[ChromeDriver: chrome on XP (0d47dfabe07f6f74ec8c6c6cac4e7f6f)] -> id: username] displayed in 40ms
Element [[ChromeDriver: chrome on XP (0d47dfabe07f6f74ec8c6c6cac4e7f6f)] -> id: password] displayed in 37ms
Element [[ChromeDriver: chrome on XP (0d47dfabe07f6f74ec8c6c6cac4e7f6f)] -> id: kc-login] displayed in 37ms
Angular Request Completed in 25ms
User signed Admin
Enter Text for Search =LOC@0004
Element [[ChromeDriver: chrome on XP (0d47dfabe07f6f74ec8c6c6cac4e7f6f)] -> id: SRCH_Input] displayed in 43ms
Angular request time 1066ms
Click Customer
Angular request time 2925ms
Angular request time 17ms
Element [[ChromeDriver: chrome on XP (0d47dfabe07f6f74ec8c6c6cac4e7f6f)] -> id: 'LOC_Location_Id'] displayed in 50ms
get Text Text CustomerLocId
Angular request time 15ms
Customer Location Id found LOC@0004
Strings Matched: LOC@0004 = LOC@0004
Click Action Dropdown
Element [[ChromeDriver: chrome on XP (0d47dfabe07f6f74ec8c6c6cac4e7f6f)] -> id: ACTION_Button] displayed in 39ms
Element [[ChromeDriver: chrome on XP (0d47dfabe07f6f74ec8c6c6cac4e7f6f)] -> id: ACTION_Button] displayed in 19ms
Click Action Drop down
Angular request time 19ms
Element [[ChromeDriver: chrome on XP (0d47dfabe07f6f74ec8c6c6cac4e7f6f)] -> id: ACTION_Transfer_Service] displayed in 56ms
Element [[ChromeDriver: chrome on XP (0d47dfabe07f6f74ec8c6c6cac4e7f6f)] -> id: ACTION_Transfer_Service] displayed in 63ms
Click Action Transfer Service Drop down
Angular request time 271ms
Element [[ChromeDriver: chrome on XP (0d47dfabe07f6f74ec8c6c6cac4e7f6f)] -> id: XFER_Select] displayed in 72ms
Click Transfer Combo
Angular request time 8ms
Element [[ChromeDriver: chrome on XP (0d47dfabe07f6f74ec8c6c6cac4e7f6f)] -> id: XFER_Select_Option_1] displayed in 51ms
Click Transfer Option 1
Angular request time 11ms
TRANSFER
Element [[ChromeDriver: chrome on XP (0d47dfabe07f6f74ec8c6c6cac4e7f6f)] -> id: CLO_Service_Order_Input] displayed in 40ms
Set Text Search Request
Angular request time 9ms
Element [[ChromeDriver: chrome on XP (0d47dfabe07f6f74ec8c6c6cac4e7f6f)] -> id: XFER_MoveFrom_Date_Picker_Requested] displayed in 54ms
07/30/2019 09:02
Strings Matched: Mr. VACANT VACANT = Mr. VACANT VACANT
TEST DEFAULT VALUE FOR CUSTOMER ===Mr. VACANT VACANT
Element [[ChromeDriver: chrome on XP (0d47dfabe07f6f74ec8c6c6cac4e7f6f)] -> id: XFER_Search_Input] displayed in 44ms
Set Text Customer Name Request
Angular request time 633ms
Element [[ChromeDriver: chrome on XP (0d47dfabe07f6f74ec8c6c6cac4e7f6f)] -> id: XFER_Search_Option_1_Customer_Name] displayed in 901ms
Click XFER_Search_Option_1_Customer_Name
Angular request time 15ms
Element [[ChromeDriver: chrome on XP (0d47dfabe07f6f74ec8c6c6cac4e7f6f)] -> id: XFER_Description] displayed in 53ms
Set Text Description Request
Angular request time 11ms
Enter Schedule Date
Element [[ChromeDriver: chrome on XP (0d47dfabe07f6f74ec8c6c6cac4e7f6f)] -> id: XFER_MoveFrom_Date_Picker_Scheduled] displayed in 47ms
Element [[ChromeDriver: chrome on XP (0d47dfabe07f6f74ec8c6c6cac4e7f6f)] -> id: XFER_MoveFrom_Date_Picker_Scheduled] displayed in 38ms
Set Text DatePicket
Angular request time 8ms
Element [[ChromeDriver: chrome on XP (0d47dfabe07f6f74ec8c6c6cac4e7f6f)] -> xpath: //*[@id="mat-tab-label-2-1"]/div] displayed in 49ms
Click Move In
Angular request time 16ms
Element [[ChromeDriver: chrome on XP (0d47dfabe07f6f74ec8c6c6cac4e7f6f)] -> id: XFER_MoveTo_Date_Picker_Requested] displayed in 67ms
07/30/2019 09:02
Enter Request Date
Element [[ChromeDriver: chrome on XP (0d47dfabe07f6f74ec8c6c6cac4e7f6f)] -> id: XFER_MoveTo_Date_Picker_Requested] displayed in 64ms
Element [[ChromeDriver: chrome on XP (0d47dfabe07f6f74ec8c6c6cac4e7f6f)] -> id: XFER_MoveTo_Date_Picker_Requested] displayed in 62ms
Set Text DatePicket
Angular request time 29ms
Enter Schedule Date
Element [[ChromeDriver: chrome on XP (0d47dfabe07f6f74ec8c6c6cac4e7f6f)] -> id: XFER_MoveTo_Date_Picker_Scheduled] displayed in 63ms
Element [[ChromeDriver: chrome on XP (0d47dfabe07f6f74ec8c6c6cac4e7f6f)] -> id: XFER_MoveTo_Date_Picker_Scheduled] displayed in 71ms
Set Text DatePicket
Angular request time 6ms
Element [[ChromeDriver: chrome on XP (0d47dfabe07f6f74ec8c6c6cac4e7f6f)] -> id: CLO_Service_Order_Input] displayed in 46ms
Enter Request Name
Element [[ChromeDriver: chrome on XP (0d47dfabe07f6f74ec8c6c6cac4e7f6f)] -> id: CLO_Service_Order_Input] displayed in 37ms
Set Text Service Order Input
Angular request time 10ms
Element [[ChromeDriver: chrome on XP (0d47dfabe07f6f74ec8c6c6cac4e7f6f)] -> id: XFER_Search_Input] displayed in 46ms
Element [[ChromeDriver: chrome on XP (0d47dfabe07f6f74ec8c6c6cac4e7f6f)] -> id: XFER_Search_Input] displayed in 45ms
Set Text XFERSearchInput
Angular request time 735ms
Element [[ChromeDriver: chrome on XP (0d47dfabe07f6f74ec8c6c6cac4e7f6f)] -> id: XFER_Search_Option_1_Customer_Name] displayed in 960ms
Click XFER_Search_Option_1_Customer_Name
Angular request time 443ms
Enter Request Description
Element [[ChromeDriver: chrome on XP (0d47dfabe07f6f74ec8c6c6cac4e7f6f)] -> id: XFER_Description] displayed in 48ms
Element [[ChromeDriver: chrome on XP (0d47dfabe07f6f74ec8c6c6cac4e7f6f)] -> id: XFER_Description] displayed in 36ms
Set Text XFER Description
Angular request time 8ms
Click Submit
Element [[ChromeDriver: chrome on XP (0d47dfabe07f6f74ec8c6c6cac4e7f6f)] -> id: XFER_Button_Action] displayed in 55ms
Element [[ChromeDriver: chrome on XP (0d47dfabe07f6f74ec8c6c6cac4e7f6f)] -> id: XFER_Button_Action] displayed in 36ms
Click MoveInSubmit Button
Angular request time 332ms
Element [[ChromeDriver: chrome on XP (0d47dfabe07f6f74ec8c6c6cac4e7f6f)] -> id: XFER_Button_Done] displayed in 60ms
Click Done Button for Transfer
Angular request time 540ms
Clicking Servic Order Link
Element [[ChromeDriver: chrome on XP (0d47dfabe07f6f74ec8c6c6cac4e7f6f)] -> css selector: #mat-tab-label-0-2 > div] displayed in 66ms
Click Service Order Link
Angular request time 1221ms
Capturing Servic Order Number
Element [[ChromeDriver: chrome on XP (0d47dfabe07f6f74ec8c6c6cac4e7f6f)] -> id: SODV_Service_Order_Id] displayed in 46ms
get Text Text Service Order Number
Angular request time 8ms
Element [[ChromeDriver: chrome on XP (0d47dfabe07f6f74ec8c6c6cac4e7f6f)] -> id: SODV_Drillback] displayed in 24ms
Strings Matched: cogsdrillback://DGPB/?Db=SQL_2017&Srv=RND-BASE-A&Cmp=TWO&Prod=229&Act=OPEN&Func=ServiceOrder&LocationID=LOC@0004&ServiceOrderNumber=SORD00000000427&CogsDrillback=1 = SORD00000000427
get Requested Customer Name
Strings Matched: Mr. Automation Mate = Mr. Automation Mate
get Requested Date
Strings Matched: Jul 30, 2019 = Jul 30, 2019
get Scheduled Date
Strings Matched: Jul 30, 2019 = Jul 30, 2019
get Move Out Customer Date
Strings Matched: Mr. Automation Mate = Mr. Automation Mate
get Movein Customer Name Date
Strings Matched: Mr. Vacant Vacant (Vacant) = Mr. Vacant Vacant (Vacant)
Meter Reading-electric
Strings Matched: Meter Reading-electric = Meter Reading-electric
get Task Description
Strings Matched: Charge New Customer = Charge New Customer
get Task Description
Strings Matched: Property Transfer = Property Transfer
get Task Description
Strings Not Matched: Deposit Request-new Customer != Deposit Request-New Customer
]]></system-out>
    <system-err><![CDATA[Starting ChromeDriver 74.0.3729.6 (255758eccf3d244491b8a1317aa76e1ce10d57e9-refs/branch-heads/3729@{#29}) on port 8170
Only local connections are allowed.
Please protect ports used by ChromeDriver and related test frameworks to prevent access by malicious code.
[1564495329.207][WARNING]: This version of ChromeDriver has not been tested with Chrome version 75.
Jul 30, 2019 9:02:10 AM org.openqa.selenium.remote.ProtocolHandshake createSession
INFO: Detected dialect: OSS
]]></system-err>
  </testcase>
  <testcase name="VerifyRecentWidget" classname="com.NexusPortalAutomation.TestCases.Java.TC0023_VerifyRecentWidget" time="21.654"/>
  <testcase name="VerifyTransferActionServiceOrder" classname="com.NexusPortalAutomation.TestCases.Java.TC0026_VerifyAction_Transfers_StartService_NotScheduled" time="29.001">
    <failure message="expected [Deposit Request-new Customer] but found [Deposit Request-New Customer]" type="java.lang.AssertionError">java.lang.AssertionError: expected [Deposit Request-new Customer] but found [Deposit Request-New Customer]
	at com.NexusPortalAutomation.TestCases.Java.TC0026_VerifyAction_Transfers_StartService_NotScheduled.VerifyTransferActionServiceOrder(TC0026_VerifyAction_Transfers_StartService_NotScheduled.java:100)
</failure>
    <system-out><![CDATA[Test completed successfully- VerifyRecentWidget
Closing Browser
Test Completed...
Launching Chrome
Browser Maximised
Test started- VerifyTransferActionServiceOrder
SORD00000000427
Deleting Records for SORD00000000427
0
Deleting Records for LOC@0004
Angular Request Completed in 47ms
Element [[ChromeDriver: chrome on XP (5c4a998e19ec024037f46fdb0891b2f7)] -> id: kc-header-wrapper] displayed in 43ms
Login Page Title Verified
Element [[ChromeDriver: chrome on XP (5c4a998e19ec024037f46fdb0891b2f7)] -> id: username] displayed in 47ms
Element [[ChromeDriver: chrome on XP (5c4a998e19ec024037f46fdb0891b2f7)] -> id: password] displayed in 40ms
Element [[ChromeDriver: chrome on XP (5c4a998e19ec024037f46fdb0891b2f7)] -> id: kc-login] displayed in 42ms
Angular Request Completed in 18ms
User signed Admin
Enter Text for Search =LOC@0004
Element [[ChromeDriver: chrome on XP (5c4a998e19ec024037f46fdb0891b2f7)] -> id: SRCH_Input] displayed in 40ms
Angular request time 1074ms
Click Customer
Angular request time 2896ms
Angular request time 11ms
Element [[ChromeDriver: chrome on XP (5c4a998e19ec024037f46fdb0891b2f7)] -> id: 'LOC_Location_Id'] displayed in 37ms
get Text Text CustomerLocId
Angular request time 10ms
Customer Location Id found LOC@0004
Strings Matched: LOC@0004 = LOC@0004
Click Action Dropdown
Element [[ChromeDriver: chrome on XP (5c4a998e19ec024037f46fdb0891b2f7)] -> id: ACTION_Button] displayed in 38ms
Element [[ChromeDriver: chrome on XP (5c4a998e19ec024037f46fdb0891b2f7)] -> id: ACTION_Button] displayed in 14ms
Click Action Drop down
Angular request time 10ms
Element [[ChromeDriver: chrome on XP (5c4a998e19ec024037f46fdb0891b2f7)] -> id: ACTION_Transfer_Service] displayed in 63ms
Element [[ChromeDriver: chrome on XP (5c4a998e19ec024037f46fdb0891b2f7)] -> id: ACTION_Transfer_Service] displayed in 64ms
Click Action Transfer Service Drop down
Angular request time 254ms
Element [[ChromeDriver: chrome on XP (5c4a998e19ec024037f46fdb0891b2f7)] -> id: XFER_Select] displayed in 82ms
Click Transfer Combo
Angular request time 9ms
Element [[ChromeDriver: chrome on XP (5c4a998e19ec024037f46fdb0891b2f7)] -> id: XFER_Select_Option_2] displayed in 54ms
Click Transfer Option 2
Angular request time 336ms
TRANSFER
Element [[ChromeDriver: chrome on XP (5c4a998e19ec024037f46fdb0891b2f7)] -> id: CLO_Service_Order_Input] displayed in 41ms
Set Text Search Request
Angular request time 9ms
Element [[ChromeDriver: chrome on XP (5c4a998e19ec024037f46fdb0891b2f7)] -> id: XFER_Date_Picker_Requested] displayed in 60ms
07/30/2019 09:03
Strings Matched: Mr. VACANT VACANT = Mr. VACANT VACANT
Element [[ChromeDriver: chrome on XP (5c4a998e19ec024037f46fdb0891b2f7)] -> id: XFER_Search_Input] displayed in 48ms
Set Text Customer Name Request
Angular request time 646ms
Element [[ChromeDriver: chrome on XP (5c4a998e19ec024037f46fdb0891b2f7)] -> id: XFER_Search_Option_1] displayed in 924ms
Click XFER_Search_Option_1_Customer_Name
Angular request time 12ms
Element [[ChromeDriver: chrome on XP (5c4a998e19ec024037f46fdb0891b2f7)] -> id: XFER_Description] displayed in 51ms
Set Text Description Request
Angular request time 9ms
Click Submit
Element [[ChromeDriver: chrome on XP (5c4a998e19ec024037f46fdb0891b2f7)] -> id: XFER_Button_Action] displayed in 55ms
Element [[ChromeDriver: chrome on XP (5c4a998e19ec024037f46fdb0891b2f7)] -> id: XFER_Button_Action] displayed in 34ms
Click MoveInSubmit Button
Angular request time 318ms
Element [[ChromeDriver: chrome on XP (5c4a998e19ec024037f46fdb0891b2f7)] -> id: XFER_Button_Done] displayed in 70ms
Click Done Button for Transfer
Angular request time 537ms
Clicking Servic Order Link
Element [[ChromeDriver: chrome on XP (5c4a998e19ec024037f46fdb0891b2f7)] -> css selector: #mat-tab-label-0-2 > div] displayed in 44ms
Click Service Order Link
Angular request time 1199ms
get Requested Date
Strings Matched: Jul 30, 2019 = Jul 30, 2019
Capturing Servic Order Number
Element [[ChromeDriver: chrome on XP (5c4a998e19ec024037f46fdb0891b2f7)] -> id: SODV_Service_Order_Id] displayed in 51ms
get Text Text Service Order Number
Angular request time 8ms
Element [[ChromeDriver: chrome on XP (5c4a998e19ec024037f46fdb0891b2f7)] -> id: SODV_Drillback] displayed in 29ms
Strings Matched: cogsdrillback://DGPB/?Db=SQL_2017&Srv=RND-BASE-A&Cmp=TWO&Prod=229&Act=OPEN&Func=ServiceOrder&LocationID=LOC@0004&ServiceOrderNumber=SORD00000000429&CogsDrillback=1 = SORD00000000429
get Requested Customer Name
Strings Matched: Mr. Automation Mate = Mr. Automation Mate
get Requested Date
Strings Matched: Jul 30, 2019 = Jul 30, 2019
get Move Out Customer Date
Strings Matched: Mr. Automation Mate = Mr. Automation Mate
get Movein Customer Name Date
Strings Matched: Mr. Vacant Vacant (Vacant) = Mr. Vacant Vacant (Vacant)
Meter Reading-electric
Strings Matched: Meter Reading-electric = Meter Reading-electric
get Task Description
Strings Matched: Charge New Customer = Charge New Customer
get Task Description
Strings Matched: Property Transfer = Property Transfer
get Task Description
Strings Not Matched: Deposit Request-new Customer != Deposit Request-New Customer
]]></system-out>
    <system-err><![CDATA[Starting ChromeDriver 74.0.3729.6 (255758eccf3d244491b8a1317aa76e1ce10d57e9-refs/branch-heads/3729@{#29}) on port 20087
Only local connections are allowed.
Please protect ports used by ChromeDriver and related test frameworks to prevent access by malicious code.
[1564495394.818][WARNING]: This version of ChromeDriver has not been tested with Chrome version 75.
Jul 30, 2019 9:03:15 AM org.openqa.selenium.remote.ProtocolHandshake createSession
INFO: Detected dialect: OSS
]]></system-err>
  </testcase>
  <testcase name="VerifyTransferActionServiceOrder" classname="com.NexusPortalAutomation.TestCases.Java.TC0030_VerifyAction_Transfers_StartService_Scheduled" time="32.078">
    <failure message="expected [Prepayment Required-new Custom] but found [Prepayment Required-New Custom]" type="java.lang.AssertionError">java.lang.AssertionError: expected [Prepayment Required-new Custom] but found [Prepayment Required-New Custom]
	at com.NexusPortalAutomation.TestCases.Java.TC0030_VerifyAction_Transfers_StartService_Scheduled.VerifyTransferActionServiceOrder(TC0030_VerifyAction_Transfers_StartService_Scheduled.java:104)
</failure>
    <system-out><![CDATA[***** Error VerifyTransferActionServiceOrder test has failed *****
Closing Browser
Test Completed...
Launching Chrome
Browser Maximised
Test started- VerifyTransferActionServiceOrder
SORD00000000429
Deleting Records for SORD00000000429
0
Deleting Records for LOC@0004
Angular Request Completed in 55ms
Element [[ChromeDriver: chrome on XP (d01a86f6e9f605d765c1f09d57153d9c)] -> id: kc-header-wrapper] displayed in 55ms
Login Page Title Verified
Element [[ChromeDriver: chrome on XP (d01a86f6e9f605d765c1f09d57153d9c)] -> id: username] displayed in 41ms
Element [[ChromeDriver: chrome on XP (d01a86f6e9f605d765c1f09d57153d9c)] -> id: password] displayed in 45ms
Element [[ChromeDriver: chrome on XP (d01a86f6e9f605d765c1f09d57153d9c)] -> id: kc-login] displayed in 49ms
Angular Request Completed in 22ms
User signed Admin
Enter Text for Search =LOC@0004
Element [[ChromeDriver: chrome on XP (d01a86f6e9f605d765c1f09d57153d9c)] -> id: SRCH_Input] displayed in 42ms
Angular request time 1057ms
Click Customer
Angular request time 2893ms
Angular request time 9ms
Element [[ChromeDriver: chrome on XP (d01a86f6e9f605d765c1f09d57153d9c)] -> id: 'LOC_Location_Id'] displayed in 37ms
get Text Text CustomerLocId
Angular request time 10ms
Customer Location Id found LOC@0004
Strings Matched: LOC@0004 = LOC@0004
Click Action Dropdown
Element [[ChromeDriver: chrome on XP (d01a86f6e9f605d765c1f09d57153d9c)] -> id: ACTION_Button] displayed in 35ms
Element [[ChromeDriver: chrome on XP (d01a86f6e9f605d765c1f09d57153d9c)] -> id: ACTION_Button] displayed in 14ms
Click Action Drop down
Angular request time 11ms
Element [[ChromeDriver: chrome on XP (d01a86f6e9f605d765c1f09d57153d9c)] -> id: ACTION_Transfer_Service] displayed in 55ms
Element [[ChromeDriver: chrome on XP (d01a86f6e9f605d765c1f09d57153d9c)] -> id: ACTION_Transfer_Service] displayed in 69ms
Click Action Transfer Service Drop down
Angular request time 155ms
Element [[ChromeDriver: chrome on XP (d01a86f6e9f605d765c1f09d57153d9c)] -> id: XFER_Select] displayed in 57ms
Click Transfer Combo
Angular request time 42ms
Element [[ChromeDriver: chrome on XP (d01a86f6e9f605d765c1f09d57153d9c)] -> id: XFER_Select_Option_2] displayed in 52ms
Click Transfer Option 2
Angular request time 335ms
Element [[ChromeDriver: chrome on XP (d01a86f6e9f605d765c1f09d57153d9c)] -> id: XFER_Date_Picker_Requested] displayed in 89ms
07/30/2019 09:04
Element [[ChromeDriver: chrome on XP (d01a86f6e9f605d765c1f09d57153d9c)] -> id: XFER_Date_Picker_Scheduled] displayed in 49ms
Enter Schedule Date Date
Element [[ChromeDriver: chrome on XP (d01a86f6e9f605d765c1f09d57153d9c)] -> id: XFER_Date_Picker_Scheduled] displayed in 37ms
Set Text DatePicket
Angular request time 10ms
TRANSFER
Element [[ChromeDriver: chrome on XP (d01a86f6e9f605d765c1f09d57153d9c)] -> id: CLO_Service_Order_Input] displayed in 43ms
Set Text Search Request
Angular request time 9ms
Element [[ChromeDriver: chrome on XP (d01a86f6e9f605d765c1f09d57153d9c)] -> id: XFER_Date_Picker_Requested] displayed in 48ms
07/30/2019 09:04
Strings Matched: Mr. VACANT VACANT = Mr. VACANT VACANT
Element [[ChromeDriver: chrome on XP (d01a86f6e9f605d765c1f09d57153d9c)] -> id: XFER_Search_Input] displayed in 44ms
Set Text Customer Name Request
Angular request time 736ms
Element [[ChromeDriver: chrome on XP (d01a86f6e9f605d765c1f09d57153d9c)] -> id: XFER_Search_Option_1] displayed in 913ms
Click XFER_Search_Option_1_Customer_Name
Angular request time 13ms
Element [[ChromeDriver: chrome on XP (d01a86f6e9f605d765c1f09d57153d9c)] -> id: XFER_Description] displayed in 46ms
Set Text Description Request
Angular request time 9ms
Click Submit
Element [[ChromeDriver: chrome on XP (d01a86f6e9f605d765c1f09d57153d9c)] -> id: XFER_Button_Action] displayed in 41ms
Element [[ChromeDriver: chrome on XP (d01a86f6e9f605d765c1f09d57153d9c)] -> id: XFER_Button_Action] displayed in 33ms
Click MoveInSubmit Button
Angular request time 328ms
Element [[ChromeDriver: chrome on XP (d01a86f6e9f605d765c1f09d57153d9c)] -> id: XFER_Button_Done] displayed in 61ms
Click Done Button for Transfer
Angular request time 536ms
Clicking Servic Order Link
Element [[ChromeDriver: chrome on XP (d01a86f6e9f605d765c1f09d57153d9c)] -> css selector: #mat-tab-label-0-2 > div] displayed in 36ms
Click Service Order Link
Angular request time 1156ms
get Requested Date
Strings Matched: Jul 30, 2019 = Jul 30, 2019
Capturing Servic Order Number
Element [[ChromeDriver: chrome on XP (d01a86f6e9f605d765c1f09d57153d9c)] -> id: SODV_Service_Order_Id] displayed in 53ms
get Text Text Service Order Number
Angular request time 386ms
Element [[ChromeDriver: chrome on XP (d01a86f6e9f605d765c1f09d57153d9c)] -> id: SODV_Drillback] displayed in 23ms
Strings Matched: cogsdrillback://DGPB/?Db=SQL_2017&Srv=RND-BASE-A&Cmp=TWO&Prod=229&Act=OPEN&Func=ServiceOrder&LocationID=LOC@0004&ServiceOrderNumber=SORD00000000430&CogsDrillback=1 = SORD00000000430
get Requested Customer Name
Strings Matched: Mr. Automation Mate = Mr. Automation Mate
get Requested Date
Strings Matched: Jul 30, 2019 = Jul 30, 2019
get Move Out Customer Date
Strings Matched: Mr. Automation Mate = Mr. Automation Mate
get Movein Customer Name Date
Strings Matched: Mr. Vacant Vacant (Vacant) = Mr. Vacant Vacant (Vacant)
get Scheduled Date
Strings Matched: Jul 30, 2019 = Jul 30, 2019
Meter Reading-electric
Strings Matched: Meter Reading-electric = Meter Reading-electric
get Task Description
Strings Matched: Charge New Customer = Charge New Customer
get Task Description
Strings Matched: Property Transfer = Property Transfer
get Task Description
Strings Matched: Deposit Request-new Customer = Deposit Request-new Customer
Deposit Payment-new Customer E
Strings Matched: Deposit Payment-new Customer E = Deposit Payment-new Customer E
Prepayment Required-new Custom
Strings Not Matched: Prepayment Required-new Custom != Prepayment Required-New Custom
]]></system-out>
    <system-err><![CDATA[Starting ChromeDriver 74.0.3729.6 (255758eccf3d244491b8a1317aa76e1ce10d57e9-refs/branch-heads/3729@{#29}) on port 40588
Only local connections are allowed.
Please protect ports used by ChromeDriver and related test frameworks to prevent access by malicious code.
[1564495429.614][WARNING]: This version of ChromeDriver has not been tested with Chrome version 75.
Jul 30, 2019 9:03:50 AM org.openqa.selenium.remote.ProtocolHandshake createSession
INFO: Detected dialect: OSS
]]></system-err>
  </testcase>
  <testcase name="VerifyTransferActionServiceOrder" classname="com.NexusPortalAutomation.TestCases.Java.TC0027_VerifyAction_Transfers_StopService_NotScheduled" time="30.233">
    <failure message="expected [Deposit Request-new Customer] but found [Deposit Request-New Customer]" type="java.lang.AssertionError">java.lang.AssertionError: expected [Deposit Request-new Customer] but found [Deposit Request-New Customer]
	at com.NexusPortalAutomation.TestCases.Java.TC0027_VerifyAction_Transfers_StopService_NotScheduled.VerifyTransferActionServiceOrder(TC0027_VerifyAction_Transfers_StopService_NotScheduled.java:103)
</failure>
    <system-out><![CDATA[***** Error VerifyTransferActionServiceOrder test has failed *****
Closing Browser
Test Completed...
Launching Chrome
Browser Maximised
Test started- VerifyTransferActionServiceOrder
SORD00000000430
Deleting Records for SORD00000000430
0
Deleting Records for LOC@0004
Angular Request Completed in 46ms
Element [[ChromeDriver: chrome on XP (d3a4d50f6b64aaf8572f67ff94dce1bf)] -> id: kc-header-wrapper] displayed in 36ms
Login Page Title Verified
Element [[ChromeDriver: chrome on XP (d3a4d50f6b64aaf8572f67ff94dce1bf)] -> id: username] displayed in 42ms
Element [[ChromeDriver: chrome on XP (d3a4d50f6b64aaf8572f67ff94dce1bf)] -> id: password] displayed in 55ms
Element [[ChromeDriver: chrome on XP (d3a4d50f6b64aaf8572f67ff94dce1bf)] -> id: kc-login] displayed in 39ms
Angular Request Completed in 22ms
User signed Admin
Enter Text for Search =LOC@0004
Element [[ChromeDriver: chrome on XP (d3a4d50f6b64aaf8572f67ff94dce1bf)] -> id: SRCH_Input] displayed in 36ms
Angular request time 1388ms
Click Customer
Angular request time 2946ms
Angular request time 8ms
Element [[ChromeDriver: chrome on XP (d3a4d50f6b64aaf8572f67ff94dce1bf)] -> id: 'LOC_Location_Id'] displayed in 40ms
get Text Text CustomerLocId
Angular request time 10ms
Customer Location Id found LOC@0004
Strings Matched: LOC@0004 = LOC@0004
Click Action Dropdown
Element [[ChromeDriver: chrome on XP (d3a4d50f6b64aaf8572f67ff94dce1bf)] -> id: ACTION_Button] displayed in 37ms
Element [[ChromeDriver: chrome on XP (d3a4d50f6b64aaf8572f67ff94dce1bf)] -> id: ACTION_Button] displayed in 23ms
Click Action Drop down
Angular request time 8ms
Element [[ChromeDriver: chrome on XP (d3a4d50f6b64aaf8572f67ff94dce1bf)] -> id: ACTION_Transfer_Service] displayed in 48ms
Element [[ChromeDriver: chrome on XP (d3a4d50f6b64aaf8572f67ff94dce1bf)] -> id: ACTION_Transfer_Service] displayed in 35ms
Click Action Transfer Service Drop down
Angular request time 239ms
Element [[ChromeDriver: chrome on XP (d3a4d50f6b64aaf8572f67ff94dce1bf)] -> id: XFER_Select] displayed in 57ms
Click Transfer Combo
Angular request time 10ms
Element [[ChromeDriver: chrome on XP (d3a4d50f6b64aaf8572f67ff94dce1bf)] -> id: XFER_Select_Option_3] displayed in 56ms
Click Transfer Option 3
Angular request time 324ms
TRANSFER
Element [[ChromeDriver: chrome on XP (d3a4d50f6b64aaf8572f67ff94dce1bf)] -> id: CLO_Service_Order_Input] displayed in 55ms
Set Text Search Request
Angular request time 11ms
Element [[ChromeDriver: chrome on XP (d3a4d50f6b64aaf8572f67ff94dce1bf)] -> id: XFER_Date_Picker_Requested] displayed in 51ms
07/30/2019 09:04
Strings Matched: Mr. VACANT VACANT = Mr. VACANT VACANT
Element [[ChromeDriver: chrome on XP (d3a4d50f6b64aaf8572f67ff94dce1bf)] -> id: XFER_Search_Input] displayed in 44ms
Set Text Customer Name Request
Angular request time 739ms
Element [[ChromeDriver: chrome on XP (d3a4d50f6b64aaf8572f67ff94dce1bf)] -> id: XFER_Search_Option_1] displayed in 933ms
Click XFER_Search_Option_1_Customer_Name
Angular request time 13ms
Element [[ChromeDriver: chrome on XP (d3a4d50f6b64aaf8572f67ff94dce1bf)] -> id: XFER_Description] displayed in 45ms
Set Text Description Request
Angular request time 11ms
Click Submit
Element [[ChromeDriver: chrome on XP (d3a4d50f6b64aaf8572f67ff94dce1bf)] -> id: XFER_Button_Action] displayed in 45ms
Element [[ChromeDriver: chrome on XP (d3a4d50f6b64aaf8572f67ff94dce1bf)] -> id: XFER_Button_Action] displayed in 36ms
Click MoveInSubmit Button
Angular request time 334ms
Element [[ChromeDriver: chrome on XP (d3a4d50f6b64aaf8572f67ff94dce1bf)] -> id: XFER_Button_Done] displayed in 47ms
Click Done Button for Transfer
Angular request time 559ms
Clicking Servic Order Link
Element [[ChromeDriver: chrome on XP (d3a4d50f6b64aaf8572f67ff94dce1bf)] -> css selector: #mat-tab-label-0-2 > div] displayed in 64ms
Click Service Order Link
Angular request time 1213ms
Capturing Servic Order Number
Element [[ChromeDriver: chrome on XP (d3a4d50f6b64aaf8572f67ff94dce1bf)] -> id: SODV_Service_Order_Id] displayed in 48ms
get Text Text Service Order Number
Angular request time 9ms
Element [[ChromeDriver: chrome on XP (d3a4d50f6b64aaf8572f67ff94dce1bf)] -> id: SODV_Drillback] displayed in 23ms
Strings Matched: cogsdrillback://DGPB/?Db=SQL_2017&Srv=RND-BASE-A&Cmp=TWO&Prod=229&Act=OPEN&Func=ServiceOrder&LocationID=LOC@0004&ServiceOrderNumber=SORD00000000431&CogsDrillback=1 = SORD00000000431
get Requested Date
Strings Matched: Jul 30, 2019 = Jul 30, 2019
SORD00000000431
get Move Out Customer Date
Strings Matched: Mr. Automation Mate = Mr. Automation Mate
get Movein Customer Name Date
Strings Matched: Mr. Vacant Vacant (Vacant) = Mr. Vacant Vacant (Vacant)
Meter Reading-electric
Strings Matched: Meter Reading-electric = Meter Reading-electric
get Task Description
Strings Matched: Charge New Customer = Charge New Customer
get Task Description
Strings Matched: Property Transfer = Property Transfer
get Task Description
Strings Not Matched: Deposit Request-new Customer != Deposit Request-New Customer
]]></system-out>
    <system-err><![CDATA[Starting ChromeDriver 74.0.3729.6 (255758eccf3d244491b8a1317aa76e1ce10d57e9-refs/branch-heads/3729@{#29}) on port 8472
Only local connections are allowed.
Please protect ports used by ChromeDriver and related test frameworks to prevent access by malicious code.
[1564495467.575][WARNING]: This version of ChromeDriver has not been tested with Chrome version 75.
Jul 30, 2019 9:04:28 AM org.openqa.selenium.remote.ProtocolHandshake createSession
INFO: Detected dialect: OSS
]]></system-err>
  </testcase>
  <testcase name="VerifyTransferActionServiceOrder" classname="com.NexusPortalAutomation.TestCases.Java.TC0031_VerifyAction_Transfers_StopService_Scheduled" time="29.429">
    <failure message="expected [Prepayment Required-new Custom] but found [Prepayment Required-New Custom]" type="java.lang.AssertionError">java.lang.AssertionError: expected [Prepayment Required-new Custom] but found [Prepayment Required-New Custom]
	at com.NexusPortalAutomation.TestCases.Java.TC0031_VerifyAction_Transfers_StopService_Scheduled.VerifyTransferActionServiceOrder(TC0031_VerifyAction_Transfers_StopService_Scheduled.java:109)
</failure>
    <system-out><![CDATA[***** Error VerifyTransferActionServiceOrder test has failed *****
Closing Browser
Test Completed...
Launching Chrome
Browser Maximised
Test started- VerifyTransferActionServiceOrder
SORD00000000431
Deleting Records for SORD00000000431
0
Deleting Records for LOC@0004
Angular Request Completed in 63ms
Element [[ChromeDriver: chrome on XP (e067e5aedd7248cc2853f86106dd349d)] -> id: kc-header-wrapper] displayed in 40ms
Login Page Title Verified
Element [[ChromeDriver: chrome on XP (e067e5aedd7248cc2853f86106dd349d)] -> id: username] displayed in 33ms
Element [[ChromeDriver: chrome on XP (e067e5aedd7248cc2853f86106dd349d)] -> id: password] displayed in 40ms
Element [[ChromeDriver: chrome on XP (e067e5aedd7248cc2853f86106dd349d)] -> id: kc-login] displayed in 43ms
Angular Request Completed in 26ms
User signed Admin
Enter Text for Search =LOC@0004
Element [[ChromeDriver: chrome on XP (e067e5aedd7248cc2853f86106dd349d)] -> id: SRCH_Input] displayed in 50ms
Angular request time 943ms
Click Customer
Angular request time 2892ms
Angular request time 10ms
Element [[ChromeDriver: chrome on XP (e067e5aedd7248cc2853f86106dd349d)] -> id: 'LOC_Location_Id'] displayed in 36ms
get Text Text CustomerLocId
Angular request time 9ms
Customer Location Id found LOC@0004
Strings Matched: LOC@0004 = LOC@0004
Click Action Dropdown
Element [[ChromeDriver: chrome on XP (e067e5aedd7248cc2853f86106dd349d)] -> id: ACTION_Button] displayed in 37ms
Element [[ChromeDriver: chrome on XP (e067e5aedd7248cc2853f86106dd349d)] -> id: ACTION_Button] displayed in 17ms
Click Action Drop down
Angular request time 8ms
Element [[ChromeDriver: chrome on XP (e067e5aedd7248cc2853f86106dd349d)] -> id: ACTION_Transfer_Service] displayed in 55ms
Element [[ChromeDriver: chrome on XP (e067e5aedd7248cc2853f86106dd349d)] -> id: ACTION_Transfer_Service] displayed in 51ms
Click Action Transfer Service Drop down
Angular request time 259ms
Element [[ChromeDriver: chrome on XP (e067e5aedd7248cc2853f86106dd349d)] -> id: XFER_Select] displayed in 61ms
Click Transfer Combo
Angular request time 12ms
Element [[ChromeDriver: chrome on XP (e067e5aedd7248cc2853f86106dd349d)] -> id: XFER_Select_Option_3] displayed in 54ms
Click Transfer Option 3
Angular request time 324ms
TRANSFER
Element [[ChromeDriver: chrome on XP (e067e5aedd7248cc2853f86106dd349d)] -> id: CLO_Service_Order_Input] displayed in 45ms
Set Text Search Request
Angular request time 9ms
Element [[ChromeDriver: chrome on XP (e067e5aedd7248cc2853f86106dd349d)] -> id: XFER_Date_Picker_Requested] displayed in 52ms
07/30/2019 09:05
Element [[ChromeDriver: chrome on XP (e067e5aedd7248cc2853f86106dd349d)] -> id: XFER_Date_Picker_Scheduled] displayed in 51ms
Enter Schedule Date Date
Element [[ChromeDriver: chrome on XP (e067e5aedd7248cc2853f86106dd349d)] -> id: XFER_Date_Picker_Scheduled] displayed in 45ms
Set Text DatePicket
Angular request time 625ms
Element [[ChromeDriver: chrome on XP (e067e5aedd7248cc2853f86106dd349d)] -> id: XFER_Date_Picker_Requested] displayed in 37ms
07/30/2019 09:05
Strings Matched: Mr. VACANT VACANT = Mr. VACANT VACANT
Element [[ChromeDriver: chrome on XP (e067e5aedd7248cc2853f86106dd349d)] -> id: XFER_Search_Input] displayed in 44ms
Set Text Customer Name Request
Angular request time 8ms
Element [[ChromeDriver: chrome on XP (e067e5aedd7248cc2853f86106dd349d)] -> id: XFER_Search_Option_1] displayed in 943ms
Click XFER_Search_Option_1_Customer_Name
Angular request time 14ms
Element [[ChromeDriver: chrome on XP (e067e5aedd7248cc2853f86106dd349d)] -> id: XFER_Description] displayed in 46ms
Set Text Description Request
Angular request time 10ms
Click Submit
Element [[ChromeDriver: chrome on XP (e067e5aedd7248cc2853f86106dd349d)] -> id: XFER_Button_Action] displayed in 56ms
Element [[ChromeDriver: chrome on XP (e067e5aedd7248cc2853f86106dd349d)] -> id: XFER_Button_Action] displayed in 37ms
Click MoveInSubmit Button
Angular request time 317ms
Element [[ChromeDriver: chrome on XP (e067e5aedd7248cc2853f86106dd349d)] -> id: XFER_Button_Done] displayed in 68ms
Click Done Button for Transfer
Angular request time 560ms
Clicking Servic Order Link
Element [[ChromeDriver: chrome on XP (e067e5aedd7248cc2853f86106dd349d)] -> css selector: #mat-tab-label-0-2 > div] displayed in 68ms
Click Service Order Link
Angular request time 1249ms
Capturing Servic Order Number
Element [[ChromeDriver: chrome on XP (e067e5aedd7248cc2853f86106dd349d)] -> id: SODV_Service_Order_Id] displayed in 49ms
get Text Text Service Order Number
Angular request time 9ms
Element [[ChromeDriver: chrome on XP (e067e5aedd7248cc2853f86106dd349d)] -> id: SODV_Drillback] displayed in 22ms
Strings Matched: cogsdrillback://DGPB/?Db=SQL_2017&Srv=RND-BASE-A&Cmp=TWO&Prod=229&Act=OPEN&Func=ServiceOrder&LocationID=LOC@0004&ServiceOrderNumber=SORD00000000432&CogsDrillback=1 = SORD00000000432
get Requested Date
Strings Matched: Jul 30, 2019 = Jul 30, 2019
SORD00000000432
get Move Out Customer Date
Strings Matched: Mr. Automation Mate = Mr. Automation Mate
get Movein Customer Name Date
Strings Matched: Mr. Vacant Vacant (Vacant) = Mr. Vacant Vacant (Vacant)
get Scheduled Date
Strings Matched: Jul 30, 2019 = Jul 30, 2019
Meter Reading-electric
Strings Matched: Meter Reading-electric = Meter Reading-electric
get Task Description
Strings Matched: Charge New Customer = Charge New Customer
get Task Description
Strings Matched: Property Transfer = Property Transfer
get Task Description
Strings Matched: Deposit Request-new Customer = Deposit Request-new Customer
Deposit Payment-new Customer E
Strings Matched: Deposit Payment-new Customer E = Deposit Payment-new Customer E
Prepayment Required-new Custom
Strings Not Matched: Prepayment Required-new Custom != Prepayment Required-New Custom
]]></system-out>
    <system-err><![CDATA[Starting ChromeDriver 74.0.3729.6 (255758eccf3d244491b8a1317aa76e1ce10d57e9-refs/branch-heads/3729@{#29}) on port 12354
Only local connections are allowed.
Please protect ports used by ChromeDriver and related test frameworks to prevent access by malicious code.
[1564495501.413][WARNING]: This version of ChromeDriver has not been tested with Chrome version 75.
Jul 30, 2019 9:05:02 AM org.openqa.selenium.remote.ProtocolHandshake createSession
INFO: Detected dialect: OSS
]]></system-err>
  </testcase>
  <testcase name="VerifyTransferActionServiceOrder" classname="com.NexusPortalAutomation.TestCases.Java.TC0032_VerifyAction_Transfers_Stack_StopService_Scheduled" time="29.845">
    <failure message="expected [Prepayment Required-new Custom] but found [Prepayment Required-New Custom]" type="java.lang.AssertionError">java.lang.AssertionError: expected [Prepayment Required-new Custom] but found [Prepayment Required-New Custom]
	at com.NexusPortalAutomation.TestCases.Java.TC0032_VerifyAction_Transfers_Stack_StopService_Scheduled.VerifyTransferActionServiceOrder(TC0032_VerifyAction_Transfers_Stack_StopService_Scheduled.java:112)
</failure>
    <system-out><![CDATA[***** Error VerifyTransferActionServiceOrder test has failed *****
Closing Browser
Test Completed...
Launching Chrome
Browser Maximised
Test started- VerifyTransferActionServiceOrder
SORD00000000432
Deleting Records for SORD00000000432
0
Deleting Records for LOC@0004
Angular Request Completed in 66ms
Element [[ChromeDriver: chrome on XP (79f7773db7bb8ef26ddf0d864f5b0d9c)] -> id: kc-header-wrapper] displayed in 52ms
Login Page Title Verified
Element [[ChromeDriver: chrome on XP (79f7773db7bb8ef26ddf0d864f5b0d9c)] -> id: username] displayed in 42ms
Element [[ChromeDriver: chrome on XP (79f7773db7bb8ef26ddf0d864f5b0d9c)] -> id: password] displayed in 47ms
Element [[ChromeDriver: chrome on XP (79f7773db7bb8ef26ddf0d864f5b0d9c)] -> id: kc-login] displayed in 58ms
Angular Request Completed in 11ms
User signed Admin
Enter Text for Search =LOC@0004
Element [[ChromeDriver: chrome on XP (79f7773db7bb8ef26ddf0d864f5b0d9c)] -> id: SRCH_Input] displayed in 37ms
Angular request time 957ms
Click Customer
Angular request time 2939ms
Angular request time 7ms
Element [[ChromeDriver: chrome on XP (79f7773db7bb8ef26ddf0d864f5b0d9c)] -> id: 'LOC_Location_Id'] displayed in 42ms
get Text Text CustomerLocId
Angular request time 8ms
Customer Location Id found LOC@0004
Strings Matched: LOC@0004 = LOC@0004
Click Action Dropdown
Element [[ChromeDriver: chrome on XP (79f7773db7bb8ef26ddf0d864f5b0d9c)] -> id: ACTION_Button] displayed in 35ms
Element [[ChromeDriver: chrome on XP (79f7773db7bb8ef26ddf0d864f5b0d9c)] -> id: ACTION_Button] displayed in 16ms
Click Action Drop down
Angular request time 10ms
Element [[ChromeDriver: chrome on XP (79f7773db7bb8ef26ddf0d864f5b0d9c)] -> id: ACTION_Transfer_Service] displayed in 56ms
Element [[ChromeDriver: chrome on XP (79f7773db7bb8ef26ddf0d864f5b0d9c)] -> id: ACTION_Transfer_Service] displayed in 53ms
Click Action Transfer Service Drop down
Angular request time 245ms
Element [[ChromeDriver: chrome on XP (79f7773db7bb8ef26ddf0d864f5b0d9c)] -> id: XFER_Select] displayed in 67ms
Click Transfer Combo
Angular request time 8ms
Element [[ChromeDriver: chrome on XP (79f7773db7bb8ef26ddf0d864f5b0d9c)] -> id: XFER_Select_Option_3] displayed in 68ms
Click Transfer Option 3
Angular request time 322ms
TRANSFER
Element [[ChromeDriver: chrome on XP (79f7773db7bb8ef26ddf0d864f5b0d9c)] -> id: CLO_Service_Order_Input] displayed in 43ms
Set Text Search Request
Angular request time 11ms
Element [[ChromeDriver: chrome on XP (79f7773db7bb8ef26ddf0d864f5b0d9c)] -> id: XFER_Date_Picker_Requested] displayed in 51ms
07/30/2019 09:05
Element [[ChromeDriver: chrome on XP (79f7773db7bb8ef26ddf0d864f5b0d9c)] -> id: XFER_Date_Picker_Scheduled] displayed in 60ms
Enter Schedule Date Date
Element [[ChromeDriver: chrome on XP (79f7773db7bb8ef26ddf0d864f5b0d9c)] -> id: XFER_Date_Picker_Scheduled] displayed in 37ms
Set Text DatePicket
Angular request time 631ms
Element [[ChromeDriver: chrome on XP (79f7773db7bb8ef26ddf0d864f5b0d9c)] -> id: XFER_Date_Picker_Requested] displayed in 32ms
07/30/2019 09:05
Strings Matched: Mr. VACANT VACANT = Mr. VACANT VACANT
Element [[ChromeDriver: chrome on XP (79f7773db7bb8ef26ddf0d864f5b0d9c)] -> id: XFER_Search_Input] displayed in 38ms
Set Text Customer Name Request
Angular request time 9ms
Element [[ChromeDriver: chrome on XP (79f7773db7bb8ef26ddf0d864f5b0d9c)] -> id: XFER_Search_Option_1] displayed in 900ms
Click XFER_Search_Option_1_Customer_Name
Angular request time 17ms
Element [[ChromeDriver: chrome on XP (79f7773db7bb8ef26ddf0d864f5b0d9c)] -> id: XFER_Description] displayed in 46ms
Set Text Description Request
Angular request time 9ms
Click Submit
Element [[ChromeDriver: chrome on XP (79f7773db7bb8ef26ddf0d864f5b0d9c)] -> id: XFER_Button_Action] displayed in 51ms
Element [[ChromeDriver: chrome on XP (79f7773db7bb8ef26ddf0d864f5b0d9c)] -> id: XFER_Button_Action] displayed in 42ms
Click MoveInSubmit Button
Angular request time 319ms
Element [[ChromeDriver: chrome on XP (79f7773db7bb8ef26ddf0d864f5b0d9c)] -> id: XFER_Button_Done] displayed in 64ms
Click Done Button for Transfer
Angular request time 544ms
Clicking Servic Order Link
Element [[ChromeDriver: chrome on XP (79f7773db7bb8ef26ddf0d864f5b0d9c)] -> css selector: #mat-tab-label-0-2 > div] displayed in 51ms
Click Service Order Link
Angular request time 1233ms
Element [[ChromeDriver: chrome on XP (79f7773db7bb8ef26ddf0d864f5b0d9c)] -> id: SOLV_Service_Order_1] displayed in 49ms
Element [[ChromeDriver: chrome on XP (79f7773db7bb8ef26ddf0d864f5b0d9c)] -> id: SOLV_Service_Order_1] displayed in 35ms
Click Clicking Service Order 1
Angular request time 10ms
Capturing Servic Order Number
Element [[ChromeDriver: chrome on XP (79f7773db7bb8ef26ddf0d864f5b0d9c)] -> id: SODV_Service_Order_Id] displayed in 43ms
get Text Text Service Order Number
Angular request time 7ms
Element [[ChromeDriver: chrome on XP (79f7773db7bb8ef26ddf0d864f5b0d9c)] -> id: SODV_Drillback] displayed in 27ms
Strings Matched: cogsdrillback://DGPB/?Db=SQL_2017&Srv=RND-BASE-A&Cmp=TWO&Prod=229&Act=OPEN&Func=ServiceOrder&LocationID=LOC@0004&ServiceOrderNumber=SORD00000000433&CogsDrillback=1 = SORD00000000433
get Requested Date
Strings Matched: Jul 30, 2019 = Jul 30, 2019
get Scheduled Date
Strings Matched: Jul 30, 2019 = Jul 30, 2019
SORD00000000433
get Move Out Customer Date
Strings Matched: Mr. Automation Mate = Mr. Automation Mate
get Movein Customer Name Date
Strings Matched: Mr. Vacant Vacant (Vacant) = Mr. Vacant Vacant (Vacant)
get Scheduled Date
Strings Matched: Jul 30, 2019 = Jul 30, 2019
Meter Reading-electric
Strings Matched: Meter Reading-electric = Meter Reading-electric
get Task Description
Strings Matched: Charge New Customer = Charge New Customer
get Task Description
Strings Matched: Property Transfer = Property Transfer
get Task Description
Strings Matched: Deposit Request-new Customer = Deposit Request-new Customer
Deposit Payment-new Customer E
Strings Matched: Deposit Payment-new Customer E = Deposit Payment-new Customer E
Prepayment Required-new Custom
Strings Not Matched: Prepayment Required-new Custom != Prepayment Required-New Custom
]]></system-out>
    <system-err><![CDATA[Starting ChromeDriver 74.0.3729.6 (255758eccf3d244491b8a1317aa76e1ce10d57e9-refs/branch-heads/3729@{#29}) on port 16549
Only local connections are allowed.
Please protect ports used by ChromeDriver and related test frameworks to prevent access by malicious code.
[1564495534.392][WARNING]: This version of ChromeDriver has not been tested with Chrome version 75.
Jul 30, 2019 9:05:35 AM org.openqa.selenium.remote.ProtocolHandshake createSession
INFO: Detected dialect: OSS
]]></system-err>
  </testcase>
  <testcase name="TestSearchAutobyRecent" classname="com.NexusPortalAutomation.TestCases.Java.TC0004_TestSearchbyRecentFunction" time="48.381"/>
  <testcase name="TestSearchAutobyBookMark" classname="com.NexusPortalAutomation.TestCases.Java.TC0005_TestBookMarks" time="21.169"/>
  <testcase name="TestSummarySectionOnChange" classname="com.NexusPortalAutomation.TestCases.Java.TC0007_TestSummarySection" time="24.25"/>
  <testcase name="TestSearchAutobyFirstName" classname="com.NexusPortalAutomation.TestCases.Java.TC0024_TestCustDetailSearch" time="36.553"/>
  <testcase name="TestSearchAutobyFirstName" classname="com.NexusPortalAutomation.TestCases.Java.TC0028_TestEnhancedNotes" time="20.959"/>
  <testcase name="TestSearchAlertOnLoad" classname="com.NexusPortalAutomation.TestCases.Java.TC0006_TestAlertOnLoad" time="20.68"/>
  <testcase name="TestSearchAutobyFirstName" classname="com.NexusPortalAutomation.TestCases.Java.TC0002_TestSearchAutobyFirstName" time="21.086"/>
  <testcase name="TestSearchAutobyLastName" classname="com.NexusPortalAutomation.TestCases.Java.TC0003_TestSearchAutobyLastName" time="20.267"/>
</testsuite>