<?xml version="1.0" encoding="UTF-8"?>
<testsuite xmlns:xsi="http://www.w3.org/2001/XMLSchema-instance" xsi:noNamespaceSchemaLocation="https://maven.apache.org/surefire/maven-surefire-plugin/xsd/surefire-test-report-3.0.xsd" version="3.0" name="TestSuite" time="1,570.844" tests="56" errors="0" skipped="0" failures="9">
  <properties>
    <property name="sun.desktop" value="windows"/>
    <property name="awt.toolkit" value="sun.awt.windows.WToolkit"/>
    <property name="file.encoding.pkg" value="sun.io"/>
    <property name="java.specification.version" value="1.8"/>
    <property name="sun.cpu.isalist" value="amd64"/>
    <property name="sun.jnu.encoding" value="Cp1252"/>
    <property name="java.class.path" value="D:\CogsdaleWorkspace\BitBucket\portal_test_automation\target\test-classes;D:\CogsdaleWorkspace\BitBucket\portal_test_automation\target\classes;C:\Users\Administrator\.m2\repository\junit\junit\3.8.1\junit-3.8.1.jar;C:\Users\Administrator\.m2\repository\org\testng\testng\6.14.3\testng-6.14.3.jar;C:\Users\Administrator\.m2\repository\org\apache-extras\beanshell\bsh\2.0b6\bsh-2.0b6.jar;C:\Users\Administrator\.m2\repository\org\seleniumhq\selenium\selenium-java\3.14.0\selenium-java-3.14.0.jar;C:\Users\Administrator\.m2\repository\org\seleniumhq\selenium\selenium-api\3.14.0\selenium-api-3.14.0.jar;C:\Users\Administrator\.m2\repository\org\seleniumhq\selenium\selenium-edge-driver\3.14.0\selenium-edge-driver-3.14.0.jar;C:\Users\Administrator\.m2\repository\org\seleniumhq\selenium\selenium-ie-driver\3.14.0\selenium-ie-driver-3.14.0.jar;C:\Users\Administrator\.m2\repository\org\seleniumhq\selenium\selenium-opera-driver\3.14.0\selenium-opera-driver-3.14.0.jar;C:\Users\Administrator\.m2\repository\org\seleniumhq\selenium\selenium-remote-driver\3.14.0\selenium-remote-driver-3.14.0.jar;C:\Users\Administrator\.m2\repository\org\seleniumhq\selenium\selenium-safari-driver\3.14.0\selenium-safari-driver-3.14.0.jar;C:\Users\Administrator\.m2\repository\org\seleniumhq\selenium\selenium-support\3.14.0\selenium-support-3.14.0.jar;C:\Users\Administrator\.m2\repository\net\bytebuddy\byte-buddy\1.8.15\byte-buddy-1.8.15.jar;C:\Users\Administrator\.m2\repository\org\apache\commons\commons-exec\1.3\commons-exec-1.3.jar;C:\Users\Administrator\.m2\repository\commons-codec\commons-codec\1.10\commons-codec-1.10.jar;C:\Users\Administrator\.m2\repository\commons-logging\commons-logging\1.2\commons-logging-1.2.jar;C:\Users\Administrator\.m2\repository\com\google\guava\guava\25.0-jre\guava-25.0-jre.jar;C:\Users\Administrator\.m2\repository\com\google\code\findbugs\jsr305\1.3.9\jsr305-1.3.9.jar;C:\Users\Administrator\.m2\repository\org\checkerframework\checker-compat-qual\2.0.0\checker-compat-qual-2.0.0.jar;C:\Users\Administrator\.m2\repository\com\google\errorprone\error_prone_annotations\2.1.3\error_prone_annotations-2.1.3.jar;C:\Users\Administrator\.m2\repository\com\google\j2objc\j2objc-annotations\1.1\j2objc-annotations-1.1.jar;C:\Users\Administrator\.m2\repository\org\codehaus\mojo\animal-sniffer-annotations\1.14\animal-sniffer-annotations-1.14.jar;C:\Users\Administrator\.m2\repository\org\apache\httpcomponents\httpclient\4.5.5\httpclient-4.5.5.jar;C:\Users\Administrator\.m2\repository\org\apache\httpcomponents\httpcore\4.4.9\httpcore-4.4.9.jar;C:\Users\Administrator\.m2\repository\com\squareup\okhttp3\okhttp\3.10.0\okhttp-3.10.0.jar;C:\Users\Administrator\.m2\repository\com\squareup\okio\okio\1.14.1\okio-1.14.1.jar;C:\Users\Administrator\.m2\repository\org\seleniumhq\selenium\selenium-firefox-driver\3.141.59\selenium-firefox-driver-3.141.59.jar;C:\Users\Administrator\.m2\repository\org\apache\maven\reporting\maven-reporting-api\2.0.6\maven-reporting-api-2.0.6.jar;C:\Users\Administrator\.m2\repository\org\apache\maven\doxia\doxia-sink-api\1.0-alpha-7\doxia-sink-api-1.0-alpha-7.jar;C:\Users\Administrator\.m2\repository\org\seleniumhq\selenium\selenium-chrome-driver\3.141.59\selenium-chrome-driver-3.141.59.jar;C:\Users\Administrator\.m2\repository\mysql\mysql-connector-java\8.0.15\mysql-connector-java-8.0.15.jar;C:\Users\Administrator\.m2\repository\com\google\protobuf\protobuf-java\3.6.1\protobuf-java-3.6.1.jar;C:\Users\Administrator\.m2\repository\org\apache\logging\log4j\log4j-core\2.11.2\log4j-core-2.11.2.jar;C:\Users\Administrator\.m2\repository\org\apache\logging\log4j\log4j-api\2.11.2\log4j-api-2.11.2.jar;C:\Users\Administrator\.m2\repository\org\apache\poi\poi\3.17\poi-3.17.jar;C:\Users\Administrator\.m2\repository\org\apache\commons\commons-collections4\4.1\commons-collections4-4.1.jar;C:\Users\Administrator\.m2\repository\org\apache\poi\poi-ooxml\3.17\poi-ooxml-3.17.jar;C:\Users\Administrator\.m2\repository\org\apache\poi\poi-ooxml-schemas\3.17\poi-ooxml-schemas-3.17.jar;C:\Users\Administrator\.m2\repository\org\apache\xmlbeans\xmlbeans\2.6.0\xmlbeans-2.6.0.jar;C:\Users\Administrator\.m2\repository\stax\stax-api\1.0.1\stax-api-1.0.1.jar;C:\Users\Administrator\.m2\repository\com\github\virtuald\curvesapi\1.04\curvesapi-1.04.jar;C:\Users\Administrator\.m2\repository\org\slf4j\slf4j-api\1.7.25\slf4j-api-1.7.25.jar;C:\Users\Administrator\.m2\repository\com\microsoft\sqlserver\mssql-jdbc\7.0.0.jre8\mssql-jdbc-7.0.0.jre8.jar;C:\Users\Administrator\.m2\repository\com\paulhammant\ngwebdriver\1.1.4\ngwebdriver-1.1.4.jar;C:\Users\Administrator\.m2\repository\com\aventstack\extentreports\4.0.5\extentreports-4.0.5.jar;C:\Users\Administrator\.m2\repository\org\freemarker\freemarker\2.3.23\freemarker-2.3.23.jar;C:\Users\Administrator\.m2\repository\org\mongodb\mongodb-driver\3.3.0\mongodb-driver-3.3.0.jar;C:\Users\Administrator\.m2\repository\org\mongodb\mongodb-driver-core\3.3.0\mongodb-driver-core-3.3.0.jar;C:\Users\Administrator\.m2\repository\org\mongodb\bson\3.3.0\bson-3.3.0.jar;C:\Users\Administrator\.m2\repository\org\apache\httpcomponents\httpmime\4.5.2\httpmime-4.5.2.jar;C:\Users\Administrator\.m2\repository\com\google\code\gson\gson\2.8.5\gson-2.8.5.jar;C:\Users\Administrator\.m2\repository\commons-io\commons-io\2.6\commons-io-2.6.jar;C:\Users\Administrator\.m2\repository\org\uncommons\reportng\1.1.4\reportng-1.1.4.jar;C:\Users\Administrator\.m2\repository\velocity\velocity\1.4\velocity-1.4.jar;C:\Users\Administrator\.m2\repository\com\google\inject\guice\3.0\guice-3.0.jar;C:\Users\Administrator\.m2\repository\javax\inject\javax.inject\1\javax.inject-1.jar;C:\Users\Administrator\.m2\repository\aopalliance\aopalliance\1.0\aopalliance-1.0.jar;C:\Users\Administrator\.m2\repository\velocity\velocity-dep\1.4\velocity-dep-1.4.jar;C:\Users\Administrator\.m2\repository\com\beust\jcommander\1.72\jcommander-1.72.jar;C:\Users\Administrator\.m2\repository\com\sikulix\sikulixapi\1.1.0\sikulixapi-1.1.0.jar;C:\Users\Administrator\.m2\repository\commons-cli\commons-cli\1.2\commons-cli-1.2.jar;C:\Users\Administrator\.m2\repository\com\melloware\jintellitype\1.3.7\jintellitype-1.3.7.jar;C:\Users\Administrator\.m2\repository\jxgrabkey\jxgrabkey\1.0\jxgrabkey-1.0.jar;C:\Users\Administrator\.m2\repository\org\swinglabs\swing-layout\1.0.3\swing-layout-1.0.3.jar;C:\Users\Administrator\.m2\repository\com\nativelibs4java\bridj\0.6.2\bridj-0.6.2.jar;C:\Users\Administrator\.m2\repository\com\sikulix\sikulixlibswin\1.1.0\sikulixlibswin-1.1.0.jar;"/>
    <property name="java.vm.vendor" value="Oracle Corporation"/>
    <property name="sun.arch.data.model" value="64"/>
    <property name="user.variant" value=""/>
    <property name="java.vendor.url" value="http://java.oracle.com/"/>
    <property name="user.timezone" value="America/Chicago"/>
    <property name="java.vm.specification.version" value="1.8"/>
    <property name="os.name" value="Windows Server 2012 R2"/>
    <property name="user.country" value="US"/>
    <property name="sun.java.launcher" value="SUN_STANDARD"/>
    <property name="sun.boot.library.path" value="C:\Program Files\Java\jdk1.8.0_201\jre\bin"/>
    <property name="sun.java.command" value="C:\Users\Administrator\AppData\Local\Temp\1\surefire8380470952007456392\surefirebooter8409046570692796135.jar C:\Users\Administrator\AppData\Local\Temp\1\surefire8380470952007456392 2019-10-08T09-27-39_995-jvmRun1 surefire8852641488850919581tmp surefire_06401677720272609797tmp"/>
    <property name="surefire.test.class.path" value="D:\CogsdaleWorkspace\BitBucket\portal_test_automation\target\test-classes;D:\CogsdaleWorkspace\BitBucket\portal_test_automation\target\classes;C:\Users\Administrator\.m2\repository\junit\junit\3.8.1\junit-3.8.1.jar;C:\Users\Administrator\.m2\repository\org\testng\testng\6.14.3\testng-6.14.3.jar;C:\Users\Administrator\.m2\repository\org\apache-extras\beanshell\bsh\2.0b6\bsh-2.0b6.jar;C:\Users\Administrator\.m2\repository\org\seleniumhq\selenium\selenium-java\3.14.0\selenium-java-3.14.0.jar;C:\Users\Administrator\.m2\repository\org\seleniumhq\selenium\selenium-api\3.14.0\selenium-api-3.14.0.jar;C:\Users\Administrator\.m2\repository\org\seleniumhq\selenium\selenium-edge-driver\3.14.0\selenium-edge-driver-3.14.0.jar;C:\Users\Administrator\.m2\repository\org\seleniumhq\selenium\selenium-ie-driver\3.14.0\selenium-ie-driver-3.14.0.jar;C:\Users\Administrator\.m2\repository\org\seleniumhq\selenium\selenium-opera-driver\3.14.0\selenium-opera-driver-3.14.0.jar;C:\Users\Administrator\.m2\repository\org\seleniumhq\selenium\selenium-remote-driver\3.14.0\selenium-remote-driver-3.14.0.jar;C:\Users\Administrator\.m2\repository\org\seleniumhq\selenium\selenium-safari-driver\3.14.0\selenium-safari-driver-3.14.0.jar;C:\Users\Administrator\.m2\repository\org\seleniumhq\selenium\selenium-support\3.14.0\selenium-support-3.14.0.jar;C:\Users\Administrator\.m2\repository\net\bytebuddy\byte-buddy\1.8.15\byte-buddy-1.8.15.jar;C:\Users\Administrator\.m2\repository\org\apache\commons\commons-exec\1.3\commons-exec-1.3.jar;C:\Users\Administrator\.m2\repository\commons-codec\commons-codec\1.10\commons-codec-1.10.jar;C:\Users\Administrator\.m2\repository\commons-logging\commons-logging\1.2\commons-logging-1.2.jar;C:\Users\Administrator\.m2\repository\com\google\guava\guava\25.0-jre\guava-25.0-jre.jar;C:\Users\Administrator\.m2\repository\com\google\code\findbugs\jsr305\1.3.9\jsr305-1.3.9.jar;C:\Users\Administrator\.m2\repository\org\checkerframework\checker-compat-qual\2.0.0\checker-compat-qual-2.0.0.jar;C:\Users\Administrator\.m2\repository\com\google\errorprone\error_prone_annotations\2.1.3\error_prone_annotations-2.1.3.jar;C:\Users\Administrator\.m2\repository\com\google\j2objc\j2objc-annotations\1.1\j2objc-annotations-1.1.jar;C:\Users\Administrator\.m2\repository\org\codehaus\mojo\animal-sniffer-annotations\1.14\animal-sniffer-annotations-1.14.jar;C:\Users\Administrator\.m2\repository\org\apache\httpcomponents\httpclient\4.5.5\httpclient-4.5.5.jar;C:\Users\Administrator\.m2\repository\org\apache\httpcomponents\httpcore\4.4.9\httpcore-4.4.9.jar;C:\Users\Administrator\.m2\repository\com\squareup\okhttp3\okhttp\3.10.0\okhttp-3.10.0.jar;C:\Users\Administrator\.m2\repository\com\squareup\okio\okio\1.14.1\okio-1.14.1.jar;C:\Users\Administrator\.m2\repository\org\seleniumhq\selenium\selenium-firefox-driver\3.141.59\selenium-firefox-driver-3.141.59.jar;C:\Users\Administrator\.m2\repository\org\apache\maven\reporting\maven-reporting-api\2.0.6\maven-reporting-api-2.0.6.jar;C:\Users\Administrator\.m2\repository\org\apache\maven\doxia\doxia-sink-api\1.0-alpha-7\doxia-sink-api-1.0-alpha-7.jar;C:\Users\Administrator\.m2\repository\org\seleniumhq\selenium\selenium-chrome-driver\3.141.59\selenium-chrome-driver-3.141.59.jar;C:\Users\Administrator\.m2\repository\mysql\mysql-connector-java\8.0.15\mysql-connector-java-8.0.15.jar;C:\Users\Administrator\.m2\repository\com\google\protobuf\protobuf-java\3.6.1\protobuf-java-3.6.1.jar;C:\Users\Administrator\.m2\repository\org\apache\logging\log4j\log4j-core\2.11.2\log4j-core-2.11.2.jar;C:\Users\Administrator\.m2\repository\org\apache\logging\log4j\log4j-api\2.11.2\log4j-api-2.11.2.jar;C:\Users\Administrator\.m2\repository\org\apache\poi\poi\3.17\poi-3.17.jar;C:\Users\Administrator\.m2\repository\org\apache\commons\commons-collections4\4.1\commons-collections4-4.1.jar;C:\Users\Administrator\.m2\repository\org\apache\poi\poi-ooxml\3.17\poi-ooxml-3.17.jar;C:\Users\Administrator\.m2\repository\org\apache\poi\poi-ooxml-schemas\3.17\poi-ooxml-schemas-3.17.jar;C:\Users\Administrator\.m2\repository\org\apache\xmlbeans\xmlbeans\2.6.0\xmlbeans-2.6.0.jar;C:\Users\Administrator\.m2\repository\stax\stax-api\1.0.1\stax-api-1.0.1.jar;C:\Users\Administrator\.m2\repository\com\github\virtuald\curvesapi\1.04\curvesapi-1.04.jar;C:\Users\Administrator\.m2\repository\org\slf4j\slf4j-api\1.7.25\slf4j-api-1.7.25.jar;C:\Users\Administrator\.m2\repository\com\microsoft\sqlserver\mssql-jdbc\7.0.0.jre8\mssql-jdbc-7.0.0.jre8.jar;C:\Users\Administrator\.m2\repository\com\paulhammant\ngwebdriver\1.1.4\ngwebdriver-1.1.4.jar;C:\Users\Administrator\.m2\repository\com\aventstack\extentreports\4.0.5\extentreports-4.0.5.jar;C:\Users\Administrator\.m2\repository\org\freemarker\freemarker\2.3.23\freemarker-2.3.23.jar;C:\Users\Administrator\.m2\repository\org\mongodb\mongodb-driver\3.3.0\mongodb-driver-3.3.0.jar;C:\Users\Administrator\.m2\repository\org\mongodb\mongodb-driver-core\3.3.0\mongodb-driver-core-3.3.0.jar;C:\Users\Administrator\.m2\repository\org\mongodb\bson\3.3.0\bson-3.3.0.jar;C:\Users\Administrator\.m2\repository\org\apache\httpcomponents\httpmime\4.5.2\httpmime-4.5.2.jar;C:\Users\Administrator\.m2\repository\com\google\code\gson\gson\2.8.5\gson-2.8.5.jar;C:\Users\Administrator\.m2\repository\commons-io\commons-io\2.6\commons-io-2.6.jar;C:\Users\Administrator\.m2\repository\org\uncommons\reportng\1.1.4\reportng-1.1.4.jar;C:\Users\Administrator\.m2\repository\velocity\velocity\1.4\velocity-1.4.jar;C:\Users\Administrator\.m2\repository\com\google\inject\guice\3.0\guice-3.0.jar;C:\Users\Administrator\.m2\repository\javax\inject\javax.inject\1\javax.inject-1.jar;C:\Users\Administrator\.m2\repository\aopalliance\aopalliance\1.0\aopalliance-1.0.jar;C:\Users\Administrator\.m2\repository\velocity\velocity-dep\1.4\velocity-dep-1.4.jar;C:\Users\Administrator\.m2\repository\com\beust\jcommander\1.72\jcommander-1.72.jar;C:\Users\Administrator\.m2\repository\com\sikulix\sikulixapi\1.1.0\sikulixapi-1.1.0.jar;C:\Users\Administrator\.m2\repository\commons-cli\commons-cli\1.2\commons-cli-1.2.jar;C:\Users\Administrator\.m2\repository\com\melloware\jintellitype\1.3.7\jintellitype-1.3.7.jar;C:\Users\Administrator\.m2\repository\jxgrabkey\jxgrabkey\1.0\jxgrabkey-1.0.jar;C:\Users\Administrator\.m2\repository\org\swinglabs\swing-layout\1.0.3\swing-layout-1.0.3.jar;C:\Users\Administrator\.m2\repository\com\nativelibs4java\bridj\0.6.2\bridj-0.6.2.jar;C:\Users\Administrator\.m2\repository\com\sikulix\sikulixlibswin\1.1.0\sikulixlibswin-1.1.0.jar;"/>
    <property name="sun.cpu.endian" value="little"/>
    <property name="user.home" value="C:\Users\Administrator"/>
    <property name="user.language" value="en"/>
    <property name="java.specification.vendor" value="Oracle Corporation"/>
    <property name="java.home" value="C:\Program Files\Java\jdk1.8.0_201\jre"/>
    <property name="basedir" value="D:\CogsdaleWorkspace\BitBucket\portal_test_automation"/>
    <property name="file.separator" value="\"/>
    <property name="line.separator" value="&#10;"/>
    <property name="java.vm.specification.vendor" value="Oracle Corporation"/>
    <property name="java.specification.name" value="Java Platform API Specification"/>
    <property name="java.awt.graphicsenv" value="sun.awt.Win32GraphicsEnvironment"/>
    <property name="surefire.real.class.path" value="C:\Users\Administrator\AppData\Local\Temp\1\surefire8380470952007456392\surefirebooter8409046570692796135.jar"/>
    <property name="sun.boot.class.path" value="C:\Program Files\Java\jdk1.8.0_201\jre\lib\resources.jar;C:\Program Files\Java\jdk1.8.0_201\jre\lib\rt.jar;C:\Program Files\Java\jdk1.8.0_201\jre\lib\sunrsasign.jar;C:\Program Files\Java\jdk1.8.0_201\jre\lib\jsse.jar;C:\Program Files\Java\jdk1.8.0_201\jre\lib\jce.jar;C:\Program Files\Java\jdk1.8.0_201\jre\lib\charsets.jar;C:\Program Files\Java\jdk1.8.0_201\jre\lib\jfr.jar;C:\Program Files\Java\jdk1.8.0_201\jre\classes"/>
    <property name="user.script" value=""/>
    <property name="sun.management.compiler" value="HotSpot 64-Bit Tiered Compilers"/>
    <property name="java.runtime.version" value="1.8.0_201-b09"/>
    <property name="java.net.preferIPv4Stack" value="true"/>
    <property name="user.name" value="Administrator"/>
    <property name="path.separator" value=";"/>
    <property name="os.version" value="6.3"/>
    <property name="java.endorsed.dirs" value="C:\Program Files\Java\jdk1.8.0_201\jre\lib\endorsed"/>
    <property name="java.runtime.name" value="Java(TM) SE Runtime Environment"/>
    <property name="file.encoding" value="Cp1252"/>
    <property name="java.vm.name" value="Java HotSpot(TM) 64-Bit Server VM"/>
    <property name="localRepository" value="C:\Users\Administrator\.m2\repository"/>
    <property name="java.vendor.url.bug" value="http://bugreport.sun.com/bugreport/"/>
    <property name="java.io.tmpdir" value="C:\Users\ADMINI~1\AppData\Local\Temp\1\"/>
    <property name="java.version" value="1.8.0_201"/>
    <property name="user.dir" value="D:\CogsdaleWorkspace\BitBucket\portal_test_automation"/>
    <property name="os.arch" value="amd64"/>
    <property name="java.vm.specification.name" value="Java Virtual Machine Specification"/>
    <property name="java.awt.printerjob" value="sun.awt.windows.WPrinterJob"/>
    <property name="sun.os.patch.level" value=""/>
    <property name="java.library.path" value="C:\Program Files\Java\jdk1.8.0_201\jre\bin;C:\Windows\Sun\Java\bin;C:\Windows\system32;C:\Windows;D:\apache-maven-3.6.2-bin\apache-maven-3.6.2/bin;C:\Program Files\Java\jdk1.8.0_201/bin;C:\Program Files\Java\jdk1.8.0_201/bin;C:\Program Files (x86)\Common Files\Oracle\Java\javapath;C:\Program Files\Python35\Scripts\;C:\Program Files\Python35\;C:\Windows\system32;C:\Windows;C:\Windows\System32\Wbem;C:\Windows\System32\WindowsPowerShell\v1.0\;C:\ProgramData\chocolatey\bin;C:\Program Files (x86)\Microsoft SQL Server\Client SDK\ODBC\130\Tools\Binn\;C:\Program Files\Microsoft SQL Server\Client SDK\ODBC\110\Tools\Binn\;C:\Program Files (x86)\Microsoft SQL Server\140\Tools\Binn\;C:\Program Files (x86)\Microsoft SQL Server\140\DTS\Binn\;C:\Program Files (x86)\Microsoft SQL Server\140\Tools\Binn\ManagementStudio\;C:\Program Files\Microsoft SQL Server\Client SDK\ODBC\130\Tools\Binn\;C:\Program Files\Microsoft SQL Server\140\Tools\Binn\;C:\Program Files\Microsoft SQL Server\140\DTS\Binn\;C:\CSM_API\API\CSR_Portal\;C:\Server\npm\;F:\apache-maven-3.6.0\bin;C:\Program Files\Git\cmd;C:\Program Files (x86)\Microsoft SQL Server\150\DTS\Binn\;c:\server\npm\;C:\Server\npm\;C:\Program Files\nodejs\;c:\Server\npm\;c:\Server\npm\;C:\Users\Administrator\AppData\Local\GitHubDesktop\bin;F:\apache-maven-3.6.0\bin;C:\Users\Administrator\AppData\Roaming\npm;."/>
    <property name="java.vm.info" value="mixed mode"/>
    <property name="java.vendor" value="Oracle Corporation"/>
    <property name="java.vm.version" value="25.201-b09"/>
    <property name="java.ext.dirs" value="C:\Program Files\Java\jdk1.8.0_201\jre\lib\ext;C:\Windows\Sun\Java\lib\ext"/>
    <property name="sun.io.unicode.encoding" value="UnicodeLittle"/>
    <property name="java.class.version" value="52.0"/>
  </properties>
  <testcase name="TestBookMark" classname="com.NexusPortalAutomation.TestCases.Java.TC0011_VerifyBookMark" time="24.218"/>
  <testcase name="VerifyTransactionsSaperatebill_saperate" classname="com.NexusPortalAutomation.TestCases.Java.TC0016_1_VerifyBillingDetails_VerifyBillSaperately" time="24.645"/>
  <testcase name="verifyDrillbackTransactions" classname="com.NexusPortalAutomation.TestCases.Java.TC0019_verifyDrillbackTransactions" time="16.171"/>
  <testcase name="VerifyTransactionsSaperatebill_saperate" classname="com.NexusPortalAutomation.TestCases.Java.TC0042_1_Transactions_OrderbyAmount" time="16.87"/>
  <testcase name="TestDrillBackServices" classname="com.NexusPortalAutomation.TestCases.Java.TC0020_verifyDrillbackServices" time="12.413"/>
  <testcase name="VerifyTransactionsSaperatebill_saperate" classname="com.NexusPortalAutomation.TestCases.Java.TC0042_1_Transactions_OrderbyDueBilled" time="16.946"/>
  <testcase name="TestserviceOrderDetails" classname="com.NexusPortalAutomation.TestCases.Java.TC0021_VerifyservicesOrderDetails" time="13.434"/>
  <testcase name="VerifyTransactionsSaperatebill_saperate" classname="com.NexusPortalAutomation.TestCases.Java.TC0042_Transactions_OrderbyDate" time="17.306"/>
  <testcase name="TestCustomerDetails" classname="com.NexusPortalAutomation.TestCases.Java.TC0010_verifyCustDetails" time="14.102"/>
  <testcase name="VerifyBillingDetails_SPA" classname="com.NexusPortalAutomation.TestCases.Java.TC0016_1_VerifyBillingDetails_SPA" time="10.108">
    <failure message="Actual Value &apos;$0.00&apos; not Matched the expected value &apos;$80.00&apos; " type="java.lang.AssertionError">java.lang.AssertionError: Actual Value '$0.00' not Matched the expected value '$80.00' 
	at com.NexusPortalAutomation.TestCases.Java.TC0016_1_VerifyBillingDetails_SPA.VerifyBillingDetails_SPA(TC0016_1_VerifyBillingDetails_SPA.java:41)
</failure>
    <system-out><![CDATA[Test completed successfully- TestCustomerDetails
Closing Browser
Test Completed...
Launching Chrome
Browser Maximised
Test started- VerifyBillingDetails_SPA
Angular Request Completed in 31ms
Log in to Nexus View
Element [[ChromeDriver: chrome on XP (638c2bedacc9598a72bd4b3bff9a30e4)] -> id: username] displayed in 40ms
Login Page title Verified
Element [[ChromeDriver: chrome on XP (638c2bedacc9598a72bd4b3bff9a30e4)] -> id: username] displayed in 18ms
Element [[ChromeDriver: chrome on XP (638c2bedacc9598a72bd4b3bff9a30e4)] -> id: password] displayed in 42ms
Element [[ChromeDriver: chrome on XP (638c2bedacc9598a72bd4b3bff9a30e4)] -> id: kc-login] displayed in 38ms
Angular Request Completed in 24ms
User signed Admin
Enter Text for Search =LOC@0001
Element [[ChromeDriver: chrome on XP (638c2bedacc9598a72bd4b3bff9a30e4)] -> id: SRCH_Input] displayed in 40ms
Angular request time 727ms
Element [[ChromeDriver: chrome on XP (638c2bedacc9598a72bd4b3bff9a30e4)] -> id: SRCH_Option_1_Address_Line] displayed in 47ms
Click Customer
Angular request time 1537ms
Angular request time 13ms
Element [[ChromeDriver: chrome on XP (638c2bedacc9598a72bd4b3bff9a30e4)] -> id: 'LOC_Location_Id'] displayed in 32ms
Angular request time 7ms
got Text CustomerLocId = LOC@0001
Customer Location Id found LOC@0001
Strings Matched: LOC@0001 = LOC@0001
Element [[ChromeDriver: chrome on XP (638c2bedacc9598a72bd4b3bff9a30e4)] -> xpath: //span[contains(text(),'Payment Arrangement Due')]] displayed in 55ms
get Payments Arrangement Due
Strings Matched: Payment Arrangement Due = Payment Arrangement Due
Element [[ChromeDriver: chrome on XP (638c2bedacc9598a72bd4b3bff9a30e4)] -> id: BILL_Installment_SPA] displayed in 51ms
get Payments Arrangement Due
]]></system-out>
    <system-err><![CDATA[Starting ChromeDriver 76.0.3809.126 (d80a294506b4c9d18015e755cee48f953ddc3f2f-refs/branch-heads/3809@{#1024}) on port 4603
Only local connections are allowed.
Please protect ports used by ChromeDriver and related test frameworks to prevent access by malicious code.
[1570545091.161][WARNING]: This version of ChromeDriver has not been tested with Chrome version 77.
Oct 08, 2019 9:31:32 AM org.openqa.selenium.remote.ProtocolHandshake createSession
INFO: Detected dialect: W3C
]]></system-err>
  </testcase>
  <testcase name="verifyDrillbacksGeneral" classname="com.NexusPortalAutomation.TestCases.Java.TC0018_verifyDrillbacksGeneral" time="18.444"/>
  <testcase name="VerifyAction_Transfers_Stack_TwoLocations_Scheduled_NotScheduled" classname="com.NexusPortalAutomation.TestCases.Java.TC0041_VerifyAction_Transfers_Stack_TwoLocations_Scheduled_NotScheduled" time="59.105"/>
  <testcase name="TestCustomerDetails" classname="com.NexusPortalAutomation.TestCases.Java.TC0010_2_verifyCustDetails_Blank" time="10.662"/>
  <testcase name="VerifyBillingDetails" classname="com.NexusPortalAutomation.TestCases.Java.TC0016_1_VerifyBillingDetails_EBill" time="20.036"/>
  <testcase name="TestBillingStatements" classname="com.NexusPortalAutomation.TestCases.Java.TC0017_StatementsValue" time="11.229"/>
  <testcase name="VerifyAction_Transfers_Stack_TwoLocations_Scheduled_NotScheduled" classname="com.NexusPortalAutomation.TestCases.Java.TC0040_VerifyAction_Transfers_Stack_TwoLocations_Scheduled_NotScheduled" time="61.397"/>
  <testcase name="TestCustomerDetails" classname="com.NexusPortalAutomation.TestCases.Java.TC0010_1_verifyCustDetails_Business" time="10.8"/>
  <testcase name="VerifyBillingDetails_budgetSPA" classname="com.NexusPortalAutomation.TestCases.Java.TC0016_1_VerifyBillingDetails_Budget_SPA" time="10.381">
    <failure message="Actual Value &apos;$35.26&apos; not Matched the expected value &apos;$75.26&apos; " type="java.lang.AssertionError">java.lang.AssertionError: Actual Value '$35.26' not Matched the expected value '$75.26' 
	at com.NexusPortalAutomation.TestCases.Java.TC0016_1_VerifyBillingDetails_Budget_SPA.VerifyBillingDetails_budgetSPA(TC0016_1_VerifyBillingDetails_Budget_SPA.java:57)
</failure>
    <system-out><![CDATA[Test completed successfully- TestCustomerDetails
Closing Browser
Test Completed...
Launching Chrome
Browser Maximised
Test started- VerifyBillingDetails_budgetSPA
Angular Request Completed in 40ms
Log in to Nexus View
Element [[ChromeDriver: chrome on XP (72fb17a7e24aaa7e51260ff92bad4ee7)] -> id: username] displayed in 46ms
Login Page title Verified
Element [[ChromeDriver: chrome on XP (72fb17a7e24aaa7e51260ff92bad4ee7)] -> id: username] displayed in 15ms
Element [[ChromeDriver: chrome on XP (72fb17a7e24aaa7e51260ff92bad4ee7)] -> id: password] displayed in 35ms
Element [[ChromeDriver: chrome on XP (72fb17a7e24aaa7e51260ff92bad4ee7)] -> id: kc-login] displayed in 36ms
Angular Request Completed in 20ms
User signed Admin
Enter Text for Search =LOC@0001
Element [[ChromeDriver: chrome on XP (72fb17a7e24aaa7e51260ff92bad4ee7)] -> id: SRCH_Input] displayed in 41ms
Angular request time 729ms
Element [[ChromeDriver: chrome on XP (72fb17a7e24aaa7e51260ff92bad4ee7)] -> id: SRCH_Option_1_Address_Line] displayed in 38ms
Click Customer
Angular request time 1436ms
Angular request time 10ms
Element [[ChromeDriver: chrome on XP (72fb17a7e24aaa7e51260ff92bad4ee7)] -> id: 'LOC_Location_Id'] displayed in 37ms
Angular request time 8ms
got Text CustomerLocId = LOC@0001
Customer Location Id found LOC@0001
Strings Matched: LOC@0001 = LOC@0001
This will verify budget icon
Strings Matched: Budget = Budget
Angular request time 8ms
Element 'BILL_Current_Balance' is displayed in 57ms
Element 'BILL_Unposted_Balance' is displayed in 59ms
Element 'BILL_Account_Balance' is displayed in 73ms
Element 'BILL_Past_Due' is displayed in 57ms
Element 'BILL_Installment_Budget' is displayed in 54ms
Element 'BILL_Over_Short' is displayed in 52ms
]]></system-out>
    <system-err><![CDATA[Starting ChromeDriver 76.0.3809.126 (d80a294506b4c9d18015e755cee48f953ddc3f2f-refs/branch-heads/3809@{#1024}) on port 37421
Only local connections are allowed.
Please protect ports used by ChromeDriver and related test frameworks to prevent access by malicious code.
[1570545326.973][WARNING]: This version of ChromeDriver has not been tested with Chrome version 77.
Oct 08, 2019 9:35:28 AM org.openqa.selenium.remote.ProtocolHandshake createSession
INFO: Detected dialect: W3C
]]></system-err>
  </testcase>
  <testcase name="VerifyBillingDetails" classname="com.NexusPortalAutomation.TestCases.Java.TC0016_VerifyBillingDetails_UsageGraph" time="17.087">
    <failure message="Image not matched ./\TestData\sikuliimages\billgraphwater1.png" type="java.lang.AssertionError">java.lang.AssertionError: Image not matched ./\TestData\sikuliimages\billgraphwater1.png
	at com.NexusPortalAutomation.TestCases.Java.TC0016_VerifyBillingDetails_UsageGraph.VerifyBillingDetails(TC0016_VerifyBillingDetails_UsageGraph.java:42)
</failure>
    <system-out><![CDATA[***** Error VerifyBillingDetails_budgetSPA test has failed *****
Closing Browser
Test Completed...
Launching Chrome
Browser Maximised
Test started- VerifyBillingDetails
Angular Request Completed in 32ms
Log in to Nexus View
Element [[ChromeDriver: chrome on XP (320e92345054b773e9bcff154638eb26)] -> id: username] displayed in 40ms
Login Page title Verified
Element [[ChromeDriver: chrome on XP (320e92345054b773e9bcff154638eb26)] -> id: username] displayed in 17ms
Element [[ChromeDriver: chrome on XP (320e92345054b773e9bcff154638eb26)] -> id: password] displayed in 37ms
Element [[ChromeDriver: chrome on XP (320e92345054b773e9bcff154638eb26)] -> id: kc-login] displayed in 40ms
Angular Request Completed in 18ms
User signed Admin
Enter Text for Search =BILLGRAPH
Element [[ChromeDriver: chrome on XP (320e92345054b773e9bcff154638eb26)] -> id: SRCH_Input] displayed in 40ms
Angular request time 727ms
Element [[ChromeDriver: chrome on XP (320e92345054b773e9bcff154638eb26)] -> id: SRCH_Option_1_Address_Line] displayed in 44ms
Click Customer
Angular request time 1554ms
Angular request time 6ms
Element [[ChromeDriver: chrome on XP (320e92345054b773e9bcff154638eb26)] -> id: SERV_Service_1_Service_Type_1] displayed in 42ms
]]></system-out>
    <system-err><![CDATA[Starting ChromeDriver 76.0.3809.126 (d80a294506b4c9d18015e755cee48f953ddc3f2f-refs/branch-heads/3809@{#1024}) on port 5493
Only local connections are allowed.
Please protect ports used by ChromeDriver and related test frameworks to prevent access by malicious code.
[1570545341.620][WARNING]: This version of ChromeDriver has not been tested with Chrome version 77.
Oct 08, 2019 9:35:42 AM org.openqa.selenium.remote.ProtocolHandshake createSession
INFO: Detected dialect: W3C
Oct 08, 2019 9:35:53 AM org.bridj.BridJ log
INFO: Registering type org.sikuli.util.SysJNA$WinKernel32
Oct 08, 2019 9:35:53 AM org.bridj.BridJ log
INFO: Registering type org.bridj.TimeT
Oct 08, 2019 9:35:53 AM org.bridj.BridJ log
INFO: Registering type org.bridj.TimeT$timeval_customizer
Oct 08, 2019 9:35:53 AM org.bridj.BridJ log
INFO: Registering type org.bridj.StructIO$DefaultCustomizer
Oct 08, 2019 9:35:53 AM org.bridj.BridJ log
INFO: Registering type org.bridj.TimeT$timeval
Oct 08, 2019 9:35:53 AM org.bridj.BridJ log
INFO: Registering type org.bridj.StructObject
Oct 08, 2019 9:35:53 AM org.bridj.BridJ log
INFO: Registering type org.bridj.NativeObject
Oct 08, 2019 9:35:53 AM org.bridj.BridJ log
INFO: Registering type org.bridj.AbstractIntegral
Oct 08, 2019 9:35:53 AM org.bridj.BridJ log
INFO: Registering type java.lang.Number
]]></system-err>
  </testcase>
  <testcase name="VerifyAction_Transfers_Stack_TwoLocations_Scheduled_NotScheduled" classname="com.NexusPortalAutomation.TestCases.Java.TC0039_VerifyAction_Transfers_Stack_TwoLocations_Scheduled_NotScheduled" time="57.148"/>
  <testcase name="TestSearchAccount" classname="com.NexusPortalAutomation.TestCases.Java.TC0009_VerifyAccountSearch" time="16.501"/>
  <testcase name="VerifyBillingDetails_Budget" classname="com.NexusPortalAutomation.TestCases.Java.TC0016_1_VerifyBillingDetails_Budget" time="11.909"/>
  <testcase name="VerifyBillingDetails" classname="com.NexusPortalAutomation.TestCases.Java.TC0016_VerifyBillingDetails" time="10.305">
    <failure message="Actual Value &apos;$35.26&apos; not Matched the expected value &apos;$75.26&apos; " type="java.lang.AssertionError">java.lang.AssertionError: Actual Value '$35.26' not Matched the expected value '$75.26' 
	at com.NexusPortalAutomation.TestCases.Java.TC0016_VerifyBillingDetails.VerifyBillingDetails(TC0016_VerifyBillingDetails.java:59)
</failure>
    <system-out><![CDATA[Test completed successfully- VerifyBillingDetails_Budget
Closing Browser
Test Completed...
Launching Chrome
Browser Maximised
Test started- VerifyBillingDetails
Angular Request Completed in 29ms
Log in to Nexus View
Element [[ChromeDriver: chrome on XP (b9ef766efc1fae44ba7464212cd563a1)] -> id: username] displayed in 51ms
Login Page title Verified
Element [[ChromeDriver: chrome on XP (b9ef766efc1fae44ba7464212cd563a1)] -> id: username] displayed in 20ms
Element [[ChromeDriver: chrome on XP (b9ef766efc1fae44ba7464212cd563a1)] -> id: password] displayed in 41ms
Element [[ChromeDriver: chrome on XP (b9ef766efc1fae44ba7464212cd563a1)] -> id: kc-login] displayed in 42ms
Angular Request Completed in 16ms
User signed Admin
Enter Text for Search =LOC@0001
Element [[ChromeDriver: chrome on XP (b9ef766efc1fae44ba7464212cd563a1)] -> id: SRCH_Input] displayed in 40ms
Angular request time 729ms
Element [[ChromeDriver: chrome on XP (b9ef766efc1fae44ba7464212cd563a1)] -> id: SRCH_Option_1_Address_Line] displayed in 45ms
Click Customer
Angular request time 1406ms
Angular request time 7ms
Element [[ChromeDriver: chrome on XP (b9ef766efc1fae44ba7464212cd563a1)] -> id: 'LOC_Location_Id'] displayed in 31ms
Angular request time 9ms
got Text CustomerLocId = LOC@0001
Customer Location Id found LOC@0001
Strings Matched: LOC@0001 = LOC@0001
Angular request time 7ms
Element 'BILL_Current_Balance' is displayed in 47ms
Element 'BILL_Unposted_Balance' is displayed in 52ms
Element 'BILL_Account_Balance' is displayed in 61ms
Element 'BILL_Past_Due' is displayed in 59ms
Element 'BILL_Installment_Budget' is displayed in 62ms
Element 'BILL_Over_Short' is displayed in 53ms
]]></system-out>
    <system-err><![CDATA[Starting ChromeDriver 76.0.3809.126 (d80a294506b4c9d18015e755cee48f953ddc3f2f-refs/branch-heads/3809@{#1024}) on port 36215
Only local connections are allowed.
Please protect ports used by ChromeDriver and related test frameworks to prevent access by malicious code.
[1570545460.711][WARNING]: This version of ChromeDriver has not been tested with Chrome version 77.
Oct 08, 2019 9:37:41 AM org.openqa.selenium.remote.ProtocolHandshake createSession
INFO: Detected dialect: W3C
]]></system-err>
  </testcase>
  <testcase name="VerifyAction_Transfers_Stack_TwoLocations_defaultCustomerLocationBased_NotScheduled" classname="com.NexusPortalAutomation.TestCases.Java.TC0038_VerifyAction_Transfers_Stack_TwoLocations_defaultCustomerLocationBased_NotScheduled" time="0.111"/>
  <testcase name="TestSearchAccount" classname="com.NexusPortalAutomation.TestCases.Java.TC0009_1_VerifyAccountSearch_NoAccounts" time="11.949"/>
  <testcase name="VerifyBillingDetailsAutoPay" classname="com.NexusPortalAutomation.TestCases.Java.TC0016_1_VerifyBillingDetails_AutoPay" time="11.161"/>
  <testcase name="VerifyAction_Transfers_Stack_TwoLocations_NotScheduled" classname="com.NexusPortalAutomation.TestCases.Java.TC0037_VerifyAction_Transfers_Stack_TwoLocations_NotScheduled" time="57.869"/>
  <testcase name="TestSearchbylocationID" classname="com.NexusPortalAutomation.TestCases.Java.TC0008_VerifySignInbylocationID" time="12.858"/>
  <testcase name="TestContactLogs" classname="com.NexusPortalAutomation.TestCases.Java.TC0015_VerifyContactLogs" time="10.888"/>
  <testcase name="VerifyTransferActionServiceOrder" classname="com.NexusPortalAutomation.TestCases.Java.TC0036_VerifyAction_Transfers_StartService" time="46.542">
    <failure message="Object Not Found Expected condition failed: waiting for visibility of Proxy element for: DefaultElementLocator &apos;By.id: XFER_Button_Done&apos; (tried for 20 second(s) with 500 milliseconds interval)" type="java.lang.AssertionError">java.lang.AssertionError: Object Not Found Expected condition failed: waiting for visibility of Proxy element for: DefaultElementLocator 'By.id: XFER_Button_Done' (tried for 20 second(s) with 500 milliseconds interval)
	at com.NexusPortalAutomation.TestCases.Java.TC0036_VerifyAction_Transfers_StartService.VerifyTransferActionServiceOrder(TC0036_VerifyAction_Transfers_StartService.java:80)
</failure>
    <system-out><![CDATA[Test completed successfully- TestContactLogs
Closing Browser
Test Completed...
Launching Chrome
Browser Maximised
Test started- VerifyTransferActionServiceOrder
SORD00000002707
SORD00000002708
SORD00000002710
Deleting Records for ServiceOrder = SORD00000002710
0
0
0
Deleting Records for Location =  LOC@0004
SORD00000002709
Deleting Records for ServiceOrder = SORD00000002709
0
Deleting Records for Location =  LOC@0005
Deleting Records for ServiceOrder = 
Deleting Records for ServiceOrder = 
Angular Request Completed in 41ms
Log in to Nexus View
Element [[ChromeDriver: chrome on XP (3d76385505d781b56770665b936066c8)] -> id: username] displayed in 43ms
Login Page title Verified
Element [[ChromeDriver: chrome on XP (3d76385505d781b56770665b936066c8)] -> id: username] displayed in 17ms
Element [[ChromeDriver: chrome on XP (3d76385505d781b56770665b936066c8)] -> id: password] displayed in 31ms
Element [[ChromeDriver: chrome on XP (3d76385505d781b56770665b936066c8)] -> id: kc-login] displayed in 37ms
Angular Request Completed in 19ms
User signed Admin
Enter Text for Search =LOC@0004
Element [[ChromeDriver: chrome on XP (3d76385505d781b56770665b936066c8)] -> id: SRCH_Input] displayed in 39ms
Angular request time 725ms
Element [[ChromeDriver: chrome on XP (3d76385505d781b56770665b936066c8)] -> id: SRCH_Option_1_Address_Line] displayed in 68ms
Click Customer
Angular request time 304ms
Angular request time 9ms
Element [[ChromeDriver: chrome on XP (3d76385505d781b56770665b936066c8)] -> id: 'LOC_Location_Id'] displayed in 30ms
Angular request time 8ms
got Text CustomerLocId = LOC@0004
Customer Location Id found LOC@0004
Strings Matched: LOC@0004 = LOC@0004
Click Action Dropdown
Element [[ChromeDriver: chrome on XP (3d76385505d781b56770665b936066c8)] -> id: ACTION_Button] displayed in 57ms
Element [[ChromeDriver: chrome on XP (3d76385505d781b56770665b936066c8)] -> id: ACTION_Button] displayed in 28ms
Angular request time 14ms
Click Action Drop down
Angular request time 9ms
Element [[ChromeDriver: chrome on XP (3d76385505d781b56770665b936066c8)] -> id: ACTION_Transfer_Service] displayed in 72ms
Element [[ChromeDriver: chrome on XP (3d76385505d781b56770665b936066c8)] -> id: ACTION_Transfer_Service] displayed in 27ms
Angular request time 30ms
Click Action Transfer Service Drop down
Angular request time 16ms
Element [[ChromeDriver: chrome on XP (3d76385505d781b56770665b936066c8)] -> id: XFER_Select] displayed in 132ms
Angular request time 16ms
Click Transfer Combo
Angular request time 11ms
Element [[ChromeDriver: chrome on XP (3d76385505d781b56770665b936066c8)] -> id: XFER_Select_Option_2] displayed in 46ms
Angular request time 11ms
Click Transfer Option 2
Angular request time 5ms
Element [[ChromeDriver: chrome on XP (3d76385505d781b56770665b936066c8)] -> id: XFER_Date_Picker_Requested] displayed in 37ms
Entered Request Date = 10/08/2019 09:40
Submit Transfer Request
TRANSFER
Element [[ChromeDriver: chrome on XP (3d76385505d781b56770665b936066c8)] -> id: CLO_Service_Order_Input] displayed in 64ms
Setting Text on Search Request with Text = TRANSFER
Angular request time 13ms
Element [[ChromeDriver: chrome on XP (3d76385505d781b56770665b936066c8)] -> id: XFER_Date_Picker_Scheduled] displayed in 44ms
Enter Schedule Date Date
Element [[ChromeDriver: chrome on XP (3d76385505d781b56770665b936066c8)] -> id: XFER_Date_Picker_Scheduled] displayed in 57ms
Setting Text on DatePicket with Text = 
Angular request time 422ms
Strings Matched: Mr. VACANT VACANT = Mr. VACANT VACANT
Element [[ChromeDriver: chrome on XP (3d76385505d781b56770665b936066c8)] -> id: XFER_Search_Input] displayed in 41ms
Setting Text on Customer Name Request with Text = MoveinCus
Angular request time 9ms
Element [[ChromeDriver: chrome on XP (3d76385505d781b56770665b936066c8)] -> id: XFER_Search_Option_1] displayed in 603ms
Angular request time 40ms
Click XFER_Search_Option_1_Customer_Name
Angular request time 9ms
Element [[ChromeDriver: chrome on XP (3d76385505d781b56770665b936066c8)] -> id: XFER_Description] displayed in 46ms
Setting Text on Description Request with Text = Description for Start Service
Angular request time 8ms
Click Submit
Element [[ChromeDriver: chrome on XP (3d76385505d781b56770665b936066c8)] -> id: XFER_Button_Action] displayed in 42ms
Element [[ChromeDriver: chrome on XP (3d76385505d781b56770665b936066c8)] -> id: XFER_Button_Action] displayed in 28ms
Angular request time 7ms
Click MoveInSubmit Button
Angular request time 10ms
]]></system-out>
    <system-err><![CDATA[Starting ChromeDriver 76.0.3809.126 (d80a294506b4c9d18015e755cee48f953ddc3f2f-refs/branch-heads/3809@{#1024}) on port 39444
Only local connections are allowed.
Please protect ports used by ChromeDriver and related test frameworks to prevent access by malicious code.
[1570545603.209][WARNING]: This version of ChromeDriver has not been tested with Chrome version 77.
Oct 08, 2019 9:40:04 AM org.openqa.selenium.remote.ProtocolHandshake createSession
INFO: Detected dialect: W3C
]]></system-err>
  </testcase>
  <testcase name="TestSecondayContact" classname="com.NexusPortalAutomation.TestCases.Java.TC0014_VerifySecondaryContact" time="10.747"/>
  <testcase name="VerifyAction_Transfers_StopService" classname="com.NexusPortalAutomation.TestCases.Java.TC0035_VerifyAction_Transfers_StopService" time="44.617"/>
  <testcase name="TestContactEdit" classname="com.NexusPortalAutomation.TestCases.Java.TC0013_VerifyContactEdit" time="18.961"/>
  <testcase name="VerifyAction_Transfers_Stack_TwoLocations" classname="com.NexusPortalAutomation.TestCases.Java.TC0034_VerifyAction_Transfers_Stack_TwoLocations" time="59.527"/>
  <testcase name="TestCreditStatus" classname="com.NexusPortalAutomation.TestCases.Java.TC0012_verifyCreditStatusStatus" time="19.07"/>
  <testcase name="VerifyTransferActionServiceOrder" classname="com.NexusPortalAutomation.TestCases.Java.TC0032_VerifyAction_Transfers_Stack_StopService_Scheduled" time="47.976"/>
  <testcase name="VerifyAction_Transfers_Stack_StartService_Scheduled" classname="com.NexusPortalAutomation.TestCases.Java.TC0033_VerifyAction_Transfers_Stack_StartService_Scheduled" time="49.392">
    <failure message="Object Not Found Expected condition failed: waiting for visibility of Proxy element for: DefaultElementLocator &apos;By.id: XFER_Button_Done&apos; (tried for 20 second(s) with 500 milliseconds interval)" type="java.lang.AssertionError">java.lang.AssertionError: Object Not Found Expected condition failed: waiting for visibility of Proxy element for: DefaultElementLocator 'By.id: XFER_Button_Done' (tried for 20 second(s) with 500 milliseconds interval)
	at com.NexusPortalAutomation.TestCases.Java.TC0033_VerifyAction_Transfers_Stack_StartService_Scheduled.VerifyAction_Transfers_Stack_StartService_Scheduled(TC0033_VerifyAction_Transfers_Stack_StartService_Scheduled.java:81)
</failure>
    <system-out><![CDATA[Test completed successfully- VerifyTransferActionServiceOrder
Closing Browser
Test Completed...
Launching Chrome
Browser Maximised
Test started- VerifyAction_Transfers_Stack_StartService_Scheduled
SORD00000002718
SORD00000002719
SORD00000002720
Deleting Records for ServiceOrder = SORD00000002720
0
0
0
Deleting Records for Location =  LOC@0004
Deleting Records for ServiceOrder = 
Deleting Records for ServiceOrder = 
Deleting Records for ServiceOrder = 
Angular Request Completed in 34ms
Log in to Nexus View
Element [[ChromeDriver: chrome on XP (178ba5d4cd65d796db955d6d179efe7c)] -> id: username] displayed in 48ms
Login Page title Verified
Element [[ChromeDriver: chrome on XP (178ba5d4cd65d796db955d6d179efe7c)] -> id: username] displayed in 18ms
Element [[ChromeDriver: chrome on XP (178ba5d4cd65d796db955d6d179efe7c)] -> id: password] displayed in 38ms
Element [[ChromeDriver: chrome on XP (178ba5d4cd65d796db955d6d179efe7c)] -> id: kc-login] displayed in 30ms
Angular Request Completed in 20ms
User signed Admin
Enter Text for Search =LOC@0004
Element [[ChromeDriver: chrome on XP (178ba5d4cd65d796db955d6d179efe7c)] -> id: SRCH_Input] displayed in 50ms
Angular request time 732ms
Element [[ChromeDriver: chrome on XP (178ba5d4cd65d796db955d6d179efe7c)] -> id: SRCH_Option_1_Address_Line] displayed in 51ms
Click Customer
Angular request time 402ms
Angular request time 18ms
Element [[ChromeDriver: chrome on XP (178ba5d4cd65d796db955d6d179efe7c)] -> id: 'LOC_Location_Id'] displayed in 51ms
Angular request time 9ms
got Text CustomerLocId = LOC@0004
Customer Location Id found LOC@0004
Strings Matched: LOC@0004 = LOC@0004
Click Action Dropdown
Element [[ChromeDriver: chrome on XP (178ba5d4cd65d796db955d6d179efe7c)] -> id: ACTION_Button] displayed in 30ms
Element [[ChromeDriver: chrome on XP (178ba5d4cd65d796db955d6d179efe7c)] -> id: ACTION_Button] displayed in 18ms
Angular request time 9ms
Click Action Drop down
Angular request time 26ms
Element [[ChromeDriver: chrome on XP (178ba5d4cd65d796db955d6d179efe7c)] -> id: ACTION_Transfer_Service] displayed in 125ms
Element [[ChromeDriver: chrome on XP (178ba5d4cd65d796db955d6d179efe7c)] -> id: ACTION_Transfer_Service] displayed in 28ms
Angular request time 36ms
Click Action Transfer Service Drop down
Angular request time 32ms
Element [[ChromeDriver: chrome on XP (178ba5d4cd65d796db955d6d179efe7c)] -> id: XFER_Select] displayed in 148ms
Angular request time 12ms
Click Transfer Combo
Angular request time 10ms
Element [[ChromeDriver: chrome on XP (178ba5d4cd65d796db955d6d179efe7c)] -> id: XFER_Select_Option_2] displayed in 47ms
Angular request time 15ms
Click Transfer Option 2
Angular request time 9ms
Element [[ChromeDriver: chrome on XP (178ba5d4cd65d796db955d6d179efe7c)] -> id: XFER_Date_Picker_Requested] displayed in 45ms
Entered Request Date = 10/08/2019 09:44
Submit Transfer Request
TRANSFER
Element [[ChromeDriver: chrome on XP (178ba5d4cd65d796db955d6d179efe7c)] -> id: CLO_Service_Order_Input] displayed in 51ms
Setting Text on Search Request with Text = TRANSFER
Angular request time 6ms
Element [[ChromeDriver: chrome on XP (178ba5d4cd65d796db955d6d179efe7c)] -> id: XFER_Date_Picker_Scheduled] displayed in 41ms
Enter Schedule Date Date
Element [[ChromeDriver: chrome on XP (178ba5d4cd65d796db955d6d179efe7c)] -> id: XFER_Date_Picker_Scheduled] displayed in 58ms
Setting Text on DatePicket with Text = 10/08/2019 09:44
Angular request time 420ms
Strings Matched: Mr. VACANT VACANT = Mr. VACANT VACANT
Element [[ChromeDriver: chrome on XP (178ba5d4cd65d796db955d6d179efe7c)] -> id: XFER_Search_Input] displayed in 40ms
Setting Text on Customer Name Request with Text = MoveinCus
Angular request time 9ms
Element [[ChromeDriver: chrome on XP (178ba5d4cd65d796db955d6d179efe7c)] -> id: XFER_Search_Option_1] displayed in 827ms
Angular request time 81ms
Click XFER_Search_Option_1_Customer_Name
Angular request time 29ms
Element [[ChromeDriver: chrome on XP (178ba5d4cd65d796db955d6d179efe7c)] -> id: XFER_Description] displayed in 161ms
Setting Text on Description Request with Text = Description for Start Service
Angular request time 21ms
Click Submit
Element [[ChromeDriver: chrome on XP (178ba5d4cd65d796db955d6d179efe7c)] -> id: XFER_Button_Action] displayed in 170ms
Element [[ChromeDriver: chrome on XP (178ba5d4cd65d796db955d6d179efe7c)] -> id: XFER_Button_Action] displayed in 122ms
Angular request time 147ms
Click MoveInSubmit Button
Angular request time 28ms
]]></system-out>
    <system-err><![CDATA[Starting ChromeDriver 76.0.3809.126 (d80a294506b4c9d18015e755cee48f953ddc3f2f-refs/branch-heads/3809@{#1024}) on port 22909
Only local connections are allowed.
Please protect ports used by ChromeDriver and related test frameworks to prevent access by malicious code.
[1570545878.022][WARNING]: This version of ChromeDriver has not been tested with Chrome version 77.
Oct 08, 2019 9:44:39 AM org.openqa.selenium.remote.ProtocolHandshake createSession
INFO: Detected dialect: W3C
]]></system-err>
  </testcase>
  <testcase name="VerifyTransferActionServiceOrder" classname="com.NexusPortalAutomation.TestCases.Java.TC0030_VerifyAction_Transfers_StartService_Scheduled" time="53.447">
    <failure message="Object Not Found Expected condition failed: waiting for visibility of Proxy element for: DefaultElementLocator &apos;By.id: XFER_Button_Done&apos; (tried for 20 second(s) with 500 milliseconds interval)" type="java.lang.AssertionError">java.lang.AssertionError: Object Not Found Expected condition failed: waiting for visibility of Proxy element for: DefaultElementLocator 'By.id: XFER_Button_Done' (tried for 20 second(s) with 500 milliseconds interval)
	at com.NexusPortalAutomation.TestCases.Java.TC0030_VerifyAction_Transfers_StartService_Scheduled.VerifyTransferActionServiceOrder(TC0030_VerifyAction_Transfers_StartService_Scheduled.java:78)
</failure>
    <system-out><![CDATA[***** Error VerifyAction_Transfers_Stack_StartService_Scheduled test has failed *****
Closing Browser
Test Completed...
Launching Chrome
Browser Maximised
Test started- VerifyTransferActionServiceOrder
Deleting Records for ServiceOrder = 
Angular Request Completed in 54ms
Log in to Nexus View
Element [[ChromeDriver: chrome on XP (3f5502ece6ed60cfe11e3bb8e8440a06)] -> id: username] displayed in 44ms
Login Page title Verified
Element [[ChromeDriver: chrome on XP (3f5502ece6ed60cfe11e3bb8e8440a06)] -> id: username] displayed in 15ms
Element [[ChromeDriver: chrome on XP (3f5502ece6ed60cfe11e3bb8e8440a06)] -> id: password] displayed in 31ms
Element [[ChromeDriver: chrome on XP (3f5502ece6ed60cfe11e3bb8e8440a06)] -> id: kc-login] displayed in 34ms
Angular Request Completed in 19ms
User signed Admin
Enter Text for Search =LOC@0004
Element [[ChromeDriver: chrome on XP (3f5502ece6ed60cfe11e3bb8e8440a06)] -> id: SRCH_Input] displayed in 53ms
Angular request time 730ms
Element [[ChromeDriver: chrome on XP (3f5502ece6ed60cfe11e3bb8e8440a06)] -> id: SRCH_Option_1_Address_Line] displayed in 89ms
Click Customer
Angular request time 589ms
Angular request time 10ms
Element [[ChromeDriver: chrome on XP (3f5502ece6ed60cfe11e3bb8e8440a06)] -> id: 'LOC_Location_Id'] displayed in 42ms
Angular request time 8ms
got Text CustomerLocId = LOC@0004
Customer Location Id found LOC@0004
Strings Matched: LOC@0004 = LOC@0004
Click Action Dropdown
Element [[ChromeDriver: chrome on XP (3f5502ece6ed60cfe11e3bb8e8440a06)] -> id: ACTION_Button] displayed in 46ms
Element [[ChromeDriver: chrome on XP (3f5502ece6ed60cfe11e3bb8e8440a06)] -> id: ACTION_Button] displayed in 25ms
Angular request time 13ms
Click Action Drop down
Angular request time 24ms
Element [[ChromeDriver: chrome on XP (3f5502ece6ed60cfe11e3bb8e8440a06)] -> id: ACTION_Transfer_Service] displayed in 263ms
Element [[ChromeDriver: chrome on XP (3f5502ece6ed60cfe11e3bb8e8440a06)] -> id: ACTION_Transfer_Service] displayed in 123ms
Angular request time 287ms
Click Action Transfer Service Drop down
Angular request time 69ms
Element [[ChromeDriver: chrome on XP (3f5502ece6ed60cfe11e3bb8e8440a06)] -> id: XFER_Select] displayed in 358ms
Angular request time 120ms
Click Transfer Combo
Angular request time 61ms
Element [[ChromeDriver: chrome on XP (3f5502ece6ed60cfe11e3bb8e8440a06)] -> id: XFER_Select_Option_2] displayed in 178ms
Angular request time 20ms
Click Transfer Option 2
Angular request time 10ms
TRANSFER
Element [[ChromeDriver: chrome on XP (3f5502ece6ed60cfe11e3bb8e8440a06)] -> id: CLO_Service_Order_Input] displayed in 49ms
Setting Text on Search Request with Text = TRANSFER
Angular request time 10ms
Element [[ChromeDriver: chrome on XP (3f5502ece6ed60cfe11e3bb8e8440a06)] -> id: XFER_Date_Picker_Requested] displayed in 55ms
Entered Request Date = 10/08/2019 09:45
Element [[ChromeDriver: chrome on XP (3f5502ece6ed60cfe11e3bb8e8440a06)] -> id: XFER_Date_Picker_Scheduled] displayed in 47ms
Enter Schedule Date Date
Element [[ChromeDriver: chrome on XP (3f5502ece6ed60cfe11e3bb8e8440a06)] -> id: XFER_Date_Picker_Scheduled] displayed in 40ms
Setting Text on DatePicket with Text = 10/08/2019 09:45
Angular request time 319ms
Element [[ChromeDriver: chrome on XP (3f5502ece6ed60cfe11e3bb8e8440a06)] -> id: XFER_Date_Picker_Requested] displayed in 46ms
Entered Request Date = 10/08/2019 09:45
Submit Transfer Request
TRANSFER
Element [[ChromeDriver: chrome on XP (3f5502ece6ed60cfe11e3bb8e8440a06)] -> id: CLO_Service_Order_Input] displayed in 33ms
Setting Text on Search Request with Text = TRANSFER
Angular request time 6ms
Element [[ChromeDriver: chrome on XP (3f5502ece6ed60cfe11e3bb8e8440a06)] -> id: XFER_Date_Picker_Scheduled] displayed in 36ms
Enter Schedule Date Date
Element [[ChromeDriver: chrome on XP (3f5502ece6ed60cfe11e3bb8e8440a06)] -> id: XFER_Date_Picker_Scheduled] displayed in 33ms
Setting Text on DatePicket with Text = 10/08/2019 09:45
Angular request time 520ms
Strings Matched: Mr. VACANT VACANT = Mr. VACANT VACANT
Element [[ChromeDriver: chrome on XP (3f5502ece6ed60cfe11e3bb8e8440a06)] -> id: XFER_Search_Input] displayed in 45ms
Setting Text on Customer Name Request with Text = Mr. VACANT VACANT
Angular request time 15ms
Element [[ChromeDriver: chrome on XP (3f5502ece6ed60cfe11e3bb8e8440a06)] -> id: XFER_Search_Option_1] displayed in 1014ms
Angular request time 62ms
Click XFER_Search_Option_1_Customer_Name
Angular request time 26ms
Element [[ChromeDriver: chrome on XP (3f5502ece6ed60cfe11e3bb8e8440a06)] -> id: XFER_Description] displayed in 155ms
Setting Text on Description Request with Text = Description for Start Service
Angular request time 25ms
Click Submit
Element [[ChromeDriver: chrome on XP (3f5502ece6ed60cfe11e3bb8e8440a06)] -> id: XFER_Button_Action] displayed in 51ms
Element [[ChromeDriver: chrome on XP (3f5502ece6ed60cfe11e3bb8e8440a06)] -> id: XFER_Button_Action] displayed in 40ms
Angular request time 11ms
Click MoveInSubmit Button
Angular request time 9ms
]]></system-out>
    <system-err><![CDATA[Starting ChromeDriver 76.0.3809.126 (d80a294506b4c9d18015e755cee48f953ddc3f2f-refs/branch-heads/3809@{#1024}) on port 47960
Only local connections are allowed.
Please protect ports used by ChromeDriver and related test frameworks to prevent access by malicious code.
[1570545931.421][WARNING]: This version of ChromeDriver has not been tested with Chrome version 77.
Oct 08, 2019 9:45:32 AM org.openqa.selenium.remote.ProtocolHandshake createSession
INFO: Detected dialect: W3C
]]></system-err>
  </testcase>
  <testcase name="VerifyTransferActionServiceOrder" classname="com.NexusPortalAutomation.TestCases.Java.TC0031_VerifyAction_Transfers_StopService_Scheduled" time="23.838"/>
  <testcase name="VerifyActionServiceOrder" classname="com.NexusPortalAutomation.TestCases.Java.TC0029_VerifyAction_Transfers_Scheduled" time="36.392"/>
  <testcase name="VerifyTransferActionServiceOrder" classname="com.NexusPortalAutomation.TestCases.Java.TC0030_1_VerifyAction_Transfers_StartService_Scheduled_SameCustomerMovein" time="19.322"/>
  <testcase name="VerifySignInbyID" classname="com.NexusPortalAutomation.TestCases.Java.TC0001_VerifySignInbyID" time="11.104"/>
  <testcase name="VerifyActionServiceOrder" classname="com.NexusPortalAutomation.TestCases.Java.TC0022_VerifyAction_ServiceOrder" time="19.204"/>
  <testcase name="VerifyActionServiceOrder_Transfers_NotSchedule" classname="com.NexusPortalAutomation.TestCases.Java.TC0025_1_VerifyAction_Transfers_Scheduled_CurrentMoveinCustomer" time="29.663">
    <failure message="no such element: Unable to locate element: {&quot;method&quot;:&quot;xpath&quot;,&quot;selector&quot;:&quot;//div[@class=&apos;requiered-field text ng-star-inserted&apos;]&quot;}&#10;  (Session info: chrome=77.0.3865.90)&#10;For documentation on this error, please visit: http://seleniumhq.org/exceptions/no_such_element.html&#10;Build info: version: &apos;3.14.0&apos;, revision: &apos;aacccce0&apos;, time: &apos;2018-08-02T20:19:58.91Z&apos;&#10;System info: host: &apos;RND-BASE-A&apos;, ip: &apos;10.0.2.15&apos;, os.name: &apos;Windows Server 2012 R2&apos;, os.arch: &apos;amd64&apos;, os.version: &apos;6.3&apos;, java.version: &apos;1.8.0_201&apos;&#10;Driver info: org.openqa.selenium.chrome.ChromeDriver&#10;Capabilities {acceptInsecureCerts: false, browserName: chrome, browserVersion: 77.0.3865.90, chrome: {chromedriverVersion: 76.0.3809.126 (d80a294506b4..., userDataDir: C:\Users\ADMINI~1\AppData\L...}, goog:chromeOptions: {debuggerAddress: localhost:64472}, javascriptEnabled: true, networkConnectionEnabled: false, pageLoadStrategy: normal, platform: XP, platformName: XP, proxy: Proxy(), setWindowRect: true, strictFileInteractability: false, timeouts: {implicit: 0, pageLoad: 300000, script: 30000}, unhandledPromptBehavior: dismiss and notify}&#10;Session ID: 744bdf3360276d0fa0d7e4e66f352faa&#10;*** Element info: {Using=xpath, value=//div[@class=&apos;requiered-field text ng-star-inserted&apos;]}" type="org.openqa.selenium.NoSuchElementException">org.openqa.selenium.NoSuchElementException: 
no such element: Unable to locate element: {"method":"xpath","selector":"//div[@class='requiered-field text ng-star-inserted']"}
  (Session info: chrome=77.0.3865.90)
For documentation on this error, please visit: http://seleniumhq.org/exceptions/no_such_element.html
Build info: version: '3.14.0', revision: 'aacccce0', time: '2018-08-02T20:19:58.91Z'
System info: host: 'RND-BASE-A', ip: '10.0.2.15', os.name: 'Windows Server 2012 R2', os.arch: 'amd64', os.version: '6.3', java.version: '1.8.0_201'
Driver info: org.openqa.selenium.chrome.ChromeDriver
Capabilities {acceptInsecureCerts: false, browserName: chrome, browserVersion: 77.0.3865.90, chrome: {chromedriverVersion: 76.0.3809.126 (d80a294506b4..., userDataDir: C:\Users\ADMINI~1\AppData\L...}, goog:chromeOptions: {debuggerAddress: localhost:64472}, javascriptEnabled: true, networkConnectionEnabled: false, pageLoadStrategy: normal, platform: XP, platformName: XP, proxy: Proxy(), setWindowRect: true, strictFileInteractability: false, timeouts: {implicit: 0, pageLoad: 300000, script: 30000}, unhandledPromptBehavior: dismiss and notify}
Session ID: 744bdf3360276d0fa0d7e4e66f352faa
*** Element info: {Using=xpath, value=//div[@class='requiered-field text ng-star-inserted']}
	at com.NexusPortalAutomation.TestCases.Java.TC0025_1_VerifyAction_Transfers_Scheduled_CurrentMoveinCustomer.VerifyActionServiceOrder_Transfers_NotSchedule(TC0025_1_VerifyAction_Transfers_Scheduled_CurrentMoveinCustomer.java:91)
</failure>
    <system-out><![CDATA[Test completed successfully- VerifyActionServiceOrder
Closing Browser
Test Completed...
Launching Chrome
Browser Maximised
Test started- VerifyActionServiceOrder_Transfers_NotSchedule
Deleting Records for ServiceOrder = 
SORD00000002723
Deleting Records for ServiceOrder = SORD00000002723
0
Deleting Records for Location =  LOC@0005
Angular Request Completed in 62ms
Log in to Nexus View
Element [[ChromeDriver: chrome on XP (744bdf3360276d0fa0d7e4e66f352faa)] -> id: username] displayed in 46ms
Login Page title Verified
Element [[ChromeDriver: chrome on XP (744bdf3360276d0fa0d7e4e66f352faa)] -> id: username] displayed in 19ms
Element [[ChromeDriver: chrome on XP (744bdf3360276d0fa0d7e4e66f352faa)] -> id: password] displayed in 33ms
Element [[ChromeDriver: chrome on XP (744bdf3360276d0fa0d7e4e66f352faa)] -> id: kc-login] displayed in 41ms
Angular Request Completed in 20ms
User signed Admin
Enter Text for Search =LOC@0004
Element [[ChromeDriver: chrome on XP (744bdf3360276d0fa0d7e4e66f352faa)] -> id: SRCH_Input] displayed in 42ms
Angular request time 731ms
Element [[ChromeDriver: chrome on XP (744bdf3360276d0fa0d7e4e66f352faa)] -> id: SRCH_Option_1_Address_Line] displayed in 54ms
Click Customer
Angular request time 374ms
Angular request time 12ms
Element [[ChromeDriver: chrome on XP (744bdf3360276d0fa0d7e4e66f352faa)] -> id: 'LOC_Location_Id'] displayed in 32ms
Angular request time 7ms
got Text CustomerLocId = LOC@0004
Customer Location Id found LOC@0004
Strings Matched: LOC@0004 = LOC@0004
Click Action Dropdown
Element [[ChromeDriver: chrome on XP (744bdf3360276d0fa0d7e4e66f352faa)] -> id: ACTION_Button] displayed in 45ms
Element [[ChromeDriver: chrome on XP (744bdf3360276d0fa0d7e4e66f352faa)] -> id: ACTION_Button] displayed in 20ms
Angular request time 11ms
Click Action Drop down
Angular request time 20ms
Element [[ChromeDriver: chrome on XP (744bdf3360276d0fa0d7e4e66f352faa)] -> id: ACTION_Transfer_Service] displayed in 61ms
Element [[ChromeDriver: chrome on XP (744bdf3360276d0fa0d7e4e66f352faa)] -> id: ACTION_Transfer_Service] displayed in 54ms
Angular request time 75ms
Click Action Transfer Service Drop down
Angular request time 41ms
Element [[ChromeDriver: chrome on XP (744bdf3360276d0fa0d7e4e66f352faa)] -> id: XFER_Select] displayed in 116ms
Angular request time 17ms
Click Transfer Combo
Angular request time 8ms
Element [[ChromeDriver: chrome on XP (744bdf3360276d0fa0d7e4e66f352faa)] -> id: XFER_Select_Option_1] displayed in 55ms
Angular request time 14ms
Click Transfer Option 1
Angular request time 10ms
TRANSFER
Element [[ChromeDriver: chrome on XP (744bdf3360276d0fa0d7e4e66f352faa)] -> id: CLO_Service_Order_Input] displayed in 66ms
Setting Text on Search Request with Text = Transfer
Angular request time 11ms
Element [[ChromeDriver: chrome on XP (744bdf3360276d0fa0d7e4e66f352faa)] -> id: XFER_MoveFrom_Date_Picker_Requested] displayed in 53ms
10/08/2019 09:48
Enter Schedule Date
Element [[ChromeDriver: chrome on XP (744bdf3360276d0fa0d7e4e66f352faa)] -> id: XFER_MoveFrom_Date_Picker_Scheduled] displayed in 58ms
Element [[ChromeDriver: chrome on XP (744bdf3360276d0fa0d7e4e66f352faa)] -> id: XFER_MoveFrom_Date_Picker_Scheduled] displayed in 77ms
Setting Text on DatePicket with Text = 10/08/2019 09:48
Angular request time 319ms
Strings Matched: Mr. VACANT VACANT = Mr. VACANT VACANT
TEST DEFAULT VALUE FOR CUSTOMER ===Mr. VACANT VACANT
Element [[ChromeDriver: chrome on XP (744bdf3360276d0fa0d7e4e66f352faa)] -> id: XFER_Search_Input] displayed in 39ms
Setting Text on Customer Name Request with Text = Mr. Automation Mate
Angular request time 9ms
Element [[ChromeDriver: chrome on XP (744bdf3360276d0fa0d7e4e66f352faa)] -> id: XFER_Search_Option_1_Customer_Name] displayed in 606ms
Angular request time 15ms
Click XFER_Search_Option_1_Customer_Name
Angular request time 8ms
Element [[ChromeDriver: chrome on XP (744bdf3360276d0fa0d7e4e66f352faa)] -> id: XFER_Description] displayed in 47ms
Setting Text on Description Request with Text = AUTOMATION TEST
Angular request time 10ms
Element [[ChromeDriver: chrome on XP (744bdf3360276d0fa0d7e4e66f352faa)] -> id: XFER_MoveTo_Tab] displayed in 43ms
Angular request time 13ms
Click Move To Tab (Transfers)
Angular request time 8ms
Element [[ChromeDriver: chrome on XP (744bdf3360276d0fa0d7e4e66f352faa)] -> id: XFER_MoveTo_Date_Picker_Requested] displayed in 124ms
10/08/2019 09:48
Enter Request Date
Element [[ChromeDriver: chrome on XP (744bdf3360276d0fa0d7e4e66f352faa)] -> id: XFER_MoveTo_Date_Picker_Requested] displayed in 46ms
Element [[ChromeDriver: chrome on XP (744bdf3360276d0fa0d7e4e66f352faa)] -> id: XFER_MoveTo_Date_Picker_Requested] displayed in 47ms
Setting Text on DatePicket with Text = 10/08/2019 09:48
Angular request time 14ms
Element [[ChromeDriver: chrome on XP (744bdf3360276d0fa0d7e4e66f352faa)] -> id: CLO_Service_Order_Input] displayed in 41ms
Enter Request Name
Element [[ChromeDriver: chrome on XP (744bdf3360276d0fa0d7e4e66f352faa)] -> id: CLO_Service_Order_Input] displayed in 37ms
Setting Text on Service Order Input with Text = TRANSFER
Angular request time 6ms
Element [[ChromeDriver: chrome on XP (744bdf3360276d0fa0d7e4e66f352faa)] -> id: XFER_Search_Input] displayed in 38ms
Element [[ChromeDriver: chrome on XP (744bdf3360276d0fa0d7e4e66f352faa)] -> id: XFER_Search_Input] displayed in 33ms
Setting Text on XFERSearchInput with Text = LOC@0005
Angular request time 523ms
Element [[ChromeDriver: chrome on XP (744bdf3360276d0fa0d7e4e66f352faa)] -> id: XFER_Search_Option_1_Customer_Name] displayed in 656ms
Angular request time 31ms
Click XFER_Search_Option_1_Customer_Name
Angular request time 12ms
Enter Request Description
Element [[ChromeDriver: chrome on XP (744bdf3360276d0fa0d7e4e66f352faa)] -> id: XFER_Description] displayed in 45ms
Element [[ChromeDriver: chrome on XP (744bdf3360276d0fa0d7e4e66f352faa)] -> id: XFER_Description] displayed in 35ms
Setting Text on XFER Description with Text = Move in from location
Angular request time 12ms
Element [[ChromeDriver: chrome on XP (744bdf3360276d0fa0d7e4e66f352faa)] -> id: XFER_Search_Input] displayed in 19ms
Element [[ChromeDriver: chrome on XP (744bdf3360276d0fa0d7e4e66f352faa)] -> id: XFER_Search_Input] displayed in 20ms
Setting Text on Customer Name Request with Text = Mr. Automation Mate
Angular request time 8ms
Click Submit
Element [[ChromeDriver: chrome on XP (744bdf3360276d0fa0d7e4e66f352faa)] -> id: XFER_Button_Action] displayed in 44ms
Element [[ChromeDriver: chrome on XP (744bdf3360276d0fa0d7e4e66f352faa)] -> id: XFER_Button_Action] displayed in 32ms
Angular request time 117ms
Click MoveInSubmit Button
Angular request time 7ms
]]></system-out>
    <system-err><![CDATA[Starting ChromeDriver 76.0.3809.126 (d80a294506b4c9d18015e755cee48f953ddc3f2f-refs/branch-heads/3809@{#1024}) on port 45253
Only local connections are allowed.
Please protect ports used by ChromeDriver and related test frameworks to prevent access by malicious code.
[1570546117.524][WARNING]: This version of ChromeDriver has not been tested with Chrome version 77.
Oct 08, 2019 9:48:38 AM org.openqa.selenium.remote.ProtocolHandshake createSession
INFO: Detected dialect: W3C
]]></system-err>
  </testcase>
  <testcase name="VerifyRecentWidget" classname="com.NexusPortalAutomation.TestCases.Java.TC0023_VerifyRecentWidget" time="11.867"/>
  <testcase name="VerifyActionServiceOrder_Transfers_NotSchedule" classname="com.NexusPortalAutomation.TestCases.Java.TC0025_VerifyAction_Transfers_NotScheduled" time="24.116"/>
  <testcase name="VerifyTransferActionServiceOrder" classname="com.NexusPortalAutomation.TestCases.Java.TC0026_VerifyAction_Transfers_StartService_NotScheduled" time="46.701">
    <failure message="Object Not Found Expected condition failed: waiting for visibility of Proxy element for: DefaultElementLocator &apos;By.id: XFER_Button_Done&apos; (tried for 20 second(s) with 500 milliseconds interval)" type="java.lang.AssertionError">java.lang.AssertionError: Object Not Found Expected condition failed: waiting for visibility of Proxy element for: DefaultElementLocator 'By.id: XFER_Button_Done' (tried for 20 second(s) with 500 milliseconds interval)
	at com.NexusPortalAutomation.TestCases.Java.TC0026_VerifyAction_Transfers_StartService_NotScheduled.VerifyTransferActionServiceOrder(TC0026_VerifyAction_Transfers_StartService_NotScheduled.java:78)
</failure>
    <system-out><![CDATA[Test completed successfully- VerifyActionServiceOrder_Transfers_NotSchedule
Closing Browser
Test Completed...
Launching Chrome
Browser Maximised
Test started- VerifyTransferActionServiceOrder
SORD00000002727
Deleting Records for ServiceOrder = SORD00000002727
0
Deleting Records for Location =  LOC@0004
Angular Request Completed in 60ms
Log in to Nexus View
Element [[ChromeDriver: chrome on XP (b6973567a5fa1f4d0d722a7aa6e941c1)] -> id: username] displayed in 53ms
Login Page title Verified
Element [[ChromeDriver: chrome on XP (b6973567a5fa1f4d0d722a7aa6e941c1)] -> id: username] displayed in 17ms
Element [[ChromeDriver: chrome on XP (b6973567a5fa1f4d0d722a7aa6e941c1)] -> id: password] displayed in 41ms
Element [[ChromeDriver: chrome on XP (b6973567a5fa1f4d0d722a7aa6e941c1)] -> id: kc-login] displayed in 49ms
Angular Request Completed in 18ms
User signed Admin
Enter Text for Search =LOC@0004
Element [[ChromeDriver: chrome on XP (b6973567a5fa1f4d0d722a7aa6e941c1)] -> id: SRCH_Input] displayed in 43ms
Angular request time 729ms
Element [[ChromeDriver: chrome on XP (b6973567a5fa1f4d0d722a7aa6e941c1)] -> id: SRCH_Option_1_Address_Line] displayed in 37ms
Click Customer
Angular request time 313ms
Angular request time 13ms
Element [[ChromeDriver: chrome on XP (b6973567a5fa1f4d0d722a7aa6e941c1)] -> id: 'LOC_Location_Id'] displayed in 46ms
Angular request time 10ms
got Text CustomerLocId = LOC@0004
Customer Location Id found LOC@0004
Strings Matched: LOC@0004 = LOC@0004
Click Action Dropdown
Element [[ChromeDriver: chrome on XP (b6973567a5fa1f4d0d722a7aa6e941c1)] -> id: ACTION_Button] displayed in 44ms
Element [[ChromeDriver: chrome on XP (b6973567a5fa1f4d0d722a7aa6e941c1)] -> id: ACTION_Button] displayed in 29ms
Angular request time 9ms
Click Action Drop down
Angular request time 17ms
Element [[ChromeDriver: chrome on XP (b6973567a5fa1f4d0d722a7aa6e941c1)] -> id: ACTION_Transfer_Service] displayed in 80ms
Element [[ChromeDriver: chrome on XP (b6973567a5fa1f4d0d722a7aa6e941c1)] -> id: ACTION_Transfer_Service] displayed in 30ms
Angular request time 81ms
Click Action Transfer Service Drop down
Angular request time 38ms
Element [[ChromeDriver: chrome on XP (b6973567a5fa1f4d0d722a7aa6e941c1)] -> id: XFER_Select] displayed in 179ms
Angular request time 20ms
Click Transfer Combo
Angular request time 13ms
Element [[ChromeDriver: chrome on XP (b6973567a5fa1f4d0d722a7aa6e941c1)] -> id: XFER_Select_Option_2] displayed in 60ms
Angular request time 16ms
Click Transfer Option 2
Angular request time 7ms
TRANSFER
Element [[ChromeDriver: chrome on XP (b6973567a5fa1f4d0d722a7aa6e941c1)] -> id: CLO_Service_Order_Input] displayed in 45ms
Setting Text on Search Request with Text = TRANSFER
Angular request time 10ms
Element [[ChromeDriver: chrome on XP (b6973567a5fa1f4d0d722a7aa6e941c1)] -> id: XFER_Date_Picker_Requested] displayed in 58ms
Entered Request Date = 10/08/2019 09:50
Strings Matched: Mr. VACANT VACANT = Mr. VACANT VACANT
Element [[ChromeDriver: chrome on XP (b6973567a5fa1f4d0d722a7aa6e941c1)] -> id: XFER_Search_Input] displayed in 37ms
Setting Text on Customer Name Request with Text = Mr. VACANT VACANT
Angular request time 420ms
Element [[ChromeDriver: chrome on XP (b6973567a5fa1f4d0d722a7aa6e941c1)] -> id: XFER_Search_Option_1] displayed in 614ms
Angular request time 19ms
Click XFER_Search_Option_1_Customer_Name
Angular request time 9ms
Element [[ChromeDriver: chrome on XP (b6973567a5fa1f4d0d722a7aa6e941c1)] -> id: XFER_Description] displayed in 43ms
Setting Text on Description Request with Text = AUTOMATION TEST
Angular request time 7ms
Click Submit
Element [[ChromeDriver: chrome on XP (b6973567a5fa1f4d0d722a7aa6e941c1)] -> id: XFER_Button_Action] displayed in 45ms
Element [[ChromeDriver: chrome on XP (b6973567a5fa1f4d0d722a7aa6e941c1)] -> id: XFER_Button_Action] displayed in 33ms
Angular request time 9ms
Click MoveInSubmit Button
Angular request time 7ms
]]></system-out>
    <system-err><![CDATA[Starting ChromeDriver 76.0.3809.126 (d80a294506b4c9d18015e755cee48f953ddc3f2f-refs/branch-heads/3809@{#1024}) on port 46701
Only local connections are allowed.
Please protect ports used by ChromeDriver and related test frameworks to prevent access by malicious code.
[1570546194.554][WARNING]: This version of ChromeDriver has not been tested with Chrome version 77.
Oct 08, 2019 9:49:55 AM org.openqa.selenium.remote.ProtocolHandshake createSession
INFO: Detected dialect: W3C
]]></system-err>
  </testcase>
  <testcase name="VerifyTransferActionServiceOrder" classname="com.NexusPortalAutomation.TestCases.Java.TC0027_VerifyAction_Transfers_StopService_NotScheduled" time="21.686"/>
  <testcase name="TestSearchAutobyRecent" classname="com.NexusPortalAutomation.TestCases.Java.TC0004_TestSearchbyRecentFunction" time="30.414"/>
  <testcase name="TestSearchAutobyBookMark" classname="com.NexusPortalAutomation.TestCases.Java.TC0005_TestBookMarks" time="11.853"/>
  <testcase name="TestSummarySectionOnChange" classname="com.NexusPortalAutomation.TestCases.Java.TC0007_TestSummarySection" time="16.868"/>
  <testcase name="TestSearchAutobyFirstName" classname="com.NexusPortalAutomation.TestCases.Java.TC0028_TestEnhancedNotes" time="11.629"/>
  <testcase name="TestSearchAutobyFirstName" classname="com.NexusPortalAutomation.TestCases.Java.TC0024_TestCustDetailSearch" time="23.407"/>
  <testcase name="TestSearchAlertOnLoad" classname="com.NexusPortalAutomation.TestCases.Java.TC0006_TestAlertOnLoad" time="14.238"/>
  <testcase name="TestSearchAutobyFirstName" classname="com.NexusPortalAutomation.TestCases.Java.TC0002_TestSearchAutobyFirstName" time="10.941"/>
  <testcase name="TestSearchAutobyLastName" classname="com.NexusPortalAutomation.TestCases.Java.TC0003_TestSearchAutobyLastName" time="11.198"/>
</testsuite>