<?xml version="1.0" encoding="UTF-8"?>
<testsuite xmlns:xsi="http://www.w3.org/2001/XMLSchema-instance" xsi:noNamespaceSchemaLocation="https://maven.apache.org/surefire/maven-surefire-plugin/xsd/surefire-test-report-3.0.xsd" version="3.0" name="TestSuite" time="2,218.197" tests="55" errors="0" skipped="0" failures="8">
  <properties>
    <property name="sun.desktop" value="windows"/>
    <property name="awt.toolkit" value="sun.awt.windows.WToolkit"/>
    <property name="file.encoding.pkg" value="sun.io"/>
    <property name="java.specification.version" value="1.8"/>
    <property name="sun.cpu.isalist" value="amd64"/>
    <property name="sun.jnu.encoding" value="Cp1252"/>
    <property name="java.class.path" value="D:\CogsdaleWorkspace\BitBucket\portal_test_automation\target\test-classes;D:\CogsdaleWorkspace\BitBucket\portal_test_automation\target\classes;C:\Users\Administrator\.m2\repository\junit\junit\3.8.1\junit-3.8.1.jar;C:\Users\Administrator\.m2\repository\org\testng\testng\6.14.3\testng-6.14.3.jar;C:\Users\Administrator\.m2\repository\org\apache-extras\beanshell\bsh\2.0b6\bsh-2.0b6.jar;C:\Users\Administrator\.m2\repository\org\seleniumhq\selenium\selenium-java\3.14.0\selenium-java-3.14.0.jar;C:\Users\Administrator\.m2\repository\org\seleniumhq\selenium\selenium-api\3.14.0\selenium-api-3.14.0.jar;C:\Users\Administrator\.m2\repository\org\seleniumhq\selenium\selenium-edge-driver\3.14.0\selenium-edge-driver-3.14.0.jar;C:\Users\Administrator\.m2\repository\org\seleniumhq\selenium\selenium-ie-driver\3.14.0\selenium-ie-driver-3.14.0.jar;C:\Users\Administrator\.m2\repository\org\seleniumhq\selenium\selenium-opera-driver\3.14.0\selenium-opera-driver-3.14.0.jar;C:\Users\Administrator\.m2\repository\org\seleniumhq\selenium\selenium-remote-driver\3.14.0\selenium-remote-driver-3.14.0.jar;C:\Users\Administrator\.m2\repository\org\seleniumhq\selenium\selenium-safari-driver\3.14.0\selenium-safari-driver-3.14.0.jar;C:\Users\Administrator\.m2\repository\org\seleniumhq\selenium\selenium-support\3.14.0\selenium-support-3.14.0.jar;C:\Users\Administrator\.m2\repository\net\bytebuddy\byte-buddy\1.8.15\byte-buddy-1.8.15.jar;C:\Users\Administrator\.m2\repository\org\apache\commons\commons-exec\1.3\commons-exec-1.3.jar;C:\Users\Administrator\.m2\repository\commons-codec\commons-codec\1.10\commons-codec-1.10.jar;C:\Users\Administrator\.m2\repository\commons-logging\commons-logging\1.2\commons-logging-1.2.jar;C:\Users\Administrator\.m2\repository\com\google\guava\guava\25.0-jre\guava-25.0-jre.jar;C:\Users\Administrator\.m2\repository\com\google\code\findbugs\jsr305\1.3.9\jsr305-1.3.9.jar;C:\Users\Administrator\.m2\repository\org\checkerframework\checker-compat-qual\2.0.0\checker-compat-qual-2.0.0.jar;C:\Users\Administrator\.m2\repository\com\google\errorprone\error_prone_annotations\2.1.3\error_prone_annotations-2.1.3.jar;C:\Users\Administrator\.m2\repository\com\google\j2objc\j2objc-annotations\1.1\j2objc-annotations-1.1.jar;C:\Users\Administrator\.m2\repository\org\codehaus\mojo\animal-sniffer-annotations\1.14\animal-sniffer-annotations-1.14.jar;C:\Users\Administrator\.m2\repository\org\apache\httpcomponents\httpclient\4.5.5\httpclient-4.5.5.jar;C:\Users\Administrator\.m2\repository\org\apache\httpcomponents\httpcore\4.4.9\httpcore-4.4.9.jar;C:\Users\Administrator\.m2\repository\com\squareup\okhttp3\okhttp\3.10.0\okhttp-3.10.0.jar;C:\Users\Administrator\.m2\repository\com\squareup\okio\okio\1.14.1\okio-1.14.1.jar;C:\Users\Administrator\.m2\repository\org\seleniumhq\selenium\selenium-firefox-driver\3.141.59\selenium-firefox-driver-3.141.59.jar;C:\Users\Administrator\.m2\repository\org\apache\maven\reporting\maven-reporting-api\2.0.6\maven-reporting-api-2.0.6.jar;C:\Users\Administrator\.m2\repository\org\apache\maven\doxia\doxia-sink-api\1.0-alpha-7\doxia-sink-api-1.0-alpha-7.jar;C:\Users\Administrator\.m2\repository\org\seleniumhq\selenium\selenium-chrome-driver\3.141.59\selenium-chrome-driver-3.141.59.jar;C:\Users\Administrator\.m2\repository\mysql\mysql-connector-java\8.0.15\mysql-connector-java-8.0.15.jar;C:\Users\Administrator\.m2\repository\com\google\protobuf\protobuf-java\3.6.1\protobuf-java-3.6.1.jar;C:\Users\Administrator\.m2\repository\org\apache\logging\log4j\log4j-core\2.11.2\log4j-core-2.11.2.jar;C:\Users\Administrator\.m2\repository\org\apache\logging\log4j\log4j-api\2.11.2\log4j-api-2.11.2.jar;C:\Users\Administrator\.m2\repository\org\apache\poi\poi\3.17\poi-3.17.jar;C:\Users\Administrator\.m2\repository\org\apache\commons\commons-collections4\4.1\commons-collections4-4.1.jar;C:\Users\Administrator\.m2\repository\org\apache\poi\poi-ooxml\3.17\poi-ooxml-3.17.jar;C:\Users\Administrator\.m2\repository\org\apache\poi\poi-ooxml-schemas\3.17\poi-ooxml-schemas-3.17.jar;C:\Users\Administrator\.m2\repository\org\apache\xmlbeans\xmlbeans\2.6.0\xmlbeans-2.6.0.jar;C:\Users\Administrator\.m2\repository\stax\stax-api\1.0.1\stax-api-1.0.1.jar;C:\Users\Administrator\.m2\repository\com\github\virtuald\curvesapi\1.04\curvesapi-1.04.jar;C:\Users\Administrator\.m2\repository\org\slf4j\slf4j-api\1.7.25\slf4j-api-1.7.25.jar;C:\Users\Administrator\.m2\repository\com\microsoft\sqlserver\mssql-jdbc\7.0.0.jre8\mssql-jdbc-7.0.0.jre8.jar;C:\Users\Administrator\.m2\repository\com\paulhammant\ngwebdriver\1.1.4\ngwebdriver-1.1.4.jar;C:\Users\Administrator\.m2\repository\com\aventstack\extentreports\4.0.5\extentreports-4.0.5.jar;C:\Users\Administrator\.m2\repository\org\freemarker\freemarker\2.3.23\freemarker-2.3.23.jar;C:\Users\Administrator\.m2\repository\org\mongodb\mongodb-driver\3.3.0\mongodb-driver-3.3.0.jar;C:\Users\Administrator\.m2\repository\org\mongodb\mongodb-driver-core\3.3.0\mongodb-driver-core-3.3.0.jar;C:\Users\Administrator\.m2\repository\org\mongodb\bson\3.3.0\bson-3.3.0.jar;C:\Users\Administrator\.m2\repository\org\apache\httpcomponents\httpmime\4.5.2\httpmime-4.5.2.jar;C:\Users\Administrator\.m2\repository\com\google\code\gson\gson\2.8.5\gson-2.8.5.jar;C:\Users\Administrator\.m2\repository\commons-io\commons-io\2.6\commons-io-2.6.jar;C:\Users\Administrator\.m2\repository\org\uncommons\reportng\1.1.4\reportng-1.1.4.jar;C:\Users\Administrator\.m2\repository\velocity\velocity\1.4\velocity-1.4.jar;C:\Users\Administrator\.m2\repository\com\google\inject\guice\3.0\guice-3.0.jar;C:\Users\Administrator\.m2\repository\javax\inject\javax.inject\1\javax.inject-1.jar;C:\Users\Administrator\.m2\repository\aopalliance\aopalliance\1.0\aopalliance-1.0.jar;C:\Users\Administrator\.m2\repository\velocity\velocity-dep\1.4\velocity-dep-1.4.jar;C:\Users\Administrator\.m2\repository\com\beust\jcommander\1.72\jcommander-1.72.jar;C:\Users\Administrator\.m2\repository\com\sikulix\sikulixapi\1.1.0\sikulixapi-1.1.0.jar;C:\Users\Administrator\.m2\repository\commons-cli\commons-cli\1.2\commons-cli-1.2.jar;C:\Users\Administrator\.m2\repository\com\melloware\jintellitype\1.3.7\jintellitype-1.3.7.jar;C:\Users\Administrator\.m2\repository\jxgrabkey\jxgrabkey\1.0\jxgrabkey-1.0.jar;C:\Users\Administrator\.m2\repository\org\swinglabs\swing-layout\1.0.3\swing-layout-1.0.3.jar;C:\Users\Administrator\.m2\repository\com\nativelibs4java\bridj\0.6.2\bridj-0.6.2.jar;C:\Users\Administrator\.m2\repository\com\sikulix\sikulixlibswin\1.1.0\sikulixlibswin-1.1.0.jar;"/>
    <property name="java.vm.vendor" value="Oracle Corporation"/>
    <property name="sun.arch.data.model" value="64"/>
    <property name="user.variant" value=""/>
    <property name="java.vendor.url" value="http://java.oracle.com/"/>
    <property name="user.timezone" value="America/Chicago"/>
    <property name="java.vm.specification.version" value="1.8"/>
    <property name="os.name" value="Windows Server 2012 R2"/>
    <property name="user.country" value="US"/>
    <property name="sun.java.launcher" value="SUN_STANDARD"/>
    <property name="sun.boot.library.path" value="C:\Program Files\Java\jdk1.8.0_201\jre\bin"/>
    <property name="sun.java.command" value="C:\Users\Administrator\AppData\Local\Temp\1\surefire924392513175851816\surefirebooter5678167287321517923.jar C:\Users\Administrator\AppData\Local\Temp\1\surefire924392513175851816 2019-10-14T06-25-46_410-jvmRun1 surefire7858408615776539941tmp surefire_02299244095615597808tmp"/>
    <property name="surefire.test.class.path" value="D:\CogsdaleWorkspace\BitBucket\portal_test_automation\target\test-classes;D:\CogsdaleWorkspace\BitBucket\portal_test_automation\target\classes;C:\Users\Administrator\.m2\repository\junit\junit\3.8.1\junit-3.8.1.jar;C:\Users\Administrator\.m2\repository\org\testng\testng\6.14.3\testng-6.14.3.jar;C:\Users\Administrator\.m2\repository\org\apache-extras\beanshell\bsh\2.0b6\bsh-2.0b6.jar;C:\Users\Administrator\.m2\repository\org\seleniumhq\selenium\selenium-java\3.14.0\selenium-java-3.14.0.jar;C:\Users\Administrator\.m2\repository\org\seleniumhq\selenium\selenium-api\3.14.0\selenium-api-3.14.0.jar;C:\Users\Administrator\.m2\repository\org\seleniumhq\selenium\selenium-edge-driver\3.14.0\selenium-edge-driver-3.14.0.jar;C:\Users\Administrator\.m2\repository\org\seleniumhq\selenium\selenium-ie-driver\3.14.0\selenium-ie-driver-3.14.0.jar;C:\Users\Administrator\.m2\repository\org\seleniumhq\selenium\selenium-opera-driver\3.14.0\selenium-opera-driver-3.14.0.jar;C:\Users\Administrator\.m2\repository\org\seleniumhq\selenium\selenium-remote-driver\3.14.0\selenium-remote-driver-3.14.0.jar;C:\Users\Administrator\.m2\repository\org\seleniumhq\selenium\selenium-safari-driver\3.14.0\selenium-safari-driver-3.14.0.jar;C:\Users\Administrator\.m2\repository\org\seleniumhq\selenium\selenium-support\3.14.0\selenium-support-3.14.0.jar;C:\Users\Administrator\.m2\repository\net\bytebuddy\byte-buddy\1.8.15\byte-buddy-1.8.15.jar;C:\Users\Administrator\.m2\repository\org\apache\commons\commons-exec\1.3\commons-exec-1.3.jar;C:\Users\Administrator\.m2\repository\commons-codec\commons-codec\1.10\commons-codec-1.10.jar;C:\Users\Administrator\.m2\repository\commons-logging\commons-logging\1.2\commons-logging-1.2.jar;C:\Users\Administrator\.m2\repository\com\google\guava\guava\25.0-jre\guava-25.0-jre.jar;C:\Users\Administrator\.m2\repository\com\google\code\findbugs\jsr305\1.3.9\jsr305-1.3.9.jar;C:\Users\Administrator\.m2\repository\org\checkerframework\checker-compat-qual\2.0.0\checker-compat-qual-2.0.0.jar;C:\Users\Administrator\.m2\repository\com\google\errorprone\error_prone_annotations\2.1.3\error_prone_annotations-2.1.3.jar;C:\Users\Administrator\.m2\repository\com\google\j2objc\j2objc-annotations\1.1\j2objc-annotations-1.1.jar;C:\Users\Administrator\.m2\repository\org\codehaus\mojo\animal-sniffer-annotations\1.14\animal-sniffer-annotations-1.14.jar;C:\Users\Administrator\.m2\repository\org\apache\httpcomponents\httpclient\4.5.5\httpclient-4.5.5.jar;C:\Users\Administrator\.m2\repository\org\apache\httpcomponents\httpcore\4.4.9\httpcore-4.4.9.jar;C:\Users\Administrator\.m2\repository\com\squareup\okhttp3\okhttp\3.10.0\okhttp-3.10.0.jar;C:\Users\Administrator\.m2\repository\com\squareup\okio\okio\1.14.1\okio-1.14.1.jar;C:\Users\Administrator\.m2\repository\org\seleniumhq\selenium\selenium-firefox-driver\3.141.59\selenium-firefox-driver-3.141.59.jar;C:\Users\Administrator\.m2\repository\org\apache\maven\reporting\maven-reporting-api\2.0.6\maven-reporting-api-2.0.6.jar;C:\Users\Administrator\.m2\repository\org\apache\maven\doxia\doxia-sink-api\1.0-alpha-7\doxia-sink-api-1.0-alpha-7.jar;C:\Users\Administrator\.m2\repository\org\seleniumhq\selenium\selenium-chrome-driver\3.141.59\selenium-chrome-driver-3.141.59.jar;C:\Users\Administrator\.m2\repository\mysql\mysql-connector-java\8.0.15\mysql-connector-java-8.0.15.jar;C:\Users\Administrator\.m2\repository\com\google\protobuf\protobuf-java\3.6.1\protobuf-java-3.6.1.jar;C:\Users\Administrator\.m2\repository\org\apache\logging\log4j\log4j-core\2.11.2\log4j-core-2.11.2.jar;C:\Users\Administrator\.m2\repository\org\apache\logging\log4j\log4j-api\2.11.2\log4j-api-2.11.2.jar;C:\Users\Administrator\.m2\repository\org\apache\poi\poi\3.17\poi-3.17.jar;C:\Users\Administrator\.m2\repository\org\apache\commons\commons-collections4\4.1\commons-collections4-4.1.jar;C:\Users\Administrator\.m2\repository\org\apache\poi\poi-ooxml\3.17\poi-ooxml-3.17.jar;C:\Users\Administrator\.m2\repository\org\apache\poi\poi-ooxml-schemas\3.17\poi-ooxml-schemas-3.17.jar;C:\Users\Administrator\.m2\repository\org\apache\xmlbeans\xmlbeans\2.6.0\xmlbeans-2.6.0.jar;C:\Users\Administrator\.m2\repository\stax\stax-api\1.0.1\stax-api-1.0.1.jar;C:\Users\Administrator\.m2\repository\com\github\virtuald\curvesapi\1.04\curvesapi-1.04.jar;C:\Users\Administrator\.m2\repository\org\slf4j\slf4j-api\1.7.25\slf4j-api-1.7.25.jar;C:\Users\Administrator\.m2\repository\com\microsoft\sqlserver\mssql-jdbc\7.0.0.jre8\mssql-jdbc-7.0.0.jre8.jar;C:\Users\Administrator\.m2\repository\com\paulhammant\ngwebdriver\1.1.4\ngwebdriver-1.1.4.jar;C:\Users\Administrator\.m2\repository\com\aventstack\extentreports\4.0.5\extentreports-4.0.5.jar;C:\Users\Administrator\.m2\repository\org\freemarker\freemarker\2.3.23\freemarker-2.3.23.jar;C:\Users\Administrator\.m2\repository\org\mongodb\mongodb-driver\3.3.0\mongodb-driver-3.3.0.jar;C:\Users\Administrator\.m2\repository\org\mongodb\mongodb-driver-core\3.3.0\mongodb-driver-core-3.3.0.jar;C:\Users\Administrator\.m2\repository\org\mongodb\bson\3.3.0\bson-3.3.0.jar;C:\Users\Administrator\.m2\repository\org\apache\httpcomponents\httpmime\4.5.2\httpmime-4.5.2.jar;C:\Users\Administrator\.m2\repository\com\google\code\gson\gson\2.8.5\gson-2.8.5.jar;C:\Users\Administrator\.m2\repository\commons-io\commons-io\2.6\commons-io-2.6.jar;C:\Users\Administrator\.m2\repository\org\uncommons\reportng\1.1.4\reportng-1.1.4.jar;C:\Users\Administrator\.m2\repository\velocity\velocity\1.4\velocity-1.4.jar;C:\Users\Administrator\.m2\repository\com\google\inject\guice\3.0\guice-3.0.jar;C:\Users\Administrator\.m2\repository\javax\inject\javax.inject\1\javax.inject-1.jar;C:\Users\Administrator\.m2\repository\aopalliance\aopalliance\1.0\aopalliance-1.0.jar;C:\Users\Administrator\.m2\repository\velocity\velocity-dep\1.4\velocity-dep-1.4.jar;C:\Users\Administrator\.m2\repository\com\beust\jcommander\1.72\jcommander-1.72.jar;C:\Users\Administrator\.m2\repository\com\sikulix\sikulixapi\1.1.0\sikulixapi-1.1.0.jar;C:\Users\Administrator\.m2\repository\commons-cli\commons-cli\1.2\commons-cli-1.2.jar;C:\Users\Administrator\.m2\repository\com\melloware\jintellitype\1.3.7\jintellitype-1.3.7.jar;C:\Users\Administrator\.m2\repository\jxgrabkey\jxgrabkey\1.0\jxgrabkey-1.0.jar;C:\Users\Administrator\.m2\repository\org\swinglabs\swing-layout\1.0.3\swing-layout-1.0.3.jar;C:\Users\Administrator\.m2\repository\com\nativelibs4java\bridj\0.6.2\bridj-0.6.2.jar;C:\Users\Administrator\.m2\repository\com\sikulix\sikulixlibswin\1.1.0\sikulixlibswin-1.1.0.jar;"/>
    <property name="sun.cpu.endian" value="little"/>
    <property name="user.home" value="C:\Users\Administrator"/>
    <property name="user.language" value="en"/>
    <property name="java.specification.vendor" value="Oracle Corporation"/>
    <property name="java.home" value="C:\Program Files\Java\jdk1.8.0_201\jre"/>
    <property name="basedir" value="D:\CogsdaleWorkspace\BitBucket\portal_test_automation"/>
    <property name="file.separator" value="\"/>
    <property name="line.separator" value="&#10;"/>
    <property name="java.vm.specification.vendor" value="Oracle Corporation"/>
    <property name="java.specification.name" value="Java Platform API Specification"/>
    <property name="java.awt.graphicsenv" value="sun.awt.Win32GraphicsEnvironment"/>
    <property name="surefire.real.class.path" value="C:\Users\Administrator\AppData\Local\Temp\1\surefire924392513175851816\surefirebooter5678167287321517923.jar"/>
    <property name="sun.boot.class.path" value="C:\Program Files\Java\jdk1.8.0_201\jre\lib\resources.jar;C:\Program Files\Java\jdk1.8.0_201\jre\lib\rt.jar;C:\Program Files\Java\jdk1.8.0_201\jre\lib\sunrsasign.jar;C:\Program Files\Java\jdk1.8.0_201\jre\lib\jsse.jar;C:\Program Files\Java\jdk1.8.0_201\jre\lib\jce.jar;C:\Program Files\Java\jdk1.8.0_201\jre\lib\charsets.jar;C:\Program Files\Java\jdk1.8.0_201\jre\lib\jfr.jar;C:\Program Files\Java\jdk1.8.0_201\jre\classes"/>
    <property name="user.script" value=""/>
    <property name="sun.management.compiler" value="HotSpot 64-Bit Tiered Compilers"/>
    <property name="java.runtime.version" value="1.8.0_201-b09"/>
    <property name="java.net.preferIPv4Stack" value="true"/>
    <property name="user.name" value="Administrator"/>
    <property name="path.separator" value=";"/>
    <property name="os.version" value="6.3"/>
    <property name="java.endorsed.dirs" value="C:\Program Files\Java\jdk1.8.0_201\jre\lib\endorsed"/>
    <property name="java.runtime.name" value="Java(TM) SE Runtime Environment"/>
    <property name="file.encoding" value="Cp1252"/>
    <property name="java.vm.name" value="Java HotSpot(TM) 64-Bit Server VM"/>
    <property name="localRepository" value="C:\Users\Administrator\.m2\repository"/>
    <property name="java.vendor.url.bug" value="http://bugreport.sun.com/bugreport/"/>
    <property name="java.io.tmpdir" value="C:\Users\ADMINI~1\AppData\Local\Temp\1\"/>
    <property name="java.version" value="1.8.0_201"/>
    <property name="user.dir" value="D:\CogsdaleWorkspace\BitBucket\portal_test_automation"/>
    <property name="os.arch" value="amd64"/>
    <property name="java.vm.specification.name" value="Java Virtual Machine Specification"/>
    <property name="java.awt.printerjob" value="sun.awt.windows.WPrinterJob"/>
    <property name="sun.os.patch.level" value=""/>
    <property name="java.library.path" value="C:\Program Files\Java\jdk1.8.0_201\jre\bin;C:\Windows\Sun\Java\bin;C:\Windows\system32;C:\Windows;D:\apache-maven-3.6.2-bin\apache-maven-3.6.2/bin;C:\Program Files\Java\jdk1.8.0_201/bin;C:\Program Files\Java\jdk1.8.0_201/bin;C:\Program Files (x86)\Common Files\Oracle\Java\javapath;C:\Program Files\Python35\Scripts\;C:\Program Files\Python35\;C:\Windows\system32;C:\Windows;C:\Windows\System32\Wbem;C:\Windows\System32\WindowsPowerShell\v1.0\;C:\ProgramData\chocolatey\bin;C:\Program Files (x86)\Microsoft SQL Server\Client SDK\ODBC\130\Tools\Binn\;C:\Program Files\Microsoft SQL Server\Client SDK\ODBC\110\Tools\Binn\;C:\Program Files (x86)\Microsoft SQL Server\140\Tools\Binn\;C:\Program Files (x86)\Microsoft SQL Server\140\DTS\Binn\;C:\Program Files (x86)\Microsoft SQL Server\140\Tools\Binn\ManagementStudio\;C:\Program Files\Microsoft SQL Server\Client SDK\ODBC\130\Tools\Binn\;C:\Program Files\Microsoft SQL Server\140\Tools\Binn\;C:\Program Files\Microsoft SQL Server\140\DTS\Binn\;C:\CSM_API\API\CSR_Portal\;C:\Server\npm\;F:\apache-maven-3.6.0\bin;C:\Program Files\Git\cmd;C:\Program Files (x86)\Microsoft SQL Server\150\DTS\Binn\;c:\server\npm\;C:\Server\npm\;C:\Program Files\nodejs\;c:\Server\npm\;c:\Server\npm\;C:\Users\Administrator\AppData\Local\GitHubDesktop\bin;F:\apache-maven-3.6.0\bin;C:\Users\Administrator\AppData\Roaming\npm;."/>
    <property name="java.vm.info" value="mixed mode"/>
    <property name="java.vendor" value="Oracle Corporation"/>
    <property name="java.vm.version" value="25.201-b09"/>
    <property name="java.ext.dirs" value="C:\Program Files\Java\jdk1.8.0_201\jre\lib\ext;C:\Windows\Sun\Java\lib\ext"/>
    <property name="sun.io.unicode.encoding" value="UnicodeLittle"/>
    <property name="java.class.version" value="52.0"/>
  </properties>
  <testcase name="TestBookMark" classname="com.NexusPortalAutomation.TestCases.Java.TC0011_VerifyBookMark" time="76.261"/>
  <testcase name="VerifyTransactionsSaperatebill_saperate" classname="com.NexusPortalAutomation.TestCases.Java.TC0016_1_VerifyBillingDetails_VerifyBillSaperately" time="42.467"/>
  <testcase name="verifyDrillbackTransactions" classname="com.NexusPortalAutomation.TestCases.Java.TC0019_verifyDrillbackTransactions" time="17.373"/>
  <testcase name="VerifyTransactionsSaperatebill_saperate" classname="com.NexusPortalAutomation.TestCases.Java.TC0042_1_Transactions_OrderbyAmount" time="23.738"/>
  <testcase name="TestDrillBackServices" classname="com.NexusPortalAutomation.TestCases.Java.TC0020_verifyDrillbackServices" time="18.751"/>
  <testcase name="VerifyTransactionsSaperatebill_saperate" classname="com.NexusPortalAutomation.TestCases.Java.TC0042_1_Transactions_OrderbyDueBilled" time="32.65"/>
  <testcase name="TestserviceOrderDetails" classname="com.NexusPortalAutomation.TestCases.Java.TC0021_VerifyservicesOrderDetails" time="17.8"/>
  <testcase name="VerifyTransactionsSaperatebill_saperate" classname="com.NexusPortalAutomation.TestCases.Java.TC0042_Transactions_OrderbyDate" time="27.002"/>
  <testcase name="TestCustomerDetails" classname="com.NexusPortalAutomation.TestCases.Java.TC0010_verifyCustDetails" time="18.435"/>
  <testcase name="VerifyBillingDetails_SPA" classname="com.NexusPortalAutomation.TestCases.Java.TC0016_1_VerifyBillingDetails_SPA" time="14.387">
    <failure message="Actual Value &apos;$0.00&apos; not Matched the expected value &apos;$80.00&apos; " type="java.lang.AssertionError">java.lang.AssertionError: Actual Value '$0.00' not Matched the expected value '$80.00' 
	at com.NexusPortalAutomation.TestCases.Java.TC0016_1_VerifyBillingDetails_SPA.VerifyBillingDetails_SPA(TC0016_1_VerifyBillingDetails_SPA.java:41)
</failure>
    <system-out><![CDATA[Test completed successfully- TestCustomerDetails
Closing Browser
Test Completed...
Launching Chrome
Browser Maximised
Test started- VerifyBillingDetails_SPA
Angular Request Completed in 69ms
Log in to Nexus View
Element [[ChromeDriver: chrome on XP (805771f72e9819146f0f2694394408be)] -> id: username] displayed in 57ms
Login Page title Verified
Element [[ChromeDriver: chrome on XP (805771f72e9819146f0f2694394408be)] -> id: username] displayed in 529ms
Element [[ChromeDriver: chrome on XP (805771f72e9819146f0f2694394408be)] -> id: password] displayed in 38ms
Element [[ChromeDriver: chrome on XP (805771f72e9819146f0f2694394408be)] -> id: kc-login] displayed in 87ms
Angular Request Completed in 9ms
User signed Admin
Enter Text for Search =LOC@0001
Element [[ChromeDriver: chrome on XP (805771f72e9819146f0f2694394408be)] -> id: SRCH_Input] displayed in 76ms
Angular request time 806ms
Element [[ChromeDriver: chrome on XP (805771f72e9819146f0f2694394408be)] -> id: SRCH_Option_1_Address_Line] displayed in 53ms
Click Customer
Angular request time 1712ms
Angular request time 10ms
Element [[ChromeDriver: chrome on XP (805771f72e9819146f0f2694394408be)] -> id: 'LOC_Location_Id'] displayed in 542ms
Angular request time 11ms
got Text CustomerLocId = LOC@0001
Customer Location Id found LOC@0001
Strings Matched: LOC@0001 = LOC@0001
Element [[ChromeDriver: chrome on XP (805771f72e9819146f0f2694394408be)] -> xpath: //span[contains(text(),'Payment Arrangement Due')]] displayed in 90ms
get Payments Arrangement Due
Strings Matched: Payment Arrangement Due = Payment Arrangement Due
Element [[ChromeDriver: chrome on XP (805771f72e9819146f0f2694394408be)] -> id: BILL_Installment_SPA] displayed in 113ms
get Payments Arrangement Due
]]></system-out>
    <system-err><![CDATA[Starting ChromeDriver 76.0.3809.126 (d80a294506b4c9d18015e755cee48f953ddc3f2f-refs/branch-heads/3809@{#1024}) on port 29080
Only local connections are allowed.
Please protect ports used by ChromeDriver and related test frameworks to prevent access by malicious code.
[1571052716.097][WARNING]: This version of ChromeDriver has not been tested with Chrome version 77.
Oct 14, 2019 6:31:57 AM org.openqa.selenium.remote.ProtocolHandshake createSession
INFO: Detected dialect: W3C
]]></system-err>
  </testcase>
  <testcase name="verifyDrillbacksGeneral" classname="com.NexusPortalAutomation.TestCases.Java.TC0018_verifyDrillbacksGeneral" time="29.878"/>
  <testcase name="VerifyAction_Transfers_Stack_TwoLocations_Scheduled_NotScheduled" classname="com.NexusPortalAutomation.TestCases.Java.TC0041_VerifyAction_Transfers_Stack_TwoLocations_Scheduled_NotScheduled" time="80.802"/>
  <testcase name="TestCustomerDetails" classname="com.NexusPortalAutomation.TestCases.Java.TC0010_2_verifyCustDetails_Blank" time="15.767"/>
  <testcase name="VerifyBillingDetails" classname="com.NexusPortalAutomation.TestCases.Java.TC0016_1_VerifyBillingDetails_EBill" time="28.499"/>
  <testcase name="TestBillingStatements" classname="com.NexusPortalAutomation.TestCases.Java.TC0017_StatementsValue" time="16.755"/>
  <testcase name="VerifyAction_Transfers_Stack_TwoLocations_Scheduled_NotScheduled" classname="com.NexusPortalAutomation.TestCases.Java.TC0040_VerifyAction_Transfers_Stack_TwoLocations_Scheduled_NotScheduled" time="92.083"/>
  <testcase name="TestCustomerDetails" classname="com.NexusPortalAutomation.TestCases.Java.TC0010_1_verifyCustDetails_Business" time="18.595"/>
  <testcase name="VerifyBillingDetails_budgetSPA" classname="com.NexusPortalAutomation.TestCases.Java.TC0016_1_VerifyBillingDetails_Budget_SPA" time="15.176">
    <failure message="Actual Value &apos;$0.00&apos; not Matched the expected value &apos;$80.00&apos; " type="java.lang.AssertionError">java.lang.AssertionError: Actual Value '$0.00' not Matched the expected value '$80.00' 
	at com.NexusPortalAutomation.TestCases.Java.TC0016_1_VerifyBillingDetails_Budget_SPA.VerifyBillingDetails_budgetSPA(TC0016_1_VerifyBillingDetails_Budget_SPA.java:69)
</failure>
    <system-out><![CDATA[Test completed successfully- TestCustomerDetails
Closing Browser
Test Completed...
Launching Chrome
Browser Maximised
Test started- VerifyBillingDetails_budgetSPA
Angular Request Completed in 50ms
Log in to Nexus View
Element [[ChromeDriver: chrome on XP (98261a2448a2702b8785d993ef67a381)] -> id: username] displayed in 48ms
Login Page title Verified
Element [[ChromeDriver: chrome on XP (98261a2448a2702b8785d993ef67a381)] -> id: username] displayed in 22ms
Element [[ChromeDriver: chrome on XP (98261a2448a2702b8785d993ef67a381)] -> id: password] displayed in 49ms
Element [[ChromeDriver: chrome on XP (98261a2448a2702b8785d993ef67a381)] -> id: kc-login] displayed in 55ms
Angular Request Completed in 18ms
User signed Admin
Enter Text for Search =LOC@0001
Element [[ChromeDriver: chrome on XP (98261a2448a2702b8785d993ef67a381)] -> id: SRCH_Input] displayed in 51ms
Angular request time 705ms
Element [[ChromeDriver: chrome on XP (98261a2448a2702b8785d993ef67a381)] -> id: SRCH_Option_1_Address_Line] displayed in 274ms
Click Customer
Angular request time 2476ms
Angular request time 20ms
Element [[ChromeDriver: chrome on XP (98261a2448a2702b8785d993ef67a381)] -> id: 'LOC_Location_Id'] displayed in 123ms
Angular request time 21ms
got Text CustomerLocId = LOC@0001
Customer Location Id found LOC@0001
Strings Matched: LOC@0001 = LOC@0001
This will verify budget icon
Strings Matched: Budget = Budget
Angular request time 20ms
Element 'BILL_Current_Balance' is displayed in 189ms
Element 'BILL_Unposted_Balance' is displayed in 136ms
Element 'BILL_Account_Balance' is displayed in 142ms
Element 'BILL_Past_Due' is displayed in 135ms
Element 'BILL_Installment_Budget' is displayed in 150ms
Element 'BILL_Over_Short' is displayed in 170ms
Strings Matched: $35.26 = $35.26
Strings Matched: $120.00 = $120.00
Strings Matched: $0.00 = $0.00
Strings Matched: $212.50 = $212.50
Strings Matched: $50.00 = $50.00
Strings Matched: $57.24 = $57.24
Strings Matched: $75.26 = $75.26
Element [[ChromeDriver: chrome on XP (98261a2448a2702b8785d993ef67a381)] -> id: BILL_Budget] displayed in 41ms
get Payments Arrangement Due
String Verified  =cogsdrillback://DGPB/?Db=SQL_2017&Srv=RND-BASE-A&Cmp=TWO&Prod=229&Act=OPEN&Func=BudgetRegular&DocumentNumber=BUDG00000002700&LocationID=LOC@0001&CustomerID=0000011111&CogsDrillback=1 Contains = BudgetRegular&DocumentNumber=BUDG00000002700&LocationID=LOC@0001&CustomerID=0000011111&CogsDrillback=1
Element [[ChromeDriver: chrome on XP (98261a2448a2702b8785d993ef67a381)] -> id: BILL_E_Bill] displayed in 60ms
Element [[ChromeDriver: chrome on XP (98261a2448a2702b8785d993ef67a381)] -> id: BILL_E_Bill] displayed in 31ms
Angular request time 15ms
got Text EBill Swtich  = ON
Get Electronic Bill Status
Strings Matched: ON = ON
Element [[ChromeDriver: chrome on XP (98261a2448a2702b8785d993ef67a381)] -> id: BILL_Auto_Pay] displayed in 70ms
Element [[ChromeDriver: chrome on XP (98261a2448a2702b8785d993ef67a381)] -> id: BILL_Auto_Pay] displayed in 29ms
Angular request time 16ms
got Text AutoPay Switch = OFF
get Service AutpPay
Strings Matched: OFF = OFF
Element [[ChromeDriver: chrome on XP (98261a2448a2702b8785d993ef67a381)] -> id: BILL_Deposit_Amount] displayed in 59ms
Element [[ChromeDriver: chrome on XP (98261a2448a2702b8785d993ef67a381)] -> id: BILL_Deposit_Amount] displayed in 41ms
Angular request time 15ms
got Text Get Deposit Amount = $0.00
Get Deposit Amount
Strings Matched: $0.00 = $0.00
Element [[ChromeDriver: chrome on XP (98261a2448a2702b8785d993ef67a381)] -> xpath: //span[contains(text(),'Payment Arrangement Due')]] displayed in 70ms
get Payments Arrangement Due
Strings Matched: Payment Arrangement Due = Payment Arrangement Due
Element [[ChromeDriver: chrome on XP (98261a2448a2702b8785d993ef67a381)] -> id: BILL_Installment_SPA] displayed in 67ms
get Payments Arrangement Due
]]></system-out>
    <system-err><![CDATA[Starting ChromeDriver 76.0.3809.126 (d80a294506b4c9d18015e755cee48f953ddc3f2f-refs/branch-heads/3809@{#1024}) on port 1713
Only local connections are allowed.
Please protect ports used by ChromeDriver and related test frameworks to prevent access by malicious code.
[1571053053.958][WARNING]: This version of ChromeDriver has not been tested with Chrome version 77.
[1571053054.013][WARNING]: This version of ChromeDriver has not been tested with Chrome version 77.
Oct 14, 2019 6:37:35 AM org.openqa.selenium.remote.ProtocolHandshake createSession
INFO: Detected dialect: W3C
]]></system-err>
  </testcase>
  <testcase name="VerifyBillingDetails" classname="com.NexusPortalAutomation.TestCases.Java.TC0016_VerifyBillingDetails_UsageGraph" time="16.391">
    <failure message="image not matched" type="java.lang.AssertionError">java.lang.AssertionError: image not matched
	at com.NexusPortalAutomation.TestCases.Java.TC0016_VerifyBillingDetails_UsageGraph.VerifyBillingDetails(TC0016_VerifyBillingDetails_UsageGraph.java:44)
</failure>
    <system-out><![CDATA[***** Error VerifyBillingDetails_budgetSPA test has failed *****
Closing Browser
Test Completed...
Launching Chrome
Browser Maximised
Test started- VerifyBillingDetails
Angular Request Completed in 97ms
Log in to Nexus View
Element [[ChromeDriver: chrome on XP (0b6c88438044d64e9668056f5b74f7e4)] -> id: username] displayed in 133ms
Login Page title Verified
Element [[ChromeDriver: chrome on XP (0b6c88438044d64e9668056f5b74f7e4)] -> id: username] displayed in 54ms
Element [[ChromeDriver: chrome on XP (0b6c88438044d64e9668056f5b74f7e4)] -> id: password] displayed in 147ms
Element [[ChromeDriver: chrome on XP (0b6c88438044d64e9668056f5b74f7e4)] -> id: kc-login] displayed in 107ms
Angular Request Completed in 104ms
User signed Admin
Enter Text for Search =BILLGRAPH
Element [[ChromeDriver: chrome on XP (0b6c88438044d64e9668056f5b74f7e4)] -> id: SRCH_Input] displayed in 47ms
Angular request time 1173ms
Element [[ChromeDriver: chrome on XP (0b6c88438044d64e9668056f5b74f7e4)] -> id: SRCH_Option_1_Address_Line] displayed in 30ms
Click Customer
Angular request time 1852ms
Angular request time 11ms
Element [[ChromeDriver: chrome on XP (0b6c88438044d64e9668056f5b74f7e4)] -> id: SERV_Service_1_Service_Type_1] displayed in 24ms
]]></system-out>
    <system-err><![CDATA[Starting ChromeDriver 76.0.3809.126 (d80a294506b4c9d18015e755cee48f953ddc3f2f-refs/branch-heads/3809@{#1024}) on port 40436
Only local connections are allowed.
Please protect ports used by ChromeDriver and related test frameworks to prevent access by malicious code.
[1571053074.023][WARNING]: This version of ChromeDriver has not been tested with Chrome version 77.
Oct 14, 2019 6:37:55 AM org.openqa.selenium.remote.ProtocolHandshake createSession
INFO: Detected dialect: W3C
Oct 14, 2019 6:38:11 AM org.bridj.BridJ log
INFO: Registering type org.sikuli.util.SysJNA$WinKernel32
Oct 14, 2019 6:38:11 AM org.bridj.BridJ log
INFO: Registering type org.bridj.TimeT
Oct 14, 2019 6:38:11 AM org.bridj.BridJ log
INFO: Registering type org.bridj.TimeT$timeval_customizer
Oct 14, 2019 6:38:11 AM org.bridj.BridJ log
INFO: Registering type org.bridj.StructIO$DefaultCustomizer
Oct 14, 2019 6:38:11 AM org.bridj.BridJ log
INFO: Registering type org.bridj.TimeT$timeval
Oct 14, 2019 6:38:11 AM org.bridj.BridJ log
INFO: Registering type org.bridj.StructObject
Oct 14, 2019 6:38:11 AM org.bridj.BridJ log
INFO: Registering type org.bridj.NativeObject
Oct 14, 2019 6:38:11 AM org.bridj.BridJ log
INFO: Registering type org.bridj.AbstractIntegral
Oct 14, 2019 6:38:11 AM org.bridj.BridJ log
INFO: Registering type java.lang.Number
]]></system-err>
  </testcase>
  <testcase name="VerifyAction_Transfers_Stack_TwoLocations_Scheduled_NotScheduled" classname="com.NexusPortalAutomation.TestCases.Java.TC0039_VerifyAction_Transfers_Stack_TwoLocations_Scheduled_NotScheduled" time="84.435"/>
  <testcase name="TestSearchAccount" classname="com.NexusPortalAutomation.TestCases.Java.TC0009_VerifyAccountSearch" time="19.857"/>
  <testcase name="VerifyBillingDetails_Budget" classname="com.NexusPortalAutomation.TestCases.Java.TC0016_1_VerifyBillingDetails_Budget" time="12.422">
    <failure message="Actual Value &apos;$0.00&apos; not Matched the expected value &apos;$100.00&apos; " type="java.lang.AssertionError">java.lang.AssertionError: Actual Value '$0.00' not Matched the expected value '$100.00' 
	at com.NexusPortalAutomation.TestCases.Java.TC0016_1_VerifyBillingDetails_Budget.VerifyBillingDetails_Budget(TC0016_1_VerifyBillingDetails_Budget.java:65)
</failure>
    <system-out><![CDATA[Test completed successfully- TestSearchAccount
Closing Browser
Test Completed...
Launching Chrome
Browser Maximised
Test started- VerifyBillingDetails_Budget
Angular Request Completed in 53ms
Log in to Nexus View
Element [[ChromeDriver: chrome on XP (66a83bdc934c82678e28fa8b41db1faf)] -> id: username] displayed in 40ms
Login Page title Verified
Element [[ChromeDriver: chrome on XP (66a83bdc934c82678e28fa8b41db1faf)] -> id: username] displayed in 14ms
Element [[ChromeDriver: chrome on XP (66a83bdc934c82678e28fa8b41db1faf)] -> id: password] displayed in 32ms
Element [[ChromeDriver: chrome on XP (66a83bdc934c82678e28fa8b41db1faf)] -> id: kc-login] displayed in 32ms
Angular Request Completed in 238ms
User signed Admin
Enter Text for Search =BUDGETLOC02
Element [[ChromeDriver: chrome on XP (66a83bdc934c82678e28fa8b41db1faf)] -> id: SRCH_Input] displayed in 313ms
Angular request time 1023ms
Element [[ChromeDriver: chrome on XP (66a83bdc934c82678e28fa8b41db1faf)] -> id: SRCH_Option_1_Address_Line] displayed in 48ms
Click Customer
Angular request time 1544ms
Angular request time 14ms
Element [[ChromeDriver: chrome on XP (66a83bdc934c82678e28fa8b41db1faf)] -> id: 'LOC_Location_Id'] displayed in 20ms
Angular request time 7ms
got Text CustomerLocId = BUDGETLOC02
Customer Location Id found BUDGETLOC02
Strings Matched: BUDGETLOC02 = BUDGETLOC02
This will verify budget icon
Strings Matched: Budget = Budget
Angular request time 15ms
Element 'BILL_Current_Balance' is displayed in 61ms
Element 'BILL_Unposted_Balance' is displayed in 48ms
Element 'BILL_Account_Balance' is displayed in 110ms
Element 'BILL_Past_Due' is displayed in 78ms
Element 'BILL_Installment_Budget' is displayed in 63ms
Element 'BILL_Over_Short' is displayed in 54ms
Strings Matched: $100.00 = $100.00
Strings Matched: $0.00 = $0.00
Strings Matched: $0.00 = $0.00
Strings Matched: $255.00 = $255.00
Strings Matched: $100.00 = $100.00
Strings Matched: $155.00 = $155.00
]]></system-out>
    <system-err><![CDATA[Starting ChromeDriver 76.0.3809.126 (d80a294506b4c9d18015e755cee48f953ddc3f2f-refs/branch-heads/3809@{#1024}) on port 41457
Only local connections are allowed.
Please protect ports used by ChromeDriver and related test frameworks to prevent access by malicious code.
[1571053209.063][WARNING]: This version of ChromeDriver has not been tested with Chrome version 77.
Oct 14, 2019 6:40:10 AM org.openqa.selenium.remote.ProtocolHandshake createSession
INFO: Detected dialect: W3C
]]></system-err>
  </testcase>
  <testcase name="VerifyBillingDetails" classname="com.NexusPortalAutomation.TestCases.Java.TC0016_VerifyBillingDetails" time="21.919"/>
  <testcase name="TestSearchAccount" classname="com.NexusPortalAutomation.TestCases.Java.TC0009_1_VerifyAccountSearch_NoAccounts" time="13.183"/>
  <testcase name="VerifyBillingDetailsAutoPay" classname="com.NexusPortalAutomation.TestCases.Java.TC0016_1_VerifyBillingDetails_AutoPay" time="11.845"/>
  <testcase name="TestSearchbylocationID" classname="com.NexusPortalAutomation.TestCases.Java.TC0008_VerifySignInbylocationID" time="15.215"/>
  <testcase name="TestSecondayContact" classname="com.NexusPortalAutomation.TestCases.Java.TC0014_VerifySecondaryContact" time="16.856"/>
  <testcase name="TestContactLogs" classname="com.NexusPortalAutomation.TestCases.Java.TC0015_VerifyContactLogs" time="16.557"/>
  <testcase name="TestCreditStatus" classname="com.NexusPortalAutomation.TestCases.Java.TC0012_verifyCreditStatusStatus" time="31.731"/>
  <testcase name="TestContactEdit" classname="com.NexusPortalAutomation.TestCases.Java.TC0013_VerifyContactEdit" time="29.401"/>
  <testcase name="VerifySignInbyID" classname="com.NexusPortalAutomation.TestCases.Java.TC0001_VerifySignInbyID" time="16.528"/>
  <testcase name="VerifyActionServiceOrder" classname="com.NexusPortalAutomation.TestCases.Java.TC0022_VerifyAction_ServiceOrder" time="25.603"/>
  <testcase name="VerifyActionServiceOrder_Transfers_NotSchedule" classname="com.NexusPortalAutomation.TestCases.Java.TC0025_1_VerifyAction_Transfers_Scheduled_CurrentMoveinCustomer" time="48.424">
    <failure message="no such element: Unable to locate element: {&quot;method&quot;:&quot;xpath&quot;,&quot;selector&quot;:&quot;//div[@class=&apos;requiered-field text ng-star-inserted&apos;]&quot;}&#10;  (Session info: chrome=77.0.3865.90)&#10;For documentation on this error, please visit: http://seleniumhq.org/exceptions/no_such_element.html&#10;Build info: version: &apos;3.14.0&apos;, revision: &apos;aacccce0&apos;, time: &apos;2018-08-02T20:19:58.91Z&apos;&#10;System info: host: &apos;RND-BASE-A&apos;, ip: &apos;10.0.2.15&apos;, os.name: &apos;Windows Server 2012 R2&apos;, os.arch: &apos;amd64&apos;, os.version: &apos;6.3&apos;, java.version: &apos;1.8.0_201&apos;&#10;Driver info: org.openqa.selenium.chrome.ChromeDriver&#10;Capabilities {acceptInsecureCerts: false, browserName: chrome, browserVersion: 77.0.3865.90, chrome: {chromedriverVersion: 76.0.3809.126 (d80a294506b4..., userDataDir: C:\Users\ADMINI~1\AppData\L...}, goog:chromeOptions: {debuggerAddress: localhost:50957}, javascriptEnabled: true, networkConnectionEnabled: false, pageLoadStrategy: normal, platform: XP, platformName: XP, proxy: Proxy(), setWindowRect: true, strictFileInteractability: false, timeouts: {implicit: 0, pageLoad: 300000, script: 30000}, unhandledPromptBehavior: dismiss and notify}&#10;Session ID: c991f5c0eb470c13cf21ab8c4a2fd335&#10;*** Element info: {Using=xpath, value=//div[@class=&apos;requiered-field text ng-star-inserted&apos;]}" type="org.openqa.selenium.NoSuchElementException">org.openqa.selenium.NoSuchElementException: 
no such element: Unable to locate element: {"method":"xpath","selector":"//div[@class='requiered-field text ng-star-inserted']"}
  (Session info: chrome=77.0.3865.90)
For documentation on this error, please visit: http://seleniumhq.org/exceptions/no_such_element.html
Build info: version: '3.14.0', revision: 'aacccce0', time: '2018-08-02T20:19:58.91Z'
System info: host: 'RND-BASE-A', ip: '10.0.2.15', os.name: 'Windows Server 2012 R2', os.arch: 'amd64', os.version: '6.3', java.version: '1.8.0_201'
Driver info: org.openqa.selenium.chrome.ChromeDriver
Capabilities {acceptInsecureCerts: false, browserName: chrome, browserVersion: 77.0.3865.90, chrome: {chromedriverVersion: 76.0.3809.126 (d80a294506b4..., userDataDir: C:\Users\ADMINI~1\AppData\L...}, goog:chromeOptions: {debuggerAddress: localhost:50957}, javascriptEnabled: true, networkConnectionEnabled: false, pageLoadStrategy: normal, platform: XP, platformName: XP, proxy: Proxy(), setWindowRect: true, strictFileInteractability: false, timeouts: {implicit: 0, pageLoad: 300000, script: 30000}, unhandledPromptBehavior: dismiss and notify}
Session ID: c991f5c0eb470c13cf21ab8c4a2fd335
*** Element info: {Using=xpath, value=//div[@class='requiered-field text ng-star-inserted']}
	at com.NexusPortalAutomation.TestCases.Java.TC0025_1_VerifyAction_Transfers_Scheduled_CurrentMoveinCustomer.VerifyActionServiceOrder_Transfers_NotSchedule(TC0025_1_VerifyAction_Transfers_Scheduled_CurrentMoveinCustomer.java:91)
</failure>
    <system-out><![CDATA[Test completed successfully- VerifyActionServiceOrder
Closing Browser
Test Completed...
Launching Chrome
Browser Maximised
Test started- VerifyActionServiceOrder_Transfers_NotSchedule
SORD00000002830
SORD00000002831
SORD00000002833
Deleting Records for ServiceOrder = SORD00000002833
Deleting Records for ServiceOrder = 
0
0
0
Deleting Records for Location =  LOC@0004
Angular Request Completed in 77ms
Log in to Nexus View
Element [[ChromeDriver: chrome on XP (c991f5c0eb470c13cf21ab8c4a2fd335)] -> id: username] displayed in 42ms
Login Page title Verified
Element [[ChromeDriver: chrome on XP (c991f5c0eb470c13cf21ab8c4a2fd335)] -> id: username] displayed in 11ms
Element [[ChromeDriver: chrome on XP (c991f5c0eb470c13cf21ab8c4a2fd335)] -> id: password] displayed in 30ms
Element [[ChromeDriver: chrome on XP (c991f5c0eb470c13cf21ab8c4a2fd335)] -> id: kc-login] displayed in 29ms
Angular Request Completed in 77ms
User signed Admin
Enter Text for Search =LOC@0004
Element [[ChromeDriver: chrome on XP (c991f5c0eb470c13cf21ab8c4a2fd335)] -> id: SRCH_Input] displayed in 594ms
Angular request time 992ms
Element [[ChromeDriver: chrome on XP (c991f5c0eb470c13cf21ab8c4a2fd335)] -> id: SRCH_Option_1_Address_Line] displayed in 45ms
Click Customer
Angular request time 591ms
Angular request time 11ms
Element [[ChromeDriver: chrome on XP (c991f5c0eb470c13cf21ab8c4a2fd335)] -> id: 'LOC_Location_Id'] displayed in 20ms
Angular request time 277ms
got Text CustomerLocId = LOC@0004
Customer Location Id found LOC@0004
Strings Matched: LOC@0004 = LOC@0004
Click Action Dropdown
Element [[ChromeDriver: chrome on XP (c991f5c0eb470c13cf21ab8c4a2fd335)] -> id: ACTION_Button] displayed in 385ms
Element [[ChromeDriver: chrome on XP (c991f5c0eb470c13cf21ab8c4a2fd335)] -> id: ACTION_Button] displayed in 31ms
Angular request time 61ms
Click Action Drop down
Angular request time 54ms
Element [[ChromeDriver: chrome on XP (c991f5c0eb470c13cf21ab8c4a2fd335)] -> id: ACTION_Transfer_Service] displayed in 276ms
Element [[ChromeDriver: chrome on XP (c991f5c0eb470c13cf21ab8c4a2fd335)] -> id: ACTION_Transfer_Service] displayed in 38ms
Angular request time 57ms
Click Action Transfer Service Drop down
Angular request time 22ms
Element [[ChromeDriver: chrome on XP (c991f5c0eb470c13cf21ab8c4a2fd335)] -> id: XFER_Select] displayed in 84ms
Angular request time 489ms
Click Transfer Combo
Angular request time 11ms
Element [[ChromeDriver: chrome on XP (c991f5c0eb470c13cf21ab8c4a2fd335)] -> id: XFER_Select_Option_1] displayed in 37ms
Angular request time 22ms
Click Transfer Option 1
Angular request time 16ms
TRANSFER
Element [[ChromeDriver: chrome on XP (c991f5c0eb470c13cf21ab8c4a2fd335)] -> id: CLO_Service_Order_Input] displayed in 36ms
Setting Text on Search Request with Text = Transfer
Angular request time 13ms
Element [[ChromeDriver: chrome on XP (c991f5c0eb470c13cf21ab8c4a2fd335)] -> id: XFER_MoveFrom_Date_Picker_Requested] displayed in 33ms
10/14/2019 06:44
Enter Schedule Date
Element [[ChromeDriver: chrome on XP (c991f5c0eb470c13cf21ab8c4a2fd335)] -> id: XFER_MoveFrom_Date_Picker_Scheduled] displayed in 29ms
Element [[ChromeDriver: chrome on XP (c991f5c0eb470c13cf21ab8c4a2fd335)] -> id: XFER_MoveFrom_Date_Picker_Scheduled] displayed in 20ms
Setting Text on DatePicket with Text = 10/14/2019 06:44
Angular request time 612ms
Strings Matched: Mr. VACANT VACANT = Mr. VACANT VACANT
TEST DEFAULT VALUE FOR CUSTOMER ===Mr. VACANT VACANT
Element [[ChromeDriver: chrome on XP (c991f5c0eb470c13cf21ab8c4a2fd335)] -> id: XFER_Search_Input] displayed in 75ms
Setting Text on Customer Name Request with Text = Mr. Automation Mate
Angular request time 7ms
Element [[ChromeDriver: chrome on XP (c991f5c0eb470c13cf21ab8c4a2fd335)] -> id: XFER_Search_Option_1_Customer_Name] displayed in 894ms
Angular request time 17ms
Click XFER_Search_Option_1_Customer_Name
Angular request time 9ms
Element [[ChromeDriver: chrome on XP (c991f5c0eb470c13cf21ab8c4a2fd335)] -> id: XFER_Description] displayed in 30ms
Setting Text on Description Request with Text = AUTOMATION TEST
Angular request time 6ms
Element [[ChromeDriver: chrome on XP (c991f5c0eb470c13cf21ab8c4a2fd335)] -> id: XFER_MoveTo_Tab] displayed in 30ms
Angular request time 13ms
Click Move To Tab (Transfers)
Angular request time 38ms
Element [[ChromeDriver: chrome on XP (c991f5c0eb470c13cf21ab8c4a2fd335)] -> id: XFER_MoveTo_Date_Picker_Requested] displayed in 67ms
10/14/2019 06:44
Enter Request Date
Element [[ChromeDriver: chrome on XP (c991f5c0eb470c13cf21ab8c4a2fd335)] -> id: XFER_MoveTo_Date_Picker_Requested] displayed in 85ms
Element [[ChromeDriver: chrome on XP (c991f5c0eb470c13cf21ab8c4a2fd335)] -> id: XFER_MoveTo_Date_Picker_Requested] displayed in 78ms
Setting Text on DatePicket with Text = 10/14/2019 06:44
Angular request time 26ms
Element [[ChromeDriver: chrome on XP (c991f5c0eb470c13cf21ab8c4a2fd335)] -> id: CLO_Service_Order_Input] displayed in 62ms
Enter Request Name
Element [[ChromeDriver: chrome on XP (c991f5c0eb470c13cf21ab8c4a2fd335)] -> id: CLO_Service_Order_Input] displayed in 68ms
Setting Text on Service Order Input with Text = TRANSFER
Angular request time 16ms
Element [[ChromeDriver: chrome on XP (c991f5c0eb470c13cf21ab8c4a2fd335)] -> id: XFER_Search_Input] displayed in 188ms
Element [[ChromeDriver: chrome on XP (c991f5c0eb470c13cf21ab8c4a2fd335)] -> id: XFER_Search_Input] displayed in 31ms
Setting Text on XFERSearchInput with Text = LOC@0005
Angular request time 316ms
Element [[ChromeDriver: chrome on XP (c991f5c0eb470c13cf21ab8c4a2fd335)] -> id: XFER_Search_Option_1_Customer_Name] displayed in 1631ms
Angular request time 535ms
Click XFER_Search_Option_1_Customer_Name
Angular request time 13ms
Enter Request Description
Element [[ChromeDriver: chrome on XP (c991f5c0eb470c13cf21ab8c4a2fd335)] -> id: XFER_Description] displayed in 76ms
Element [[ChromeDriver: chrome on XP (c991f5c0eb470c13cf21ab8c4a2fd335)] -> id: XFER_Description] displayed in 93ms
Setting Text on XFER Description with Text = Move in from location
Angular request time 31ms
Element [[ChromeDriver: chrome on XP (c991f5c0eb470c13cf21ab8c4a2fd335)] -> id: XFER_Search_Input] displayed in 45ms
Element [[ChromeDriver: chrome on XP (c991f5c0eb470c13cf21ab8c4a2fd335)] -> id: XFER_Search_Input] displayed in 56ms
Setting Text on Customer Name Request with Text = Mr. Automation Mate
Angular request time 21ms
Click Submit
Element [[ChromeDriver: chrome on XP (c991f5c0eb470c13cf21ab8c4a2fd335)] -> id: XFER_Button_Action] displayed in 31ms
Element [[ChromeDriver: chrome on XP (c991f5c0eb470c13cf21ab8c4a2fd335)] -> id: XFER_Button_Action] displayed in 525ms
Angular request time 110ms
Click MoveInSubmit Button
Angular request time 7ms
]]></system-out>
    <system-err><![CDATA[Starting ChromeDriver 76.0.3809.126 (d80a294506b4c9d18015e755cee48f953ddc3f2f-refs/branch-heads/3809@{#1024}) on port 24836
Only local connections are allowed.
Please protect ports used by ChromeDriver and related test frameworks to prevent access by malicious code.
[1571053472.491][WARNING]: This version of ChromeDriver has not been tested with Chrome version 77.
Oct 14, 2019 6:44:33 AM org.openqa.selenium.remote.ProtocolHandshake createSession
INFO: Detected dialect: W3C
]]></system-err>
  </testcase>
  <testcase name="VerifyActionServiceOrder" classname="com.NexusPortalAutomation.TestCases.Java.TC0029_VerifyAction_Transfers_Scheduled" time="62.361"/>
  <testcase name="VerifyRecentWidget" classname="com.NexusPortalAutomation.TestCases.Java.TC0023_VerifyRecentWidget" time="18.901"/>
  <testcase name="VerifyActionServiceOrder_Transfers_NotSchedule" classname="com.NexusPortalAutomation.TestCases.Java.TC0025_VerifyAction_Transfers_NotScheduled" time="39.069"/>
  <testcase name="VerifyTransferActionServiceOrder" classname="com.NexusPortalAutomation.TestCases.Java.TC0030_1_VerifyAction_Transfers_StartService_Scheduled_SameCustomerMovein" time="33.088">
    <failure message="no such element: Unable to locate element: {&quot;method&quot;:&quot;xpath&quot;,&quot;selector&quot;:&quot;//div[@class=&apos;requiered-field text ng-star-inserted&apos;]&quot;}&#10;  (Session info: chrome=77.0.3865.90)&#10;For documentation on this error, please visit: http://seleniumhq.org/exceptions/no_such_element.html&#10;Build info: version: &apos;3.14.0&apos;, revision: &apos;aacccce0&apos;, time: &apos;2018-08-02T20:19:58.91Z&apos;&#10;System info: host: &apos;RND-BASE-A&apos;, ip: &apos;10.0.2.15&apos;, os.name: &apos;Windows Server 2012 R2&apos;, os.arch: &apos;amd64&apos;, os.version: &apos;6.3&apos;, java.version: &apos;1.8.0_201&apos;&#10;Driver info: org.openqa.selenium.chrome.ChromeDriver&#10;Capabilities {acceptInsecureCerts: false, browserName: chrome, browserVersion: 77.0.3865.90, chrome: {chromedriverVersion: 76.0.3809.126 (d80a294506b4..., userDataDir: C:\Users\ADMINI~1\AppData\L...}, goog:chromeOptions: {debuggerAddress: localhost:51223}, javascriptEnabled: true, networkConnectionEnabled: false, pageLoadStrategy: normal, platform: XP, platformName: XP, proxy: Proxy(), setWindowRect: true, strictFileInteractability: false, timeouts: {implicit: 0, pageLoad: 300000, script: 30000}, unhandledPromptBehavior: dismiss and notify}&#10;Session ID: 830e3d708d8d609c7a0c39dbfd7a9607&#10;*** Element info: {Using=xpath, value=//div[@class=&apos;requiered-field text ng-star-inserted&apos;]}" type="org.openqa.selenium.NoSuchElementException">org.openqa.selenium.NoSuchElementException: 
no such element: Unable to locate element: {"method":"xpath","selector":"//div[@class='requiered-field text ng-star-inserted']"}
  (Session info: chrome=77.0.3865.90)
For documentation on this error, please visit: http://seleniumhq.org/exceptions/no_such_element.html
Build info: version: '3.14.0', revision: 'aacccce0', time: '2018-08-02T20:19:58.91Z'
System info: host: 'RND-BASE-A', ip: '10.0.2.15', os.name: 'Windows Server 2012 R2', os.arch: 'amd64', os.version: '6.3', java.version: '1.8.0_201'
Driver info: org.openqa.selenium.chrome.ChromeDriver
Capabilities {acceptInsecureCerts: false, browserName: chrome, browserVersion: 77.0.3865.90, chrome: {chromedriverVersion: 76.0.3809.126 (d80a294506b4..., userDataDir: C:\Users\ADMINI~1\AppData\L...}, goog:chromeOptions: {debuggerAddress: localhost:51223}, javascriptEnabled: true, networkConnectionEnabled: false, pageLoadStrategy: normal, platform: XP, platformName: XP, proxy: Proxy(), setWindowRect: true, strictFileInteractability: false, timeouts: {implicit: 0, pageLoad: 300000, script: 30000}, unhandledPromptBehavior: dismiss and notify}
Session ID: 830e3d708d8d609c7a0c39dbfd7a9607
*** Element info: {Using=xpath, value=//div[@class='requiered-field text ng-star-inserted']}
	at com.NexusPortalAutomation.TestCases.Java.TC0030_1_VerifyAction_Transfers_StartService_Scheduled_SameCustomerMovein.VerifyTransferActionServiceOrder(TC0030_1_VerifyAction_Transfers_StartService_Scheduled_SameCustomerMovein.java:89)
</failure>
    <system-out><![CDATA[Test completed successfully- VerifyActionServiceOrder_Transfers_NotSchedule
Closing Browser
Test Completed...
Launching Chrome
Browser Maximised
Test started- VerifyTransferActionServiceOrder
SORD00000002839
Deleting Records for ServiceOrder = SORD00000002839
0
Deleting Records for Location =  LOC@0004
Angular Request Completed in 15ms
Log in to Nexus View
Element [[ChromeDriver: chrome on XP (830e3d708d8d609c7a0c39dbfd7a9607)] -> id: username] displayed in 42ms
Login Page title Verified
Element [[ChromeDriver: chrome on XP (830e3d708d8d609c7a0c39dbfd7a9607)] -> id: username] displayed in 23ms
Element [[ChromeDriver: chrome on XP (830e3d708d8d609c7a0c39dbfd7a9607)] -> id: password] displayed in 24ms
Element [[ChromeDriver: chrome on XP (830e3d708d8d609c7a0c39dbfd7a9607)] -> id: kc-login] displayed in 29ms
Angular Request Completed in 85ms
User signed Admin
Enter Text for Search =LOC@0004
Element [[ChromeDriver: chrome on XP (830e3d708d8d609c7a0c39dbfd7a9607)] -> id: SRCH_Input] displayed in 94ms
Angular request time 1213ms
Element [[ChromeDriver: chrome on XP (830e3d708d8d609c7a0c39dbfd7a9607)] -> id: SRCH_Option_1_Address_Line] displayed in 39ms
Click Customer
Angular request time 345ms
Angular request time 12ms
Element [[ChromeDriver: chrome on XP (830e3d708d8d609c7a0c39dbfd7a9607)] -> id: 'LOC_Location_Id'] displayed in 21ms
Angular request time 7ms
got Text CustomerLocId = LOC@0004
Customer Location Id found LOC@0004
Strings Matched: LOC@0004 = LOC@0004
Click Action Dropdown
Element [[ChromeDriver: chrome on XP (830e3d708d8d609c7a0c39dbfd7a9607)] -> id: ACTION_Button] displayed in 566ms
Element [[ChromeDriver: chrome on XP (830e3d708d8d609c7a0c39dbfd7a9607)] -> id: ACTION_Button] displayed in 199ms
Angular request time 30ms
Click Action Drop down
Angular request time 14ms
Element [[ChromeDriver: chrome on XP (830e3d708d8d609c7a0c39dbfd7a9607)] -> id: ACTION_Transfer_Service] displayed in 49ms
Element [[ChromeDriver: chrome on XP (830e3d708d8d609c7a0c39dbfd7a9607)] -> id: ACTION_Transfer_Service] displayed in 62ms
Angular request time 161ms
Click Action Transfer Service Drop down
Angular request time 101ms
Element [[ChromeDriver: chrome on XP (830e3d708d8d609c7a0c39dbfd7a9607)] -> id: XFER_Select] displayed in 301ms
Angular request time 420ms
Click Transfer Combo
Angular request time 67ms
Element [[ChromeDriver: chrome on XP (830e3d708d8d609c7a0c39dbfd7a9607)] -> id: XFER_Select_Option_2] displayed in 74ms
Angular request time 69ms
Click Transfer Option 2
Angular request time 34ms
TRANSFER
Element [[ChromeDriver: chrome on XP (830e3d708d8d609c7a0c39dbfd7a9607)] -> id: CLO_Service_Order_Input] displayed in 76ms
Setting Text on Search Request with Text = TRANSFER
Angular request time 17ms
Element [[ChromeDriver: chrome on XP (830e3d708d8d609c7a0c39dbfd7a9607)] -> id: XFER_Date_Picker_Requested] displayed in 28ms
Entered Request Date = 10/14/2019 06:47
Element [[ChromeDriver: chrome on XP (830e3d708d8d609c7a0c39dbfd7a9607)] -> id: XFER_Date_Picker_Scheduled] displayed in 25ms
Enter Schedule Date Date
Element [[ChromeDriver: chrome on XP (830e3d708d8d609c7a0c39dbfd7a9607)] -> id: XFER_Date_Picker_Scheduled] displayed in 19ms
Setting Text on DatePicket with Text = 10/14/2019 06:47
Angular request time 421ms
Element [[ChromeDriver: chrome on XP (830e3d708d8d609c7a0c39dbfd7a9607)] -> id: XFER_Date_Picker_Requested] displayed in 23ms
Entered Request Date = 10/14/2019 06:47
TRANSFER
Element [[ChromeDriver: chrome on XP (830e3d708d8d609c7a0c39dbfd7a9607)] -> id: CLO_Service_Order_Input] displayed in 23ms
Setting Text on Search Request with Text = TRANSFER
Angular request time 9ms
Element [[ChromeDriver: chrome on XP (830e3d708d8d609c7a0c39dbfd7a9607)] -> id: XFER_Date_Picker_Scheduled] displayed in 31ms
Enter Schedule Date Date
Element [[ChromeDriver: chrome on XP (830e3d708d8d609c7a0c39dbfd7a9607)] -> id: XFER_Date_Picker_Scheduled] displayed in 19ms
Setting Text on DatePicket with Text = 10/14/2019 06:47
Angular request time 547ms
Element [[ChromeDriver: chrome on XP (830e3d708d8d609c7a0c39dbfd7a9607)] -> id: XFER_Search_Input] displayed in 17ms
Element [[ChromeDriver: chrome on XP (830e3d708d8d609c7a0c39dbfd7a9607)] -> id: XFER_Search_Input] displayed in 13ms
Setting Text on Customer Name Request with Text = Mr. Automation Mate
Angular request time 7ms
Click Submit
Element [[ChromeDriver: chrome on XP (830e3d708d8d609c7a0c39dbfd7a9607)] -> id: XFER_Button_Action] displayed in 30ms
Element [[ChromeDriver: chrome on XP (830e3d708d8d609c7a0c39dbfd7a9607)] -> id: XFER_Button_Action] displayed in 19ms
Angular request time 610ms
Click MoveInSubmit Button
Angular request time 15ms
]]></system-out>
    <system-err><![CDATA[Starting ChromeDriver 76.0.3809.126 (d80a294506b4c9d18015e755cee48f953ddc3f2f-refs/branch-heads/3809@{#1024}) on port 22961
Only local connections are allowed.
Please protect ports used by ChromeDriver and related test frameworks to prevent access by malicious code.
[1571053660.697][WARNING]: This version of ChromeDriver has not been tested with Chrome version 77.
Oct 14, 2019 6:47:42 AM org.openqa.selenium.remote.ProtocolHandshake createSession
INFO: Detected dialect: W3C
]]></system-err>
  </testcase>
  <testcase name="VerifyTransferActionServiceOrder" classname="com.NexusPortalAutomation.TestCases.Java.TC0026_VerifyAction_Transfers_StartService_NotScheduled" time="24.788"/>
  <testcase name="VerifyTransferActionServiceOrder" classname="com.NexusPortalAutomation.TestCases.Java.TC0030_VerifyAction_Transfers_StartService_Scheduled" time="37.603"/>
  <testcase name="VerifyTransferActionServiceOrder" classname="com.NexusPortalAutomation.TestCases.Java.TC0027_VerifyAction_Transfers_StopService_NotScheduled" time="29.752"/>
  <testcase name="VerifyTransferActionServiceOrder" classname="com.NexusPortalAutomation.TestCases.Java.TC0031_VerifyAction_Transfers_StopService_Scheduled" time="37.69"/>
  <testcase name="VerifyTransferActionServiceOrder" classname="com.NexusPortalAutomation.TestCases.Java.TC0032_VerifyAction_Transfers_Stack_StopService_Scheduled" time="81.508"/>
  <testcase name="VerifyAction_Transfers_Stack_StartService_Scheduled" classname="com.NexusPortalAutomation.TestCases.Java.TC0033_VerifyAction_Transfers_Stack_StartService_Scheduled" time="73.765">
    <failure message="Object Not Found Expected condition failed: waiting for visibility of Proxy element for: DefaultElementLocator &apos;By.id: XFER_Button_Done&apos; (tried for 20 second(s) with 500 milliseconds interval)" type="java.lang.AssertionError">java.lang.AssertionError: Object Not Found Expected condition failed: waiting for visibility of Proxy element for: DefaultElementLocator 'By.id: XFER_Button_Done' (tried for 20 second(s) with 500 milliseconds interval)
	at com.NexusPortalAutomation.TestCases.Java.TC0033_VerifyAction_Transfers_Stack_StartService_Scheduled.VerifyAction_Transfers_Stack_StartService_Scheduled(TC0033_VerifyAction_Transfers_Stack_StartService_Scheduled.java:108)
</failure>
    <system-out><![CDATA[Test completed successfully- VerifyTransferActionServiceOrder
Closing Browser
Test Completed...
Launching Chrome
Browser Maximised
Test started- VerifyAction_Transfers_Stack_StartService_Scheduled
SORD00000002846
SORD00000002847
SORD00000002848
Deleting Records for ServiceOrder = SORD00000002848
0
0
0
Deleting Records for Location =  LOC@0004
Deleting Records for ServiceOrder = 
Deleting Records for ServiceOrder = 
Deleting Records for ServiceOrder = 
Angular Request Completed in 61ms
Log in to Nexus View
Element [[ChromeDriver: chrome on XP (beec3ced6224afe3fd1ec675d4e64fb9)] -> id: username] displayed in 49ms
Login Page title Verified
Element [[ChromeDriver: chrome on XP (beec3ced6224afe3fd1ec675d4e64fb9)] -> id: username] displayed in 17ms
Element [[ChromeDriver: chrome on XP (beec3ced6224afe3fd1ec675d4e64fb9)] -> id: password] displayed in 38ms
Element [[ChromeDriver: chrome on XP (beec3ced6224afe3fd1ec675d4e64fb9)] -> id: kc-login] displayed in 34ms
Angular Request Completed in 32ms
User signed Admin
Enter Text for Search =LOC@0004
Element [[ChromeDriver: chrome on XP (beec3ced6224afe3fd1ec675d4e64fb9)] -> id: SRCH_Input] displayed in 44ms
Angular request time 802ms
Element [[ChromeDriver: chrome on XP (beec3ced6224afe3fd1ec675d4e64fb9)] -> id: SRCH_Option_1_Address_Line] displayed in 38ms
Click Customer
Angular request time 790ms
Angular request time 9ms
Element [[ChromeDriver: chrome on XP (beec3ced6224afe3fd1ec675d4e64fb9)] -> id: 'LOC_Location_Id'] displayed in 21ms
Angular request time 9ms
got Text CustomerLocId = LOC@0004
Customer Location Id found LOC@0004
Strings Matched: LOC@0004 = LOC@0004
Click Action Dropdown
Element [[ChromeDriver: chrome on XP (beec3ced6224afe3fd1ec675d4e64fb9)] -> id: ACTION_Button] displayed in 37ms
Element [[ChromeDriver: chrome on XP (beec3ced6224afe3fd1ec675d4e64fb9)] -> id: ACTION_Button] displayed in 524ms
Angular request time 514ms
Click Action Drop down
Angular request time 150ms
Element [[ChromeDriver: chrome on XP (beec3ced6224afe3fd1ec675d4e64fb9)] -> id: ACTION_Transfer_Service] displayed in 34ms
Element [[ChromeDriver: chrome on XP (beec3ced6224afe3fd1ec675d4e64fb9)] -> id: ACTION_Transfer_Service] displayed in 248ms
Angular request time 40ms
Click Action Transfer Service Drop down
Angular request time 18ms
Element [[ChromeDriver: chrome on XP (beec3ced6224afe3fd1ec675d4e64fb9)] -> id: XFER_Select] displayed in 73ms
Angular request time 27ms
Click Transfer Combo
Angular request time 8ms
Element [[ChromeDriver: chrome on XP (beec3ced6224afe3fd1ec675d4e64fb9)] -> id: XFER_Select_Option_2] displayed in 40ms
Angular request time 17ms
Click Transfer Option 2
Angular request time 8ms
Element [[ChromeDriver: chrome on XP (beec3ced6224afe3fd1ec675d4e64fb9)] -> id: XFER_Date_Picker_Requested] displayed in 32ms
Entered Request Date = 10/14/2019 06:52
Submit Transfer Request
TRANSFER
Element [[ChromeDriver: chrome on XP (beec3ced6224afe3fd1ec675d4e64fb9)] -> id: CLO_Service_Order_Input] displayed in 40ms
Setting Text on Search Request with Text = TRANSFER
Angular request time 7ms
Element [[ChromeDriver: chrome on XP (beec3ced6224afe3fd1ec675d4e64fb9)] -> id: XFER_Date_Picker_Scheduled] displayed in 116ms
Enter Schedule Date Date
Element [[ChromeDriver: chrome on XP (beec3ced6224afe3fd1ec675d4e64fb9)] -> id: XFER_Date_Picker_Scheduled] displayed in 107ms
Setting Text on DatePicket with Text = 10/14/2019 06:52
Angular request time 548ms
Strings Matched: Mr. VACANT VACANT = Mr. VACANT VACANT
Element [[ChromeDriver: chrome on XP (beec3ced6224afe3fd1ec675d4e64fb9)] -> id: XFER_Search_Input] displayed in 75ms
Setting Text on Customer Name Request with Text = MoveinCus
Angular request time 22ms
Element [[ChromeDriver: chrome on XP (beec3ced6224afe3fd1ec675d4e64fb9)] -> id: XFER_Search_Option_1] displayed in 877ms
Angular request time 66ms
Click XFER_Search_Option_1_Customer_Name
Angular request time 19ms
Element [[ChromeDriver: chrome on XP (beec3ced6224afe3fd1ec675d4e64fb9)] -> id: XFER_Description] displayed in 77ms
Setting Text on Description Request with Text = Description for Start Service
Angular request time 16ms
Click Submit
Element [[ChromeDriver: chrome on XP (beec3ced6224afe3fd1ec675d4e64fb9)] -> id: XFER_Button_Action] displayed in 90ms
Element [[ChromeDriver: chrome on XP (beec3ced6224afe3fd1ec675d4e64fb9)] -> id: XFER_Button_Action] displayed in 20ms
Angular request time 113ms
Click MoveInSubmit Button
Angular request time 16ms
Element [[ChromeDriver: chrome on XP (beec3ced6224afe3fd1ec675d4e64fb9)] -> id: XFER_Button_Done] displayed in 31ms
Angular request time 26ms
Click Done Button for Transfer
Angular request time 16ms
Clicking Servic Order Link
Element [[ChromeDriver: chrome on XP (beec3ced6224afe3fd1ec675d4e64fb9)] -> css selector: #mat-tab-label-0-2 > div] displayed in 45ms
Angular request time 574ms
Click Service Order Link
Angular request time 10ms
Element [[ChromeDriver: chrome on XP (beec3ced6224afe3fd1ec675d4e64fb9)] -> id: SOLV_Service_Order_1] displayed in 58ms
Element [[ChromeDriver: chrome on XP (beec3ced6224afe3fd1ec675d4e64fb9)] -> id: SOLV_Service_Order_1] displayed in 479ms
Angular request time 364ms
Click Clicking Service Order 1
Angular request time 13ms
Angular request time 7ms
Capturing Servic Order Number
Element [[ChromeDriver: chrome on XP (beec3ced6224afe3fd1ec675d4e64fb9)] -> id: SODV_Service_Order_Id] displayed in 27ms
Angular request time 8ms
got Text Service Order Number = SORD00000002849
Element [[ChromeDriver: chrome on XP (beec3ced6224afe3fd1ec675d4e64fb9)] -> id: ACTION_Refresh_Page] displayed in 32ms
Element [[ChromeDriver: chrome on XP (beec3ced6224afe3fd1ec675d4e64fb9)] -> id: ACTION_Refresh_Page] displayed in 31ms
Angular request time 732ms
Click Refresh Button
Angular request time 11ms
Refresh Page
Click Action Dropdown
Element [[ChromeDriver: chrome on XP (beec3ced6224afe3fd1ec675d4e64fb9)] -> id: ACTION_Button] displayed in 32ms
Element [[ChromeDriver: chrome on XP (beec3ced6224afe3fd1ec675d4e64fb9)] -> id: ACTION_Button] displayed in 24ms
Angular request time 13ms
Click Action Drop down
Angular request time 14ms
Element [[ChromeDriver: chrome on XP (beec3ced6224afe3fd1ec675d4e64fb9)] -> id: ACTION_Transfer_Service] displayed in 38ms
Element [[ChromeDriver: chrome on XP (beec3ced6224afe3fd1ec675d4e64fb9)] -> id: ACTION_Transfer_Service] displayed in 16ms
Angular request time 59ms
Click Action Transfer Service Drop down
Angular request time 46ms
Element [[ChromeDriver: chrome on XP (beec3ced6224afe3fd1ec675d4e64fb9)] -> id: XFER_Select] displayed in 120ms
Angular request time 19ms
Click Transfer Combo
Angular request time 9ms
Element [[ChromeDriver: chrome on XP (beec3ced6224afe3fd1ec675d4e64fb9)] -> id: XFER_Select_Option_2] displayed in 52ms
Angular request time 19ms
Click Transfer Option 2
Angular request time 11ms
Element [[ChromeDriver: chrome on XP (beec3ced6224afe3fd1ec675d4e64fb9)] -> id: XFER_Warning_Message] displayed in 28ms
Strings Matched: Service Order Exist. TRANSFER = Service Order Exist. TRANSFER
Element [[ChromeDriver: chrome on XP (beec3ced6224afe3fd1ec675d4e64fb9)] -> id: XFER_Warning_Drillback] displayed in 24ms
String Verified  =cogsdrillback://DGPB/?Db=SQL_2017&Srv=RND-BASE-A&Cmp=TWO&Prod=229&Act=OPEN&Func=ServiceOrder&LocationID=LOC@0004&ServiceOrderNumber=SORD00000002849&CogsDrillback=1 Contains = SORD00000002849
Submit Transfer Request
TRANSFER
Element [[ChromeDriver: chrome on XP (beec3ced6224afe3fd1ec675d4e64fb9)] -> id: CLO_Service_Order_Input] displayed in 553ms
Setting Text on Search Request with Text = TRANSFER
Angular request time 16ms
Element [[ChromeDriver: chrome on XP (beec3ced6224afe3fd1ec675d4e64fb9)] -> id: XFER_Date_Picker_Scheduled] displayed in 132ms
Enter Schedule Date Date
Element [[ChromeDriver: chrome on XP (beec3ced6224afe3fd1ec675d4e64fb9)] -> id: XFER_Date_Picker_Scheduled] displayed in 82ms
Setting Text on DatePicket with Text = Oct 16, 2019
Angular request time 781ms
Strings Matched: Mr. VACANT VACANT = Mr. VACANT VACANT
Element [[ChromeDriver: chrome on XP (beec3ced6224afe3fd1ec675d4e64fb9)] -> id: XFER_Search_Input] displayed in 61ms
Setting Text on Customer Name Request with Text = MoveinCus
Angular request time 18ms
Element [[ChromeDriver: chrome on XP (beec3ced6224afe3fd1ec675d4e64fb9)] -> id: XFER_Search_Option_1] displayed in 923ms
Angular request time 93ms
Click XFER_Search_Option_1_Customer_Name
Angular request time 46ms
Element [[ChromeDriver: chrome on XP (beec3ced6224afe3fd1ec675d4e64fb9)] -> id: XFER_Description] displayed in 131ms
Setting Text on Description Request with Text = Description for Start Service
Angular request time 28ms
Click Submit
Element [[ChromeDriver: chrome on XP (beec3ced6224afe3fd1ec675d4e64fb9)] -> id: XFER_Button_Action] displayed in 30ms
Element [[ChromeDriver: chrome on XP (beec3ced6224afe3fd1ec675d4e64fb9)] -> id: XFER_Button_Action] displayed in 15ms
Angular request time 22ms
Click MoveInSubmit Button
Angular request time 12ms
]]></system-out>
    <system-err><![CDATA[Starting ChromeDriver 76.0.3809.126 (d80a294506b4c9d18015e755cee48f953ddc3f2f-refs/branch-heads/3809@{#1024}) on port 16034
Only local connections are allowed.
Please protect ports used by ChromeDriver and related test frameworks to prevent access by malicious code.
[1571053930.696][WARNING]: This version of ChromeDriver has not been tested with Chrome version 77.
Oct 14, 2019 6:52:11 AM org.openqa.selenium.remote.ProtocolHandshake createSession
INFO: Detected dialect: W3C
]]></system-err>
  </testcase>
  <testcase name="VerifyAction_Transfers_Stack_TwoLocations" classname="com.NexusPortalAutomation.TestCases.Java.TC0034_VerifyAction_Transfers_Stack_TwoLocations" time="80.727"/>
  <testcase name="VerifyAction_Transfers_StopService" classname="com.NexusPortalAutomation.TestCases.Java.TC0035_VerifyAction_Transfers_StopService" time="74.443"/>
  <testcase name="VerifyTransferActionServiceOrder" classname="com.NexusPortalAutomation.TestCases.Java.TC0036_VerifyAction_Transfers_StartService" time="77.056"/>
  <testcase name="VerifyAction_Transfers_Stack_TwoLocations_NotScheduled" classname="com.NexusPortalAutomation.TestCases.Java.TC0037_VerifyAction_Transfers_Stack_TwoLocations_NotScheduled" time="96.776"/>
  <testcase name="TestSearchAutobyRecent" classname="com.NexusPortalAutomation.TestCases.Java.TC0004_TestSearchbyRecentFunction" time="14.77">
    <failure message="element click intercepted: Element &lt;a _ngcontent-fpe-c1=&quot;&quot; aria-haspopup=&quot;true&quot; class=&quot;user__account&quot; id=&quot;USR_Name&quot;&gt;...&lt;/a&gt; is not clickable at point (1806, 47). Other element would receive the click: &lt;div class=&quot;cdk-overlay-backdrop cdk-overlay-dark-backdrop cdk-overlay-backdrop-showing&quot;&gt;&lt;/div&gt;&#10;  (Session info: chrome=77.0.3865.90)&#10;Build info: version: &apos;3.14.0&apos;, revision: &apos;aacccce0&apos;, time: &apos;2018-08-02T20:19:58.91Z&apos;&#10;System info: host: &apos;RND-BASE-A&apos;, ip: &apos;10.0.2.15&apos;, os.name: &apos;Windows Server 2012 R2&apos;, os.arch: &apos;amd64&apos;, os.version: &apos;6.3&apos;, java.version: &apos;1.8.0_201&apos;&#10;Driver info: org.openqa.selenium.chrome.ChromeDriver&#10;Capabilities {acceptInsecureCerts: false, browserName: chrome, browserVersion: 77.0.3865.90, chrome: {chromedriverVersion: 76.0.3809.126 (d80a294506b4..., userDataDir: C:\Users\ADMINI~1\AppData\L...}, goog:chromeOptions: {debuggerAddress: localhost:52108}, javascriptEnabled: true, networkConnectionEnabled: false, pageLoadStrategy: normal, platform: XP, platformName: XP, proxy: Proxy(), setWindowRect: true, strictFileInteractability: false, timeouts: {implicit: 0, pageLoad: 300000, script: 30000}, unhandledPromptBehavior: dismiss and notify}&#10;Session ID: f74a830e025680276a48a42082e266e1" type="org.openqa.selenium.ElementClickInterceptedException"><![CDATA[org.openqa.selenium.ElementClickInterceptedException: 
element click intercepted: Element <a _ngcontent-fpe-c1="" aria-haspopup="true" class="user__account" id="USR_Name">...</a> is not clickable at point (1806, 47). Other element would receive the click: <div class="cdk-overlay-backdrop cdk-overlay-dark-backdrop cdk-overlay-backdrop-showing"></div>
  (Session info: chrome=77.0.3865.90)
Build info: version: '3.14.0', revision: 'aacccce0', time: '2018-08-02T20:19:58.91Z'
System info: host: 'RND-BASE-A', ip: '10.0.2.15', os.name: 'Windows Server 2012 R2', os.arch: 'amd64', os.version: '6.3', java.version: '1.8.0_201'
Driver info: org.openqa.selenium.chrome.ChromeDriver
Capabilities {acceptInsecureCerts: false, browserName: chrome, browserVersion: 77.0.3865.90, chrome: {chromedriverVersion: 76.0.3809.126 (d80a294506b4..., userDataDir: C:\Users\ADMINI~1\AppData\L...}, goog:chromeOptions: {debuggerAddress: localhost:52108}, javascriptEnabled: true, networkConnectionEnabled: false, pageLoadStrategy: normal, platform: XP, platformName: XP, proxy: Proxy(), setWindowRect: true, strictFileInteractability: false, timeouts: {implicit: 0, pageLoad: 300000, script: 30000}, unhandledPromptBehavior: dismiss and notify}
Session ID: f74a830e025680276a48a42082e266e1
	at com.NexusPortalAutomation.TestCases.Java.TC0004_TestSearchbyRecentFunction.TestSearchAutobyRecent(TC0004_TestSearchbyRecentFunction.java:36)
]]></failure>
    <system-out><![CDATA[Test completed successfully- VerifyAction_Transfers_Stack_TwoLocations_NotScheduled
Closing Browser
Test Completed...
Launching Chrome
Browser Maximised
Test started- TestSearchAutobyRecent
Angular Request Completed in 194ms
Log in to Nexus View
Element [[ChromeDriver: chrome on XP (f74a830e025680276a48a42082e266e1)] -> id: username] displayed in 29ms
Login Page title Verified
Element [[ChromeDriver: chrome on XP (f74a830e025680276a48a42082e266e1)] -> id: username] displayed in 10ms
Element [[ChromeDriver: chrome on XP (f74a830e025680276a48a42082e266e1)] -> id: password] displayed in 23ms
Element [[ChromeDriver: chrome on XP (f74a830e025680276a48a42082e266e1)] -> id: kc-login] displayed in 33ms
Angular Request Completed in 22ms
User signed Admin
Enter Text for Search =ELECWAT001
Element [[ChromeDriver: chrome on XP (f74a830e025680276a48a42082e266e1)] -> id: SRCH_Input] displayed in 29ms
Angular request time 917ms
Element [[ChromeDriver: chrome on XP (f74a830e025680276a48a42082e266e1)] -> id: SRCH_Option_1_Address_Line] displayed in 52ms
Click Customer
Angular request time 1835ms
Angular request time 8ms
Element [[ChromeDriver: chrome on XP (f74a830e025680276a48a42082e266e1)] -> id: 'LOC_Location_Id'] displayed in 31ms
Angular request time 6ms
got Text CustomerLocId = ELECWAT001
Customer Location Id found ELECWAT001
Strings Matched: ELECWAT001 = ELECWAT001
Angular request time 7ms
Angular request time 11ms
Element [[ChromeDriver: chrome on XP (f74a830e025680276a48a42082e266e1)] -> id: USR_Name] displayed in 28ms
Element [[ChromeDriver: chrome on XP (f74a830e025680276a48a42082e266e1)] -> id: USR_Name] displayed in 22ms
]]></system-out>
    <system-err><![CDATA[Starting ChromeDriver 76.0.3809.126 (d80a294506b4c9d18015e755cee48f953ddc3f2f-refs/branch-heads/3809@{#1024}) on port 45480
Only local connections are allowed.
Please protect ports used by ChromeDriver and related test frameworks to prevent access by malicious code.
[1571054358.035][WARNING]: This version of ChromeDriver has not been tested with Chrome version 77.
Oct 14, 2019 6:59:19 AM org.openqa.selenium.remote.ProtocolHandshake createSession
INFO: Detected dialect: W3C
Oct 14, 2019 6:59:35 AM org.openqa.selenium.interactions.Actions moveToElement
INFO: When using the W3C Action commands, offsets are from the center of element
]]></system-err>
  </testcase>
  <testcase name="TestSearchAutobyBookMark" classname="com.NexusPortalAutomation.TestCases.Java.TC0005_TestBookMarks" time="16.686"/>
  <testcase name="TestSummarySectionOnChange" classname="com.NexusPortalAutomation.TestCases.Java.TC0007_TestSummarySection" time="20.04"/>
  <testcase name="TestSearchAutobyFirstName" classname="com.NexusPortalAutomation.TestCases.Java.TC0024_TestCustDetailSearch" time="32.497"/>
  <testcase name="TestSearchAutobyFirstName" classname="com.NexusPortalAutomation.TestCases.Java.TC0028_TestEnhancedNotes" time="17.51"/>
  <testcase name="TestSearchAlertOnLoad" classname="com.NexusPortalAutomation.TestCases.Java.TC0006_TestAlertOnLoad" time="27.016"/>
  <testcase name="TestSearchAutobyFirstName" classname="com.NexusPortalAutomation.TestCases.Java.TC0002_TestSearchAutobyFirstName" time="14.512"/>
  <testcase name="TestSearchAutobyLastName" classname="com.NexusPortalAutomation.TestCases.Java.TC0003_TestSearchAutobyLastName" time="20.508"/>
</testsuite>