<?xml version="1.0" encoding="UTF-8"?>
<testsuite xmlns:xsi="http://www.w3.org/2001/XMLSchema-instance" xsi:noNamespaceSchemaLocation="https://maven.apache.org/surefire/maven-surefire-plugin/xsd/surefire-test-report-3.0.xsd" version="3.0" name="TestSuite" time="1,731.568" tests="37" errors="0" skipped="0" failures="3">
  <properties>
    <property name="sun.desktop" value="windows"/>
    <property name="awt.toolkit" value="sun.awt.windows.WToolkit"/>
    <property name="file.encoding.pkg" value="sun.io"/>
    <property name="java.specification.version" value="1.8"/>
    <property name="sun.cpu.isalist" value="amd64"/>
    <property name="sun.jnu.encoding" value="Cp1252"/>
    <property name="java.class.path" value="F:\CogsdaleWorkSpace\BitBucket\portal_test_automation\target\test-classes;F:\CogsdaleWorkSpace\BitBucket\portal_test_automation\target\classes;C:\Users\Administrator\.m2\repository\junit\junit\3.8.1\junit-3.8.1.jar;C:\Users\Administrator\.m2\repository\org\testng\testng\6.14.3\testng-6.14.3.jar;C:\Users\Administrator\.m2\repository\org\apache-extras\beanshell\bsh\2.0b6\bsh-2.0b6.jar;C:\Users\Administrator\.m2\repository\org\seleniumhq\selenium\selenium-java\3.14.0\selenium-java-3.14.0.jar;C:\Users\Administrator\.m2\repository\org\seleniumhq\selenium\selenium-api\3.14.0\selenium-api-3.14.0.jar;C:\Users\Administrator\.m2\repository\org\seleniumhq\selenium\selenium-edge-driver\3.14.0\selenium-edge-driver-3.14.0.jar;C:\Users\Administrator\.m2\repository\org\seleniumhq\selenium\selenium-ie-driver\3.14.0\selenium-ie-driver-3.14.0.jar;C:\Users\Administrator\.m2\repository\org\seleniumhq\selenium\selenium-opera-driver\3.14.0\selenium-opera-driver-3.14.0.jar;C:\Users\Administrator\.m2\repository\org\seleniumhq\selenium\selenium-remote-driver\3.14.0\selenium-remote-driver-3.14.0.jar;C:\Users\Administrator\.m2\repository\org\seleniumhq\selenium\selenium-safari-driver\3.14.0\selenium-safari-driver-3.14.0.jar;C:\Users\Administrator\.m2\repository\org\seleniumhq\selenium\selenium-support\3.14.0\selenium-support-3.14.0.jar;C:\Users\Administrator\.m2\repository\net\bytebuddy\byte-buddy\1.8.15\byte-buddy-1.8.15.jar;C:\Users\Administrator\.m2\repository\org\apache\commons\commons-exec\1.3\commons-exec-1.3.jar;C:\Users\Administrator\.m2\repository\commons-codec\commons-codec\1.10\commons-codec-1.10.jar;C:\Users\Administrator\.m2\repository\commons-logging\commons-logging\1.2\commons-logging-1.2.jar;C:\Users\Administrator\.m2\repository\com\google\guava\guava\25.0-jre\guava-25.0-jre.jar;C:\Users\Administrator\.m2\repository\com\google\code\findbugs\jsr305\1.3.9\jsr305-1.3.9.jar;C:\Users\Administrator\.m2\repository\org\checkerframework\checker-compat-qual\2.0.0\checker-compat-qual-2.0.0.jar;C:\Users\Administrator\.m2\repository\com\google\errorprone\error_prone_annotations\2.1.3\error_prone_annotations-2.1.3.jar;C:\Users\Administrator\.m2\repository\com\google\j2objc\j2objc-annotations\1.1\j2objc-annotations-1.1.jar;C:\Users\Administrator\.m2\repository\org\codehaus\mojo\animal-sniffer-annotations\1.14\animal-sniffer-annotations-1.14.jar;C:\Users\Administrator\.m2\repository\org\apache\httpcomponents\httpclient\4.5.5\httpclient-4.5.5.jar;C:\Users\Administrator\.m2\repository\org\apache\httpcomponents\httpcore\4.4.9\httpcore-4.4.9.jar;C:\Users\Administrator\.m2\repository\com\squareup\okhttp3\okhttp\3.10.0\okhttp-3.10.0.jar;C:\Users\Administrator\.m2\repository\com\squareup\okio\okio\1.14.1\okio-1.14.1.jar;C:\Users\Administrator\.m2\repository\org\seleniumhq\selenium\selenium-firefox-driver\3.141.59\selenium-firefox-driver-3.141.59.jar;C:\Users\Administrator\.m2\repository\org\apache\maven\reporting\maven-reporting-api\2.0.6\maven-reporting-api-2.0.6.jar;C:\Users\Administrator\.m2\repository\org\apache\maven\doxia\doxia-sink-api\1.0-alpha-7\doxia-sink-api-1.0-alpha-7.jar;C:\Users\Administrator\.m2\repository\org\seleniumhq\selenium\selenium-chrome-driver\3.141.59\selenium-chrome-driver-3.141.59.jar;C:\Users\Administrator\.m2\repository\mysql\mysql-connector-java\8.0.15\mysql-connector-java-8.0.15.jar;C:\Users\Administrator\.m2\repository\com\google\protobuf\protobuf-java\3.6.1\protobuf-java-3.6.1.jar;C:\Users\Administrator\.m2\repository\org\apache\logging\log4j\log4j-core\2.11.2\log4j-core-2.11.2.jar;C:\Users\Administrator\.m2\repository\org\apache\logging\log4j\log4j-api\2.11.2\log4j-api-2.11.2.jar;C:\Users\Administrator\.m2\repository\org\apache\poi\poi\4.1.0\poi-4.1.0.jar;C:\Users\Administrator\.m2\repository\org\apache\commons\commons-collections4\4.3\commons-collections4-4.3.jar;C:\Users\Administrator\.m2\repository\org\apache\commons\commons-math3\3.6.1\commons-math3-3.6.1.jar;C:\Users\Administrator\.m2\repository\org\apache\poi\poi-ooxml\4.1.0\poi-ooxml-4.1.0.jar;C:\Users\Administrator\.m2\repository\org\apache\poi\poi-ooxml-schemas\4.1.0\poi-ooxml-schemas-4.1.0.jar;C:\Users\Administrator\.m2\repository\org\apache\xmlbeans\xmlbeans\3.1.0\xmlbeans-3.1.0.jar;C:\Users\Administrator\.m2\repository\org\apache\commons\commons-compress\1.18\commons-compress-1.18.jar;C:\Users\Administrator\.m2\repository\com\github\virtuald\curvesapi\1.06\curvesapi-1.06.jar;C:\Users\Administrator\.m2\repository\org\slf4j\slf4j-api\1.7.25\slf4j-api-1.7.25.jar;C:\Users\Administrator\.m2\repository\com\microsoft\sqlserver\mssql-jdbc\7.0.0.jre8\mssql-jdbc-7.0.0.jre8.jar;C:\Users\Administrator\.m2\repository\com\paulhammant\ngwebdriver\1.1.4\ngwebdriver-1.1.4.jar;C:\Users\Administrator\.m2\repository\com\aventstack\extentreports\4.0.5\extentreports-4.0.5.jar;C:\Users\Administrator\.m2\repository\org\freemarker\freemarker\2.3.23\freemarker-2.3.23.jar;C:\Users\Administrator\.m2\repository\org\mongodb\mongodb-driver\3.3.0\mongodb-driver-3.3.0.jar;C:\Users\Administrator\.m2\repository\org\mongodb\mongodb-driver-core\3.3.0\mongodb-driver-core-3.3.0.jar;C:\Users\Administrator\.m2\repository\org\mongodb\bson\3.3.0\bson-3.3.0.jar;C:\Users\Administrator\.m2\repository\org\apache\httpcomponents\httpmime\4.5.2\httpmime-4.5.2.jar;C:\Users\Administrator\.m2\repository\com\google\code\gson\gson\2.8.5\gson-2.8.5.jar;C:\Users\Administrator\.m2\repository\commons-io\commons-io\2.6\commons-io-2.6.jar;C:\Users\Administrator\.m2\repository\org\uncommons\reportng\1.1.4\reportng-1.1.4.jar;C:\Users\Administrator\.m2\repository\velocity\velocity\1.4\velocity-1.4.jar;C:\Users\Administrator\.m2\repository\com\google\inject\guice\3.0\guice-3.0.jar;C:\Users\Administrator\.m2\repository\javax\inject\javax.inject\1\javax.inject-1.jar;C:\Users\Administrator\.m2\repository\aopalliance\aopalliance\1.0\aopalliance-1.0.jar;C:\Users\Administrator\.m2\repository\velocity\velocity-dep\1.4\velocity-dep-1.4.jar;C:\Users\Administrator\.m2\repository\com\beust\jcommander\1.72\jcommander-1.72.jar;"/>
    <property name="java.vm.vendor" value="Oracle Corporation"/>
    <property name="sun.arch.data.model" value="64"/>
    <property name="user.variant" value=""/>
    <property name="java.vendor.url" value="http://java.oracle.com/"/>
    <property name="user.timezone" value="America/Chicago"/>
    <property name="java.vm.specification.version" value="1.8"/>
    <property name="os.name" value="Windows Server 2012 R2"/>
    <property name="user.country" value="US"/>
    <property name="sun.java.launcher" value="SUN_STANDARD"/>
    <property name="sun.boot.library.path" value="C:\Program Files\Java\jdk1.8.0_201\jre\bin"/>
    <property name="sun.java.command" value="C:\Users\Administrator\AppData\Local\Temp\surefire7582531465381189725\surefirebooter6034841570304152391.jar C:\Users\Administrator\AppData\Local\Temp\surefire7582531465381189725 2019-08-29T09-08-37_798-jvmRun1 surefire7161904302834358627tmp surefire_04906276695145701703tmp"/>
    <property name="surefire.test.class.path" value="F:\CogsdaleWorkSpace\BitBucket\portal_test_automation\target\test-classes;F:\CogsdaleWorkSpace\BitBucket\portal_test_automation\target\classes;C:\Users\Administrator\.m2\repository\junit\junit\3.8.1\junit-3.8.1.jar;C:\Users\Administrator\.m2\repository\org\testng\testng\6.14.3\testng-6.14.3.jar;C:\Users\Administrator\.m2\repository\org\apache-extras\beanshell\bsh\2.0b6\bsh-2.0b6.jar;C:\Users\Administrator\.m2\repository\org\seleniumhq\selenium\selenium-java\3.14.0\selenium-java-3.14.0.jar;C:\Users\Administrator\.m2\repository\org\seleniumhq\selenium\selenium-api\3.14.0\selenium-api-3.14.0.jar;C:\Users\Administrator\.m2\repository\org\seleniumhq\selenium\selenium-edge-driver\3.14.0\selenium-edge-driver-3.14.0.jar;C:\Users\Administrator\.m2\repository\org\seleniumhq\selenium\selenium-ie-driver\3.14.0\selenium-ie-driver-3.14.0.jar;C:\Users\Administrator\.m2\repository\org\seleniumhq\selenium\selenium-opera-driver\3.14.0\selenium-opera-driver-3.14.0.jar;C:\Users\Administrator\.m2\repository\org\seleniumhq\selenium\selenium-remote-driver\3.14.0\selenium-remote-driver-3.14.0.jar;C:\Users\Administrator\.m2\repository\org\seleniumhq\selenium\selenium-safari-driver\3.14.0\selenium-safari-driver-3.14.0.jar;C:\Users\Administrator\.m2\repository\org\seleniumhq\selenium\selenium-support\3.14.0\selenium-support-3.14.0.jar;C:\Users\Administrator\.m2\repository\net\bytebuddy\byte-buddy\1.8.15\byte-buddy-1.8.15.jar;C:\Users\Administrator\.m2\repository\org\apache\commons\commons-exec\1.3\commons-exec-1.3.jar;C:\Users\Administrator\.m2\repository\commons-codec\commons-codec\1.10\commons-codec-1.10.jar;C:\Users\Administrator\.m2\repository\commons-logging\commons-logging\1.2\commons-logging-1.2.jar;C:\Users\Administrator\.m2\repository\com\google\guava\guava\25.0-jre\guava-25.0-jre.jar;C:\Users\Administrator\.m2\repository\com\google\code\findbugs\jsr305\1.3.9\jsr305-1.3.9.jar;C:\Users\Administrator\.m2\repository\org\checkerframework\checker-compat-qual\2.0.0\checker-compat-qual-2.0.0.jar;C:\Users\Administrator\.m2\repository\com\google\errorprone\error_prone_annotations\2.1.3\error_prone_annotations-2.1.3.jar;C:\Users\Administrator\.m2\repository\com\google\j2objc\j2objc-annotations\1.1\j2objc-annotations-1.1.jar;C:\Users\Administrator\.m2\repository\org\codehaus\mojo\animal-sniffer-annotations\1.14\animal-sniffer-annotations-1.14.jar;C:\Users\Administrator\.m2\repository\org\apache\httpcomponents\httpclient\4.5.5\httpclient-4.5.5.jar;C:\Users\Administrator\.m2\repository\org\apache\httpcomponents\httpcore\4.4.9\httpcore-4.4.9.jar;C:\Users\Administrator\.m2\repository\com\squareup\okhttp3\okhttp\3.10.0\okhttp-3.10.0.jar;C:\Users\Administrator\.m2\repository\com\squareup\okio\okio\1.14.1\okio-1.14.1.jar;C:\Users\Administrator\.m2\repository\org\seleniumhq\selenium\selenium-firefox-driver\3.141.59\selenium-firefox-driver-3.141.59.jar;C:\Users\Administrator\.m2\repository\org\apache\maven\reporting\maven-reporting-api\2.0.6\maven-reporting-api-2.0.6.jar;C:\Users\Administrator\.m2\repository\org\apache\maven\doxia\doxia-sink-api\1.0-alpha-7\doxia-sink-api-1.0-alpha-7.jar;C:\Users\Administrator\.m2\repository\org\seleniumhq\selenium\selenium-chrome-driver\3.141.59\selenium-chrome-driver-3.141.59.jar;C:\Users\Administrator\.m2\repository\mysql\mysql-connector-java\8.0.15\mysql-connector-java-8.0.15.jar;C:\Users\Administrator\.m2\repository\com\google\protobuf\protobuf-java\3.6.1\protobuf-java-3.6.1.jar;C:\Users\Administrator\.m2\repository\org\apache\logging\log4j\log4j-core\2.11.2\log4j-core-2.11.2.jar;C:\Users\Administrator\.m2\repository\org\apache\logging\log4j\log4j-api\2.11.2\log4j-api-2.11.2.jar;C:\Users\Administrator\.m2\repository\org\apache\poi\poi\4.1.0\poi-4.1.0.jar;C:\Users\Administrator\.m2\repository\org\apache\commons\commons-collections4\4.3\commons-collections4-4.3.jar;C:\Users\Administrator\.m2\repository\org\apache\commons\commons-math3\3.6.1\commons-math3-3.6.1.jar;C:\Users\Administrator\.m2\repository\org\apache\poi\poi-ooxml\4.1.0\poi-ooxml-4.1.0.jar;C:\Users\Administrator\.m2\repository\org\apache\poi\poi-ooxml-schemas\4.1.0\poi-ooxml-schemas-4.1.0.jar;C:\Users\Administrator\.m2\repository\org\apache\xmlbeans\xmlbeans\3.1.0\xmlbeans-3.1.0.jar;C:\Users\Administrator\.m2\repository\org\apache\commons\commons-compress\1.18\commons-compress-1.18.jar;C:\Users\Administrator\.m2\repository\com\github\virtuald\curvesapi\1.06\curvesapi-1.06.jar;C:\Users\Administrator\.m2\repository\org\slf4j\slf4j-api\1.7.25\slf4j-api-1.7.25.jar;C:\Users\Administrator\.m2\repository\com\microsoft\sqlserver\mssql-jdbc\7.0.0.jre8\mssql-jdbc-7.0.0.jre8.jar;C:\Users\Administrator\.m2\repository\com\paulhammant\ngwebdriver\1.1.4\ngwebdriver-1.1.4.jar;C:\Users\Administrator\.m2\repository\com\aventstack\extentreports\4.0.5\extentreports-4.0.5.jar;C:\Users\Administrator\.m2\repository\org\freemarker\freemarker\2.3.23\freemarker-2.3.23.jar;C:\Users\Administrator\.m2\repository\org\mongodb\mongodb-driver\3.3.0\mongodb-driver-3.3.0.jar;C:\Users\Administrator\.m2\repository\org\mongodb\mongodb-driver-core\3.3.0\mongodb-driver-core-3.3.0.jar;C:\Users\Administrator\.m2\repository\org\mongodb\bson\3.3.0\bson-3.3.0.jar;C:\Users\Administrator\.m2\repository\org\apache\httpcomponents\httpmime\4.5.2\httpmime-4.5.2.jar;C:\Users\Administrator\.m2\repository\com\google\code\gson\gson\2.8.5\gson-2.8.5.jar;C:\Users\Administrator\.m2\repository\commons-io\commons-io\2.6\commons-io-2.6.jar;C:\Users\Administrator\.m2\repository\org\uncommons\reportng\1.1.4\reportng-1.1.4.jar;C:\Users\Administrator\.m2\repository\velocity\velocity\1.4\velocity-1.4.jar;C:\Users\Administrator\.m2\repository\com\google\inject\guice\3.0\guice-3.0.jar;C:\Users\Administrator\.m2\repository\javax\inject\javax.inject\1\javax.inject-1.jar;C:\Users\Administrator\.m2\repository\aopalliance\aopalliance\1.0\aopalliance-1.0.jar;C:\Users\Administrator\.m2\repository\velocity\velocity-dep\1.4\velocity-dep-1.4.jar;C:\Users\Administrator\.m2\repository\com\beust\jcommander\1.72\jcommander-1.72.jar;"/>
    <property name="sun.cpu.endian" value="little"/>
    <property name="user.home" value="C:\Users\Administrator"/>
    <property name="user.language" value="en"/>
    <property name="java.specification.vendor" value="Oracle Corporation"/>
    <property name="java.home" value="C:\Program Files\Java\jdk1.8.0_201\jre"/>
    <property name="basedir" value="F:\CogsdaleWorkSpace\BitBucket\portal_test_automation"/>
    <property name="file.separator" value="\"/>
    <property name="line.separator" value="&#10;"/>
    <property name="java.vm.specification.vendor" value="Oracle Corporation"/>
    <property name="java.specification.name" value="Java Platform API Specification"/>
    <property name="java.awt.graphicsenv" value="sun.awt.Win32GraphicsEnvironment"/>
    <property name="surefire.real.class.path" value="C:\Users\Administrator\AppData\Local\Temp\surefire7582531465381189725\surefirebooter6034841570304152391.jar"/>
    <property name="sun.boot.class.path" value="C:\Program Files\Java\jdk1.8.0_201\jre\lib\resources.jar;C:\Program Files\Java\jdk1.8.0_201\jre\lib\rt.jar;C:\Program Files\Java\jdk1.8.0_201\jre\lib\sunrsasign.jar;C:\Program Files\Java\jdk1.8.0_201\jre\lib\jsse.jar;C:\Program Files\Java\jdk1.8.0_201\jre\lib\jce.jar;C:\Program Files\Java\jdk1.8.0_201\jre\lib\charsets.jar;C:\Program Files\Java\jdk1.8.0_201\jre\lib\jfr.jar;C:\Program Files\Java\jdk1.8.0_201\jre\classes"/>
    <property name="user.script" value=""/>
    <property name="sun.management.compiler" value="HotSpot 64-Bit Tiered Compilers"/>
    <property name="java.runtime.version" value="1.8.0_201-b09"/>
    <property name="user.name" value="Administrator"/>
    <property name="path.separator" value=";"/>
    <property name="os.version" value="6.3"/>
    <property name="java.endorsed.dirs" value="C:\Program Files\Java\jdk1.8.0_201\jre\lib\endorsed"/>
    <property name="java.runtime.name" value="Java(TM) SE Runtime Environment"/>
    <property name="file.encoding" value="Cp1252"/>
    <property name="java.vm.name" value="Java HotSpot(TM) 64-Bit Server VM"/>
    <property name="localRepository" value="C:\Users\Administrator\.m2\repository"/>
    <property name="java.vendor.url.bug" value="http://bugreport.sun.com/bugreport/"/>
    <property name="java.io.tmpdir" value="C:\Users\ADMINI~1\AppData\Local\Temp\"/>
    <property name="java.version" value="1.8.0_201"/>
    <property name="user.dir" value="F:\CogsdaleWorkSpace\BitBucket\portal_test_automation"/>
    <property name="os.arch" value="amd64"/>
    <property name="java.vm.specification.name" value="Java Virtual Machine Specification"/>
    <property name="java.awt.printerjob" value="sun.awt.windows.WPrinterJob"/>
    <property name="sun.os.patch.level" value=""/>
    <property name="java.library.path" value="C:\Program Files\Java\jdk1.8.0_201\jre\bin;C:\Windows\Sun\Java\bin;C:\Windows\system32;C:\Windows;F:\apache-maven-3.6.0/bin;C:\Program Files\Java\jdk1.8.0_201/bin;C:\Program Files\Java\jdk1.8.0_201/bin;C:\Program Files (x86)\Common Files\Oracle\Java\javapath;C:\Program Files\Python35\Scripts\;C:\Program Files\Python35\;C:\Windows\system32;C:\Windows;C:\Windows\System32\Wbem;C:\Windows\System32\WindowsPowerShell\v1.0\;C:\ProgramData\chocolatey\bin;C:\Program Files (x86)\Microsoft SQL Server\Client SDK\ODBC\130\Tools\Binn\;C:\Program Files\Microsoft SQL Server\Client SDK\ODBC\110\Tools\Binn\;C:\Program Files (x86)\Microsoft SQL Server\140\Tools\Binn\;C:\Program Files (x86)\Microsoft SQL Server\140\DTS\Binn\;C:\Program Files (x86)\Microsoft SQL Server\140\Tools\Binn\ManagementStudio\;C:\Program Files\Microsoft SQL Server\Client SDK\ODBC\130\Tools\Binn\;C:\Program Files\Microsoft SQL Server\140\Tools\Binn\;C:\Program Files\Microsoft SQL Server\140\DTS\Binn\;C:\Program Files\nodejs\;C:\CSM_API\API\CSR_Portal\;C:\Server\npm\;F:\apache-maven-3.6.0\bin;C:\Program Files\Git\cmd;C:\Program Files (x86)\Microsoft SQL Server\150\DTS\Binn\;C:\Users\Administrator\AppData\Roaming\npm;C:\Users\Administrator\AppData\Local\GitHubDesktop\bin;F:\apache-maven-3.6.0\bin;."/>
    <property name="java.vm.info" value="mixed mode"/>
    <property name="java.vendor" value="Oracle Corporation"/>
    <property name="java.vm.version" value="25.201-b09"/>
    <property name="java.ext.dirs" value="C:\Program Files\Java\jdk1.8.0_201\jre\lib\ext;C:\Windows\Sun\Java\lib\ext"/>
    <property name="sun.io.unicode.encoding" value="UnicodeLittle"/>
    <property name="java.class.version" value="52.0"/>
  </properties>
  <testcase name="TestBookMark" classname="com.NexusPortalAutomation.TestCases.Java.TC0011_VerifyBookMark" time="55.998"/>
  <testcase name="VerifyDrillBackTransactions" classname="com.NexusPortalAutomation.TestCases.Java.TC0019_VerifyDrillBackTransactions" time="20.972"/>
  <testcase name="TestDrillBackServices" classname="com.NexusPortalAutomation.TestCases.Java.TC0020_VerifyDrillBackServices" time="21.719"/>
  <testcase name="TestServiceOrderDetails" classname="com.NexusPortalAutomation.TestCases.Java.TC0021_VerifyServicesOrderDetails" time="32.742"/>
  <testcase name="TestCustomerDetails" classname="com.NexusPortalAutomation.TestCases.Java.TC0010_VerifyCustomerDetails" time="28.254"/>
  <testcase name="VerifyDrillBacksGeneral" classname="com.NexusPortalAutomation.TestCases.Java.TC0018_VerifyDrillBacksGeneral" time="31.957"/>
  <testcase name="TestSearchAccount" classname="com.NexusPortalAutomation.TestCases.Java.TC0009_VerifyAccountSearch" time="30.845"/>
  <testcase name="TestBillingStatements" classname="com.NexusPortalAutomation.TestCases.Java.TC0017_StatementsValue" time="24.749"/>
  <testcase name="TestSearchbyLocationID" classname="com.NexusPortalAutomation.TestCases.Java.TC0008_VerifySignInbyLocationID" time="23.411"/>
  <testcase name="TestContactLogs" classname="com.NexusPortalAutomation.TestCases.Java.TC0015_VerifyContactLogs" time="22.972"/>
  <testcase name="VerifyBillingDetails" classname="com.NexusPortalAutomation.TestCases.Java.TC0016_VerifyBillingDetails" time="32.177"/>
  <testcase name="TestContactEdit" classname="com.NexusPortalAutomation.TestCases.Java.TC0013_VerifyContactEdit" time="33.447"/>
  <testcase name="TestSecondayContact" classname="com.NexusPortalAutomation.TestCases.Java.TC0014_VerifySecondaryContact" time="21.868"/>
  <testcase name="TestCreditStatus" classname="com.NexusPortalAutomation.TestCases.Java.TC0012_VerifyCreditStatus" time="40.35"/>
  <testcase name="TestSearchID" classname="com.NexusPortalAutomation.TestCases.Java.TC0001_VerifySignInbyID" time="23.717"/>
  <testcase name="VerifyActionServiceOrder" classname="com.NexusPortalAutomation.TestCases.Java.TC0022_VerifyAction_ServiceOrder" time="33.507"/>
  <testcase name="VerifyActionServiceOrder" classname="com.NexusPortalAutomation.TestCases.Java.TC0025_VerifyAction_Transfers_NotScheduled" time="48.72"/>
  <testcase name="VerifyActionServiceOrder" classname="com.NexusPortalAutomation.TestCases.Java.TC0029_VerifyAction_Transfers_Scheduled" time="62.779"/>
  <testcase name="VerifyRecentWidget" classname="com.NexusPortalAutomation.TestCases.Java.TC0023_VerifyRecentWidget" time="26.212"/>
  <testcase name="VerifyTransferActionServiceOrder" classname="com.NexusPortalAutomation.TestCases.Java.TC0026_VerifyAction_Transfers_StartService_NotScheduled" time="38.266"/>
  <testcase name="VerifyTransferActionServiceOrder" classname="com.NexusPortalAutomation.TestCases.Java.TC0030_VerifyAction_Transfers_StartService_Scheduled" time="42.185"/>
  <testcase name="VerifyTransferActionServiceOrder" classname="com.NexusPortalAutomation.TestCases.Java.TC0027_VerifyAction_Transfers_StopService_NotScheduled" time="37.283"/>
  <testcase name="VerifyTransferActionServiceOrder" classname="com.NexusPortalAutomation.TestCases.Java.TC0031_VerifyAction_Transfers_StopService_Scheduled" time="43.926"/>
  <testcase name="VerifyTransferActionServiceOrder" classname="com.NexusPortalAutomation.TestCases.Java.TC0032_VerifyAction_Transfers_Stack_StopService_Scheduled" time="96.229"/>
  <testcase name="VerifyTransferActionServiceOrder" classname="com.NexusPortalAutomation.TestCases.Java.TC0033_VerifyAction_Transfers_Stack_StartService_Scheduled" time="83.193">
    <failure message="Actual Value &apos;Mr. Movein Cus&apos; not Matched the expected value &apos;Mr. Auto Customer Mid Automation Aut&apos; " type="java.lang.AssertionError">java.lang.AssertionError: Actual Value 'Mr. Movein Cus' not Matched the expected value 'Mr. Auto Customer Mid Automation Aut' 
	at com.NexusPortalAutomation.TestCases.Java.TC0033_VerifyAction_Transfers_Stack_StartService_Scheduled.VerifyTransferActionServiceOrder(TC0033_VerifyAction_Transfers_Stack_StartService_Scheduled.java:145)
</failure>
    <system-out><![CDATA[Test completed successfully- VerifyTransferActionServiceOrder
Closing Browser
Test Completed...
Launching Chrome
Browser Maximised
Test started- VerifyTransferActionServiceOrder
SORD00000001332
SORD00000001333
SORD00000001334
Deleting Records for SORD00000001334
0
0
0
Deleting Records for LOC@0004
Deleting Records for 
Deleting Records for 
Deleting Records for 
Angular Request Completed in 63ms
Log in to Nexus View
Element [[ChromeDriver: chrome on XP (51e18ba09b06ac89022066bdcbe75031)] -> id: username] displayed in 61ms
Login Page Title Verified
Element [[ChromeDriver: chrome on XP (51e18ba09b06ac89022066bdcbe75031)] -> id: username] displayed in 32ms
Element [[ChromeDriver: chrome on XP (51e18ba09b06ac89022066bdcbe75031)] -> id: password] displayed in 68ms
Element [[ChromeDriver: chrome on XP (51e18ba09b06ac89022066bdcbe75031)] -> id: kc-login] displayed in 57ms
Angular Request Completed in 15ms
User signed Admin
Enter Text for Search =LOC@0004
Element [[ChromeDriver: chrome on XP (51e18ba09b06ac89022066bdcbe75031)] -> id: SRCH_Input] displayed in 50ms
Angular request time 952ms
Click Customer
Angular request time 2430ms
Angular request time 12ms
Element [[ChromeDriver: chrome on XP (51e18ba09b06ac89022066bdcbe75031)] -> id: 'LOC_Location_Id'] displayed in 52ms
get Text Text CustomerLocId
Angular request time 10ms
Customer Location Id found LOC@0004
Strings Matched: LOC@0004 = LOC@0004
Click Action Dropdown
Element [[ChromeDriver: chrome on XP (51e18ba09b06ac89022066bdcbe75031)] -> id: ACTION_Button] displayed in 49ms
Element [[ChromeDriver: chrome on XP (51e18ba09b06ac89022066bdcbe75031)] -> id: ACTION_Button] displayed in 25ms
Angular request time 27ms
Click Action Drop down
Angular request time 10ms
Element [[ChromeDriver: chrome on XP (51e18ba09b06ac89022066bdcbe75031)] -> id: ACTION_Transfer_Service] displayed in 66ms
Element [[ChromeDriver: chrome on XP (51e18ba09b06ac89022066bdcbe75031)] -> id: ACTION_Transfer_Service] displayed in 41ms
Angular request time 268ms
Click Action Transfer Service Drop down
Angular request time 46ms
Element [[ChromeDriver: chrome on XP (51e18ba09b06ac89022066bdcbe75031)] -> id: XFER_Select] displayed in 209ms
Angular request time 15ms
Click Transfer Combo
Angular request time 12ms
Element [[ChromeDriver: chrome on XP (51e18ba09b06ac89022066bdcbe75031)] -> id: XFER_Select_Option_2] displayed in 134ms
Angular request time 246ms
Click Transfer Option 2
Angular request time 11ms
Element [[ChromeDriver: chrome on XP (51e18ba09b06ac89022066bdcbe75031)] -> id: XFER_Date_Picker_Requested] displayed in 103ms
08/29/2019 09:25
Submit Transfer Request
TRANSFER
Element [[ChromeDriver: chrome on XP (51e18ba09b06ac89022066bdcbe75031)] -> id: CLO_Service_Order_Input] displayed in 78ms
Set Text Search Request
Angular request time 10ms
Element [[ChromeDriver: chrome on XP (51e18ba09b06ac89022066bdcbe75031)] -> id: XFER_Date_Picker_Scheduled] displayed in 93ms
Enter Schedule Date Date
Element [[ChromeDriver: chrome on XP (51e18ba09b06ac89022066bdcbe75031)] -> id: XFER_Date_Picker_Scheduled] displayed in 163ms
Set Text DatePicket
Angular request time 524ms
Strings Matched: Mr. VACANT VACANT = Mr. VACANT VACANT
Element [[ChromeDriver: chrome on XP (51e18ba09b06ac89022066bdcbe75031)] -> id: XFER_Search_Input] displayed in 347ms
Set Text Customer Name Request
Angular request time 32ms
Element [[ChromeDriver: chrome on XP (51e18ba09b06ac89022066bdcbe75031)] -> id: XFER_Search_Option_1] displayed in 1227ms
Angular request time 48ms
Click XFER_Search_Option_1_Customer_Name
Angular request time 14ms
Element [[ChromeDriver: chrome on XP (51e18ba09b06ac89022066bdcbe75031)] -> id: XFER_Description] displayed in 82ms
Set Text Description Request
Angular request time 12ms
Click Submit
Element [[ChromeDriver: chrome on XP (51e18ba09b06ac89022066bdcbe75031)] -> id: XFER_Button_Action] displayed in 78ms
Element [[ChromeDriver: chrome on XP (51e18ba09b06ac89022066bdcbe75031)] -> id: XFER_Button_Action] displayed in 70ms
Angular request time 583ms
Click MoveInSubmit Button
Angular request time 9ms
Element [[ChromeDriver: chrome on XP (51e18ba09b06ac89022066bdcbe75031)] -> id: XFER_Button_Done] displayed in 65ms
Angular request time 642ms
Click Done Button for Transfer
Angular request time 20ms
Clicking Servic Order Link
Element [[ChromeDriver: chrome on XP (51e18ba09b06ac89022066bdcbe75031)] -> css selector: #mat-tab-label-0-2 > div] displayed in 75ms
Angular request time 1250ms
Click Service Order Link
Angular request time 33ms
Element [[ChromeDriver: chrome on XP (51e18ba09b06ac89022066bdcbe75031)] -> id: SOLV_Service_Order_1] displayed in 265ms
Element [[ChromeDriver: chrome on XP (51e18ba09b06ac89022066bdcbe75031)] -> id: SOLV_Service_Order_1] displayed in 48ms
Angular request time 8ms
Click Clicking Service Order 1
Angular request time 371ms
Angular request time 10ms
Capturing Servic Order Number
Element [[ChromeDriver: chrome on XP (51e18ba09b06ac89022066bdcbe75031)] -> id: SODV_Service_Order_Id] displayed in 59ms
get Text Text Service Order Number
Angular request time 11ms
Element [[ChromeDriver: chrome on XP (51e18ba09b06ac89022066bdcbe75031)] -> id: ACTION_Refresh_Page] displayed in 389ms
Element [[ChromeDriver: chrome on XP (51e18ba09b06ac89022066bdcbe75031)] -> id: ACTION_Refresh_Page] displayed in 49ms
Angular request time 1881ms
Click Refresh Button
Angular request time 11ms
Refresh Page
Click Action Dropdown
Element [[ChromeDriver: chrome on XP (51e18ba09b06ac89022066bdcbe75031)] -> id: ACTION_Button] displayed in 22ms
Element [[ChromeDriver: chrome on XP (51e18ba09b06ac89022066bdcbe75031)] -> id: ACTION_Button] displayed in 23ms
Angular request time 14ms
Click Action Drop down
Angular request time 11ms
Element [[ChromeDriver: chrome on XP (51e18ba09b06ac89022066bdcbe75031)] -> id: ACTION_Transfer_Service] displayed in 71ms
Element [[ChromeDriver: chrome on XP (51e18ba09b06ac89022066bdcbe75031)] -> id: ACTION_Transfer_Service] displayed in 179ms
Angular request time 341ms
Click Action Transfer Service Drop down
Angular request time 17ms
Element [[ChromeDriver: chrome on XP (51e18ba09b06ac89022066bdcbe75031)] -> id: XFER_Select] displayed in 156ms
Angular request time 21ms
Click Transfer Combo
Angular request time 20ms
Element [[ChromeDriver: chrome on XP (51e18ba09b06ac89022066bdcbe75031)] -> id: XFER_Select_Option_2] displayed in 114ms
Angular request time 792ms
Click Transfer Option 2
Angular request time 26ms
Element [[ChromeDriver: chrome on XP (51e18ba09b06ac89022066bdcbe75031)] -> id: XFER_Warning_Message] displayed in 37ms
Strings Matched: Service Order Exist. TRANSFER = Service Order Exist. TRANSFER
Element [[ChromeDriver: chrome on XP (51e18ba09b06ac89022066bdcbe75031)] -> id: idPrefix + '_Warning_Drillback'] displayed in 34ms
String =cogsdrillback://DGPB/?Db=SQL_2017&Srv=RND-BASE-A&Cmp=TWO&Prod=229&Act=OPEN&Func=ServiceOrder&LocationID=LOC@0004&ServiceOrderNumber=SORD00000001335&CogsDrillback=1 Contains = SORD00000001335
Submit Transfer Request
TRANSFER
Element [[ChromeDriver: chrome on XP (51e18ba09b06ac89022066bdcbe75031)] -> id: CLO_Service_Order_Input] displayed in 59ms
Set Text Search Request
Angular request time 12ms
Element [[ChromeDriver: chrome on XP (51e18ba09b06ac89022066bdcbe75031)] -> id: XFER_Date_Picker_Scheduled] displayed in 53ms
Enter Schedule Date Date
Element [[ChromeDriver: chrome on XP (51e18ba09b06ac89022066bdcbe75031)] -> id: XFER_Date_Picker_Scheduled] displayed in 63ms
Set Text DatePicket
Angular request time 1022ms
Strings Matched: Mr. VACANT VACANT = Mr. VACANT VACANT
Element [[ChromeDriver: chrome on XP (51e18ba09b06ac89022066bdcbe75031)] -> id: XFER_Search_Input] displayed in 64ms
Set Text Customer Name Request
Angular request time 13ms
Element [[ChromeDriver: chrome on XP (51e18ba09b06ac89022066bdcbe75031)] -> id: XFER_Search_Option_1] displayed in 1570ms
Angular request time 26ms
Click XFER_Search_Option_1_Customer_Name
Angular request time 9ms
Element [[ChromeDriver: chrome on XP (51e18ba09b06ac89022066bdcbe75031)] -> id: XFER_Description] displayed in 58ms
Set Text Description Request
Angular request time 13ms
Click Submit
Element [[ChromeDriver: chrome on XP (51e18ba09b06ac89022066bdcbe75031)] -> id: XFER_Button_Action] displayed in 58ms
Element [[ChromeDriver: chrome on XP (51e18ba09b06ac89022066bdcbe75031)] -> id: XFER_Button_Action] displayed in 47ms
Angular request time 324ms
Click MoveInSubmit Button
Angular request time 11ms
Element [[ChromeDriver: chrome on XP (51e18ba09b06ac89022066bdcbe75031)] -> id: XFER_Button_Done] displayed in 364ms
Angular request time 521ms
Click Done Button for Transfer
Angular request time 9ms
Element [[ChromeDriver: chrome on XP (51e18ba09b06ac89022066bdcbe75031)] -> id: ACTION_Refresh_Page] displayed in 42ms
Element [[ChromeDriver: chrome on XP (51e18ba09b06ac89022066bdcbe75031)] -> id: ACTION_Refresh_Page] displayed in 43ms
Angular request time 1718ms
Click Refresh Button
Angular request time 18ms
Refresh Page
Clicking Servic Order Link
Element [[ChromeDriver: chrome on XP (51e18ba09b06ac89022066bdcbe75031)] -> css selector: #mat-tab-label-0-2 > div] displayed in 25ms
Angular request time 11ms
Click Service Order Link
Angular request time 8ms
Element [[ChromeDriver: chrome on XP (51e18ba09b06ac89022066bdcbe75031)] -> id: SOLV_Service_Order_2] displayed in 63ms
Element [[ChromeDriver: chrome on XP (51e18ba09b06ac89022066bdcbe75031)] -> id: SOLV_Service_Order_2] displayed in 51ms
Angular request time 320ms
Click Clicking Service Order 2
Angular request time 9ms
Angular request time 12ms
Capturing Servic Order Number
Element [[ChromeDriver: chrome on XP (51e18ba09b06ac89022066bdcbe75031)] -> id: SODV_Service_Order_Id] displayed in 63ms
get Text Text Service Order Number
Angular request time 12ms
Element [[ChromeDriver: chrome on XP (51e18ba09b06ac89022066bdcbe75031)] -> id: SODV_Drillback] displayed in 41ms
String =cogsdrillback://DGPB/?Db=SQL_2017&Srv=RND-BASE-A&Cmp=TWO&Prod=229&Act=OPEN&Func=ServiceOrder&LocationID=LOC@0004&ServiceOrderNumber=SORD00000001336&CogsDrillback=1 Contains = SORD00000001336
get Requested Date
Strings Matched: Aug 29, 2019 = Aug 29, 2019
SORD00000001336
SORD00000001336
Service Order verified = SORD00000001336
Element [[ChromeDriver: chrome on XP (51e18ba09b06ac89022066bdcbe75031)] -> id: ACTION_Refresh_Page] displayed in 49ms
Element [[ChromeDriver: chrome on XP (51e18ba09b06ac89022066bdcbe75031)] -> id: ACTION_Refresh_Page] displayed in 53ms
Angular request time 1606ms
Click Refresh Button
Angular request time 17ms
Refresh Page
Click Action Dropdown
Element [[ChromeDriver: chrome on XP (51e18ba09b06ac89022066bdcbe75031)] -> id: ACTION_Button] displayed in 26ms
Element [[ChromeDriver: chrome on XP (51e18ba09b06ac89022066bdcbe75031)] -> id: ACTION_Button] displayed in 22ms
Angular request time 18ms
Click Action Drop down
Angular request time 11ms
Element [[ChromeDriver: chrome on XP (51e18ba09b06ac89022066bdcbe75031)] -> id: ACTION_Transfer_Service] displayed in 58ms
Element [[ChromeDriver: chrome on XP (51e18ba09b06ac89022066bdcbe75031)] -> id: ACTION_Transfer_Service] displayed in 50ms
Angular request time 532ms
Click Action Transfer Service Drop down
Angular request time 66ms
Element [[ChromeDriver: chrome on XP (51e18ba09b06ac89022066bdcbe75031)] -> id: XFER_Select] displayed in 168ms
Angular request time 19ms
Click Transfer Combo
Angular request time 10ms
Element [[ChromeDriver: chrome on XP (51e18ba09b06ac89022066bdcbe75031)] -> id: XFER_Select_Option_2] displayed in 74ms
Angular request time 324ms
Click Transfer Option 2
Angular request time 10ms
Element [[ChromeDriver: chrome on XP (51e18ba09b06ac89022066bdcbe75031)] -> id: XFER_Warning_Message] displayed in 34ms
Strings Matched: Multiple Service Orders Exist. TRANSFER = Multiple Service Orders Exist. TRANSFER
Element [[ChromeDriver: chrome on XP (51e18ba09b06ac89022066bdcbe75031)] -> id: idPrefix + '_Warning_Drillback'] displayed in 28ms
String =cogsdrillback://DGPB/?Db=SQL_2017&Srv=RND-BASE-A&Cmp=TWO&Prod=229&Act=OPEN&Func=ServiceOrder&LocationID=LOC@0004&ServiceOrderNumber=SORD00000001336&CogsDrillback=1 Contains = SORD00000001336
TRANSFER
Element [[ChromeDriver: chrome on XP (51e18ba09b06ac89022066bdcbe75031)] -> id: CLO_Service_Order_Input] displayed in 43ms
Set Text Search Request
Angular request time 10ms
Submit Transfer Request
TRANSFER
Element [[ChromeDriver: chrome on XP (51e18ba09b06ac89022066bdcbe75031)] -> id: CLO_Service_Order_Input] displayed in 82ms
Set Text Search Request
Angular request time 744ms
Element [[ChromeDriver: chrome on XP (51e18ba09b06ac89022066bdcbe75031)] -> id: XFER_Date_Picker_Scheduled] displayed in 51ms
Enter Schedule Date Date
Element [[ChromeDriver: chrome on XP (51e18ba09b06ac89022066bdcbe75031)] -> id: XFER_Date_Picker_Scheduled] displayed in 56ms
Set Text DatePicket
Angular request time 959ms
Strings Matched: Mr. VACANT VACANT = Mr. VACANT VACANT
Element [[ChromeDriver: chrome on XP (51e18ba09b06ac89022066bdcbe75031)] -> id: XFER_Search_Input] displayed in 427ms
Set Text Customer Name Request
Angular request time 15ms
Element [[ChromeDriver: chrome on XP (51e18ba09b06ac89022066bdcbe75031)] -> id: XFER_Search_Option_1] displayed in 946ms
Angular request time 22ms
Click XFER_Search_Option_1_Customer_Name
Angular request time 10ms
Element [[ChromeDriver: chrome on XP (51e18ba09b06ac89022066bdcbe75031)] -> id: XFER_Description] displayed in 60ms
Set Text Description Request
Angular request time 10ms
Click Submit
Element [[ChromeDriver: chrome on XP (51e18ba09b06ac89022066bdcbe75031)] -> id: XFER_Button_Action] displayed in 57ms
Element [[ChromeDriver: chrome on XP (51e18ba09b06ac89022066bdcbe75031)] -> id: XFER_Button_Action] displayed in 51ms
Angular request time 373ms
Click MoveInSubmit Button
Angular request time 21ms
Element [[ChromeDriver: chrome on XP (51e18ba09b06ac89022066bdcbe75031)] -> id: XFER_Button_Done] displayed in 62ms
Angular request time 1231ms
Click Done Button for Transfer
Angular request time 14ms
Element [[ChromeDriver: chrome on XP (51e18ba09b06ac89022066bdcbe75031)] -> id: ACTION_Refresh_Page] displayed in 55ms
Element [[ChromeDriver: chrome on XP (51e18ba09b06ac89022066bdcbe75031)] -> id: ACTION_Refresh_Page] displayed in 51ms
Angular request time 1864ms
Click Refresh Button
Angular request time 11ms
Refresh Page
Element [[ChromeDriver: chrome on XP (51e18ba09b06ac89022066bdcbe75031)] -> id: SOLV_Service_Order_3] displayed in 72ms
Element [[ChromeDriver: chrome on XP (51e18ba09b06ac89022066bdcbe75031)] -> id: SOLV_Service_Order_3] displayed in 52ms
Angular request time 366ms
Click Clicking Service Order 3
Angular request time 11ms
Angular request time 9ms
get Requested Customer Name
]]></system-out>
    <system-err><![CDATA[Starting ChromeDriver 76.0.3809.126 (d80a294506b4c9d18015e755cee48f953ddc3f2f-refs/branch-heads/3809@{#1024}) on port 44579
Only local connections are allowed.
Please protect ports used by ChromeDriver and related test frameworks to prevent access by malicious code.
Aug 29, 2019 9:24:47 AM org.openqa.selenium.remote.ProtocolHandshake createSession
INFO: Detected dialect: W3C
]]></system-err>
  </testcase>
  <testcase name="VerifyTransferActionServiceOrder" classname="com.NexusPortalAutomation.TestCases.Java.TC0034_VerifyAction_Transfers_Stack_TwoLocations" time="106.3"/>
  <testcase name="VerifyTransferActionServiceOrder" classname="com.NexusPortalAutomation.TestCases.Java.TC0035_VerifyAction_Transfers_StopService" time="75.746">
    <failure message="Actual Value &apos;Mr. Alert Test (Customeralert01)&apos; not Matched the expected value &apos;Mr. Auto Customer Mid Automation Aut (Auto Custom)&apos; " type="java.lang.AssertionError">java.lang.AssertionError: Actual Value 'Mr. Alert Test (Customeralert01)' not Matched the expected value 'Mr. Auto Customer Mid Automation Aut (Auto Custom)' 
	at com.NexusPortalAutomation.TestCases.Java.TC0035_VerifyAction_Transfers_StopService.VerifyTransferActionServiceOrder(TC0035_VerifyAction_Transfers_StopService.java:131)
</failure>
    <system-out><![CDATA[Test completed successfully- VerifyTransferActionServiceOrder
Closing Browser
Test Completed...
Launching Chrome
Browser Maximised
Test started- VerifyTransferActionServiceOrder
SORD00000001338
SORD00000001339
SORD00000001341
Deleting Records for SORD00000001341
0
0
0
Deleting Records for LOC@0004
Deleting Records for 
Deleting Records for 
Angular Request Completed in 61ms
Log in to Nexus View
Element [[ChromeDriver: chrome on XP (2de532e087b92cb8bb1bd07ec39094eb)] -> id: username] displayed in 59ms
Login Page Title Verified
Element [[ChromeDriver: chrome on XP (2de532e087b92cb8bb1bd07ec39094eb)] -> id: username] displayed in 27ms
Element [[ChromeDriver: chrome on XP (2de532e087b92cb8bb1bd07ec39094eb)] -> id: password] displayed in 48ms
Element [[ChromeDriver: chrome on XP (2de532e087b92cb8bb1bd07ec39094eb)] -> id: kc-login] displayed in 54ms
Angular Request Completed in 10ms
User signed Admin
Enter Text for Search =LOC@0004
Element [[ChromeDriver: chrome on XP (2de532e087b92cb8bb1bd07ec39094eb)] -> id: SRCH_Input] displayed in 49ms
Angular request time 661ms
Click Customer
Angular request time 1685ms
Angular request time 11ms
Element [[ChromeDriver: chrome on XP (2de532e087b92cb8bb1bd07ec39094eb)] -> id: 'LOC_Location_Id'] displayed in 44ms
get Text Text CustomerLocId
Angular request time 9ms
Customer Location Id found LOC@0004
Strings Matched: LOC@0004 = LOC@0004
Click Action Dropdown
Element [[ChromeDriver: chrome on XP (2de532e087b92cb8bb1bd07ec39094eb)] -> id: ACTION_Button] displayed in 120ms
Element [[ChromeDriver: chrome on XP (2de532e087b92cb8bb1bd07ec39094eb)] -> id: ACTION_Button] displayed in 21ms
Angular request time 10ms
Click Action Drop down
Angular request time 15ms
Element [[ChromeDriver: chrome on XP (2de532e087b92cb8bb1bd07ec39094eb)] -> id: ACTION_Transfer_Service] displayed in 108ms
Element [[ChromeDriver: chrome on XP (2de532e087b92cb8bb1bd07ec39094eb)] -> id: ACTION_Transfer_Service] displayed in 40ms
Angular request time 266ms
Click Action Transfer Service Drop down
Angular request time 32ms
Element [[ChromeDriver: chrome on XP (2de532e087b92cb8bb1bd07ec39094eb)] -> id: XFER_Select] displayed in 227ms
Angular request time 8ms
Click Transfer Combo
Angular request time 14ms
Element [[ChromeDriver: chrome on XP (2de532e087b92cb8bb1bd07ec39094eb)] -> id: XFER_Select_Option_3] displayed in 68ms
Angular request time 319ms
Click Transfer Option 3
Angular request time 8ms
Element [[ChromeDriver: chrome on XP (2de532e087b92cb8bb1bd07ec39094eb)] -> id: XFER_Date_Picker_Requested] displayed in 58ms
08/29/2019 09:28
Submit Transfer Request
TRANSFER
Element [[ChromeDriver: chrome on XP (2de532e087b92cb8bb1bd07ec39094eb)] -> id: CLO_Service_Order_Input] displayed in 51ms
Set Text Search Request
Angular request time 9ms
Element [[ChromeDriver: chrome on XP (2de532e087b92cb8bb1bd07ec39094eb)] -> id: XFER_Date_Picker_Scheduled] displayed in 61ms
Enter Schedule Date Date
Element [[ChromeDriver: chrome on XP (2de532e087b92cb8bb1bd07ec39094eb)] -> id: XFER_Date_Picker_Scheduled] displayed in 48ms
Set Text DatePicket
Angular request time 735ms
Strings Matched: Mr. VACANT VACANT = Mr. VACANT VACANT
Element [[ChromeDriver: chrome on XP (2de532e087b92cb8bb1bd07ec39094eb)] -> id: XFER_Search_Input] displayed in 72ms
Set Text Customer Name Request
Angular request time 16ms
Element [[ChromeDriver: chrome on XP (2de532e087b92cb8bb1bd07ec39094eb)] -> id: XFER_Search_Option_1] displayed in 974ms
Angular request time 20ms
Click XFER_Search_Option_1_Customer_Name
Angular request time 10ms
Element [[ChromeDriver: chrome on XP (2de532e087b92cb8bb1bd07ec39094eb)] -> id: XFER_Description] displayed in 67ms
Set Text Description Request
Angular request time 17ms
Click Submit
Element [[ChromeDriver: chrome on XP (2de532e087b92cb8bb1bd07ec39094eb)] -> id: XFER_Button_Action] displayed in 172ms
Element [[ChromeDriver: chrome on XP (2de532e087b92cb8bb1bd07ec39094eb)] -> id: XFER_Button_Action] displayed in 69ms
Angular request time 362ms
Click MoveInSubmit Button
Angular request time 18ms
Element [[ChromeDriver: chrome on XP (2de532e087b92cb8bb1bd07ec39094eb)] -> id: XFER_Button_Done] displayed in 65ms
Angular request time 1034ms
Click Done Button for Transfer
Angular request time 11ms
Clicking Servic Order Link
Element [[ChromeDriver: chrome on XP (2de532e087b92cb8bb1bd07ec39094eb)] -> css selector: #mat-tab-label-0-2 > div] displayed in 55ms
Angular request time 1888ms
Click Service Order Link
Angular request time 16ms
Element [[ChromeDriver: chrome on XP (2de532e087b92cb8bb1bd07ec39094eb)] -> id: SOLV_Service_Order_1] displayed in 61ms
Element [[ChromeDriver: chrome on XP (2de532e087b92cb8bb1bd07ec39094eb)] -> id: SOLV_Service_Order_1] displayed in 50ms
Angular request time 18ms
Click Clicking Service Order 1
Angular request time 12ms
Angular request time 10ms
Capturing Servic Order Number
Element [[ChromeDriver: chrome on XP (2de532e087b92cb8bb1bd07ec39094eb)] -> id: SODV_Service_Order_Id] displayed in 69ms
get Text Text Service Order Number
Angular request time 9ms
Element [[ChromeDriver: chrome on XP (2de532e087b92cb8bb1bd07ec39094eb)] -> id: ACTION_Refresh_Page] displayed in 68ms
Element [[ChromeDriver: chrome on XP (2de532e087b92cb8bb1bd07ec39094eb)] -> id: ACTION_Refresh_Page] displayed in 50ms
Angular request time 1724ms
Click Refresh Button
Angular request time 20ms
Refresh Page
Click Action Dropdown
Element [[ChromeDriver: chrome on XP (2de532e087b92cb8bb1bd07ec39094eb)] -> id: ACTION_Button] displayed in 23ms
Element [[ChromeDriver: chrome on XP (2de532e087b92cb8bb1bd07ec39094eb)] -> id: ACTION_Button] displayed in 23ms
Angular request time 11ms
Click Action Drop down
Angular request time 16ms
Element [[ChromeDriver: chrome on XP (2de532e087b92cb8bb1bd07ec39094eb)] -> id: ACTION_Transfer_Service] displayed in 70ms
Element [[ChromeDriver: chrome on XP (2de532e087b92cb8bb1bd07ec39094eb)] -> id: ACTION_Transfer_Service] displayed in 184ms
Angular request time 374ms
Click Action Transfer Service Drop down
Angular request time 37ms
Element [[ChromeDriver: chrome on XP (2de532e087b92cb8bb1bd07ec39094eb)] -> id: XFER_Select] displayed in 138ms
Angular request time 19ms
Click Transfer Combo
Angular request time 22ms
Element [[ChromeDriver: chrome on XP (2de532e087b92cb8bb1bd07ec39094eb)] -> id: XFER_Select_Option_3] displayed in 75ms
Angular request time 483ms
Click Transfer Option 3
Angular request time 18ms
Element [[ChromeDriver: chrome on XP (2de532e087b92cb8bb1bd07ec39094eb)] -> id: XFER_Warning_Message] displayed in 35ms
Strings Matched: Service Order Exist. TRANSFER = Service Order Exist. TRANSFER
Element [[ChromeDriver: chrome on XP (2de532e087b92cb8bb1bd07ec39094eb)] -> id: idPrefix + '_Warning_Drillback'] displayed in 32ms
String =cogsdrillback://DGPB/?Db=SQL_2017&Srv=RND-BASE-A&Cmp=TWO&Prod=229&Act=OPEN&Func=ServiceOrder&LocationID=LOC@0004&ServiceOrderNumber=SORD00000001342&CogsDrillback=1 Contains = SORD00000001342
Date after Addition of two days Aug 31, 2019
Submit Transfer Request
TRANSFER
Element [[ChromeDriver: chrome on XP (2de532e087b92cb8bb1bd07ec39094eb)] -> id: CLO_Service_Order_Input] displayed in 54ms
Set Text Search Request
Angular request time 11ms
Element [[ChromeDriver: chrome on XP (2de532e087b92cb8bb1bd07ec39094eb)] -> id: XFER_Date_Picker_Scheduled] displayed in 65ms
Enter Schedule Date Date
Element [[ChromeDriver: chrome on XP (2de532e087b92cb8bb1bd07ec39094eb)] -> id: XFER_Date_Picker_Scheduled] displayed in 61ms
Set Text DatePicket
Angular request time 735ms
Strings Matched: Mr. VACANT VACANT = Mr. VACANT VACANT
Element [[ChromeDriver: chrome on XP (2de532e087b92cb8bb1bd07ec39094eb)] -> id: XFER_Search_Input] displayed in 62ms
Set Text Customer Name Request
Angular request time 30ms
Element [[ChromeDriver: chrome on XP (2de532e087b92cb8bb1bd07ec39094eb)] -> id: XFER_Search_Option_1] displayed in 954ms
Angular request time 45ms
Click XFER_Search_Option_1_Customer_Name
Angular request time 10ms
Element [[ChromeDriver: chrome on XP (2de532e087b92cb8bb1bd07ec39094eb)] -> id: XFER_Description] displayed in 58ms
Set Text Description Request
Angular request time 11ms
Click Submit
Element [[ChromeDriver: chrome on XP (2de532e087b92cb8bb1bd07ec39094eb)] -> id: XFER_Button_Action] displayed in 66ms
Element [[ChromeDriver: chrome on XP (2de532e087b92cb8bb1bd07ec39094eb)] -> id: XFER_Button_Action] displayed in 46ms
Angular request time 319ms
Click MoveInSubmit Button
Angular request time 11ms
Element [[ChromeDriver: chrome on XP (2de532e087b92cb8bb1bd07ec39094eb)] -> id: XFER_Button_Done] displayed in 348ms
Angular request time 544ms
Click Done Button for Transfer
Angular request time 8ms
Element [[ChromeDriver: chrome on XP (2de532e087b92cb8bb1bd07ec39094eb)] -> id: ACTION_Refresh_Page] displayed in 56ms
Element [[ChromeDriver: chrome on XP (2de532e087b92cb8bb1bd07ec39094eb)] -> id: ACTION_Refresh_Page] displayed in 135ms
Angular request time 1598ms
Click Refresh Button
Angular request time 14ms
Refresh Page
Clicking Servic Order Link
Element [[ChromeDriver: chrome on XP (2de532e087b92cb8bb1bd07ec39094eb)] -> css selector: #mat-tab-label-0-2 > div] displayed in 29ms
Angular request time 11ms
Click Service Order Link
Angular request time 9ms
Element [[ChromeDriver: chrome on XP (2de532e087b92cb8bb1bd07ec39094eb)] -> id: SOLV_Service_Order_2] displayed in 51ms
Element [[ChromeDriver: chrome on XP (2de532e087b92cb8bb1bd07ec39094eb)] -> id: SOLV_Service_Order_2] displayed in 48ms
Angular request time 258ms
Click Clicking Service Order 2
Angular request time 18ms
Angular request time 13ms
Capturing Servic Order Number
Element [[ChromeDriver: chrome on XP (2de532e087b92cb8bb1bd07ec39094eb)] -> id: SODV_Service_Order_Id] displayed in 55ms
get Text Text Service Order Number
Angular request time 8ms
Element [[ChromeDriver: chrome on XP (2de532e087b92cb8bb1bd07ec39094eb)] -> id: ACTION_Refresh_Page] displayed in 49ms
Element [[ChromeDriver: chrome on XP (2de532e087b92cb8bb1bd07ec39094eb)] -> id: ACTION_Refresh_Page] displayed in 44ms
Angular request time 2041ms
Click Refresh Button
Angular request time 11ms
Refresh Page
Click Action Dropdown
Element [[ChromeDriver: chrome on XP (2de532e087b92cb8bb1bd07ec39094eb)] -> id: ACTION_Button] displayed in 23ms
Element [[ChromeDriver: chrome on XP (2de532e087b92cb8bb1bd07ec39094eb)] -> id: ACTION_Button] displayed in 21ms
Angular request time 12ms
Click Action Drop down
Angular request time 12ms
Element [[ChromeDriver: chrome on XP (2de532e087b92cb8bb1bd07ec39094eb)] -> id: ACTION_Transfer_Service] displayed in 67ms
Element [[ChromeDriver: chrome on XP (2de532e087b92cb8bb1bd07ec39094eb)] -> id: ACTION_Transfer_Service] displayed in 46ms
Angular request time 426ms
Click Action Transfer Service Drop down
Angular request time 92ms
Element [[ChromeDriver: chrome on XP (2de532e087b92cb8bb1bd07ec39094eb)] -> id: XFER_Select] displayed in 167ms
Angular request time 16ms
Click Transfer Combo
Angular request time 15ms
Element [[ChromeDriver: chrome on XP (2de532e087b92cb8bb1bd07ec39094eb)] -> id: XFER_Select_Option_3] displayed in 88ms
Angular request time 370ms
Click Transfer Option 3
Angular request time 12ms
Element [[ChromeDriver: chrome on XP (2de532e087b92cb8bb1bd07ec39094eb)] -> id: XFER_Warning_Message] displayed in 33ms
Strings Matched: Multiple Service Orders Exist. TRANSFER = Multiple Service Orders Exist. TRANSFER
Element [[ChromeDriver: chrome on XP (2de532e087b92cb8bb1bd07ec39094eb)] -> id: idPrefix + '_Warning_Drillback'] displayed in 40ms
String =cogsdrillback://DGPB/?Db=SQL_2017&Srv=RND-BASE-A&Cmp=TWO&Prod=229&Act=OPEN&Func=ServiceOrder&LocationID=LOC@0004&ServiceOrderNumber=SORD00000001343&CogsDrillback=1 Contains = SORD00000001343
Submit Transfer Request
TRANSFER
Element [[ChromeDriver: chrome on XP (2de532e087b92cb8bb1bd07ec39094eb)] -> id: CLO_Service_Order_Input] displayed in 60ms
Set Text Search Request
Angular request time 11ms
Element [[ChromeDriver: chrome on XP (2de532e087b92cb8bb1bd07ec39094eb)] -> id: XFER_Date_Picker_Scheduled] displayed in 74ms
Enter Schedule Date Date
Element [[ChromeDriver: chrome on XP (2de532e087b92cb8bb1bd07ec39094eb)] -> id: XFER_Date_Picker_Scheduled] displayed in 59ms
Set Text DatePicket
Angular request time 817ms
Strings Matched: Mr. VACANT VACANT = Mr. VACANT VACANT
Element [[ChromeDriver: chrome on XP (2de532e087b92cb8bb1bd07ec39094eb)] -> id: XFER_Search_Input] displayed in 56ms
Set Text Customer Name Request
Angular request time 13ms
Element [[ChromeDriver: chrome on XP (2de532e087b92cb8bb1bd07ec39094eb)] -> id: XFER_Search_Option_1] displayed in 1047ms
Angular request time 28ms
Click XFER_Search_Option_1_Customer_Name
Angular request time 15ms
Element [[ChromeDriver: chrome on XP (2de532e087b92cb8bb1bd07ec39094eb)] -> id: XFER_Description] displayed in 66ms
Set Text Description Request
Angular request time 25ms
Click Submit
Element [[ChromeDriver: chrome on XP (2de532e087b92cb8bb1bd07ec39094eb)] -> id: XFER_Button_Action] displayed in 67ms
Element [[ChromeDriver: chrome on XP (2de532e087b92cb8bb1bd07ec39094eb)] -> id: XFER_Button_Action] displayed in 67ms
Angular request time 702ms
Click MoveInSubmit Button
Angular request time 19ms
Element [[ChromeDriver: chrome on XP (2de532e087b92cb8bb1bd07ec39094eb)] -> id: XFER_Button_Done] displayed in 58ms
Angular request time 540ms
Click Done Button for Transfer
Angular request time 10ms
Element [[ChromeDriver: chrome on XP (2de532e087b92cb8bb1bd07ec39094eb)] -> id: ACTION_Refresh_Page] displayed in 120ms
Element [[ChromeDriver: chrome on XP (2de532e087b92cb8bb1bd07ec39094eb)] -> id: ACTION_Refresh_Page] displayed in 47ms
Angular request time 1836ms
Click Refresh Button
Angular request time 13ms
Refresh Page
Clicking Servic Order Link
Element [[ChromeDriver: chrome on XP (2de532e087b92cb8bb1bd07ec39094eb)] -> css selector: #mat-tab-label-0-2 > div] displayed in 52ms
Angular request time 8ms
Click Service Order Link
Angular request time 8ms
Element [[ChromeDriver: chrome on XP (2de532e087b92cb8bb1bd07ec39094eb)] -> id: SOLV_Service_Order_3] displayed in 52ms
Element [[ChromeDriver: chrome on XP (2de532e087b92cb8bb1bd07ec39094eb)] -> id: SOLV_Service_Order_3] displayed in 60ms
Angular request time 400ms
Click Clicking Service Order 3
Angular request time 13ms
Angular request time 11ms
get Requested Customer Name
Strings Matched: Mr. Automation Mate = Mr. Automation Mate
get Move Out Customer Date
Strings Matched: Mr. Automation Mate = Mr. Automation Mate
get Movein Customer Name Date
Strings Matched: Mr. Movein Cus (Moveincus2) = Mr. Movein Cus (Moveincus2)
get Scheduled Date
Strings Matched: Not Scheduled = Not Scheduled
get Requested Date
Strings Matched: Aug 29, 2019 = Aug 29, 2019
Meter Reading-electric
Strings Matched: Meter Reading-electric = Meter Reading-electric
get Task Description
Strings Matched: Charge New Customer = Charge New Customer
get Task Description
Strings Matched: Property Transfer = Property Transfer
get Task Description
Strings Matched: Deposit Request-new Customer = Deposit Request-new Customer
Deposit Payment-new Customer E
Strings Matched: Deposit Payment-new Customer E = Deposit Payment-new Customer E
Prepayment Required-new Custom
Strings Matched: Prepayment Required-new Custom = Prepayment Required-new Custom
Element [[ChromeDriver: chrome on XP (2de532e087b92cb8bb1bd07ec39094eb)] -> id: SODV_Drillback] displayed in 29ms
Capturing Servic Order Number
Element [[ChromeDriver: chrome on XP (2de532e087b92cb8bb1bd07ec39094eb)] -> id: SODV_Service_Order_Id] displayed in 67ms
get Text Text Service Order Number
Angular request time 8ms
String =cogsdrillback://DGPB/?Db=SQL_2017&Srv=RND-BASE-A&Cmp=TWO&Prod=229&Act=OPEN&Func=ServiceOrder&LocationID=LOC@0004&ServiceOrderNumber=SORD00000001344&CogsDrillback=1 Contains = SORD00000001344
Capturing Servic Order Number
Element [[ChromeDriver: chrome on XP (2de532e087b92cb8bb1bd07ec39094eb)] -> id: SODV_Service_Order_Id] displayed in 52ms
get Text Text Service Order Number
Angular request time 9ms
SORD00000001344
Service Order verified = SORD00000001344
Element [[ChromeDriver: chrome on XP (2de532e087b92cb8bb1bd07ec39094eb)] -> id: SOLV_Service_Order_2] displayed in 56ms
Element [[ChromeDriver: chrome on XP (2de532e087b92cb8bb1bd07ec39094eb)] -> id: SOLV_Service_Order_2] displayed in 44ms
Angular request time 399ms
Click Clicking Service Order 2
Angular request time 11ms
Angular request time 12ms
get Requested Customer Name
Strings Matched: Mr. Automation Mate = Mr. Automation Mate
get Move Out Customer Date
Strings Matched: Mr. Automation Mate = Mr. Automation Mate
get Movein Customer Name Date
]]></system-out>
    <system-err><![CDATA[Starting ChromeDriver 76.0.3809.126 (d80a294506b4c9d18015e755cee48f953ddc3f2f-refs/branch-heads/3809@{#1024}) on port 35529
Only local connections are allowed.
Please protect ports used by ChromeDriver and related test frameworks to prevent access by malicious code.
Aug 29, 2019 9:28:05 AM org.openqa.selenium.remote.ProtocolHandshake createSession
INFO: Detected dialect: W3C
]]></system-err>
  </testcase>
  <testcase name="VerifyTransferActionServiceOrder" classname="com.NexusPortalAutomation.TestCases.Java.TC0036_VerifyAction_Transfers_StartService" time="86.212">
    <failure message="Actual Value &apos;Mr. Movein Cus (Moveincus2)&apos; not Matched the expected value &apos;Mr. Auto Customer Mid Automation Aut (Auto Custom)&apos; " type="java.lang.AssertionError">java.lang.AssertionError: Actual Value 'Mr. Movein Cus (Moveincus2)' not Matched the expected value 'Mr. Auto Customer Mid Automation Aut (Auto Custom)' 
	at com.NexusPortalAutomation.TestCases.Java.TC0036_VerifyAction_Transfers_StartService.VerifyTransferActionServiceOrder(TC0036_VerifyAction_Transfers_StartService.java:153)
</failure>
    <system-out><![CDATA[***** Error VerifyTransferActionServiceOrder test has failed *****
Closing Browser
Test Completed...
Launching Chrome
Browser Maximised
Test started- VerifyTransferActionServiceOrder
SORD00000001342
SORD00000001343
SORD00000001344
Deleting Records for SORD00000001344
0
0
0
Deleting Records for LOC@0004
Deleting Records for 
Deleting Records for 
Deleting Records for 
Angular Request Completed in 41ms
Log in to Nexus View
Element [[ChromeDriver: chrome on XP (bb3c7d67a361efb9bcdd241a72b03810)] -> id: username] displayed in 47ms
Login Page Title Verified
Element [[ChromeDriver: chrome on XP (bb3c7d67a361efb9bcdd241a72b03810)] -> id: username] displayed in 38ms
Element [[ChromeDriver: chrome on XP (bb3c7d67a361efb9bcdd241a72b03810)] -> id: password] displayed in 45ms
Element [[ChromeDriver: chrome on XP (bb3c7d67a361efb9bcdd241a72b03810)] -> id: kc-login] displayed in 41ms
Angular Request Completed in 508ms
User signed Admin
Enter Text for Search =LOC@0004
Element [[ChromeDriver: chrome on XP (bb3c7d67a361efb9bcdd241a72b03810)] -> id: SRCH_Input] displayed in 109ms
Angular request time 1080ms
Click Customer
Angular request time 2560ms
Angular request time 15ms
Element [[ChromeDriver: chrome on XP (bb3c7d67a361efb9bcdd241a72b03810)] -> id: 'LOC_Location_Id'] displayed in 67ms
get Text Text CustomerLocId
Angular request time 42ms
Customer Location Id found LOC@0004
Strings Matched: LOC@0004 = LOC@0004
Click Action Dropdown
Element [[ChromeDriver: chrome on XP (bb3c7d67a361efb9bcdd241a72b03810)] -> id: ACTION_Button] displayed in 75ms
Element [[ChromeDriver: chrome on XP (bb3c7d67a361efb9bcdd241a72b03810)] -> id: ACTION_Button] displayed in 48ms
Angular request time 27ms
Click Action Drop down
Angular request time 25ms
Element [[ChromeDriver: chrome on XP (bb3c7d67a361efb9bcdd241a72b03810)] -> id: ACTION_Transfer_Service] displayed in 188ms
Element [[ChromeDriver: chrome on XP (bb3c7d67a361efb9bcdd241a72b03810)] -> id: ACTION_Transfer_Service] displayed in 55ms
Angular request time 264ms
Click Action Transfer Service Drop down
Angular request time 24ms
Element [[ChromeDriver: chrome on XP (bb3c7d67a361efb9bcdd241a72b03810)] -> id: XFER_Select] displayed in 656ms
Angular request time 15ms
Click Transfer Combo
Angular request time 21ms
Element [[ChromeDriver: chrome on XP (bb3c7d67a361efb9bcdd241a72b03810)] -> id: XFER_Select_Option_2] displayed in 134ms
Angular request time 458ms
Click Transfer Option 2
Angular request time 21ms
Element [[ChromeDriver: chrome on XP (bb3c7d67a361efb9bcdd241a72b03810)] -> id: XFER_Date_Picker_Requested] displayed in 75ms
08/29/2019 09:29
Submit Transfer Request
TRANSFER
Element [[ChromeDriver: chrome on XP (bb3c7d67a361efb9bcdd241a72b03810)] -> id: CLO_Service_Order_Input] displayed in 70ms
Set Text Search Request
Angular request time 13ms
Element [[ChromeDriver: chrome on XP (bb3c7d67a361efb9bcdd241a72b03810)] -> id: XFER_Date_Picker_Scheduled] displayed in 125ms
Enter Schedule Date Date
Element [[ChromeDriver: chrome on XP (bb3c7d67a361efb9bcdd241a72b03810)] -> id: XFER_Date_Picker_Scheduled] displayed in 96ms
Set Text DatePicket
Angular request time 495ms
Strings Matched: Mr. VACANT VACANT = Mr. VACANT VACANT
Element [[ChromeDriver: chrome on XP (bb3c7d67a361efb9bcdd241a72b03810)] -> id: XFER_Search_Input] displayed in 84ms
Set Text Customer Name Request
Angular request time 21ms
Element [[ChromeDriver: chrome on XP (bb3c7d67a361efb9bcdd241a72b03810)] -> id: XFER_Search_Option_1] displayed in 1043ms
Angular request time 27ms
Click XFER_Search_Option_1_Customer_Name
Angular request time 71ms
Element [[ChromeDriver: chrome on XP (bb3c7d67a361efb9bcdd241a72b03810)] -> id: XFER_Description] displayed in 98ms
Set Text Description Request
Angular request time 12ms
Click Submit
Element [[ChromeDriver: chrome on XP (bb3c7d67a361efb9bcdd241a72b03810)] -> id: XFER_Button_Action] displayed in 88ms
Element [[ChromeDriver: chrome on XP (bb3c7d67a361efb9bcdd241a72b03810)] -> id: XFER_Button_Action] displayed in 59ms
Angular request time 338ms
Click MoveInSubmit Button
Angular request time 11ms
Element [[ChromeDriver: chrome on XP (bb3c7d67a361efb9bcdd241a72b03810)] -> id: XFER_Button_Done] displayed in 182ms
Angular request time 519ms
Click Done Button for Transfer
Angular request time 18ms
Clicking Servic Order Link
Element [[ChromeDriver: chrome on XP (bb3c7d67a361efb9bcdd241a72b03810)] -> css selector: #mat-tab-label-0-2 > div] displayed in 66ms
Angular request time 1334ms
Click Service Order Link
Angular request time 12ms
Element [[ChromeDriver: chrome on XP (bb3c7d67a361efb9bcdd241a72b03810)] -> id: SOLV_Service_Order_1] displayed in 69ms
Element [[ChromeDriver: chrome on XP (bb3c7d67a361efb9bcdd241a72b03810)] -> id: SOLV_Service_Order_1] displayed in 51ms
Angular request time 11ms
Click Clicking Service Order 1
Angular request time 12ms
Angular request time 10ms
Capturing Servic Order Number
Element [[ChromeDriver: chrome on XP (bb3c7d67a361efb9bcdd241a72b03810)] -> id: SODV_Service_Order_Id] displayed in 93ms
get Text Text Service Order Number
Angular request time 12ms
Element [[ChromeDriver: chrome on XP (bb3c7d67a361efb9bcdd241a72b03810)] -> id: ACTION_Refresh_Page] displayed in 80ms
Element [[ChromeDriver: chrome on XP (bb3c7d67a361efb9bcdd241a72b03810)] -> id: ACTION_Refresh_Page] displayed in 63ms
Angular request time 1932ms
Click Refresh Button
Angular request time 13ms
Refresh Page
Click Action Dropdown
Element [[ChromeDriver: chrome on XP (bb3c7d67a361efb9bcdd241a72b03810)] -> id: ACTION_Button] displayed in 519ms
Element [[ChromeDriver: chrome on XP (bb3c7d67a361efb9bcdd241a72b03810)] -> id: ACTION_Button] displayed in 35ms
Angular request time 16ms
Click Action Drop down
Angular request time 19ms
Element [[ChromeDriver: chrome on XP (bb3c7d67a361efb9bcdd241a72b03810)] -> id: ACTION_Transfer_Service] displayed in 93ms
Element [[ChromeDriver: chrome on XP (bb3c7d67a361efb9bcdd241a72b03810)] -> id: ACTION_Transfer_Service] displayed in 44ms
Angular request time 276ms
Click Action Transfer Service Drop down
Angular request time 53ms
Element [[ChromeDriver: chrome on XP (bb3c7d67a361efb9bcdd241a72b03810)] -> id: XFER_Select] displayed in 230ms
Angular request time 59ms
Click Transfer Combo
Angular request time 11ms
Element [[ChromeDriver: chrome on XP (bb3c7d67a361efb9bcdd241a72b03810)] -> id: XFER_Select_Option_2] displayed in 78ms
Angular request time 362ms
Click Transfer Option 2
Angular request time 12ms
Element [[ChromeDriver: chrome on XP (bb3c7d67a361efb9bcdd241a72b03810)] -> id: XFER_Warning_Message] displayed in 37ms
Strings Matched: Service Order Exist. TRANSFER = Service Order Exist. TRANSFER
Element [[ChromeDriver: chrome on XP (bb3c7d67a361efb9bcdd241a72b03810)] -> id: idPrefix + '_Warning_Drillback'] displayed in 67ms
String =cogsdrillback://DGPB/?Db=SQL_2017&Srv=RND-BASE-A&Cmp=TWO&Prod=229&Act=OPEN&Func=ServiceOrder&LocationID=LOC@0004&ServiceOrderNumber=SORD00000001345&CogsDrillback=1 Contains = SORD00000001345
Submit Transfer Request
TRANSFER
Element [[ChromeDriver: chrome on XP (bb3c7d67a361efb9bcdd241a72b03810)] -> id: CLO_Service_Order_Input] displayed in 73ms
Set Text Search Request
Angular request time 12ms
Element [[ChromeDriver: chrome on XP (bb3c7d67a361efb9bcdd241a72b03810)] -> id: XFER_Date_Picker_Scheduled] displayed in 74ms
Enter Schedule Date Date
Element [[ChromeDriver: chrome on XP (bb3c7d67a361efb9bcdd241a72b03810)] -> id: XFER_Date_Picker_Scheduled] displayed in 83ms
Set Text DatePicket
Angular request time 640ms
Strings Matched: Mr. VACANT VACANT = Mr. VACANT VACANT
Element [[ChromeDriver: chrome on XP (bb3c7d67a361efb9bcdd241a72b03810)] -> id: XFER_Search_Input] displayed in 78ms
Set Text Customer Name Request
Angular request time 10ms
Element [[ChromeDriver: chrome on XP (bb3c7d67a361efb9bcdd241a72b03810)] -> id: XFER_Search_Option_1] displayed in 952ms
Angular request time 31ms
Click XFER_Search_Option_1_Customer_Name
Angular request time 13ms
Element [[ChromeDriver: chrome on XP (bb3c7d67a361efb9bcdd241a72b03810)] -> id: XFER_Description] displayed in 71ms
Set Text Description Request
Angular request time 70ms
Click Submit
Element [[ChromeDriver: chrome on XP (bb3c7d67a361efb9bcdd241a72b03810)] -> id: XFER_Button_Action] displayed in 137ms
Element [[ChromeDriver: chrome on XP (bb3c7d67a361efb9bcdd241a72b03810)] -> id: XFER_Button_Action] displayed in 49ms
Angular request time 568ms
Click MoveInSubmit Button
Angular request time 10ms
Element [[ChromeDriver: chrome on XP (bb3c7d67a361efb9bcdd241a72b03810)] -> id: XFER_Button_Done] displayed in 271ms
Angular request time 505ms
Click Done Button for Transfer
Angular request time 12ms
Element [[ChromeDriver: chrome on XP (bb3c7d67a361efb9bcdd241a72b03810)] -> id: ACTION_Refresh_Page] displayed in 47ms
Element [[ChromeDriver: chrome on XP (bb3c7d67a361efb9bcdd241a72b03810)] -> id: ACTION_Refresh_Page] displayed in 61ms
Angular request time 1580ms
Click Refresh Button
Angular request time 13ms
Refresh Page
Clicking Servic Order Link
Element [[ChromeDriver: chrome on XP (bb3c7d67a361efb9bcdd241a72b03810)] -> css selector: #mat-tab-label-0-2 > div] displayed in 27ms
Angular request time 12ms
Click Service Order Link
Angular request time 9ms
Element [[ChromeDriver: chrome on XP (bb3c7d67a361efb9bcdd241a72b03810)] -> id: SOLV_Service_Order_2] displayed in 123ms
Element [[ChromeDriver: chrome on XP (bb3c7d67a361efb9bcdd241a72b03810)] -> id: SOLV_Service_Order_2] displayed in 50ms
Angular request time 368ms
Click Clicking Service Order 2
Angular request time 13ms
Angular request time 13ms
Capturing Servic Order Number
Element [[ChromeDriver: chrome on XP (bb3c7d67a361efb9bcdd241a72b03810)] -> id: SODV_Service_Order_Id] displayed in 80ms
get Text Text Service Order Number
Angular request time 20ms
Element [[ChromeDriver: chrome on XP (bb3c7d67a361efb9bcdd241a72b03810)] -> id: SODV_Drillback] displayed in 40ms
String =cogsdrillback://DGPB/?Db=SQL_2017&Srv=RND-BASE-A&Cmp=TWO&Prod=229&Act=OPEN&Func=ServiceOrder&LocationID=LOC@0004&ServiceOrderNumber=SORD00000001346&CogsDrillback=1 Contains = SORD00000001346
get Requested Date
Strings Matched: Aug 29, 2019 = Aug 29, 2019
SORD00000001346
SORD00000001346
Service Order verified = SORD00000001346
Element [[ChromeDriver: chrome on XP (bb3c7d67a361efb9bcdd241a72b03810)] -> id: ACTION_Refresh_Page] displayed in 59ms
Element [[ChromeDriver: chrome on XP (bb3c7d67a361efb9bcdd241a72b03810)] -> id: ACTION_Refresh_Page] displayed in 57ms
Angular request time 2261ms
Click Refresh Button
Angular request time 14ms
Refresh Page
Click Action Dropdown
Element [[ChromeDriver: chrome on XP (bb3c7d67a361efb9bcdd241a72b03810)] -> id: ACTION_Button] displayed in 37ms
Element [[ChromeDriver: chrome on XP (bb3c7d67a361efb9bcdd241a72b03810)] -> id: ACTION_Button] displayed in 35ms
Angular request time 24ms
Click Action Drop down
Angular request time 24ms
Element [[ChromeDriver: chrome on XP (bb3c7d67a361efb9bcdd241a72b03810)] -> id: ACTION_Transfer_Service] displayed in 199ms
Element [[ChromeDriver: chrome on XP (bb3c7d67a361efb9bcdd241a72b03810)] -> id: ACTION_Transfer_Service] displayed in 63ms
Angular request time 338ms
Click Action Transfer Service Drop down
Angular request time 140ms
Element [[ChromeDriver: chrome on XP (bb3c7d67a361efb9bcdd241a72b03810)] -> id: XFER_Select] displayed in 289ms
Angular request time 56ms
Click Transfer Combo
Angular request time 29ms
Element [[ChromeDriver: chrome on XP (bb3c7d67a361efb9bcdd241a72b03810)] -> id: XFER_Select_Option_2] displayed in 127ms
Angular request time 292ms
Click Transfer Option 2
Angular request time 587ms
Element [[ChromeDriver: chrome on XP (bb3c7d67a361efb9bcdd241a72b03810)] -> id: XFER_Warning_Message] displayed in 61ms
Strings Matched: Multiple Service Orders Exist. TRANSFER = Multiple Service Orders Exist. TRANSFER
Element [[ChromeDriver: chrome on XP (bb3c7d67a361efb9bcdd241a72b03810)] -> id: idPrefix + '_Warning_Drillback'] displayed in 54ms
String =cogsdrillback://DGPB/?Db=SQL_2017&Srv=RND-BASE-A&Cmp=TWO&Prod=229&Act=OPEN&Func=ServiceOrder&LocationID=LOC@0004&ServiceOrderNumber=SORD00000001346&CogsDrillback=1 Contains = SORD00000001346
TRANSFER
Element [[ChromeDriver: chrome on XP (bb3c7d67a361efb9bcdd241a72b03810)] -> id: CLO_Service_Order_Input] displayed in 107ms
Set Text Search Request
Angular request time 20ms
Submit Transfer Request
TRANSFER
Element [[ChromeDriver: chrome on XP (bb3c7d67a361efb9bcdd241a72b03810)] -> id: CLO_Service_Order_Input] displayed in 150ms
Set Text Search Request
Angular request time 668ms
Element [[ChromeDriver: chrome on XP (bb3c7d67a361efb9bcdd241a72b03810)] -> id: XFER_Date_Picker_Scheduled] displayed in 79ms
Enter Schedule Date Date
Element [[ChromeDriver: chrome on XP (bb3c7d67a361efb9bcdd241a72b03810)] -> id: XFER_Date_Picker_Scheduled] displayed in 78ms
Set Text DatePicket
Angular request time 746ms
Strings Matched: Mr. VACANT VACANT = Mr. VACANT VACANT
Element [[ChromeDriver: chrome on XP (bb3c7d67a361efb9bcdd241a72b03810)] -> id: XFER_Search_Input] displayed in 73ms
Set Text Customer Name Request
Angular request time 22ms
Element [[ChromeDriver: chrome on XP (bb3c7d67a361efb9bcdd241a72b03810)] -> id: XFER_Search_Option_1] displayed in 996ms
Angular request time 25ms
Click XFER_Search_Option_1_Customer_Name
Angular request time 13ms
Element [[ChromeDriver: chrome on XP (bb3c7d67a361efb9bcdd241a72b03810)] -> id: XFER_Description] displayed in 62ms
Set Text Description Request
Angular request time 14ms
Click Submit
Element [[ChromeDriver: chrome on XP (bb3c7d67a361efb9bcdd241a72b03810)] -> id: XFER_Button_Action] displayed in 79ms
Element [[ChromeDriver: chrome on XP (bb3c7d67a361efb9bcdd241a72b03810)] -> id: XFER_Button_Action] displayed in 58ms
Angular request time 330ms
Click MoveInSubmit Button
Angular request time 15ms
Element [[ChromeDriver: chrome on XP (bb3c7d67a361efb9bcdd241a72b03810)] -> id: XFER_Button_Done] displayed in 237ms
Angular request time 479ms
Click Done Button for Transfer
Angular request time 23ms
Element [[ChromeDriver: chrome on XP (bb3c7d67a361efb9bcdd241a72b03810)] -> id: ACTION_Refresh_Page] displayed in 53ms
Element [[ChromeDriver: chrome on XP (bb3c7d67a361efb9bcdd241a72b03810)] -> id: ACTION_Refresh_Page] displayed in 40ms
Angular request time 1650ms
Click Refresh Button
Angular request time 18ms
Refresh Page
Element [[ChromeDriver: chrome on XP (bb3c7d67a361efb9bcdd241a72b03810)] -> id: SOLV_Service_Order_3] displayed in 67ms
Element [[ChromeDriver: chrome on XP (bb3c7d67a361efb9bcdd241a72b03810)] -> id: SOLV_Service_Order_3] displayed in 49ms
Angular request time 439ms
Click Clicking Service Order 3
Angular request time 21ms
Angular request time 12ms
get Requested Customer Name
Strings Matched: Mr. Automation Mate = Mr. Automation Mate
get Move Out Customer Date
Strings Matched: Mr. Automation Mate = Mr. Automation Mate
get Movein Customer Name Date
Strings Matched: Mr. Alert Test (Customeralert01) = Mr. Alert Test (Customeralert01)
get Scheduled Date
Strings Matched: Not Scheduled = Not Scheduled
get Requested Date
Strings Matched: Aug 29, 2019 = Aug 29, 2019
Meter Reading-electric
Strings Matched: Meter Reading-electric = Meter Reading-electric
get Task Description
Strings Matched: Charge New Customer = Charge New Customer
get Task Description
Strings Matched: Property Transfer = Property Transfer
get Task Description
Strings Matched: Deposit Request-new Customer = Deposit Request-new Customer
Deposit Payment-new Customer E
Strings Matched: Deposit Payment-new Customer E = Deposit Payment-new Customer E
Prepayment Required-new Custom
Strings Matched: Prepayment Required-new Custom = Prepayment Required-new Custom
Element [[ChromeDriver: chrome on XP (bb3c7d67a361efb9bcdd241a72b03810)] -> id: SODV_Drillback] displayed in 41ms
Capturing Servic Order Number
Element [[ChromeDriver: chrome on XP (bb3c7d67a361efb9bcdd241a72b03810)] -> id: SODV_Service_Order_Id] displayed in 82ms
get Text Text Service Order Number
Angular request time 11ms
String =cogsdrillback://DGPB/?Db=SQL_2017&Srv=RND-BASE-A&Cmp=TWO&Prod=229&Act=OPEN&Func=ServiceOrder&LocationID=LOC@0004&ServiceOrderNumber=SORD00000001347&CogsDrillback=1 Contains = SORD00000001347
Capturing Servic Order Number
Element [[ChromeDriver: chrome on XP (bb3c7d67a361efb9bcdd241a72b03810)] -> id: SODV_Service_Order_Id] displayed in 53ms
get Text Text Service Order Number
Angular request time 12ms
SORD00000001347
Service Order verified = SORD00000001347
Element [[ChromeDriver: chrome on XP (bb3c7d67a361efb9bcdd241a72b03810)] -> id: SOLV_Service_Order_2] displayed in 64ms
Element [[ChromeDriver: chrome on XP (bb3c7d67a361efb9bcdd241a72b03810)] -> id: SOLV_Service_Order_2] displayed in 57ms
Angular request time 520ms
Click Clicking Service Order 2
Angular request time 18ms
Angular request time 14ms
String =cogsdrillback://DGPB/?Db=SQL_2017&Srv=RND-BASE-A&Cmp=TWO&Prod=229&Act=OPEN&Func=ServiceOrder&LocationID=LOC@0004&ServiceOrderNumber=SORD00000001346&CogsDrillback=1 Contains = SORD00000001346
get Requested Date
Strings Matched: Aug 29, 2019 = Aug 29, 2019
get Requested Customer Name
Strings Matched: Mr. Automation Mate = Mr. Automation Mate
get Move Out Customer Date
Strings Matched: Mr. Automation Mate = Mr. Automation Mate
get Movein Customer Name Date
]]></system-out>
    <system-err><![CDATA[Starting ChromeDriver 76.0.3809.126 (d80a294506b4c9d18015e755cee48f953ddc3f2f-refs/branch-heads/3809@{#1024}) on port 11288
Only local connections are allowed.
Please protect ports used by ChromeDriver and related test frameworks to prevent access by malicious code.
Aug 29, 2019 9:29:25 AM org.openqa.selenium.remote.ProtocolHandshake createSession
INFO: Detected dialect: W3C
]]></system-err>
  </testcase>
  <testcase name="VerifyTransferActionServiceOrder" classname="com.NexusPortalAutomation.TestCases.Java.TC0037_VerifyAction_Transfers_Stack_TwoLocations_NotScheduled" time="103.347"/>
  <testcase name="TestSearchAutobyRecent" classname="com.NexusPortalAutomation.TestCases.Java.TC0004_TestSearchbyRecentFunction" time="53.942"/>
  <testcase name="TestSearchAutobyBookMark" classname="com.NexusPortalAutomation.TestCases.Java.TC0005_TestBookMarks" time="28.208"/>
  <testcase name="TestSummarySectionOnChange" classname="com.NexusPortalAutomation.TestCases.Java.TC0007_TestSummarySection" time="33.183"/>
  <testcase name="TestSearchAutobyFirstName" classname="com.NexusPortalAutomation.TestCases.Java.TC0024_TestCustDetailSearch" time="44.905"/>
  <testcase name="TestSearchAutobyFirstName" classname="com.NexusPortalAutomation.TestCases.Java.TC0028_TestEnhancedNotes" time="25.437"/>
  <testcase name="TestSearchAlertOnLoad" classname="com.NexusPortalAutomation.TestCases.Java.TC0006_TestAlertOnLoad" time="24.555"/>
  <testcase name="TestSearchAutobyFirstName" classname="com.NexusPortalAutomation.TestCases.Java.TC0002_TestSearchAutobyFirstName" time="24.195"/>
  <testcase name="TestSearchAutobyLastName" classname="com.NexusPortalAutomation.TestCases.Java.TC0003_TestSearchAutobyLastName" time="24.752"/>
</testsuite>