<?xml version="1.0" encoding="UTF-8"?>
<testsuite xmlns:xsi="http://www.w3.org/2001/XMLSchema-instance" xsi:noNamespaceSchemaLocation="https://maven.apache.org/surefire/maven-surefire-plugin/xsd/surefire-test-report-3.0.xsd" version="3.0" name="TestSuite" time="1,867.423" tests="55" errors="0" skipped="0" failures="13">
  <properties>
    <property name="sun.desktop" value="windows"/>
    <property name="awt.toolkit" value="sun.awt.windows.WToolkit"/>
    <property name="file.encoding.pkg" value="sun.io"/>
    <property name="java.specification.version" value="1.8"/>
    <property name="sun.cpu.isalist" value="amd64"/>
    <property name="sun.jnu.encoding" value="Cp1252"/>
    <property name="java.class.path" value="D:\CogsdaleWorkspace\BitBucket\portal_test_automation\target\test-classes;D:\CogsdaleWorkspace\BitBucket\portal_test_automation\target\classes;C:\Users\Administrator\.m2\repository\junit\junit\3.8.1\junit-3.8.1.jar;C:\Users\Administrator\.m2\repository\org\testng\testng\6.14.3\testng-6.14.3.jar;C:\Users\Administrator\.m2\repository\org\apache-extras\beanshell\bsh\2.0b6\bsh-2.0b6.jar;C:\Users\Administrator\.m2\repository\org\seleniumhq\selenium\selenium-java\3.14.0\selenium-java-3.14.0.jar;C:\Users\Administrator\.m2\repository\org\seleniumhq\selenium\selenium-api\3.14.0\selenium-api-3.14.0.jar;C:\Users\Administrator\.m2\repository\org\seleniumhq\selenium\selenium-edge-driver\3.14.0\selenium-edge-driver-3.14.0.jar;C:\Users\Administrator\.m2\repository\org\seleniumhq\selenium\selenium-ie-driver\3.14.0\selenium-ie-driver-3.14.0.jar;C:\Users\Administrator\.m2\repository\org\seleniumhq\selenium\selenium-opera-driver\3.14.0\selenium-opera-driver-3.14.0.jar;C:\Users\Administrator\.m2\repository\org\seleniumhq\selenium\selenium-remote-driver\3.14.0\selenium-remote-driver-3.14.0.jar;C:\Users\Administrator\.m2\repository\org\seleniumhq\selenium\selenium-safari-driver\3.14.0\selenium-safari-driver-3.14.0.jar;C:\Users\Administrator\.m2\repository\org\seleniumhq\selenium\selenium-support\3.14.0\selenium-support-3.14.0.jar;C:\Users\Administrator\.m2\repository\net\bytebuddy\byte-buddy\1.8.15\byte-buddy-1.8.15.jar;C:\Users\Administrator\.m2\repository\org\apache\commons\commons-exec\1.3\commons-exec-1.3.jar;C:\Users\Administrator\.m2\repository\commons-codec\commons-codec\1.10\commons-codec-1.10.jar;C:\Users\Administrator\.m2\repository\commons-logging\commons-logging\1.2\commons-logging-1.2.jar;C:\Users\Administrator\.m2\repository\com\google\guava\guava\25.0-jre\guava-25.0-jre.jar;C:\Users\Administrator\.m2\repository\com\google\code\findbugs\jsr305\1.3.9\jsr305-1.3.9.jar;C:\Users\Administrator\.m2\repository\org\checkerframework\checker-compat-qual\2.0.0\checker-compat-qual-2.0.0.jar;C:\Users\Administrator\.m2\repository\com\google\errorprone\error_prone_annotations\2.1.3\error_prone_annotations-2.1.3.jar;C:\Users\Administrator\.m2\repository\com\google\j2objc\j2objc-annotations\1.1\j2objc-annotations-1.1.jar;C:\Users\Administrator\.m2\repository\org\codehaus\mojo\animal-sniffer-annotations\1.14\animal-sniffer-annotations-1.14.jar;C:\Users\Administrator\.m2\repository\org\apache\httpcomponents\httpclient\4.5.5\httpclient-4.5.5.jar;C:\Users\Administrator\.m2\repository\org\apache\httpcomponents\httpcore\4.4.9\httpcore-4.4.9.jar;C:\Users\Administrator\.m2\repository\com\squareup\okhttp3\okhttp\3.10.0\okhttp-3.10.0.jar;C:\Users\Administrator\.m2\repository\com\squareup\okio\okio\1.14.1\okio-1.14.1.jar;C:\Users\Administrator\.m2\repository\org\seleniumhq\selenium\selenium-firefox-driver\3.141.59\selenium-firefox-driver-3.141.59.jar;C:\Users\Administrator\.m2\repository\org\apache\maven\reporting\maven-reporting-api\2.0.6\maven-reporting-api-2.0.6.jar;C:\Users\Administrator\.m2\repository\org\apache\maven\doxia\doxia-sink-api\1.0-alpha-7\doxia-sink-api-1.0-alpha-7.jar;C:\Users\Administrator\.m2\repository\org\seleniumhq\selenium\selenium-chrome-driver\3.141.59\selenium-chrome-driver-3.141.59.jar;C:\Users\Administrator\.m2\repository\mysql\mysql-connector-java\8.0.15\mysql-connector-java-8.0.15.jar;C:\Users\Administrator\.m2\repository\com\google\protobuf\protobuf-java\3.6.1\protobuf-java-3.6.1.jar;C:\Users\Administrator\.m2\repository\org\apache\logging\log4j\log4j-core\2.11.2\log4j-core-2.11.2.jar;C:\Users\Administrator\.m2\repository\org\apache\logging\log4j\log4j-api\2.11.2\log4j-api-2.11.2.jar;C:\Users\Administrator\.m2\repository\org\apache\poi\poi\3.17\poi-3.17.jar;C:\Users\Administrator\.m2\repository\org\apache\commons\commons-collections4\4.1\commons-collections4-4.1.jar;C:\Users\Administrator\.m2\repository\org\apache\poi\poi-ooxml\3.17\poi-ooxml-3.17.jar;C:\Users\Administrator\.m2\repository\org\apache\poi\poi-ooxml-schemas\3.17\poi-ooxml-schemas-3.17.jar;C:\Users\Administrator\.m2\repository\org\apache\xmlbeans\xmlbeans\2.6.0\xmlbeans-2.6.0.jar;C:\Users\Administrator\.m2\repository\stax\stax-api\1.0.1\stax-api-1.0.1.jar;C:\Users\Administrator\.m2\repository\com\github\virtuald\curvesapi\1.04\curvesapi-1.04.jar;C:\Users\Administrator\.m2\repository\org\slf4j\slf4j-api\1.7.25\slf4j-api-1.7.25.jar;C:\Users\Administrator\.m2\repository\com\microsoft\sqlserver\mssql-jdbc\7.0.0.jre8\mssql-jdbc-7.0.0.jre8.jar;C:\Users\Administrator\.m2\repository\com\paulhammant\ngwebdriver\1.1.4\ngwebdriver-1.1.4.jar;C:\Users\Administrator\.m2\repository\com\aventstack\extentreports\4.0.5\extentreports-4.0.5.jar;C:\Users\Administrator\.m2\repository\org\freemarker\freemarker\2.3.23\freemarker-2.3.23.jar;C:\Users\Administrator\.m2\repository\org\mongodb\mongodb-driver\3.3.0\mongodb-driver-3.3.0.jar;C:\Users\Administrator\.m2\repository\org\mongodb\mongodb-driver-core\3.3.0\mongodb-driver-core-3.3.0.jar;C:\Users\Administrator\.m2\repository\org\mongodb\bson\3.3.0\bson-3.3.0.jar;C:\Users\Administrator\.m2\repository\org\apache\httpcomponents\httpmime\4.5.2\httpmime-4.5.2.jar;C:\Users\Administrator\.m2\repository\com\google\code\gson\gson\2.8.5\gson-2.8.5.jar;C:\Users\Administrator\.m2\repository\commons-io\commons-io\2.6\commons-io-2.6.jar;C:\Users\Administrator\.m2\repository\org\uncommons\reportng\1.1.4\reportng-1.1.4.jar;C:\Users\Administrator\.m2\repository\velocity\velocity\1.4\velocity-1.4.jar;C:\Users\Administrator\.m2\repository\com\google\inject\guice\3.0\guice-3.0.jar;C:\Users\Administrator\.m2\repository\javax\inject\javax.inject\1\javax.inject-1.jar;C:\Users\Administrator\.m2\repository\aopalliance\aopalliance\1.0\aopalliance-1.0.jar;C:\Users\Administrator\.m2\repository\velocity\velocity-dep\1.4\velocity-dep-1.4.jar;C:\Users\Administrator\.m2\repository\com\beust\jcommander\1.72\jcommander-1.72.jar;"/>
    <property name="java.vm.vendor" value="Oracle Corporation"/>
    <property name="sun.arch.data.model" value="64"/>
    <property name="user.variant" value=""/>
    <property name="java.vendor.url" value="http://java.oracle.com/"/>
    <property name="user.timezone" value="America/Chicago"/>
    <property name="java.vm.specification.version" value="1.8"/>
    <property name="os.name" value="Windows Server 2012 R2"/>
    <property name="user.country" value="US"/>
    <property name="sun.java.launcher" value="SUN_STANDARD"/>
    <property name="sun.boot.library.path" value="C:\Program Files\Java\jdk1.8.0_201\jre\bin"/>
    <property name="sun.java.command" value="C:\Users\Administrator\AppData\Local\Temp\1\surefire7557878705188732751\surefirebooter3265406464932171672.jar C:\Users\Administrator\AppData\Local\Temp\1\surefire7557878705188732751 2019-10-02T13-17-05_918-jvmRun1 surefire5884475538917074181tmp surefire_01202052022754545022tmp"/>
    <property name="surefire.test.class.path" value="D:\CogsdaleWorkspace\BitBucket\portal_test_automation\target\test-classes;D:\CogsdaleWorkspace\BitBucket\portal_test_automation\target\classes;C:\Users\Administrator\.m2\repository\junit\junit\3.8.1\junit-3.8.1.jar;C:\Users\Administrator\.m2\repository\org\testng\testng\6.14.3\testng-6.14.3.jar;C:\Users\Administrator\.m2\repository\org\apache-extras\beanshell\bsh\2.0b6\bsh-2.0b6.jar;C:\Users\Administrator\.m2\repository\org\seleniumhq\selenium\selenium-java\3.14.0\selenium-java-3.14.0.jar;C:\Users\Administrator\.m2\repository\org\seleniumhq\selenium\selenium-api\3.14.0\selenium-api-3.14.0.jar;C:\Users\Administrator\.m2\repository\org\seleniumhq\selenium\selenium-edge-driver\3.14.0\selenium-edge-driver-3.14.0.jar;C:\Users\Administrator\.m2\repository\org\seleniumhq\selenium\selenium-ie-driver\3.14.0\selenium-ie-driver-3.14.0.jar;C:\Users\Administrator\.m2\repository\org\seleniumhq\selenium\selenium-opera-driver\3.14.0\selenium-opera-driver-3.14.0.jar;C:\Users\Administrator\.m2\repository\org\seleniumhq\selenium\selenium-remote-driver\3.14.0\selenium-remote-driver-3.14.0.jar;C:\Users\Administrator\.m2\repository\org\seleniumhq\selenium\selenium-safari-driver\3.14.0\selenium-safari-driver-3.14.0.jar;C:\Users\Administrator\.m2\repository\org\seleniumhq\selenium\selenium-support\3.14.0\selenium-support-3.14.0.jar;C:\Users\Administrator\.m2\repository\net\bytebuddy\byte-buddy\1.8.15\byte-buddy-1.8.15.jar;C:\Users\Administrator\.m2\repository\org\apache\commons\commons-exec\1.3\commons-exec-1.3.jar;C:\Users\Administrator\.m2\repository\commons-codec\commons-codec\1.10\commons-codec-1.10.jar;C:\Users\Administrator\.m2\repository\commons-logging\commons-logging\1.2\commons-logging-1.2.jar;C:\Users\Administrator\.m2\repository\com\google\guava\guava\25.0-jre\guava-25.0-jre.jar;C:\Users\Administrator\.m2\repository\com\google\code\findbugs\jsr305\1.3.9\jsr305-1.3.9.jar;C:\Users\Administrator\.m2\repository\org\checkerframework\checker-compat-qual\2.0.0\checker-compat-qual-2.0.0.jar;C:\Users\Administrator\.m2\repository\com\google\errorprone\error_prone_annotations\2.1.3\error_prone_annotations-2.1.3.jar;C:\Users\Administrator\.m2\repository\com\google\j2objc\j2objc-annotations\1.1\j2objc-annotations-1.1.jar;C:\Users\Administrator\.m2\repository\org\codehaus\mojo\animal-sniffer-annotations\1.14\animal-sniffer-annotations-1.14.jar;C:\Users\Administrator\.m2\repository\org\apache\httpcomponents\httpclient\4.5.5\httpclient-4.5.5.jar;C:\Users\Administrator\.m2\repository\org\apache\httpcomponents\httpcore\4.4.9\httpcore-4.4.9.jar;C:\Users\Administrator\.m2\repository\com\squareup\okhttp3\okhttp\3.10.0\okhttp-3.10.0.jar;C:\Users\Administrator\.m2\repository\com\squareup\okio\okio\1.14.1\okio-1.14.1.jar;C:\Users\Administrator\.m2\repository\org\seleniumhq\selenium\selenium-firefox-driver\3.141.59\selenium-firefox-driver-3.141.59.jar;C:\Users\Administrator\.m2\repository\org\apache\maven\reporting\maven-reporting-api\2.0.6\maven-reporting-api-2.0.6.jar;C:\Users\Administrator\.m2\repository\org\apache\maven\doxia\doxia-sink-api\1.0-alpha-7\doxia-sink-api-1.0-alpha-7.jar;C:\Users\Administrator\.m2\repository\org\seleniumhq\selenium\selenium-chrome-driver\3.141.59\selenium-chrome-driver-3.141.59.jar;C:\Users\Administrator\.m2\repository\mysql\mysql-connector-java\8.0.15\mysql-connector-java-8.0.15.jar;C:\Users\Administrator\.m2\repository\com\google\protobuf\protobuf-java\3.6.1\protobuf-java-3.6.1.jar;C:\Users\Administrator\.m2\repository\org\apache\logging\log4j\log4j-core\2.11.2\log4j-core-2.11.2.jar;C:\Users\Administrator\.m2\repository\org\apache\logging\log4j\log4j-api\2.11.2\log4j-api-2.11.2.jar;C:\Users\Administrator\.m2\repository\org\apache\poi\poi\3.17\poi-3.17.jar;C:\Users\Administrator\.m2\repository\org\apache\commons\commons-collections4\4.1\commons-collections4-4.1.jar;C:\Users\Administrator\.m2\repository\org\apache\poi\poi-ooxml\3.17\poi-ooxml-3.17.jar;C:\Users\Administrator\.m2\repository\org\apache\poi\poi-ooxml-schemas\3.17\poi-ooxml-schemas-3.17.jar;C:\Users\Administrator\.m2\repository\org\apache\xmlbeans\xmlbeans\2.6.0\xmlbeans-2.6.0.jar;C:\Users\Administrator\.m2\repository\stax\stax-api\1.0.1\stax-api-1.0.1.jar;C:\Users\Administrator\.m2\repository\com\github\virtuald\curvesapi\1.04\curvesapi-1.04.jar;C:\Users\Administrator\.m2\repository\org\slf4j\slf4j-api\1.7.25\slf4j-api-1.7.25.jar;C:\Users\Administrator\.m2\repository\com\microsoft\sqlserver\mssql-jdbc\7.0.0.jre8\mssql-jdbc-7.0.0.jre8.jar;C:\Users\Administrator\.m2\repository\com\paulhammant\ngwebdriver\1.1.4\ngwebdriver-1.1.4.jar;C:\Users\Administrator\.m2\repository\com\aventstack\extentreports\4.0.5\extentreports-4.0.5.jar;C:\Users\Administrator\.m2\repository\org\freemarker\freemarker\2.3.23\freemarker-2.3.23.jar;C:\Users\Administrator\.m2\repository\org\mongodb\mongodb-driver\3.3.0\mongodb-driver-3.3.0.jar;C:\Users\Administrator\.m2\repository\org\mongodb\mongodb-driver-core\3.3.0\mongodb-driver-core-3.3.0.jar;C:\Users\Administrator\.m2\repository\org\mongodb\bson\3.3.0\bson-3.3.0.jar;C:\Users\Administrator\.m2\repository\org\apache\httpcomponents\httpmime\4.5.2\httpmime-4.5.2.jar;C:\Users\Administrator\.m2\repository\com\google\code\gson\gson\2.8.5\gson-2.8.5.jar;C:\Users\Administrator\.m2\repository\commons-io\commons-io\2.6\commons-io-2.6.jar;C:\Users\Administrator\.m2\repository\org\uncommons\reportng\1.1.4\reportng-1.1.4.jar;C:\Users\Administrator\.m2\repository\velocity\velocity\1.4\velocity-1.4.jar;C:\Users\Administrator\.m2\repository\com\google\inject\guice\3.0\guice-3.0.jar;C:\Users\Administrator\.m2\repository\javax\inject\javax.inject\1\javax.inject-1.jar;C:\Users\Administrator\.m2\repository\aopalliance\aopalliance\1.0\aopalliance-1.0.jar;C:\Users\Administrator\.m2\repository\velocity\velocity-dep\1.4\velocity-dep-1.4.jar;C:\Users\Administrator\.m2\repository\com\beust\jcommander\1.72\jcommander-1.72.jar;"/>
    <property name="sun.cpu.endian" value="little"/>
    <property name="user.home" value="C:\Users\Administrator"/>
    <property name="user.language" value="en"/>
    <property name="java.specification.vendor" value="Oracle Corporation"/>
    <property name="java.home" value="C:\Program Files\Java\jdk1.8.0_201\jre"/>
    <property name="basedir" value="D:\CogsdaleWorkspace\BitBucket\portal_test_automation"/>
    <property name="file.separator" value="\"/>
    <property name="line.separator" value="&#10;"/>
    <property name="java.vm.specification.vendor" value="Oracle Corporation"/>
    <property name="java.specification.name" value="Java Platform API Specification"/>
    <property name="java.awt.graphicsenv" value="sun.awt.Win32GraphicsEnvironment"/>
    <property name="surefire.real.class.path" value="C:\Users\Administrator\AppData\Local\Temp\1\surefire7557878705188732751\surefirebooter3265406464932171672.jar"/>
    <property name="sun.boot.class.path" value="C:\Program Files\Java\jdk1.8.0_201\jre\lib\resources.jar;C:\Program Files\Java\jdk1.8.0_201\jre\lib\rt.jar;C:\Program Files\Java\jdk1.8.0_201\jre\lib\sunrsasign.jar;C:\Program Files\Java\jdk1.8.0_201\jre\lib\jsse.jar;C:\Program Files\Java\jdk1.8.0_201\jre\lib\jce.jar;C:\Program Files\Java\jdk1.8.0_201\jre\lib\charsets.jar;C:\Program Files\Java\jdk1.8.0_201\jre\lib\jfr.jar;C:\Program Files\Java\jdk1.8.0_201\jre\classes"/>
    <property name="user.script" value=""/>
    <property name="sun.management.compiler" value="HotSpot 64-Bit Tiered Compilers"/>
    <property name="java.runtime.version" value="1.8.0_201-b09"/>
    <property name="java.net.preferIPv4Stack" value="true"/>
    <property name="user.name" value="Administrator"/>
    <property name="path.separator" value=";"/>
    <property name="os.version" value="6.3"/>
    <property name="java.endorsed.dirs" value="C:\Program Files\Java\jdk1.8.0_201\jre\lib\endorsed"/>
    <property name="java.runtime.name" value="Java(TM) SE Runtime Environment"/>
    <property name="file.encoding" value="Cp1252"/>
    <property name="java.vm.name" value="Java HotSpot(TM) 64-Bit Server VM"/>
    <property name="localRepository" value="C:\Users\Administrator\.m2\repository"/>
    <property name="java.vendor.url.bug" value="http://bugreport.sun.com/bugreport/"/>
    <property name="java.io.tmpdir" value="C:\Users\ADMINI~1\AppData\Local\Temp\1\"/>
    <property name="java.version" value="1.8.0_201"/>
    <property name="user.dir" value="D:\CogsdaleWorkspace\BitBucket\portal_test_automation"/>
    <property name="os.arch" value="amd64"/>
    <property name="java.vm.specification.name" value="Java Virtual Machine Specification"/>
    <property name="java.awt.printerjob" value="sun.awt.windows.WPrinterJob"/>
    <property name="sun.os.patch.level" value=""/>
    <property name="java.library.path" value="C:\Program Files\Java\jdk1.8.0_201\jre\bin;C:\Windows\Sun\Java\bin;C:\Windows\system32;C:\Windows;D:\apache-maven-3.6.2-bin\apache-maven-3.6.2/bin;C:\Program Files\Java\jdk1.8.0_201/bin;C:\Program Files\Java\jdk1.8.0_201/bin;C:\Program Files (x86)\Common Files\Oracle\Java\javapath;C:\Program Files\Python35\Scripts\;C:\Program Files\Python35\;C:\Windows\system32;C:\Windows;C:\Windows\System32\Wbem;C:\Windows\System32\WindowsPowerShell\v1.0\;C:\ProgramData\chocolatey\bin;C:\Program Files (x86)\Microsoft SQL Server\Client SDK\ODBC\130\Tools\Binn\;C:\Program Files\Microsoft SQL Server\Client SDK\ODBC\110\Tools\Binn\;C:\Program Files (x86)\Microsoft SQL Server\140\Tools\Binn\;C:\Program Files (x86)\Microsoft SQL Server\140\DTS\Binn\;C:\Program Files (x86)\Microsoft SQL Server\140\Tools\Binn\ManagementStudio\;C:\Program Files\Microsoft SQL Server\Client SDK\ODBC\130\Tools\Binn\;C:\Program Files\Microsoft SQL Server\140\Tools\Binn\;C:\Program Files\Microsoft SQL Server\140\DTS\Binn\;C:\CSM_API\API\CSR_Portal\;C:\Server\npm\;F:\apache-maven-3.6.0\bin;C:\Program Files\Git\cmd;C:\Program Files (x86)\Microsoft SQL Server\150\DTS\Binn\;c:\server\npm\;C:\Server\npm\;C:\Program Files\nodejs\;c:\Server\npm\;c:\Server\npm\;C:\Users\Administrator\AppData\Local\GitHubDesktop\bin;F:\apache-maven-3.6.0\bin;C:\Users\Administrator\AppData\Roaming\npm;."/>
    <property name="java.vm.info" value="mixed mode"/>
    <property name="java.vendor" value="Oracle Corporation"/>
    <property name="java.vm.version" value="25.201-b09"/>
    <property name="java.ext.dirs" value="C:\Program Files\Java\jdk1.8.0_201\jre\lib\ext;C:\Windows\Sun\Java\lib\ext"/>
    <property name="sun.io.unicode.encoding" value="UnicodeLittle"/>
    <property name="java.class.version" value="52.0"/>
  </properties>
  <testcase name="TestBookMark" classname="com.NexusPortalAutomation.TestCases.Java.TC0011_VerifyBookMark" time="41.212"/>
  <testcase name="VerifyTransactionsSaperatebill_saperate" classname="com.NexusPortalAutomation.TestCases.Java.TC0016_1_VerifyBillingDetails_VerifyBillSaperately" time="21.009"/>
  <testcase name="verifyDrillbackTransactions" classname="com.NexusPortalAutomation.TestCases.Java.TC0019_verifyDrillbackTransactions" time="13.652"/>
  <testcase name="VerifyTransactionsSaperatebill_saperate" classname="com.NexusPortalAutomation.TestCases.Java.TC0042_1_Transactions_OrderbyAmount" time="15.54"/>
  <testcase name="TestDrillBackServices" classname="com.NexusPortalAutomation.TestCases.Java.TC0020_verifyDrillbackServices" time="12.877"/>
  <testcase name="VerifyTransactionsSaperatebill_saperate" classname="com.NexusPortalAutomation.TestCases.Java.TC0042_1_Transactions_OrderbyDueBilled" time="16.113"/>
  <testcase name="TestserviceOrderDetails" classname="com.NexusPortalAutomation.TestCases.Java.TC0021_VerifyservicesOrderDetails" time="14.279"/>
  <testcase name="VerifyTransactionsSaperatebill_saperate" classname="com.NexusPortalAutomation.TestCases.Java.TC0042_Transactions_OrderbyDate" time="16.472"/>
  <testcase name="TestCustomerDetails" classname="com.NexusPortalAutomation.TestCases.Java.TC0010_verifyCustDetails" time="13.335"/>
  <testcase name="VerifyBillingDetails_SPA" classname="com.NexusPortalAutomation.TestCases.Java.TC0016_1_VerifyBillingDetails_SPA" time="13.173"/>
  <testcase name="verifyDrillbacksGeneral" classname="com.NexusPortalAutomation.TestCases.Java.TC0018_verifyDrillbacksGeneral" time="21.685"/>
  <testcase name="VerifyAction_Transfers_Stack_TwoLocations_Scheduled_NotScheduled" classname="com.NexusPortalAutomation.TestCases.Java.TC0041_VerifyAction_Transfers_Stack_TwoLocations_Scheduled_NotScheduled" time="57.423">
    <failure message="Actual Value &apos;Oct 4, 2019&apos; not Matched the expected value &apos;Oct 3, 2019&apos; " type="java.lang.AssertionError">java.lang.AssertionError: Actual Value 'Oct 4, 2019' not Matched the expected value 'Oct 3, 2019' 
	at com.NexusPortalAutomation.TestCases.Java.TC0041_VerifyAction_Transfers_Stack_TwoLocations_Scheduled_NotScheduled.VerifyAction_Transfers_Stack_TwoLocations_Scheduled_NotScheduled(TC0041_VerifyAction_Transfers_Stack_TwoLocations_Scheduled_NotScheduled.java:139)
</failure>
    <system-out><![CDATA[Closing Browser
Test Completed...
Launching Chrome
Browser Maximised
Test started- VerifyAction_Transfers_Stack_TwoLocations_Scheduled_NotScheduled
Deleting Records for ServiceOrder = 
SORD00000002524
Deleting Records for ServiceOrder = SORD00000002524
0
Deleting Records for Location =  LOC@0002
Angular Request Completed in 54ms
Log in to Nexus View
Element [[ChromeDriver: chrome on XP (52cbe852884fe0a7b2066f7f9e54bfb0)] -> id: username] displayed in 42ms
Login Page title Verified
Element [[ChromeDriver: chrome on XP (52cbe852884fe0a7b2066f7f9e54bfb0)] -> id: username] displayed in 19ms
Element [[ChromeDriver: chrome on XP (52cbe852884fe0a7b2066f7f9e54bfb0)] -> id: password] displayed in 43ms
Element [[ChromeDriver: chrome on XP (52cbe852884fe0a7b2066f7f9e54bfb0)] -> id: kc-login] displayed in 33ms
Angular Request Completed in 15ms
User signed Admin
Enter Text for Search =LOC@0004
Element [[ChromeDriver: chrome on XP (52cbe852884fe0a7b2066f7f9e54bfb0)] -> id: SRCH_Input] displayed in 68ms
Angular request time 652ms
Element [[ChromeDriver: chrome on XP (52cbe852884fe0a7b2066f7f9e54bfb0)] -> id: SRCH_Option_1_Address_Line] displayed in 45ms
Click Customer
Angular request time 518ms
Angular request time 22ms
Element [[ChromeDriver: chrome on XP (52cbe852884fe0a7b2066f7f9e54bfb0)] -> id: 'LOC_Location_Id'] displayed in 53ms
Angular request time 10ms
got Text CustomerLocId = LOC@0004
Customer Location Id found LOC@0004
Strings Matched: LOC@0004 = LOC@0004
Click Action Dropdown
Element [[ChromeDriver: chrome on XP (52cbe852884fe0a7b2066f7f9e54bfb0)] -> id: ACTION_Button] displayed in 56ms
Element [[ChromeDriver: chrome on XP (52cbe852884fe0a7b2066f7f9e54bfb0)] -> id: ACTION_Button] displayed in 20ms
Angular request time 8ms
Click Action Drop down
Angular request time 9ms
Element [[ChromeDriver: chrome on XP (52cbe852884fe0a7b2066f7f9e54bfb0)] -> id: ACTION_Transfer_Service] displayed in 64ms
Element [[ChromeDriver: chrome on XP (52cbe852884fe0a7b2066f7f9e54bfb0)] -> id: ACTION_Transfer_Service] displayed in 62ms
Angular request time 45ms
Click Action Transfer Service Drop down
Angular request time 18ms
Element [[ChromeDriver: chrome on XP (52cbe852884fe0a7b2066f7f9e54bfb0)] -> id: XFER_Select] displayed in 118ms
Angular request time 26ms
Click Transfer Combo
Angular request time 12ms
Element [[ChromeDriver: chrome on XP (52cbe852884fe0a7b2066f7f9e54bfb0)] -> id: XFER_Select_Option_3] displayed in 60ms
Angular request time 13ms
Click Transfer Option 3
Angular request time 8ms
Element [[ChromeDriver: chrome on XP (52cbe852884fe0a7b2066f7f9e54bfb0)] -> id: XFER_Date_Picker_Requested] displayed in 65ms
Entered Request Date = 10/02/2019 01:21
Submit Transfer Request
TRANSFER
Element [[ChromeDriver: chrome on XP (52cbe852884fe0a7b2066f7f9e54bfb0)] -> id: CLO_Service_Order_Input] displayed in 63ms
Setting Text on Search Request with Text = TRANSFER
Angular request time 13ms
Element [[ChromeDriver: chrome on XP (52cbe852884fe0a7b2066f7f9e54bfb0)] -> id: XFER_Date_Picker_Scheduled] displayed in 45ms
Enter Schedule Date Date
Element [[ChromeDriver: chrome on XP (52cbe852884fe0a7b2066f7f9e54bfb0)] -> id: XFER_Date_Picker_Scheduled] displayed in 37ms
Setting Text on DatePicket with Text = 10/02/2019 01:21
Angular request time 536ms
Strings Matched: Mr. VACANT VACANT = Mr. VACANT VACANT
Element [[ChromeDriver: chrome on XP (52cbe852884fe0a7b2066f7f9e54bfb0)] -> id: XFER_Search_Input] displayed in 44ms
Setting Text on Customer Name Request with Text = Mr. VACANT VACANT
Angular request time 8ms
Element [[ChromeDriver: chrome on XP (52cbe852884fe0a7b2066f7f9e54bfb0)] -> id: XFER_Search_Option_1] displayed in 639ms
Angular request time 13ms
Click XFER_Search_Option_1_Customer_Name
Angular request time 20ms
Element [[ChromeDriver: chrome on XP (52cbe852884fe0a7b2066f7f9e54bfb0)] -> id: XFER_Description] displayed in 80ms
Setting Text on Description Request with Text = Description for Stop Service
Angular request time 11ms
Click Submit
Element [[ChromeDriver: chrome on XP (52cbe852884fe0a7b2066f7f9e54bfb0)] -> id: XFER_Button_Action] displayed in 45ms
Element [[ChromeDriver: chrome on XP (52cbe852884fe0a7b2066f7f9e54bfb0)] -> id: XFER_Button_Action] displayed in 38ms
Angular request time 113ms
Click MoveInSubmit Button
Angular request time 9ms
Element [[ChromeDriver: chrome on XP (52cbe852884fe0a7b2066f7f9e54bfb0)] -> id: XFER_Button_Done] displayed in 85ms
Angular request time 132ms
Click Done Button for Transfer
Angular request time 13ms
Clicking Servic Order Link
Element [[ChromeDriver: chrome on XP (52cbe852884fe0a7b2066f7f9e54bfb0)] -> css selector: #mat-tab-label-0-2 > div] displayed in 59ms
Angular request time 638ms
Click Service Order Link
Angular request time 7ms
Element [[ChromeDriver: chrome on XP (52cbe852884fe0a7b2066f7f9e54bfb0)] -> id: SOLV_Service_Order_1] displayed in 43ms
Element [[ChromeDriver: chrome on XP (52cbe852884fe0a7b2066f7f9e54bfb0)] -> id: SOLV_Service_Order_1] displayed in 34ms
Angular request time 8ms
Click Clicking Service Order 1
Angular request time 7ms
Angular request time 8ms
Capturing Servic Order Number
Element [[ChromeDriver: chrome on XP (52cbe852884fe0a7b2066f7f9e54bfb0)] -> id: SODV_Service_Order_Id] displayed in 59ms
Angular request time 12ms
got Text Service Order Number = SORD00000002541
Element [[ChromeDriver: chrome on XP (52cbe852884fe0a7b2066f7f9e54bfb0)] -> id: ACTION_Refresh_Page] displayed in 84ms
Element [[ChromeDriver: chrome on XP (52cbe852884fe0a7b2066f7f9e54bfb0)] -> id: ACTION_Refresh_Page] displayed in 33ms
Angular request time 528ms
Click Refresh Button
Angular request time 15ms
Refresh Page
Click Action Dropdown
Element [[ChromeDriver: chrome on XP (52cbe852884fe0a7b2066f7f9e54bfb0)] -> id: ACTION_Button] displayed in 62ms
Element [[ChromeDriver: chrome on XP (52cbe852884fe0a7b2066f7f9e54bfb0)] -> id: ACTION_Button] displayed in 79ms
Angular request time 81ms
Click Action Drop down
Angular request time 66ms
Element [[ChromeDriver: chrome on XP (52cbe852884fe0a7b2066f7f9e54bfb0)] -> id: ACTION_Transfer_Service] displayed in 202ms
Element [[ChromeDriver: chrome on XP (52cbe852884fe0a7b2066f7f9e54bfb0)] -> id: ACTION_Transfer_Service] displayed in 126ms
Angular request time 187ms
Click Action Transfer Service Drop down
Angular request time 178ms
Element [[ChromeDriver: chrome on XP (52cbe852884fe0a7b2066f7f9e54bfb0)] -> id: XFER_Select] displayed in 301ms
Angular request time 38ms
Click Transfer Combo
Angular request time 43ms
Element [[ChromeDriver: chrome on XP (52cbe852884fe0a7b2066f7f9e54bfb0)] -> id: XFER_Select_Option_3] displayed in 174ms
Angular request time 57ms
Click Transfer Option 3
Angular request time 44ms
Element [[ChromeDriver: chrome on XP (52cbe852884fe0a7b2066f7f9e54bfb0)] -> id: XFER_Warning_Message] displayed in 87ms
Strings Matched: Service Order Exist. TRANSFER = Service Order Exist. TRANSFER
Element [[ChromeDriver: chrome on XP (52cbe852884fe0a7b2066f7f9e54bfb0)] -> id: XFER_Warning_Drillback] displayed in 113ms
String Verified  =cogsdrillback://DGPB/?Db=SQL_2017&Srv=RND-BASE-A&Cmp=TWO&Prod=229&Act=OPEN&Func=ServiceOrder&LocationID=LOC@0004&ServiceOrderNumber=SORD00000002541&CogsDrillback=1 Contains = SORD00000002541
Date after Addition of two days Oct 4, 2019
Submit Transfer Request
TRANSFER
Element [[ChromeDriver: chrome on XP (52cbe852884fe0a7b2066f7f9e54bfb0)] -> id: CLO_Service_Order_Input] displayed in 143ms
Setting Text on Search Request with Text = TRANSFER
Angular request time 22ms
Element [[ChromeDriver: chrome on XP (52cbe852884fe0a7b2066f7f9e54bfb0)] -> id: XFER_Date_Picker_Scheduled] displayed in 53ms
Enter Schedule Date Date
Element [[ChromeDriver: chrome on XP (52cbe852884fe0a7b2066f7f9e54bfb0)] -> id: XFER_Date_Picker_Scheduled] displayed in 32ms
Setting Text on DatePicket with Text = Oct 4, 2019
Angular request time 417ms
Strings Matched: Mr. VACANT VACANT = Mr. VACANT VACANT
Element [[ChromeDriver: chrome on XP (52cbe852884fe0a7b2066f7f9e54bfb0)] -> id: XFER_Search_Input] displayed in 45ms
Setting Text on Customer Name Request with Text = Mrs. Gail M Dewar
Angular request time 8ms
Element [[ChromeDriver: chrome on XP (52cbe852884fe0a7b2066f7f9e54bfb0)] -> id: XFER_Search_Option_1] displayed in 600ms
Angular request time 17ms
Click XFER_Search_Option_1_Customer_Name
Angular request time 7ms
Element [[ChromeDriver: chrome on XP (52cbe852884fe0a7b2066f7f9e54bfb0)] -> id: XFER_Description] displayed in 38ms
Setting Text on Description Request with Text = Description for Stop Service
Angular request time 8ms
Click Submit
Element [[ChromeDriver: chrome on XP (52cbe852884fe0a7b2066f7f9e54bfb0)] -> id: XFER_Button_Action] displayed in 40ms
Element [[ChromeDriver: chrome on XP (52cbe852884fe0a7b2066f7f9e54bfb0)] -> id: XFER_Button_Action] displayed in 33ms
Angular request time 115ms
Click MoveInSubmit Button
Angular request time 16ms
Element [[ChromeDriver: chrome on XP (52cbe852884fe0a7b2066f7f9e54bfb0)] -> id: XFER_Button_Done] displayed in 88ms
Angular request time 39ms
Click Done Button for Transfer
Angular request time 15ms
Element [[ChromeDriver: chrome on XP (52cbe852884fe0a7b2066f7f9e54bfb0)] -> id: ACTION_Refresh_Page] displayed in 102ms
Element [[ChromeDriver: chrome on XP (52cbe852884fe0a7b2066f7f9e54bfb0)] -> id: ACTION_Refresh_Page] displayed in 69ms
Angular request time 569ms
Click Refresh Button
Angular request time 16ms
Refresh Page
Clicking Servic Order Link
Element [[ChromeDriver: chrome on XP (52cbe852884fe0a7b2066f7f9e54bfb0)] -> css selector: #mat-tab-label-0-2 > div] displayed in 47ms
Angular request time 8ms
Click Service Order Link
Angular request time 8ms
Element [[ChromeDriver: chrome on XP (52cbe852884fe0a7b2066f7f9e54bfb0)] -> id: SOLV_Service_Order_1] displayed in 40ms
Element [[ChromeDriver: chrome on XP (52cbe852884fe0a7b2066f7f9e54bfb0)] -> id: SOLV_Service_Order_1] displayed in 33ms
Angular request time 9ms
Click Clicking Service Order 1
Angular request time 9ms
Angular request time 8ms
Element [[ChromeDriver: chrome on XP (52cbe852884fe0a7b2066f7f9e54bfb0)] -> id: ACTION_Refresh_Page] displayed in 34ms
Element [[ChromeDriver: chrome on XP (52cbe852884fe0a7b2066f7f9e54bfb0)] -> id: ACTION_Refresh_Page] displayed in 40ms
Angular request time 467ms
Click Refresh Button
Angular request time 13ms
Refresh Page
Element [[ChromeDriver: chrome on XP (52cbe852884fe0a7b2066f7f9e54bfb0)] -> id: SRCH_Input] displayed in 69ms
Element [[ChromeDriver: chrome on XP (52cbe852884fe0a7b2066f7f9e54bfb0)] -> id: SRCH_Input] displayed in 17ms
Setting Text on Search Text with Text = LOC@0002
Angular request time 9ms
Search Text
Element [[ChromeDriver: chrome on XP (52cbe852884fe0a7b2066f7f9e54bfb0)] -> id: SRCH_Option_1_Customer_Name] displayed in 694ms
Click DashBoard Search Result 
Angular request time 640ms
Click Action Dropdown
Element [[ChromeDriver: chrome on XP (52cbe852884fe0a7b2066f7f9e54bfb0)] -> id: ACTION_Button] displayed in 32ms
Element [[ChromeDriver: chrome on XP (52cbe852884fe0a7b2066f7f9e54bfb0)] -> id: ACTION_Button] displayed in 30ms
Angular request time 10ms
Click Action Drop down
Angular request time 17ms
Element [[ChromeDriver: chrome on XP (52cbe852884fe0a7b2066f7f9e54bfb0)] -> id: ACTION_Transfer_Service] displayed in 57ms
Element [[ChromeDriver: chrome on XP (52cbe852884fe0a7b2066f7f9e54bfb0)] -> id: ACTION_Transfer_Service] displayed in 103ms
Angular request time 38ms
Click Action Transfer Service Drop down
Angular request time 34ms
Element [[ChromeDriver: chrome on XP (52cbe852884fe0a7b2066f7f9e54bfb0)] -> id: XFER_Select] displayed in 169ms
Angular request time 9ms
Click Transfer Combo
Angular request time 8ms
Element [[ChromeDriver: chrome on XP (52cbe852884fe0a7b2066f7f9e54bfb0)] -> id: XFER_Select_Option_1] displayed in 44ms
Angular request time 10ms
Click Transfer Option 1
Angular request time 9ms
TRANSFER
Element [[ChromeDriver: chrome on XP (52cbe852884fe0a7b2066f7f9e54bfb0)] -> id: CLO_Service_Order_Input] displayed in 47ms
Setting Text on Search Request with Text = Transfer
Angular request time 13ms
Element [[ChromeDriver: chrome on XP (52cbe852884fe0a7b2066f7f9e54bfb0)] -> id: XFER_MoveFrom_Date_Picker_Requested] displayed in 44ms
10/02/2019 01:22
Strings Matched: Mr. VACANT VACANT = Mr. VACANT VACANT
TEST DEFAULT VALUE FOR CUSTOMER ===Mr. VACANT VACANT
Element [[ChromeDriver: chrome on XP (52cbe852884fe0a7b2066f7f9e54bfb0)] -> id: XFER_Search_Input] displayed in 72ms
Setting Text on Customer Name Request with Text = Mr. VACANT VACANT
Angular request time 329ms
Element [[ChromeDriver: chrome on XP (52cbe852884fe0a7b2066f7f9e54bfb0)] -> id: XFER_Search_Option_1_Customer_Name] displayed in 614ms
Angular request time 20ms
Click XFER_Search_Option_1_Customer_Name
Angular request time 10ms
Element [[ChromeDriver: chrome on XP (52cbe852884fe0a7b2066f7f9e54bfb0)] -> id: XFER_Description] displayed in 59ms
Setting Text on Description Request with Text = AUTOMATION TEST
Angular request time 9ms
Element [[ChromeDriver: chrome on XP (52cbe852884fe0a7b2066f7f9e54bfb0)] -> id: XFER_MoveTo_Tab] displayed in 41ms
Angular request time 10ms
Click Move To Tab (Transfers)
Angular request time 14ms
Element [[ChromeDriver: chrome on XP (52cbe852884fe0a7b2066f7f9e54bfb0)] -> id: CLO_Service_Order_Input] displayed in 68ms
Enter Request Name
Element [[ChromeDriver: chrome on XP (52cbe852884fe0a7b2066f7f9e54bfb0)] -> id: CLO_Service_Order_Input] displayed in 48ms
Setting Text on Service Order Input with Text = TRANSFER
Angular request time 15ms
Element [[ChromeDriver: chrome on XP (52cbe852884fe0a7b2066f7f9e54bfb0)] -> id: XFER_Search_Input] displayed in 40ms
Element [[ChromeDriver: chrome on XP (52cbe852884fe0a7b2066f7f9e54bfb0)] -> id: XFER_Search_Input] displayed in 37ms
Setting Text on XFERSearchInput with Text = LOC@0004
Angular request time 423ms
Element [[ChromeDriver: chrome on XP (52cbe852884fe0a7b2066f7f9e54bfb0)] -> id: XFER_Search_Option_1_Customer_Name] displayed in 732ms
Angular request time 125ms
Click XFER_Search_Option_1_Customer_Name
Angular request time 16ms
Enter Request Description
Element [[ChromeDriver: chrome on XP (52cbe852884fe0a7b2066f7f9e54bfb0)] -> id: XFER_Description] displayed in 68ms
Element [[ChromeDriver: chrome on XP (52cbe852884fe0a7b2066f7f9e54bfb0)] -> id: XFER_Description] displayed in 35ms
Setting Text on XFER Description with Text = Move in from location LOC@0004
Angular request time 14ms
Click Submit
Element [[ChromeDriver: chrome on XP (52cbe852884fe0a7b2066f7f9e54bfb0)] -> id: XFER_Button_Action] displayed in 43ms
Element [[ChromeDriver: chrome on XP (52cbe852884fe0a7b2066f7f9e54bfb0)] -> id: XFER_Button_Action] displayed in 33ms
Angular request time 120ms
Click MoveInSubmit Button
Angular request time 15ms
String Verified  =check
Transfer initiated Contains = Transfer initiated
Element [[ChromeDriver: chrome on XP (52cbe852884fe0a7b2066f7f9e54bfb0)] -> id: XFER_Button_Done] displayed in 85ms
Angular request time 122ms
Click Done Button for Transfer
Angular request time 12ms
Element [[ChromeDriver: chrome on XP (52cbe852884fe0a7b2066f7f9e54bfb0)] -> id: SRCH_Input] displayed in 31ms
Element [[ChromeDriver: chrome on XP (52cbe852884fe0a7b2066f7f9e54bfb0)] -> id: SRCH_Input] displayed in 19ms
Setting Text on Search Text with Text = LOC@0004
Angular request time 11ms
Search Text
Element [[ChromeDriver: chrome on XP (52cbe852884fe0a7b2066f7f9e54bfb0)] -> id: SRCH_Option_1_Customer_Name] displayed in 724ms
Click DashBoard Search Result 
Angular request time 551ms
Element [[ChromeDriver: chrome on XP (52cbe852884fe0a7b2066f7f9e54bfb0)] -> id: ACTION_Refresh_Page] displayed in 51ms
Element [[ChromeDriver: chrome on XP (52cbe852884fe0a7b2066f7f9e54bfb0)] -> id: ACTION_Refresh_Page] displayed in 62ms
Angular request time 772ms
Click Refresh Button
Angular request time 32ms
Refresh Page
Clicking Servic Order Link
Element [[ChromeDriver: chrome on XP (52cbe852884fe0a7b2066f7f9e54bfb0)] -> css selector: #mat-tab-label-0-2 > div] displayed in 78ms
Angular request time 33ms
Click Service Order Link
Angular request time 25ms
Element [[ChromeDriver: chrome on XP (52cbe852884fe0a7b2066f7f9e54bfb0)] -> id: SOLV_Service_Order_1] displayed in 141ms
Element [[ChromeDriver: chrome on XP (52cbe852884fe0a7b2066f7f9e54bfb0)] -> id: SOLV_Service_Order_1] displayed in 103ms
Angular request time 31ms
Click Clicking Service Order 1
Angular request time 28ms
Angular request time 33ms
get Requested Customer Name
Strings Matched: Mr. Automation Mate = Mr. Automation Mate
get Move Out Customer Date
Strings Matched: Mr. Automation Mate = Mr. Automation Mate
get Movein Customer Name Date
Strings Matched: Mrs. Gail M Dewar (Customer010) = Mrs. Gail M Dewar (Customer010)
get Scheduled Date
Strings Matched: Not Scheduled = Not Scheduled
get Requested Date
Strings Matched: Oct 2, 2019 = Oct 2, 2019
Meter Reading-electric
Strings Matched: Meter Reading-electric = Meter Reading-electric
get Task Description
Strings Matched: Charge New Customer = Charge New Customer
get Task Description
Strings Matched: Property Transfer = Property Transfer
get Task Description
Strings Matched: Deposit Request-new Customer = Deposit Request-new Customer
Deposit Payment-new Customer E
Strings Matched: Deposit Payment-new Customer E = Deposit Payment-new Customer E
Prepayment Required-new Custom
Strings Matched: Prepayment Required-new Custom = Prepayment Required-new Custom
Element [[ChromeDriver: chrome on XP (52cbe852884fe0a7b2066f7f9e54bfb0)] -> id: SODV_Drillback] displayed in 81ms
Capturing Servic Order Number
Element [[ChromeDriver: chrome on XP (52cbe852884fe0a7b2066f7f9e54bfb0)] -> id: SODV_Service_Order_Id] displayed in 153ms
Angular request time 16ms
got Text Service Order Number = SORD00000002544
String Verified  =cogsdrillback://DGPB/?Db=SQL_2017&Srv=RND-BASE-A&Cmp=TWO&Prod=229&Act=OPEN&Func=ServiceOrder&LocationID=LOC@0004&ServiceOrderNumber=SORD00000002544&CogsDrillback=1 Contains = SORD00000002544
Element [[ChromeDriver: chrome on XP (52cbe852884fe0a7b2066f7f9e54bfb0)] -> id: SODV_Description] displayed in 180ms
Angular request time 28ms
Element [[ChromeDriver: chrome on XP (52cbe852884fe0a7b2066f7f9e54bfb0)] -> id: SODV_Description] displayed in 126ms
Angular request time 31ms
got Text Service Order Description = Move In From Location Loc@0004
Strings Matched: Move In From Location Loc@0004 = Move In From Location Loc@0004
Capturing Servic Order Number
Element [[ChromeDriver: chrome on XP (52cbe852884fe0a7b2066f7f9e54bfb0)] -> id: SODV_Service_Order_Id] displayed in 109ms
Angular request time 31ms
got Text Service Order Number = SORD00000002544
SORD00000002544
Service Order verified = SORD00000002544
Element [[ChromeDriver: chrome on XP (52cbe852884fe0a7b2066f7f9e54bfb0)] -> id: SOLV_Service_Order_2] displayed in 162ms
Element [[ChromeDriver: chrome on XP (52cbe852884fe0a7b2066f7f9e54bfb0)] -> id: SOLV_Service_Order_2] displayed in 109ms
Angular request time 34ms
Click Clicking Service Order 2
Angular request time 12ms
Angular request time 30ms
get Requested Customer Name
Strings Matched: Mr. Vacant Vacant = Mr. Vacant Vacant
get Move Out Customer Date
Strings Matched: Mr. Vacant Vacant = Mr. Vacant Vacant
get Movein Customer Name Date
Strings Matched: Mrs. Gail M Dewar (Customer010) = Mrs. Gail M Dewar (Customer010)
get Scheduled Date
***** Error VerifyAction_Transfers_Stack_TwoLocations_Scheduled_NotScheduled test has failed *****
]]></system-out>
    <system-err><![CDATA[Starting ChromeDriver 76.0.3809.126 (d80a294506b4c9d18015e755cee48f953ddc3f2f-refs/branch-heads/3809@{#1024}) on port 42513
Only local connections are allowed.
Please protect ports used by ChromeDriver and related test frameworks to prevent access by malicious code.
[1570040502.233][WARNING]: This version of ChromeDriver has not been tested with Chrome version 77.
Oct 02, 2019 1:21:43 PM org.openqa.selenium.remote.ProtocolHandshake createSession
INFO: Detected dialect: W3C
]]></system-err>
  </testcase>
  <testcase name="TestCustomerDetails" classname="com.NexusPortalAutomation.TestCases.Java.TC0010_2_verifyCustDetails_Blank" time="11.645"/>
  <testcase name="VerifyBillingDetails" classname="com.NexusPortalAutomation.TestCases.Java.TC0016_1_VerifyBillingDetails_EBill" time="20.108"/>
  <testcase name="TestBillingStatements" classname="com.NexusPortalAutomation.TestCases.Java.TC0017_StatementsValue" time="11.427"/>
  <testcase name="VerifyAction_Transfers_Stack_TwoLocations_Scheduled_NotScheduled" classname="com.NexusPortalAutomation.TestCases.Java.TC0040_VerifyAction_Transfers_Stack_TwoLocations_Scheduled_NotScheduled" time="48.896">
    <failure message="Actual Value &apos;Oct 3, 2019&apos; not Matched the expected value &apos;Oct 2, 2019&apos; " type="java.lang.AssertionError">java.lang.AssertionError: Actual Value 'Oct 3, 2019' not Matched the expected value 'Oct 2, 2019' 
	at com.NexusPortalAutomation.TestCases.Java.TC0040_VerifyAction_Transfers_Stack_TwoLocations_Scheduled_NotScheduled.VerifyAction_Transfers_Stack_TwoLocations_Scheduled_NotScheduled(TC0040_VerifyAction_Transfers_Stack_TwoLocations_Scheduled_NotScheduled.java:133)
</failure>
    <system-out><![CDATA[Closing Browser
Test Completed...
Launching Chrome
Browser Maximised
Test started- VerifyAction_Transfers_Stack_TwoLocations_Scheduled_NotScheduled
SORD00000002544
SORD00000002541
SORD00000002542
Deleting Records for ServiceOrder = SORD00000002542
0
0
0
Deleting Records for Location =  LOC@0004
SORD00000002543
Deleting Records for ServiceOrder = SORD00000002543
0
Deleting Records for Location =  LOC@0002
Angular Request Completed in 56ms
Log in to Nexus View
Element [[ChromeDriver: chrome on XP (0c031472c9b1daf51d456401c404ae46)] -> id: username] displayed in 57ms
Login Page title Verified
Element [[ChromeDriver: chrome on XP (0c031472c9b1daf51d456401c404ae46)] -> id: username] displayed in 16ms
Element [[ChromeDriver: chrome on XP (0c031472c9b1daf51d456401c404ae46)] -> id: password] displayed in 31ms
Element [[ChromeDriver: chrome on XP (0c031472c9b1daf51d456401c404ae46)] -> id: kc-login] displayed in 32ms
Angular Request Completed in 30ms
User signed Admin
Enter Text for Search =LOC@0004
Element [[ChromeDriver: chrome on XP (0c031472c9b1daf51d456401c404ae46)] -> id: SRCH_Input] displayed in 68ms
Angular request time 623ms
Element [[ChromeDriver: chrome on XP (0c031472c9b1daf51d456401c404ae46)] -> id: SRCH_Option_1_Address_Line] displayed in 51ms
Click Customer
Angular request time 446ms
Angular request time 17ms
Element [[ChromeDriver: chrome on XP (0c031472c9b1daf51d456401c404ae46)] -> id: 'LOC_Location_Id'] displayed in 67ms
Angular request time 13ms
got Text CustomerLocId = LOC@0004
Customer Location Id found LOC@0004
Strings Matched: LOC@0004 = LOC@0004
Click Action Dropdown
Element [[ChromeDriver: chrome on XP (0c031472c9b1daf51d456401c404ae46)] -> id: ACTION_Button] displayed in 41ms
Element [[ChromeDriver: chrome on XP (0c031472c9b1daf51d456401c404ae46)] -> id: ACTION_Button] displayed in 19ms
Angular request time 8ms
Click Action Drop down
Angular request time 10ms
Element [[ChromeDriver: chrome on XP (0c031472c9b1daf51d456401c404ae46)] -> id: ACTION_Transfer_Service] displayed in 56ms
Element [[ChromeDriver: chrome on XP (0c031472c9b1daf51d456401c404ae46)] -> id: ACTION_Transfer_Service] displayed in 63ms
Angular request time 26ms
Click Action Transfer Service Drop down
Angular request time 10ms
Element [[ChromeDriver: chrome on XP (0c031472c9b1daf51d456401c404ae46)] -> id: XFER_Select] displayed in 192ms
Angular request time 9ms
Click Transfer Combo
Angular request time 5ms
Element [[ChromeDriver: chrome on XP (0c031472c9b1daf51d456401c404ae46)] -> id: XFER_Select_Option_3] displayed in 41ms
Angular request time 11ms
Click Transfer Option 3
Angular request time 9ms
Element [[ChromeDriver: chrome on XP (0c031472c9b1daf51d456401c404ae46)] -> id: XFER_Date_Picker_Requested] displayed in 45ms
Entered Request Date = 10/02/2019 01:23
Submit Transfer Request
TRANSFER
Element [[ChromeDriver: chrome on XP (0c031472c9b1daf51d456401c404ae46)] -> id: CLO_Service_Order_Input] displayed in 41ms
Setting Text on Search Request with Text = TRANSFER
Angular request time 10ms
Element [[ChromeDriver: chrome on XP (0c031472c9b1daf51d456401c404ae46)] -> id: XFER_Date_Picker_Scheduled] displayed in 48ms
Enter Schedule Date Date
Element [[ChromeDriver: chrome on XP (0c031472c9b1daf51d456401c404ae46)] -> id: XFER_Date_Picker_Scheduled] displayed in 33ms
Setting Text on DatePicket with Text = 
Angular request time 420ms
Strings Matched: Mr. VACANT VACANT = Mr. VACANT VACANT
Element [[ChromeDriver: chrome on XP (0c031472c9b1daf51d456401c404ae46)] -> id: XFER_Search_Input] displayed in 35ms
Setting Text on Customer Name Request with Text = Mr. VACANT VACANT
Angular request time 6ms
Element [[ChromeDriver: chrome on XP (0c031472c9b1daf51d456401c404ae46)] -> id: XFER_Search_Option_1] displayed in 601ms
Angular request time 14ms
Click XFER_Search_Option_1_Customer_Name
Angular request time 9ms
Element [[ChromeDriver: chrome on XP (0c031472c9b1daf51d456401c404ae46)] -> id: XFER_Description] displayed in 52ms
Setting Text on Description Request with Text = Description for Stop Service
Angular request time 7ms
Click Submit
Element [[ChromeDriver: chrome on XP (0c031472c9b1daf51d456401c404ae46)] -> id: XFER_Button_Action] displayed in 39ms
Element [[ChromeDriver: chrome on XP (0c031472c9b1daf51d456401c404ae46)] -> id: XFER_Button_Action] displayed in 31ms
Angular request time 118ms
Click MoveInSubmit Button
Angular request time 15ms
Element [[ChromeDriver: chrome on XP (0c031472c9b1daf51d456401c404ae46)] -> id: XFER_Button_Done] displayed in 101ms
Angular request time 125ms
Click Done Button for Transfer
Angular request time 12ms
Clicking Servic Order Link
Element [[ChromeDriver: chrome on XP (0c031472c9b1daf51d456401c404ae46)] -> css selector: #mat-tab-label-0-2 > div] displayed in 39ms
Angular request time 659ms
Click Service Order Link
Angular request time 6ms
Element [[ChromeDriver: chrome on XP (0c031472c9b1daf51d456401c404ae46)] -> id: SOLV_Service_Order_1] displayed in 36ms
Element [[ChromeDriver: chrome on XP (0c031472c9b1daf51d456401c404ae46)] -> id: SOLV_Service_Order_1] displayed in 32ms
Angular request time 9ms
Click Clicking Service Order 1
Angular request time 7ms
Angular request time 8ms
Capturing Servic Order Number
Element [[ChromeDriver: chrome on XP (0c031472c9b1daf51d456401c404ae46)] -> id: SODV_Service_Order_Id] displayed in 65ms
Angular request time 8ms
got Text Service Order Number = SORD00000002545
Element [[ChromeDriver: chrome on XP (0c031472c9b1daf51d456401c404ae46)] -> id: ACTION_Refresh_Page] displayed in 71ms
Element [[ChromeDriver: chrome on XP (0c031472c9b1daf51d456401c404ae46)] -> id: ACTION_Refresh_Page] displayed in 69ms
Angular request time 488ms
Click Refresh Button
Angular request time 9ms
Refresh Page
Click Action Dropdown
Element [[ChromeDriver: chrome on XP (0c031472c9b1daf51d456401c404ae46)] -> id: ACTION_Button] displayed in 47ms
Element [[ChromeDriver: chrome on XP (0c031472c9b1daf51d456401c404ae46)] -> id: ACTION_Button] displayed in 31ms
Angular request time 13ms
Click Action Drop down
Angular request time 10ms
Element [[ChromeDriver: chrome on XP (0c031472c9b1daf51d456401c404ae46)] -> id: ACTION_Transfer_Service] displayed in 44ms
Element [[ChromeDriver: chrome on XP (0c031472c9b1daf51d456401c404ae46)] -> id: ACTION_Transfer_Service] displayed in 61ms
Angular request time 32ms
Click Action Transfer Service Drop down
Angular request time 15ms
Element [[ChromeDriver: chrome on XP (0c031472c9b1daf51d456401c404ae46)] -> id: XFER_Select] displayed in 78ms
Angular request time 27ms
Click Transfer Combo
Angular request time 24ms
Element [[ChromeDriver: chrome on XP (0c031472c9b1daf51d456401c404ae46)] -> id: XFER_Select_Option_3] displayed in 91ms
Angular request time 10ms
Click Transfer Option 3
Angular request time 26ms
Element [[ChromeDriver: chrome on XP (0c031472c9b1daf51d456401c404ae46)] -> id: XFER_Warning_Message] displayed in 25ms
Strings Matched: Service Order Exist. TRANSFER = Service Order Exist. TRANSFER
Element [[ChromeDriver: chrome on XP (0c031472c9b1daf51d456401c404ae46)] -> id: XFER_Warning_Drillback] displayed in 22ms
String Verified  =cogsdrillback://DGPB/?Db=SQL_2017&Srv=RND-BASE-A&Cmp=TWO&Prod=229&Act=OPEN&Func=ServiceOrder&LocationID=LOC@0004&ServiceOrderNumber=SORD00000002545&CogsDrillback=1 Contains = SORD00000002545
Date after Addition of two days Oct 4, 2019
Submit Transfer Request
TRANSFER
Element [[ChromeDriver: chrome on XP (0c031472c9b1daf51d456401c404ae46)] -> id: CLO_Service_Order_Input] displayed in 64ms
Setting Text on Search Request with Text = TRANSFER
Angular request time 12ms
Element [[ChromeDriver: chrome on XP (0c031472c9b1daf51d456401c404ae46)] -> id: XFER_Date_Picker_Scheduled] displayed in 47ms
Enter Schedule Date Date
Element [[ChromeDriver: chrome on XP (0c031472c9b1daf51d456401c404ae46)] -> id: XFER_Date_Picker_Scheduled] displayed in 34ms
Setting Text on DatePicket with Text = 
Angular request time 419ms
Strings Matched: Mr. VACANT VACANT = Mr. VACANT VACANT
Element [[ChromeDriver: chrome on XP (0c031472c9b1daf51d456401c404ae46)] -> id: XFER_Search_Input] displayed in 35ms
Setting Text on Customer Name Request with Text = Mr. VACANT VACANT
Angular request time 7ms
Element [[ChromeDriver: chrome on XP (0c031472c9b1daf51d456401c404ae46)] -> id: XFER_Search_Option_1] displayed in 586ms
Angular request time 16ms
Click XFER_Search_Option_1_Customer_Name
Angular request time 9ms
Element [[ChromeDriver: chrome on XP (0c031472c9b1daf51d456401c404ae46)] -> id: XFER_Description] displayed in 67ms
Setting Text on Description Request with Text = Description for Stop Service
Angular request time 8ms
Click Submit
Element [[ChromeDriver: chrome on XP (0c031472c9b1daf51d456401c404ae46)] -> id: XFER_Button_Action] displayed in 40ms
Element [[ChromeDriver: chrome on XP (0c031472c9b1daf51d456401c404ae46)] -> id: XFER_Button_Action] displayed in 29ms
Angular request time 121ms
Click MoveInSubmit Button
Angular request time 15ms
Element [[ChromeDriver: chrome on XP (0c031472c9b1daf51d456401c404ae46)] -> id: XFER_Button_Done] displayed in 102ms
Angular request time 126ms
Click Done Button for Transfer
Angular request time 27ms
Element [[ChromeDriver: chrome on XP (0c031472c9b1daf51d456401c404ae46)] -> id: ACTION_Refresh_Page] displayed in 82ms
Element [[ChromeDriver: chrome on XP (0c031472c9b1daf51d456401c404ae46)] -> id: ACTION_Refresh_Page] displayed in 41ms
Angular request time 482ms
Click Refresh Button
Angular request time 12ms
Refresh Page
Clicking Servic Order Link
Element [[ChromeDriver: chrome on XP (0c031472c9b1daf51d456401c404ae46)] -> css selector: #mat-tab-label-0-2 > div] displayed in 31ms
Angular request time 8ms
Click Service Order Link
Angular request time 7ms
Element [[ChromeDriver: chrome on XP (0c031472c9b1daf51d456401c404ae46)] -> id: SOLV_Service_Order_1] displayed in 39ms
Element [[ChromeDriver: chrome on XP (0c031472c9b1daf51d456401c404ae46)] -> id: SOLV_Service_Order_1] displayed in 30ms
Angular request time 8ms
Click Clicking Service Order 1
Angular request time 8ms
Angular request time 6ms
Element [[ChromeDriver: chrome on XP (0c031472c9b1daf51d456401c404ae46)] -> id: ACTION_Refresh_Page] displayed in 30ms
Element [[ChromeDriver: chrome on XP (0c031472c9b1daf51d456401c404ae46)] -> id: ACTION_Refresh_Page] displayed in 32ms
Angular request time 488ms
Click Refresh Button
Angular request time 16ms
Refresh Page
Element [[ChromeDriver: chrome on XP (0c031472c9b1daf51d456401c404ae46)] -> id: SRCH_Input] displayed in 86ms
Element [[ChromeDriver: chrome on XP (0c031472c9b1daf51d456401c404ae46)] -> id: SRCH_Input] displayed in 20ms
Setting Text on Search Text with Text = LOC@0002
Angular request time 10ms
Search Text
Element [[ChromeDriver: chrome on XP (0c031472c9b1daf51d456401c404ae46)] -> id: SRCH_Option_1_Customer_Name] displayed in 651ms
Click DashBoard Search Result 
Angular request time 648ms
Click Action Dropdown
Element [[ChromeDriver: chrome on XP (0c031472c9b1daf51d456401c404ae46)] -> id: ACTION_Button] displayed in 47ms
Element [[ChromeDriver: chrome on XP (0c031472c9b1daf51d456401c404ae46)] -> id: ACTION_Button] displayed in 31ms
Angular request time 9ms
Click Action Drop down
Angular request time 7ms
Element [[ChromeDriver: chrome on XP (0c031472c9b1daf51d456401c404ae46)] -> id: ACTION_Transfer_Service] displayed in 43ms
Element [[ChromeDriver: chrome on XP (0c031472c9b1daf51d456401c404ae46)] -> id: ACTION_Transfer_Service] displayed in 79ms
Angular request time 18ms
Click Action Transfer Service Drop down
Angular request time 15ms
Element [[ChromeDriver: chrome on XP (0c031472c9b1daf51d456401c404ae46)] -> id: XFER_Select] displayed in 60ms
Angular request time 10ms
Click Transfer Combo
Angular request time 9ms
Element [[ChromeDriver: chrome on XP (0c031472c9b1daf51d456401c404ae46)] -> id: XFER_Select_Option_1] displayed in 64ms
Angular request time 15ms
Click Transfer Option 1
Angular request time 7ms
TRANSFER
Element [[ChromeDriver: chrome on XP (0c031472c9b1daf51d456401c404ae46)] -> id: CLO_Service_Order_Input] displayed in 38ms
Setting Text on Search Request with Text = Transfer
Angular request time 13ms
Element [[ChromeDriver: chrome on XP (0c031472c9b1daf51d456401c404ae46)] -> id: XFER_MoveFrom_Date_Picker_Requested] displayed in 38ms
10/02/2019 01:24
Strings Matched: Mr. VACANT VACANT = Mr. VACANT VACANT
TEST DEFAULT VALUE FOR CUSTOMER ===Mr. VACANT VACANT
Element [[ChromeDriver: chrome on XP (0c031472c9b1daf51d456401c404ae46)] -> id: XFER_Search_Input] displayed in 35ms
Setting Text on Customer Name Request with Text = Mr. VACANT VACANT
Angular request time 420ms
Element [[ChromeDriver: chrome on XP (0c031472c9b1daf51d456401c404ae46)] -> id: XFER_Search_Option_1_Customer_Name] displayed in 602ms
Angular request time 17ms
Click XFER_Search_Option_1_Customer_Name
Angular request time 7ms
Element [[ChromeDriver: chrome on XP (0c031472c9b1daf51d456401c404ae46)] -> id: XFER_Description] displayed in 65ms
Setting Text on Description Request with Text = AUTOMATION TEST
Angular request time 9ms
Element [[ChromeDriver: chrome on XP (0c031472c9b1daf51d456401c404ae46)] -> id: XFER_MoveTo_Tab] displayed in 40ms
Angular request time 11ms
Click Move To Tab (Transfers)
Angular request time 7ms
Enter Schedule Date
Element [[ChromeDriver: chrome on XP (0c031472c9b1daf51d456401c404ae46)] -> id: XFER_MoveTo_Date_Picker_Scheduled] displayed in 572ms
Element [[ChromeDriver: chrome on XP (0c031472c9b1daf51d456401c404ae46)] -> id: XFER_MoveTo_Date_Picker_Scheduled] displayed in 33ms
Setting Text on DatePicket with Text = Oct 3, 2019
Angular request time 6ms
Element [[ChromeDriver: chrome on XP (0c031472c9b1daf51d456401c404ae46)] -> id: CLO_Service_Order_Input] displayed in 68ms
Enter Request Name
Element [[ChromeDriver: chrome on XP (0c031472c9b1daf51d456401c404ae46)] -> id: CLO_Service_Order_Input] displayed in 33ms
Setting Text on Service Order Input with Text = TRANSFER
Angular request time 16ms
Element [[ChromeDriver: chrome on XP (0c031472c9b1daf51d456401c404ae46)] -> id: XFER_Search_Input] displayed in 38ms
Element [[ChromeDriver: chrome on XP (0c031472c9b1daf51d456401c404ae46)] -> id: XFER_Search_Input] displayed in 30ms
Setting Text on XFERSearchInput with Text = LOC@0004
Angular request time 521ms
Element [[ChromeDriver: chrome on XP (0c031472c9b1daf51d456401c404ae46)] -> id: XFER_Search_Option_1_Customer_Name] displayed in 652ms
Angular request time 118ms
Click XFER_Search_Option_1_Customer_Name
Angular request time 14ms
Enter Request Description
Element [[ChromeDriver: chrome on XP (0c031472c9b1daf51d456401c404ae46)] -> id: XFER_Description] displayed in 70ms
Element [[ChromeDriver: chrome on XP (0c031472c9b1daf51d456401c404ae46)] -> id: XFER_Description] displayed in 30ms
Setting Text on XFER Description with Text = Move in from location LOC@0004
Angular request time 15ms
Click Submit
Element [[ChromeDriver: chrome on XP (0c031472c9b1daf51d456401c404ae46)] -> id: XFER_Button_Action] displayed in 38ms
Element [[ChromeDriver: chrome on XP (0c031472c9b1daf51d456401c404ae46)] -> id: XFER_Button_Action] displayed in 28ms
Angular request time 121ms
Click MoveInSubmit Button
Angular request time 16ms
String Verified  =check
Transfer initiated Contains = Transfer initiated
Element [[ChromeDriver: chrome on XP (0c031472c9b1daf51d456401c404ae46)] -> id: XFER_Button_Done] displayed in 69ms
Angular request time 119ms
Click Done Button for Transfer
Angular request time 9ms
Element [[ChromeDriver: chrome on XP (0c031472c9b1daf51d456401c404ae46)] -> id: SRCH_Input] displayed in 32ms
Element [[ChromeDriver: chrome on XP (0c031472c9b1daf51d456401c404ae46)] -> id: SRCH_Input] displayed in 20ms
Setting Text on Search Text with Text = LOC@0004
Angular request time 8ms
Search Text
Element [[ChromeDriver: chrome on XP (0c031472c9b1daf51d456401c404ae46)] -> id: SRCH_Option_1_Customer_Name] displayed in 672ms
Click DashBoard Search Result 
Angular request time 642ms
Element [[ChromeDriver: chrome on XP (0c031472c9b1daf51d456401c404ae46)] -> id: ACTION_Refresh_Page] displayed in 56ms
Element [[ChromeDriver: chrome on XP (0c031472c9b1daf51d456401c404ae46)] -> id: ACTION_Refresh_Page] displayed in 64ms
Angular request time 572ms
Click Refresh Button
Angular request time 15ms
Refresh Page
Clicking Servic Order Link
Element [[ChromeDriver: chrome on XP (0c031472c9b1daf51d456401c404ae46)] -> css selector: #mat-tab-label-0-2 > div] displayed in 47ms
Angular request time 8ms
Click Service Order Link
Angular request time 7ms
Element [[ChromeDriver: chrome on XP (0c031472c9b1daf51d456401c404ae46)] -> id: SOLV_Service_Order_1] displayed in 47ms
Element [[ChromeDriver: chrome on XP (0c031472c9b1daf51d456401c404ae46)] -> id: SOLV_Service_Order_1] displayed in 32ms
Angular request time 6ms
Click Clicking Service Order 1
Angular request time 6ms
Angular request time 5ms
get Requested Customer Name
Strings Matched: Mr. Vacant Vacant = Mr. Vacant Vacant
get Move Out Customer Date
Strings Matched: Mr. Vacant Vacant = Mr. Vacant Vacant
get Movein Customer Name Date
Strings Matched: Mrs. Gail M Dewar (Customer010) = Mrs. Gail M Dewar (Customer010)
get Scheduled Date
***** Error VerifyAction_Transfers_Stack_TwoLocations_Scheduled_NotScheduled test has failed *****
]]></system-out>
    <system-err><![CDATA[Starting ChromeDriver 76.0.3809.126 (d80a294506b4c9d18015e755cee48f953ddc3f2f-refs/branch-heads/3809@{#1024}) on port 22364
Only local connections are allowed.
Please protect ports used by ChromeDriver and related test frameworks to prevent access by malicious code.
[1570040618.582][WARNING]: This version of ChromeDriver has not been tested with Chrome version 77.
Oct 02, 2019 1:23:39 PM org.openqa.selenium.remote.ProtocolHandshake createSession
INFO: Detected dialect: W3C
]]></system-err>
  </testcase>
  <testcase name="TestCustomerDetails" classname="com.NexusPortalAutomation.TestCases.Java.TC0010_1_verifyCustDetails_Business" time="25.977"/>
  <testcase name="VerifyBillingDetails_budgetSPA" classname="com.NexusPortalAutomation.TestCases.Java.TC0016_1_VerifyBillingDetails_Budget_SPA" time="31.946"/>
  <testcase name="VerifyBillingDetails" classname="com.NexusPortalAutomation.TestCases.Java.TC0016_VerifyBillingDetails" time="17.784"/>
  <testcase name="VerifyAction_Transfers_Stack_TwoLocations_Scheduled_NotScheduled" classname="com.NexusPortalAutomation.TestCases.Java.TC0039_VerifyAction_Transfers_Stack_TwoLocations_Scheduled_NotScheduled" time="53.858">
    <failure message="Actual Value &apos;Oct 3, 2019&apos; not Matched the expected value &apos;Oct 2, 2019&apos; " type="java.lang.AssertionError">java.lang.AssertionError: Actual Value 'Oct 3, 2019' not Matched the expected value 'Oct 2, 2019' 
	at com.NexusPortalAutomation.TestCases.Java.TC0039_VerifyAction_Transfers_Stack_TwoLocations_Scheduled_NotScheduled.VerifyAction_Transfers_Stack_TwoLocations_Scheduled_NotScheduled(TC0039_VerifyAction_Transfers_Stack_TwoLocations_Scheduled_NotScheduled.java:135)
</failure>
    <system-out><![CDATA[Closing Browser
Test Completed...
Launching Chrome
Browser Maximised
Test started- VerifyAction_Transfers_Stack_TwoLocations_Scheduled_NotScheduled
SORD00000002545
SORD00000002546
SORD00000002548
Deleting Records for ServiceOrder = SORD00000002548
0
0
0
Deleting Records for Location =  LOC@0004
SORD00000002547
Deleting Records for ServiceOrder = SORD00000002547
0
Deleting Records for Location =  LOC@0002
Angular Request Completed in 51ms
Log in to Nexus View
Element [[ChromeDriver: chrome on XP (fbe94fde17a9b8cd52cd1aa4d3f9a48f)] -> id: username] displayed in 40ms
Login Page title Verified
Element [[ChromeDriver: chrome on XP (fbe94fde17a9b8cd52cd1aa4d3f9a48f)] -> id: username] displayed in 16ms
Element [[ChromeDriver: chrome on XP (fbe94fde17a9b8cd52cd1aa4d3f9a48f)] -> id: password] displayed in 33ms
Element [[ChromeDriver: chrome on XP (fbe94fde17a9b8cd52cd1aa4d3f9a48f)] -> id: kc-login] displayed in 35ms
Angular Request Completed in 37ms
User signed Admin
Enter Text for Search =LOC@0004
Element [[ChromeDriver: chrome on XP (fbe94fde17a9b8cd52cd1aa4d3f9a48f)] -> id: SRCH_Input] displayed in 67ms
Angular request time 741ms
Element [[ChromeDriver: chrome on XP (fbe94fde17a9b8cd52cd1aa4d3f9a48f)] -> id: SRCH_Option_1_Address_Line] displayed in 68ms
Click Customer
Angular request time 389ms
Angular request time 8ms
Element [[ChromeDriver: chrome on XP (fbe94fde17a9b8cd52cd1aa4d3f9a48f)] -> id: 'LOC_Location_Id'] displayed in 40ms
Angular request time 7ms
got Text CustomerLocId = LOC@0004
Customer Location Id found LOC@0004
Strings Matched: LOC@0004 = LOC@0004
Click Action Dropdown
Element [[ChromeDriver: chrome on XP (fbe94fde17a9b8cd52cd1aa4d3f9a48f)] -> id: ACTION_Button] displayed in 29ms
Element [[ChromeDriver: chrome on XP (fbe94fde17a9b8cd52cd1aa4d3f9a48f)] -> id: ACTION_Button] displayed in 13ms
Angular request time 8ms
Click Action Drop down
Angular request time 6ms
Element [[ChromeDriver: chrome on XP (fbe94fde17a9b8cd52cd1aa4d3f9a48f)] -> id: ACTION_Transfer_Service] displayed in 49ms
Element [[ChromeDriver: chrome on XP (fbe94fde17a9b8cd52cd1aa4d3f9a48f)] -> id: ACTION_Transfer_Service] displayed in 63ms
Angular request time 29ms
Click Action Transfer Service Drop down
Angular request time 16ms
Element [[ChromeDriver: chrome on XP (fbe94fde17a9b8cd52cd1aa4d3f9a48f)] -> id: XFER_Select] displayed in 96ms
Angular request time 28ms
Click Transfer Combo
Angular request time 9ms
Element [[ChromeDriver: chrome on XP (fbe94fde17a9b8cd52cd1aa4d3f9a48f)] -> id: XFER_Select_Option_3] displayed in 46ms
Angular request time 26ms
Click Transfer Option 3
Angular request time 9ms
Element [[ChromeDriver: chrome on XP (fbe94fde17a9b8cd52cd1aa4d3f9a48f)] -> id: XFER_Date_Picker_Requested] displayed in 76ms
Entered Request Date = 10/02/2019 01:26
Submit Transfer Request
TRANSFER
Element [[ChromeDriver: chrome on XP (fbe94fde17a9b8cd52cd1aa4d3f9a48f)] -> id: CLO_Service_Order_Input] displayed in 105ms
Setting Text on Search Request with Text = TRANSFER
Angular request time 13ms
Element [[ChromeDriver: chrome on XP (fbe94fde17a9b8cd52cd1aa4d3f9a48f)] -> id: XFER_Date_Picker_Scheduled] displayed in 42ms
Enter Schedule Date Date
Element [[ChromeDriver: chrome on XP (fbe94fde17a9b8cd52cd1aa4d3f9a48f)] -> id: XFER_Date_Picker_Scheduled] displayed in 33ms
Setting Text on DatePicket with Text = 
Angular request time 423ms
Strings Matched: Mr. VACANT VACANT = Mr. VACANT VACANT
Element [[ChromeDriver: chrome on XP (fbe94fde17a9b8cd52cd1aa4d3f9a48f)] -> id: XFER_Search_Input] displayed in 40ms
Setting Text on Customer Name Request with Text = Mr. VACANT VACANT
Angular request time 9ms
Element [[ChromeDriver: chrome on XP (fbe94fde17a9b8cd52cd1aa4d3f9a48f)] -> id: XFER_Search_Option_1] displayed in 609ms
Angular request time 20ms
Click XFER_Search_Option_1_Customer_Name
Angular request time 8ms
Element [[ChromeDriver: chrome on XP (fbe94fde17a9b8cd52cd1aa4d3f9a48f)] -> id: XFER_Description] displayed in 59ms
Setting Text on Description Request with Text = Description for Stop Service
Angular request time 12ms
Click Submit
Element [[ChromeDriver: chrome on XP (fbe94fde17a9b8cd52cd1aa4d3f9a48f)] -> id: XFER_Button_Action] displayed in 43ms
Element [[ChromeDriver: chrome on XP (fbe94fde17a9b8cd52cd1aa4d3f9a48f)] -> id: XFER_Button_Action] displayed in 36ms
Angular request time 112ms
Click MoveInSubmit Button
Angular request time 16ms
Element [[ChromeDriver: chrome on XP (fbe94fde17a9b8cd52cd1aa4d3f9a48f)] -> id: XFER_Button_Done] displayed in 101ms
Angular request time 142ms
Click Done Button for Transfer
Angular request time 18ms
Clicking Servic Order Link
Element [[ChromeDriver: chrome on XP (fbe94fde17a9b8cd52cd1aa4d3f9a48f)] -> css selector: #mat-tab-label-0-2 > div] displayed in 42ms
Angular request time 561ms
Click Service Order Link
Angular request time 5ms
Element [[ChromeDriver: chrome on XP (fbe94fde17a9b8cd52cd1aa4d3f9a48f)] -> id: SOLV_Service_Order_1] displayed in 41ms
Element [[ChromeDriver: chrome on XP (fbe94fde17a9b8cd52cd1aa4d3f9a48f)] -> id: SOLV_Service_Order_1] displayed in 29ms
Angular request time 11ms
Click Clicking Service Order 1
Angular request time 9ms
Angular request time 7ms
Capturing Servic Order Number
Element [[ChromeDriver: chrome on XP (fbe94fde17a9b8cd52cd1aa4d3f9a48f)] -> id: SODV_Service_Order_Id] displayed in 44ms
Angular request time 8ms
got Text Service Order Number = SORD00000002549
Element [[ChromeDriver: chrome on XP (fbe94fde17a9b8cd52cd1aa4d3f9a48f)] -> id: ACTION_Refresh_Page] displayed in 69ms
Element [[ChromeDriver: chrome on XP (fbe94fde17a9b8cd52cd1aa4d3f9a48f)] -> id: ACTION_Refresh_Page] displayed in 33ms
Angular request time 503ms
Click Refresh Button
Angular request time 15ms
Refresh Page
Click Action Dropdown
Element [[ChromeDriver: chrome on XP (fbe94fde17a9b8cd52cd1aa4d3f9a48f)] -> id: ACTION_Button] displayed in 33ms
Element [[ChromeDriver: chrome on XP (fbe94fde17a9b8cd52cd1aa4d3f9a48f)] -> id: ACTION_Button] displayed in 30ms
Angular request time 37ms
Click Action Drop down
Angular request time 9ms
Element [[ChromeDriver: chrome on XP (fbe94fde17a9b8cd52cd1aa4d3f9a48f)] -> id: ACTION_Transfer_Service] displayed in 46ms
Element [[ChromeDriver: chrome on XP (fbe94fde17a9b8cd52cd1aa4d3f9a48f)] -> id: ACTION_Transfer_Service] displayed in 94ms
Angular request time 38ms
Click Action Transfer Service Drop down
Angular request time 17ms
Element [[ChromeDriver: chrome on XP (fbe94fde17a9b8cd52cd1aa4d3f9a48f)] -> id: XFER_Select] displayed in 99ms
Angular request time 17ms
Click Transfer Combo
Angular request time 22ms
Element [[ChromeDriver: chrome on XP (fbe94fde17a9b8cd52cd1aa4d3f9a48f)] -> id: XFER_Select_Option_3] displayed in 72ms
Angular request time 23ms
Click Transfer Option 3
Angular request time 10ms
Element [[ChromeDriver: chrome on XP (fbe94fde17a9b8cd52cd1aa4d3f9a48f)] -> id: XFER_Warning_Message] displayed in 28ms
Strings Matched: Service Order Exist. TRANSFER = Service Order Exist. TRANSFER
Element [[ChromeDriver: chrome on XP (fbe94fde17a9b8cd52cd1aa4d3f9a48f)] -> id: XFER_Warning_Drillback] displayed in 30ms
String Verified  =cogsdrillback://DGPB/?Db=SQL_2017&Srv=RND-BASE-A&Cmp=TWO&Prod=229&Act=OPEN&Func=ServiceOrder&LocationID=LOC@0004&ServiceOrderNumber=SORD00000002549&CogsDrillback=1 Contains = SORD00000002549
Date after Addition of two days Oct 4, 2019
Submit Transfer Request
TRANSFER
Element [[ChromeDriver: chrome on XP (fbe94fde17a9b8cd52cd1aa4d3f9a48f)] -> id: CLO_Service_Order_Input] displayed in 49ms
Setting Text on Search Request with Text = TRANSFER
Angular request time 8ms
Element [[ChromeDriver: chrome on XP (fbe94fde17a9b8cd52cd1aa4d3f9a48f)] -> id: XFER_Date_Picker_Scheduled] displayed in 38ms
Enter Schedule Date Date
Element [[ChromeDriver: chrome on XP (fbe94fde17a9b8cd52cd1aa4d3f9a48f)] -> id: XFER_Date_Picker_Scheduled] displayed in 79ms
Setting Text on DatePicket with Text = Oct 4, 2019
Angular request time 417ms
Strings Matched: Mr. VACANT VACANT = Mr. VACANT VACANT
Element [[ChromeDriver: chrome on XP (fbe94fde17a9b8cd52cd1aa4d3f9a48f)] -> id: XFER_Search_Input] displayed in 33ms
Setting Text on Customer Name Request with Text = Mr. VACANT VACANT
Angular request time 8ms
Element [[ChromeDriver: chrome on XP (fbe94fde17a9b8cd52cd1aa4d3f9a48f)] -> id: XFER_Search_Option_1] displayed in 631ms
Angular request time 17ms
Click XFER_Search_Option_1_Customer_Name
Angular request time 9ms
Element [[ChromeDriver: chrome on XP (fbe94fde17a9b8cd52cd1aa4d3f9a48f)] -> id: XFER_Description] displayed in 64ms
Setting Text on Description Request with Text = Description for Stop Service
Angular request time 7ms
Click Submit
Element [[ChromeDriver: chrome on XP (fbe94fde17a9b8cd52cd1aa4d3f9a48f)] -> id: XFER_Button_Action] displayed in 37ms
Element [[ChromeDriver: chrome on XP (fbe94fde17a9b8cd52cd1aa4d3f9a48f)] -> id: XFER_Button_Action] displayed in 32ms
Angular request time 122ms
Click MoveInSubmit Button
Angular request time 11ms
Element [[ChromeDriver: chrome on XP (fbe94fde17a9b8cd52cd1aa4d3f9a48f)] -> id: XFER_Button_Done] displayed in 101ms
Angular request time 31ms
Click Done Button for Transfer
Angular request time 10ms
Element [[ChromeDriver: chrome on XP (fbe94fde17a9b8cd52cd1aa4d3f9a48f)] -> id: ACTION_Refresh_Page] displayed in 64ms
Element [[ChromeDriver: chrome on XP (fbe94fde17a9b8cd52cd1aa4d3f9a48f)] -> id: ACTION_Refresh_Page] displayed in 49ms
Angular request time 484ms
Click Refresh Button
Angular request time 8ms
Refresh Page
Clicking Servic Order Link
Element [[ChromeDriver: chrome on XP (fbe94fde17a9b8cd52cd1aa4d3f9a48f)] -> css selector: #mat-tab-label-0-2 > div] displayed in 46ms
Angular request time 9ms
Click Service Order Link
Angular request time 8ms
Element [[ChromeDriver: chrome on XP (fbe94fde17a9b8cd52cd1aa4d3f9a48f)] -> id: SOLV_Service_Order_1] displayed in 36ms
Element [[ChromeDriver: chrome on XP (fbe94fde17a9b8cd52cd1aa4d3f9a48f)] -> id: SOLV_Service_Order_1] displayed in 31ms
Angular request time 7ms
Click Clicking Service Order 1
Angular request time 9ms
Angular request time 8ms
Element [[ChromeDriver: chrome on XP (fbe94fde17a9b8cd52cd1aa4d3f9a48f)] -> id: ACTION_Refresh_Page] displayed in 28ms
Element [[ChromeDriver: chrome on XP (fbe94fde17a9b8cd52cd1aa4d3f9a48f)] -> id: ACTION_Refresh_Page] displayed in 28ms
Angular request time 505ms
Click Refresh Button
Angular request time 7ms
Refresh Page
Element [[ChromeDriver: chrome on XP (fbe94fde17a9b8cd52cd1aa4d3f9a48f)] -> id: SRCH_Input] displayed in 53ms
Element [[ChromeDriver: chrome on XP (fbe94fde17a9b8cd52cd1aa4d3f9a48f)] -> id: SRCH_Input] displayed in 18ms
Setting Text on Search Text with Text = LOC@0002
Angular request time 6ms
Search Text
Element [[ChromeDriver: chrome on XP (fbe94fde17a9b8cd52cd1aa4d3f9a48f)] -> id: SRCH_Option_1_Customer_Name] displayed in 651ms
Click DashBoard Search Result 
Angular request time 631ms
Click Action Dropdown
Element [[ChromeDriver: chrome on XP (fbe94fde17a9b8cd52cd1aa4d3f9a48f)] -> id: ACTION_Button] displayed in 46ms
Element [[ChromeDriver: chrome on XP (fbe94fde17a9b8cd52cd1aa4d3f9a48f)] -> id: ACTION_Button] displayed in 31ms
Angular request time 9ms
Click Action Drop down
Angular request time 11ms
Element [[ChromeDriver: chrome on XP (fbe94fde17a9b8cd52cd1aa4d3f9a48f)] -> id: ACTION_Transfer_Service] displayed in 47ms
Element [[ChromeDriver: chrome on XP (fbe94fde17a9b8cd52cd1aa4d3f9a48f)] -> id: ACTION_Transfer_Service] displayed in 79ms
Angular request time 122ms
Click Action Transfer Service Drop down
Angular request time 12ms
Element [[ChromeDriver: chrome on XP (fbe94fde17a9b8cd52cd1aa4d3f9a48f)] -> id: XFER_Select] displayed in 66ms
Angular request time 9ms
Click Transfer Combo
Angular request time 34ms
Element [[ChromeDriver: chrome on XP (fbe94fde17a9b8cd52cd1aa4d3f9a48f)] -> id: XFER_Select_Option_1] displayed in 85ms
Angular request time 15ms
Click Transfer Option 1
Angular request time 9ms
TRANSFER
Element [[ChromeDriver: chrome on XP (fbe94fde17a9b8cd52cd1aa4d3f9a48f)] -> id: CLO_Service_Order_Input] displayed in 38ms
Setting Text on Search Request with Text = Transfer
Angular request time 11ms
Element [[ChromeDriver: chrome on XP (fbe94fde17a9b8cd52cd1aa4d3f9a48f)] -> id: XFER_MoveFrom_Date_Picker_Requested] displayed in 40ms
10/02/2019 01:26
Strings Matched: Mr. VACANT VACANT = Mr. VACANT VACANT
TEST DEFAULT VALUE FOR CUSTOMER ===Mr. VACANT VACANT
Element [[ChromeDriver: chrome on XP (fbe94fde17a9b8cd52cd1aa4d3f9a48f)] -> id: XFER_Search_Input] displayed in 37ms
Setting Text on Customer Name Request with Text = Mr. VACANT VACANT
Angular request time 423ms
Element [[ChromeDriver: chrome on XP (fbe94fde17a9b8cd52cd1aa4d3f9a48f)] -> id: XFER_Search_Option_1_Customer_Name] displayed in 619ms
Angular request time 18ms
Click XFER_Search_Option_1_Customer_Name
Angular request time 10ms
Element [[ChromeDriver: chrome on XP (fbe94fde17a9b8cd52cd1aa4d3f9a48f)] -> id: XFER_Description] displayed in 59ms
Setting Text on Description Request with Text = AUTOMATION TEST
Angular request time 6ms
Element [[ChromeDriver: chrome on XP (fbe94fde17a9b8cd52cd1aa4d3f9a48f)] -> id: XFER_MoveTo_Tab] displayed in 47ms
Angular request time 12ms
Click Move To Tab (Transfers)
Angular request time 9ms
Enter Schedule Date
Element [[ChromeDriver: chrome on XP (fbe94fde17a9b8cd52cd1aa4d3f9a48f)] -> id: XFER_MoveTo_Date_Picker_Scheduled] displayed in 560ms
Element [[ChromeDriver: chrome on XP (fbe94fde17a9b8cd52cd1aa4d3f9a48f)] -> id: XFER_MoveTo_Date_Picker_Scheduled] displayed in 33ms
Setting Text on DatePicket with Text = Oct 3, 2019
Angular request time 7ms
Element [[ChromeDriver: chrome on XP (fbe94fde17a9b8cd52cd1aa4d3f9a48f)] -> id: CLO_Service_Order_Input] displayed in 85ms
Enter Request Name
Element [[ChromeDriver: chrome on XP (fbe94fde17a9b8cd52cd1aa4d3f9a48f)] -> id: CLO_Service_Order_Input] displayed in 30ms
Setting Text on Service Order Input with Text = TRANSFER
Angular request time 7ms
Element [[ChromeDriver: chrome on XP (fbe94fde17a9b8cd52cd1aa4d3f9a48f)] -> id: XFER_Search_Input] displayed in 47ms
Element [[ChromeDriver: chrome on XP (fbe94fde17a9b8cd52cd1aa4d3f9a48f)] -> id: XFER_Search_Input] displayed in 41ms
Setting Text on XFERSearchInput with Text = LOC@0004
Angular request time 427ms
Element [[ChromeDriver: chrome on XP (fbe94fde17a9b8cd52cd1aa4d3f9a48f)] -> id: XFER_Search_Option_1_Customer_Name] displayed in 649ms
Angular request time 127ms
Click XFER_Search_Option_1_Customer_Name
Angular request time 16ms
Enter Request Description
Element [[ChromeDriver: chrome on XP (fbe94fde17a9b8cd52cd1aa4d3f9a48f)] -> id: XFER_Description] displayed in 69ms
Element [[ChromeDriver: chrome on XP (fbe94fde17a9b8cd52cd1aa4d3f9a48f)] -> id: XFER_Description] displayed in 32ms
Setting Text on XFER Description with Text = Move in from location LOC@0004
Angular request time 14ms
Click Submit
Element [[ChromeDriver: chrome on XP (fbe94fde17a9b8cd52cd1aa4d3f9a48f)] -> id: XFER_Button_Action] displayed in 54ms
Element [[ChromeDriver: chrome on XP (fbe94fde17a9b8cd52cd1aa4d3f9a48f)] -> id: XFER_Button_Action] displayed in 35ms
Angular request time 117ms
Click MoveInSubmit Button
Angular request time 17ms
String Verified  =check
Transfer initiated Contains = Transfer initiated
Element [[ChromeDriver: chrome on XP (fbe94fde17a9b8cd52cd1aa4d3f9a48f)] -> id: XFER_Button_Done] displayed in 69ms
Angular request time 166ms
Click Done Button for Transfer
Angular request time 15ms
Element [[ChromeDriver: chrome on XP (fbe94fde17a9b8cd52cd1aa4d3f9a48f)] -> id: SRCH_Input] displayed in 38ms
Element [[ChromeDriver: chrome on XP (fbe94fde17a9b8cd52cd1aa4d3f9a48f)] -> id: SRCH_Input] displayed in 24ms
Setting Text on Search Text with Text = LOC@0004
Angular request time 8ms
Search Text
Element [[ChromeDriver: chrome on XP (fbe94fde17a9b8cd52cd1aa4d3f9a48f)] -> id: SRCH_Option_1_Customer_Name] displayed in 679ms
Click DashBoard Search Result 
Angular request time 630ms
Element [[ChromeDriver: chrome on XP (fbe94fde17a9b8cd52cd1aa4d3f9a48f)] -> id: ACTION_Refresh_Page] displayed in 57ms
Element [[ChromeDriver: chrome on XP (fbe94fde17a9b8cd52cd1aa4d3f9a48f)] -> id: ACTION_Refresh_Page] displayed in 110ms
Angular request time 469ms
Click Refresh Button
Angular request time 10ms
Refresh Page
Clicking Servic Order Link
Element [[ChromeDriver: chrome on XP (fbe94fde17a9b8cd52cd1aa4d3f9a48f)] -> css selector: #mat-tab-label-0-2 > div] displayed in 47ms
Angular request time 11ms
Click Service Order Link
Angular request time 15ms
Element [[ChromeDriver: chrome on XP (fbe94fde17a9b8cd52cd1aa4d3f9a48f)] -> id: SOLV_Service_Order_1] displayed in 48ms
Element [[ChromeDriver: chrome on XP (fbe94fde17a9b8cd52cd1aa4d3f9a48f)] -> id: SOLV_Service_Order_1] displayed in 29ms
Angular request time 8ms
Click Clicking Service Order 1
Angular request time 7ms
Angular request time 7ms
get Requested Customer Name
Strings Matched: Mr. Vacant Vacant = Mr. Vacant Vacant
get Move Out Customer Date
Strings Matched: Mr. Vacant Vacant = Mr. Vacant Vacant
get Movein Customer Name Date
Strings Matched: Mrs. Gail M Dewar (Customer010) = Mrs. Gail M Dewar (Customer010)
get Scheduled Date
***** Error VerifyAction_Transfers_Stack_TwoLocations_Scheduled_NotScheduled test has failed *****
]]></system-out>
    <system-err><![CDATA[Starting ChromeDriver 76.0.3809.126 (d80a294506b4c9d18015e755cee48f953ddc3f2f-refs/branch-heads/3809@{#1024}) on port 21990
Only local connections are allowed.
Please protect ports used by ChromeDriver and related test frameworks to prevent access by malicious code.
[1570040756.343][WARNING]: This version of ChromeDriver has not been tested with Chrome version 77.
Oct 02, 2019 1:25:57 PM org.openqa.selenium.remote.ProtocolHandshake createSession
INFO: Detected dialect: W3C
]]></system-err>
  </testcase>
  <testcase name="TestSearchAccount" classname="com.NexusPortalAutomation.TestCases.Java.TC0009_VerifyAccountSearch" time="33.196"/>
  <testcase name="VerifyBillingDetails_Budget" classname="com.NexusPortalAutomation.TestCases.Java.TC0016_1_VerifyBillingDetails_Budget" time="18.656">
    <failure message="Actual Value &apos;$0.00&apos; not Matched the expected value &apos;$100.00&apos; " type="java.lang.AssertionError">java.lang.AssertionError: Actual Value '$0.00' not Matched the expected value '$100.00' 
	at com.NexusPortalAutomation.TestCases.Java.TC0016_1_VerifyBillingDetails_Budget.VerifyBillingDetails_Budget(TC0016_1_VerifyBillingDetails_Budget.java:65)
</failure>
    <system-out><![CDATA[Closing Browser
Test Completed...
Launching Chrome
Browser Maximised
Test started- VerifyBillingDetails_Budget
Angular Request Completed in 16ms
Log in to Nexus View
Element [[ChromeDriver: chrome on XP (2fedcc11c81d1f8d4ac616f2ec29600e)] -> id: username] displayed in 54ms
Login Page title Verified
Element [[ChromeDriver: chrome on XP (2fedcc11c81d1f8d4ac616f2ec29600e)] -> id: username] displayed in 21ms
Element [[ChromeDriver: chrome on XP (2fedcc11c81d1f8d4ac616f2ec29600e)] -> id: password] displayed in 34ms
Element [[ChromeDriver: chrome on XP (2fedcc11c81d1f8d4ac616f2ec29600e)] -> id: kc-login] displayed in 35ms
Angular Request Completed in 32ms
User signed Admin
Enter Text for Search =BUDGETLOC02
Element [[ChromeDriver: chrome on XP (2fedcc11c81d1f8d4ac616f2ec29600e)] -> id: SRCH_Input] displayed in 99ms
Angular request time 624ms
Element [[ChromeDriver: chrome on XP (2fedcc11c81d1f8d4ac616f2ec29600e)] -> id: SRCH_Option_1_Address_Line] displayed in 55ms
Click Customer
Angular request time 1319ms
Angular request time 25ms
Element [[ChromeDriver: chrome on XP (2fedcc11c81d1f8d4ac616f2ec29600e)] -> id: 'LOC_Location_Id'] displayed in 67ms
Angular request time 9ms
got Text CustomerLocId = BUDGETLOC02
Customer Location Id found BUDGETLOC02
Strings Matched: BUDGETLOC02 = BUDGETLOC02
This will verify budget icon
Strings Matched: Budget = Budget
Angular request time 15ms
Element 'BILL_Current_Balance' is displayed in 63ms
Element 'BILL_Unposted_Balance' is displayed in 44ms
Element 'BILL_Account_Balance' is displayed in 57ms
Element 'BILL_Past_Due' is displayed in 56ms
Element 'BILL_Installment_Budget' is displayed in 56ms
Element 'BILL_Over_Short' is displayed in 42ms
Strings Matched: $100.00 = $100.00
Strings Matched: $0.00 = $0.00
Strings Matched: $0.00 = $0.00
Strings Matched: $255.00 = $255.00
Strings Matched: $100.00 = $100.00
Strings Matched: $155.00 = $155.00
***** Error VerifyBillingDetails_Budget test has failed *****
]]></system-out>
    <system-err><![CDATA[Starting ChromeDriver 76.0.3809.126 (d80a294506b4c9d18015e755cee48f953ddc3f2f-refs/branch-heads/3809@{#1024}) on port 21957
Only local connections are allowed.
Please protect ports used by ChromeDriver and related test frameworks to prevent access by malicious code.
[1570040849.907][WARNING]: This version of ChromeDriver has not been tested with Chrome version 77.
Oct 02, 2019 1:27:30 PM org.openqa.selenium.remote.ProtocolHandshake createSession
INFO: Detected dialect: W3C
]]></system-err>
  </testcase>
  <testcase name="VerifyAction_Transfers_Stack_TwoLocations_defaultCustomerLocationBased_NotScheduled" classname="com.NexusPortalAutomation.TestCases.Java.TC0038_VerifyAction_Transfers_Stack_TwoLocations_defaultCustomerLocationBased_NotScheduled" time="0.094"/>
  <testcase name="TestSearchAccount" classname="com.NexusPortalAutomation.TestCases.Java.TC0009_1_VerifyAccountSearch_NoAccounts" time="30.42"/>
  <testcase name="VerifyBillingDetailsAutoPay" classname="com.NexusPortalAutomation.TestCases.Java.TC0016_1_VerifyBillingDetails_AutoPay" time="24.689"/>
  <testcase name="VerifyAction_Transfers_Stack_TwoLocations_NotScheduled" classname="com.NexusPortalAutomation.TestCases.Java.TC0037_VerifyAction_Transfers_Stack_TwoLocations_NotScheduled" time="64.354"/>
  <testcase name="TestSearchbylocationID" classname="com.NexusPortalAutomation.TestCases.Java.TC0008_VerifySignInbylocationID" time="46.962"/>
  <testcase name="TestContactLogs" classname="com.NexusPortalAutomation.TestCases.Java.TC0015_VerifyContactLogs" time="76.495"/>
  <testcase name="VerifyTransferActionServiceOrder" classname="com.NexusPortalAutomation.TestCases.Java.TC0036_VerifyAction_Transfers_StartService" time="64.406">
    <failure message="Object Not Found Expected condition failed: waiting for visibility of Proxy element for: DefaultElementLocator &apos;By.id: XFER_Button_Done&apos; (tried for 20 second(s) with 500 milliseconds interval)" type="java.lang.AssertionError">java.lang.AssertionError: Object Not Found Expected condition failed: waiting for visibility of Proxy element for: DefaultElementLocator 'By.id: XFER_Button_Done' (tried for 20 second(s) with 500 milliseconds interval)
	at com.NexusPortalAutomation.TestCases.Java.TC0036_VerifyAction_Transfers_StartService.VerifyTransferActionServiceOrder(TC0036_VerifyAction_Transfers_StartService.java:107)
</failure>
    <system-out><![CDATA[Closing Browser
Test Completed...
Launching Chrome
Browser Maximised
Test started- VerifyTransferActionServiceOrder
SORD00000002553
SORD00000002554
SORD00000002556
Deleting Records for ServiceOrder = SORD00000002556
0
0
0
Deleting Records for Location =  LOC@0004
SORD00000002555
Deleting Records for ServiceOrder = SORD00000002555
0
Deleting Records for Location =  LOC@0005
Deleting Records for ServiceOrder = 
Deleting Records for ServiceOrder = 
Angular Request Completed in 42ms
Log in to Nexus View
Element [[ChromeDriver: chrome on XP (cd582e7f3236351475d6ab33e72a926a)] -> id: username] displayed in 42ms
Login Page title Verified
Element [[ChromeDriver: chrome on XP (cd582e7f3236351475d6ab33e72a926a)] -> id: username] displayed in 13ms
Element [[ChromeDriver: chrome on XP (cd582e7f3236351475d6ab33e72a926a)] -> id: password] displayed in 31ms
Element [[ChromeDriver: chrome on XP (cd582e7f3236351475d6ab33e72a926a)] -> id: kc-login] displayed in 28ms
Angular Request Completed in 32ms
User signed Admin
Enter Text for Search =LOC@0004
Element [[ChromeDriver: chrome on XP (cd582e7f3236351475d6ab33e72a926a)] -> id: SRCH_Input] displayed in 100ms
Angular request time 625ms
Element [[ChromeDriver: chrome on XP (cd582e7f3236351475d6ab33e72a926a)] -> id: SRCH_Option_1_Address_Line] displayed in 44ms
Click Customer
Angular request time 378ms
Angular request time 6ms
Element [[ChromeDriver: chrome on XP (cd582e7f3236351475d6ab33e72a926a)] -> id: 'LOC_Location_Id'] displayed in 31ms
Angular request time 6ms
got Text CustomerLocId = LOC@0004
Customer Location Id found LOC@0004
Strings Matched: LOC@0004 = LOC@0004
Click Action Dropdown
Element [[ChromeDriver: chrome on XP (cd582e7f3236351475d6ab33e72a926a)] -> id: ACTION_Button] displayed in 33ms
Element [[ChromeDriver: chrome on XP (cd582e7f3236351475d6ab33e72a926a)] -> id: ACTION_Button] displayed in 17ms
Angular request time 9ms
Click Action Drop down
Angular request time 13ms
Element [[ChromeDriver: chrome on XP (cd582e7f3236351475d6ab33e72a926a)] -> id: ACTION_Transfer_Service] displayed in 52ms
Element [[ChromeDriver: chrome on XP (cd582e7f3236351475d6ab33e72a926a)] -> id: ACTION_Transfer_Service] displayed in 78ms
Angular request time 16ms
Click Action Transfer Service Drop down
Angular request time 21ms
Element [[ChromeDriver: chrome on XP (cd582e7f3236351475d6ab33e72a926a)] -> id: XFER_Select] displayed in 66ms
Angular request time 66ms
Click Transfer Combo
Angular request time 58ms
Element [[ChromeDriver: chrome on XP (cd582e7f3236351475d6ab33e72a926a)] -> id: XFER_Select_Option_2] displayed in 45ms
Angular request time 21ms
Click Transfer Option 2
Angular request time 12ms
Element [[ChromeDriver: chrome on XP (cd582e7f3236351475d6ab33e72a926a)] -> id: XFER_Date_Picker_Requested] displayed in 64ms
Entered Request Date = 10/02/2019 01:32
Submit Transfer Request
TRANSFER
Element [[ChromeDriver: chrome on XP (cd582e7f3236351475d6ab33e72a926a)] -> id: CLO_Service_Order_Input] displayed in 49ms
Setting Text on Search Request with Text = TRANSFER
Angular request time 14ms
Element [[ChromeDriver: chrome on XP (cd582e7f3236351475d6ab33e72a926a)] -> id: XFER_Date_Picker_Scheduled] displayed in 42ms
Enter Schedule Date Date
Element [[ChromeDriver: chrome on XP (cd582e7f3236351475d6ab33e72a926a)] -> id: XFER_Date_Picker_Scheduled] displayed in 36ms
Setting Text on DatePicket with Text = 
Angular request time 533ms
Strings Matched: Mr. VACANT VACANT = Mr. VACANT VACANT
Element [[ChromeDriver: chrome on XP (cd582e7f3236351475d6ab33e72a926a)] -> id: XFER_Search_Input] displayed in 45ms
Setting Text on Customer Name Request with Text = MoveinCus
Angular request time 12ms
Element [[ChromeDriver: chrome on XP (cd582e7f3236351475d6ab33e72a926a)] -> id: XFER_Search_Option_1] displayed in 629ms
Angular request time 25ms
Click XFER_Search_Option_1_Customer_Name
Angular request time 8ms
Element [[ChromeDriver: chrome on XP (cd582e7f3236351475d6ab33e72a926a)] -> id: XFER_Description] displayed in 55ms
Setting Text on Description Request with Text = Description for Start Service
Angular request time 13ms
Click Submit
Element [[ChromeDriver: chrome on XP (cd582e7f3236351475d6ab33e72a926a)] -> id: XFER_Button_Action] displayed in 47ms
Element [[ChromeDriver: chrome on XP (cd582e7f3236351475d6ab33e72a926a)] -> id: XFER_Button_Action] displayed in 36ms
Angular request time 116ms
Click MoveInSubmit Button
Angular request time 2ms
Element [[ChromeDriver: chrome on XP (cd582e7f3236351475d6ab33e72a926a)] -> id: XFER_Button_Done] displayed in 101ms
Angular request time 41ms
Click Done Button for Transfer
Angular request time 19ms
Clicking Servic Order Link
Element [[ChromeDriver: chrome on XP (cd582e7f3236351475d6ab33e72a926a)] -> css selector: #mat-tab-label-0-2 > div] displayed in 83ms
Angular request time 640ms
Click Service Order Link
Angular request time 7ms
Element [[ChromeDriver: chrome on XP (cd582e7f3236351475d6ab33e72a926a)] -> id: SOLV_Service_Order_1] displayed in 38ms
Element [[ChromeDriver: chrome on XP (cd582e7f3236351475d6ab33e72a926a)] -> id: SOLV_Service_Order_1] displayed in 29ms
Angular request time 8ms
Click Clicking Service Order 1
Angular request time 7ms
Angular request time 6ms
Capturing Servic Order Number
Element [[ChromeDriver: chrome on XP (cd582e7f3236351475d6ab33e72a926a)] -> id: SODV_Service_Order_Id] displayed in 60ms
Angular request time 6ms
got Text Service Order Number = SORD00000002557
Element [[ChromeDriver: chrome on XP (cd582e7f3236351475d6ab33e72a926a)] -> id: ACTION_Refresh_Page] displayed in 69ms
Element [[ChromeDriver: chrome on XP (cd582e7f3236351475d6ab33e72a926a)] -> id: ACTION_Refresh_Page] displayed in 35ms
Angular request time 601ms
Click Refresh Button
Angular request time 16ms
Refresh Page
Click Action Dropdown
Element [[ChromeDriver: chrome on XP (cd582e7f3236351475d6ab33e72a926a)] -> id: ACTION_Button] displayed in 32ms
Element [[ChromeDriver: chrome on XP (cd582e7f3236351475d6ab33e72a926a)] -> id: ACTION_Button] displayed in 30ms
Angular request time 11ms
Click Action Drop down
Angular request time 11ms
Element [[ChromeDriver: chrome on XP (cd582e7f3236351475d6ab33e72a926a)] -> id: ACTION_Transfer_Service] displayed in 41ms
Element [[ChromeDriver: chrome on XP (cd582e7f3236351475d6ab33e72a926a)] -> id: ACTION_Transfer_Service] displayed in 78ms
Angular request time 133ms
Click Action Transfer Service Drop down
Angular request time 24ms
Element [[ChromeDriver: chrome on XP (cd582e7f3236351475d6ab33e72a926a)] -> id: XFER_Select] displayed in 70ms
Angular request time 42ms
Click Transfer Combo
Angular request time 14ms
Element [[ChromeDriver: chrome on XP (cd582e7f3236351475d6ab33e72a926a)] -> id: XFER_Select_Option_2] displayed in 53ms
Angular request time 13ms
Click Transfer Option 2
Angular request time 7ms
Element [[ChromeDriver: chrome on XP (cd582e7f3236351475d6ab33e72a926a)] -> id: XFER_Warning_Message] displayed in 30ms
Strings Matched: Service Order Exist. TRANSFER = Service Order Exist. TRANSFER
Element [[ChromeDriver: chrome on XP (cd582e7f3236351475d6ab33e72a926a)] -> id: XFER_Warning_Drillback] displayed in 22ms
String Verified  =cogsdrillback://DGPB/?Db=SQL_2017&Srv=RND-BASE-A&Cmp=TWO&Prod=229&Act=OPEN&Func=ServiceOrder&LocationID=LOC@0004&ServiceOrderNumber=SORD00000002557&CogsDrillback=1 Contains = SORD00000002557
Submit Transfer Request
TRANSFER
Element [[ChromeDriver: chrome on XP (cd582e7f3236351475d6ab33e72a926a)] -> id: CLO_Service_Order_Input] displayed in 34ms
Setting Text on Search Request with Text = TRANSFER
Angular request time 8ms
Element [[ChromeDriver: chrome on XP (cd582e7f3236351475d6ab33e72a926a)] -> id: XFER_Date_Picker_Scheduled] displayed in 39ms
Enter Schedule Date Date
Element [[ChromeDriver: chrome on XP (cd582e7f3236351475d6ab33e72a926a)] -> id: XFER_Date_Picker_Scheduled] displayed in 32ms
Setting Text on DatePicket with Text = 
Angular request time 538ms
Strings Matched: Mr. VACANT VACANT = Mr. VACANT VACANT
Element [[ChromeDriver: chrome on XP (cd582e7f3236351475d6ab33e72a926a)] -> id: XFER_Search_Input] displayed in 35ms
Setting Text on Customer Name Request with Text = MoveinCus
Angular request time 7ms
Element [[ChromeDriver: chrome on XP (cd582e7f3236351475d6ab33e72a926a)] -> id: XFER_Search_Option_1] displayed in 632ms
Angular request time 16ms
Click XFER_Search_Option_1_Customer_Name
Angular request time 7ms
Element [[ChromeDriver: chrome on XP (cd582e7f3236351475d6ab33e72a926a)] -> id: XFER_Description] displayed in 54ms
Setting Text on Description Request with Text = Description for Start Service
Angular request time 7ms
Click Submit
Element [[ChromeDriver: chrome on XP (cd582e7f3236351475d6ab33e72a926a)] -> id: XFER_Button_Action] displayed in 60ms
Element [[ChromeDriver: chrome on XP (cd582e7f3236351475d6ab33e72a926a)] -> id: XFER_Button_Action] displayed in 29ms
Angular request time 8ms
Click MoveInSubmit Button
Angular request time 9ms
***** Error VerifyTransferActionServiceOrder test has failed *****
]]></system-out>
    <system-err><![CDATA[Starting ChromeDriver 76.0.3809.126 (d80a294506b4c9d18015e755cee48f953ddc3f2f-refs/branch-heads/3809@{#1024}) on port 22783
Only local connections are allowed.
Please protect ports used by ChromeDriver and related test frameworks to prevent access by malicious code.
[1570041134.362][WARNING]: This version of ChromeDriver has not been tested with Chrome version 77.
Oct 02, 2019 1:32:15 PM org.openqa.selenium.remote.ProtocolHandshake createSession
INFO: Detected dialect: W3C
]]></system-err>
  </testcase>
  <testcase name="TestSecondayContact" classname="com.NexusPortalAutomation.TestCases.Java.TC0014_VerifySecondaryContact" time="14.696"/>
  <testcase name="VerifyAction_Transfers_StopService" classname="com.NexusPortalAutomation.TestCases.Java.TC0035_VerifyAction_Transfers_StopService" time="45.93"/>
  <testcase name="TestContactEdit" classname="com.NexusPortalAutomation.TestCases.Java.TC0013_VerifyContactEdit" time="31.008"/>
  <testcase name="VerifyAction_Transfers_Stack_TwoLocations" classname="com.NexusPortalAutomation.TestCases.Java.TC0034_VerifyAction_Transfers_Stack_TwoLocations" time="80.473">
    <failure message="Actual Value &apos;Oct 3, 2019&apos; not Matched the expected value &apos;Oct 2, 2019&apos; " type="java.lang.AssertionError">java.lang.AssertionError: Actual Value 'Oct 3, 2019' not Matched the expected value 'Oct 2, 2019' 
	at com.NexusPortalAutomation.TestCases.Java.TC0034_VerifyAction_Transfers_Stack_TwoLocations.VerifyAction_Transfers_Stack_TwoLocations(TC0034_VerifyAction_Transfers_Stack_TwoLocations.java:137)
</failure>
    <system-out><![CDATA[Closing Browser
Test Completed...
Launching Chrome
Browser Maximised
Test started- VerifyAction_Transfers_Stack_TwoLocations
SORD00000002558
SORD00000002559
SORD00000002560
Deleting Records for ServiceOrder = SORD00000002560
0
0
0
Deleting Records for Location =  LOC@0004
SORD00000002551
Deleting Records for ServiceOrder = SORD00000002551
0
Deleting Records for Location =  LOC@0002
Angular Request Completed in 15ms
Log in to Nexus View
Element [[ChromeDriver: chrome on XP (3e0cb1ad02fd5a2116381d7d27c2a484)] -> id: username] displayed in 50ms
Login Page title Verified
Element [[ChromeDriver: chrome on XP (3e0cb1ad02fd5a2116381d7d27c2a484)] -> id: username] displayed in 13ms
Element [[ChromeDriver: chrome on XP (3e0cb1ad02fd5a2116381d7d27c2a484)] -> id: password] displayed in 29ms
Element [[ChromeDriver: chrome on XP (3e0cb1ad02fd5a2116381d7d27c2a484)] -> id: kc-login] displayed in 28ms
Angular Request Completed in 31ms
User signed Admin
Enter Text for Search =LOC@0004
Element [[ChromeDriver: chrome on XP (3e0cb1ad02fd5a2116381d7d27c2a484)] -> id: SRCH_Input] displayed in 75ms
Angular request time 742ms
Element [[ChromeDriver: chrome on XP (3e0cb1ad02fd5a2116381d7d27c2a484)] -> id: SRCH_Option_1_Address_Line] displayed in 101ms
Click Customer
Angular request time 410ms
Angular request time 11ms
Element [[ChromeDriver: chrome on XP (3e0cb1ad02fd5a2116381d7d27c2a484)] -> id: 'LOC_Location_Id'] displayed in 65ms
Angular request time 7ms
got Text CustomerLocId = LOC@0004
Customer Location Id found LOC@0004
Strings Matched: LOC@0004 = LOC@0004
Click Action Dropdown
Element [[ChromeDriver: chrome on XP (3e0cb1ad02fd5a2116381d7d27c2a484)] -> id: ACTION_Button] displayed in 41ms
Element [[ChromeDriver: chrome on XP (3e0cb1ad02fd5a2116381d7d27c2a484)] -> id: ACTION_Button] displayed in 16ms
Angular request time 8ms
Click Action Drop down
Angular request time 12ms
Element [[ChromeDriver: chrome on XP (3e0cb1ad02fd5a2116381d7d27c2a484)] -> id: ACTION_Transfer_Service] displayed in 55ms
Element [[ChromeDriver: chrome on XP (3e0cb1ad02fd5a2116381d7d27c2a484)] -> id: ACTION_Transfer_Service] displayed in 63ms
Angular request time 51ms
Click Action Transfer Service Drop down
Angular request time 19ms
Element [[ChromeDriver: chrome on XP (3e0cb1ad02fd5a2116381d7d27c2a484)] -> id: XFER_Select] displayed in 89ms
Angular request time 22ms
Click Transfer Combo
Angular request time 50ms
Element [[ChromeDriver: chrome on XP (3e0cb1ad02fd5a2116381d7d27c2a484)] -> id: XFER_Select_Option_3] displayed in 56ms
Angular request time 7ms
Click Transfer Option 3
Angular request time 9ms
Element [[ChromeDriver: chrome on XP (3e0cb1ad02fd5a2116381d7d27c2a484)] -> id: XFER_Date_Picker_Requested] displayed in 43ms
Entered Request Date = 10/02/2019 01:35
Submit Transfer Request
TRANSFER
Element [[ChromeDriver: chrome on XP (3e0cb1ad02fd5a2116381d7d27c2a484)] -> id: CLO_Service_Order_Input] displayed in 36ms
Setting Text on Search Request with Text = TRANSFER
Angular request time 12ms
Element [[ChromeDriver: chrome on XP (3e0cb1ad02fd5a2116381d7d27c2a484)] -> id: XFER_Date_Picker_Scheduled] displayed in 41ms
Enter Schedule Date Date
Element [[ChromeDriver: chrome on XP (3e0cb1ad02fd5a2116381d7d27c2a484)] -> id: XFER_Date_Picker_Scheduled] displayed in 32ms
Setting Text on DatePicket with Text = 10/02/2019 01:35
Angular request time 422ms
Strings Matched: Mr. VACANT VACANT = Mr. VACANT VACANT
Element [[ChromeDriver: chrome on XP (3e0cb1ad02fd5a2116381d7d27c2a484)] -> id: XFER_Search_Input] displayed in 33ms
Setting Text on Customer Name Request with Text = Mr. VACANT VACANT
Angular request time 9ms
Element [[ChromeDriver: chrome on XP (3e0cb1ad02fd5a2116381d7d27c2a484)] -> id: XFER_Search_Option_1] displayed in 595ms
Angular request time 18ms
Click XFER_Search_Option_1_Customer_Name
Angular request time 8ms
Element [[ChromeDriver: chrome on XP (3e0cb1ad02fd5a2116381d7d27c2a484)] -> id: XFER_Description] displayed in 34ms
Setting Text on Description Request with Text = Description for Stop Service
Angular request time 8ms
Click Submit
Element [[ChromeDriver: chrome on XP (3e0cb1ad02fd5a2116381d7d27c2a484)] -> id: XFER_Button_Action] displayed in 47ms
Element [[ChromeDriver: chrome on XP (3e0cb1ad02fd5a2116381d7d27c2a484)] -> id: XFER_Button_Action] displayed in 30ms
Angular request time 109ms
Click MoveInSubmit Button
Angular request time 16ms
Element [[ChromeDriver: chrome on XP (3e0cb1ad02fd5a2116381d7d27c2a484)] -> id: XFER_Button_Done] displayed in 99ms
Angular request time 44ms
Click Done Button for Transfer
Angular request time 21ms
Clicking Servic Order Link
Element [[ChromeDriver: chrome on XP (3e0cb1ad02fd5a2116381d7d27c2a484)] -> css selector: #mat-tab-label-0-2 > div] displayed in 74ms
Angular request time 624ms
Click Service Order Link
Angular request time 6ms
Element [[ChromeDriver: chrome on XP (3e0cb1ad02fd5a2116381d7d27c2a484)] -> id: SOLV_Service_Order_1] displayed in 37ms
Element [[ChromeDriver: chrome on XP (3e0cb1ad02fd5a2116381d7d27c2a484)] -> id: SOLV_Service_Order_1] displayed in 36ms
Angular request time 9ms
Click Clicking Service Order 1
Angular request time 9ms
Angular request time 6ms
Capturing Servic Order Number
Element [[ChromeDriver: chrome on XP (3e0cb1ad02fd5a2116381d7d27c2a484)] -> id: SODV_Service_Order_Id] displayed in 51ms
Angular request time 7ms
got Text Service Order Number = SORD00000002561
Element [[ChromeDriver: chrome on XP (3e0cb1ad02fd5a2116381d7d27c2a484)] -> id: ACTION_Refresh_Page] displayed in 82ms
Element [[ChromeDriver: chrome on XP (3e0cb1ad02fd5a2116381d7d27c2a484)] -> id: ACTION_Refresh_Page] displayed in 35ms
Angular request time 486ms
Click Refresh Button
Angular request time 7ms
Refresh Page
Click Action Dropdown
Element [[ChromeDriver: chrome on XP (3e0cb1ad02fd5a2116381d7d27c2a484)] -> id: ACTION_Button] displayed in 31ms
Element [[ChromeDriver: chrome on XP (3e0cb1ad02fd5a2116381d7d27c2a484)] -> id: ACTION_Button] displayed in 31ms
Angular request time 12ms
Click Action Drop down
Angular request time 8ms
Element [[ChromeDriver: chrome on XP (3e0cb1ad02fd5a2116381d7d27c2a484)] -> id: ACTION_Transfer_Service] displayed in 66ms
Element [[ChromeDriver: chrome on XP (3e0cb1ad02fd5a2116381d7d27c2a484)] -> id: ACTION_Transfer_Service] displayed in 78ms
Angular request time 30ms
Click Action Transfer Service Drop down
Angular request time 10ms
Element [[ChromeDriver: chrome on XP (3e0cb1ad02fd5a2116381d7d27c2a484)] -> id: XFER_Select] displayed in 97ms
Angular request time 25ms
Click Transfer Combo
Angular request time 28ms
Element [[ChromeDriver: chrome on XP (3e0cb1ad02fd5a2116381d7d27c2a484)] -> id: XFER_Select_Option_3] displayed in 80ms
Angular request time 18ms
Click Transfer Option 3
Angular request time 8ms
Element [[ChromeDriver: chrome on XP (3e0cb1ad02fd5a2116381d7d27c2a484)] -> id: XFER_Warning_Message] displayed in 21ms
Strings Matched: Service Order Exist. TRANSFER = Service Order Exist. TRANSFER
Element [[ChromeDriver: chrome on XP (3e0cb1ad02fd5a2116381d7d27c2a484)] -> id: XFER_Warning_Drillback] displayed in 22ms
String Verified  =cogsdrillback://DGPB/?Db=SQL_2017&Srv=RND-BASE-A&Cmp=TWO&Prod=229&Act=OPEN&Func=ServiceOrder&LocationID=LOC@0004&ServiceOrderNumber=SORD00000002561&CogsDrillback=1 Contains = SORD00000002561
Date after Addition of two days Oct 4, 2019
Submit Transfer Request
TRANSFER
Element [[ChromeDriver: chrome on XP (3e0cb1ad02fd5a2116381d7d27c2a484)] -> id: CLO_Service_Order_Input] displayed in 35ms
Setting Text on Search Request with Text = TRANSFER
Angular request time 6ms
Element [[ChromeDriver: chrome on XP (3e0cb1ad02fd5a2116381d7d27c2a484)] -> id: XFER_Date_Picker_Scheduled] displayed in 45ms
Enter Schedule Date Date
Element [[ChromeDriver: chrome on XP (3e0cb1ad02fd5a2116381d7d27c2a484)] -> id: XFER_Date_Picker_Scheduled] displayed in 38ms
Setting Text on DatePicket with Text = Oct 4, 2019
Angular request time 424ms
Strings Matched: Mr. VACANT VACANT = Mr. VACANT VACANT
Element [[ChromeDriver: chrome on XP (3e0cb1ad02fd5a2116381d7d27c2a484)] -> id: XFER_Search_Input] displayed in 35ms
Setting Text on Customer Name Request with Text = Mr. Automation Mate
Angular request time 7ms
Element [[ChromeDriver: chrome on XP (3e0cb1ad02fd5a2116381d7d27c2a484)] -> id: XFER_Search_Option_1] displayed in 596ms
Angular request time 12ms
Click XFER_Search_Option_1_Customer_Name
Angular request time 7ms
Element [[ChromeDriver: chrome on XP (3e0cb1ad02fd5a2116381d7d27c2a484)] -> id: XFER_Description] displayed in 32ms
Setting Text on Description Request with Text = Description for Stop Service
Angular request time 8ms
Click Submit
Element [[ChromeDriver: chrome on XP (3e0cb1ad02fd5a2116381d7d27c2a484)] -> id: XFER_Button_Action] displayed in 44ms
Element [[ChromeDriver: chrome on XP (3e0cb1ad02fd5a2116381d7d27c2a484)] -> id: XFER_Button_Action] displayed in 27ms
Angular request time 116ms
Click MoveInSubmit Button
Angular request time 15ms
Element [[ChromeDriver: chrome on XP (3e0cb1ad02fd5a2116381d7d27c2a484)] -> id: XFER_Button_Done] displayed in 84ms
Angular request time 135ms
Click Done Button for Transfer
Angular request time 8ms
Element [[ChromeDriver: chrome on XP (3e0cb1ad02fd5a2116381d7d27c2a484)] -> id: ACTION_Refresh_Page] displayed in 56ms
Element [[ChromeDriver: chrome on XP (3e0cb1ad02fd5a2116381d7d27c2a484)] -> id: ACTION_Refresh_Page] displayed in 50ms
Angular request time 508ms
Click Refresh Button
Angular request time 16ms
Refresh Page
Clicking Servic Order Link
Element [[ChromeDriver: chrome on XP (3e0cb1ad02fd5a2116381d7d27c2a484)] -> css selector: #mat-tab-label-0-2 > div] displayed in 48ms
Angular request time 7ms
Click Service Order Link
Angular request time 6ms
Element [[ChromeDriver: chrome on XP (3e0cb1ad02fd5a2116381d7d27c2a484)] -> id: SOLV_Service_Order_1] displayed in 35ms
Element [[ChromeDriver: chrome on XP (3e0cb1ad02fd5a2116381d7d27c2a484)] -> id: SOLV_Service_Order_1] displayed in 31ms
Angular request time 9ms
Click Clicking Service Order 1
Angular request time 5ms
Angular request time 7ms
Element [[ChromeDriver: chrome on XP (3e0cb1ad02fd5a2116381d7d27c2a484)] -> id: ACTION_Refresh_Page] displayed in 26ms
Element [[ChromeDriver: chrome on XP (3e0cb1ad02fd5a2116381d7d27c2a484)] -> id: ACTION_Refresh_Page] displayed in 29ms
Angular request time 594ms
Click Refresh Button
Angular request time 16ms
Refresh Page
Element [[ChromeDriver: chrome on XP (3e0cb1ad02fd5a2116381d7d27c2a484)] -> id: SRCH_Input] displayed in 87ms
Element [[ChromeDriver: chrome on XP (3e0cb1ad02fd5a2116381d7d27c2a484)] -> id: SRCH_Input] displayed in 26ms
Setting Text on Search Text with Text = LOC@0002
Angular request time 9ms
Search Text
Element [[ChromeDriver: chrome on XP (3e0cb1ad02fd5a2116381d7d27c2a484)] -> id: SRCH_Option_1_Customer_Name] displayed in 664ms
Click DashBoard Search Result 
Angular request time 666ms
Click Action Dropdown
Element [[ChromeDriver: chrome on XP (3e0cb1ad02fd5a2116381d7d27c2a484)] -> id: ACTION_Button] displayed in 47ms
Element [[ChromeDriver: chrome on XP (3e0cb1ad02fd5a2116381d7d27c2a484)] -> id: ACTION_Button] displayed in 31ms
Angular request time 10ms
Click Action Drop down
Angular request time 7ms
Element [[ChromeDriver: chrome on XP (3e0cb1ad02fd5a2116381d7d27c2a484)] -> id: ACTION_Transfer_Service] displayed in 44ms
Element [[ChromeDriver: chrome on XP (3e0cb1ad02fd5a2116381d7d27c2a484)] -> id: ACTION_Transfer_Service] displayed in 94ms
Angular request time 27ms
Click Action Transfer Service Drop down
Angular request time 10ms
Element [[ChromeDriver: chrome on XP (3e0cb1ad02fd5a2116381d7d27c2a484)] -> id: XFER_Select] displayed in 62ms
Angular request time 24ms
Click Transfer Combo
Angular request time 22ms
Element [[ChromeDriver: chrome on XP (3e0cb1ad02fd5a2116381d7d27c2a484)] -> id: XFER_Select_Option_1] displayed in 58ms
Angular request time 14ms
Click Transfer Option 1
Angular request time 8ms
TRANSFER
Element [[ChromeDriver: chrome on XP (3e0cb1ad02fd5a2116381d7d27c2a484)] -> id: CLO_Service_Order_Input] displayed in 53ms
Setting Text on Search Request with Text = Transfer
Angular request time 7ms
Element [[ChromeDriver: chrome on XP (3e0cb1ad02fd5a2116381d7d27c2a484)] -> id: XFER_MoveFrom_Date_Picker_Requested] displayed in 42ms
10/02/2019 01:36
Strings Matched: Mr. VACANT VACANT = Mr. VACANT VACANT
TEST DEFAULT VALUE FOR CUSTOMER ===Mr. VACANT VACANT
Element [[ChromeDriver: chrome on XP (3e0cb1ad02fd5a2116381d7d27c2a484)] -> id: XFER_Search_Input] displayed in 36ms
Setting Text on Customer Name Request with Text = Mr. VACANT VACANT
Angular request time 420ms
Element [[ChromeDriver: chrome on XP (3e0cb1ad02fd5a2116381d7d27c2a484)] -> id: XFER_Search_Option_1_Customer_Name] displayed in 591ms
Angular request time 14ms
Click XFER_Search_Option_1_Customer_Name
Angular request time 9ms
Element [[ChromeDriver: chrome on XP (3e0cb1ad02fd5a2116381d7d27c2a484)] -> id: XFER_Description] displayed in 52ms
Setting Text on Description Request with Text = AUTOMATION TEST
Angular request time 9ms
Element [[ChromeDriver: chrome on XP (3e0cb1ad02fd5a2116381d7d27c2a484)] -> id: XFER_MoveTo_Tab] displayed in 35ms
Angular request time 10ms
Click Move To Tab (Transfers)
Angular request time 11ms
Enter Schedule Date
Element [[ChromeDriver: chrome on XP (3e0cb1ad02fd5a2116381d7d27c2a484)] -> id: XFER_MoveTo_Date_Picker_Scheduled] displayed in 574ms
Element [[ChromeDriver: chrome on XP (3e0cb1ad02fd5a2116381d7d27c2a484)] -> id: XFER_MoveTo_Date_Picker_Scheduled] displayed in 42ms
Setting Text on DatePicket with Text = Oct 3, 2019
Angular request time 8ms
Element [[ChromeDriver: chrome on XP (3e0cb1ad02fd5a2116381d7d27c2a484)] -> id: CLO_Service_Order_Input] displayed in 53ms
Enter Request Name
Element [[ChromeDriver: chrome on XP (3e0cb1ad02fd5a2116381d7d27c2a484)] -> id: CLO_Service_Order_Input] displayed in 39ms
Setting Text on Service Order Input with Text = TRANSFER
Angular request time 9ms
Element [[ChromeDriver: chrome on XP (3e0cb1ad02fd5a2116381d7d27c2a484)] -> id: XFER_Search_Input] displayed in 37ms
Element [[ChromeDriver: chrome on XP (3e0cb1ad02fd5a2116381d7d27c2a484)] -> id: XFER_Search_Input] displayed in 32ms
Setting Text on XFERSearchInput with Text = LOC@0004
Angular request time 538ms
Element [[ChromeDriver: chrome on XP (3e0cb1ad02fd5a2116381d7d27c2a484)] -> id: XFER_Search_Option_1_Customer_Name] displayed in 684ms
Angular request time 134ms
Click XFER_Search_Option_1_Customer_Name
Angular request time 15ms
Enter Request Description
Element [[ChromeDriver: chrome on XP (3e0cb1ad02fd5a2116381d7d27c2a484)] -> id: XFER_Description] displayed in 69ms
Element [[ChromeDriver: chrome on XP (3e0cb1ad02fd5a2116381d7d27c2a484)] -> id: XFER_Description] displayed in 31ms
Setting Text on XFER Description with Text = Move in from location LOC@0004
Angular request time 15ms
Click Submit
Element [[ChromeDriver: chrome on XP (3e0cb1ad02fd5a2116381d7d27c2a484)] -> id: XFER_Button_Action] displayed in 39ms
Element [[ChromeDriver: chrome on XP (3e0cb1ad02fd5a2116381d7d27c2a484)] -> id: XFER_Button_Action] displayed in 27ms
Angular request time 113ms
Click MoveInSubmit Button
Angular request time 14ms
String Verified  =check
Transfer initiated Contains = Transfer initiated
Element [[ChromeDriver: chrome on XP (3e0cb1ad02fd5a2116381d7d27c2a484)] -> id: XFER_Button_Done] displayed in 67ms
Angular request time 123ms
Click Done Button for Transfer
Angular request time 11ms
Element [[ChromeDriver: chrome on XP (3e0cb1ad02fd5a2116381d7d27c2a484)] -> id: SRCH_Input] displayed in 25ms
Element [[ChromeDriver: chrome on XP (3e0cb1ad02fd5a2116381d7d27c2a484)] -> id: SRCH_Input] displayed in 22ms
Setting Text on Search Text with Text = LOC@0004
Angular request time 9ms
Search Text
Element [[ChromeDriver: chrome on XP (3e0cb1ad02fd5a2116381d7d27c2a484)] -> id: SRCH_Option_1_Customer_Name] displayed in 746ms
Click DashBoard Search Result 
Angular request time 626ms
Element [[ChromeDriver: chrome on XP (3e0cb1ad02fd5a2116381d7d27c2a484)] -> id: ACTION_Refresh_Page] displayed in 50ms
Element [[ChromeDriver: chrome on XP (3e0cb1ad02fd5a2116381d7d27c2a484)] -> id: ACTION_Refresh_Page] displayed in 63ms
Angular request time 571ms
Click Refresh Button
Angular request time 15ms
Refresh Page
Clicking Servic Order Link
Element [[ChromeDriver: chrome on XP (3e0cb1ad02fd5a2116381d7d27c2a484)] -> css selector: #mat-tab-label-0-2 > div] displayed in 47ms
Angular request time 9ms
Click Service Order Link
Angular request time 6ms
Element [[ChromeDriver: chrome on XP (3e0cb1ad02fd5a2116381d7d27c2a484)] -> id: SOLV_Service_Order_1] displayed in 43ms
Element [[ChromeDriver: chrome on XP (3e0cb1ad02fd5a2116381d7d27c2a484)] -> id: SOLV_Service_Order_1] displayed in 35ms
Angular request time 8ms
Click Clicking Service Order 1
Angular request time 6ms
Angular request time 6ms
get Requested Customer Name
Strings Matched: Mr. Vacant Vacant = Mr. Vacant Vacant
get Move Out Customer Date
Strings Matched: Mr. Vacant Vacant = Mr. Vacant Vacant
get Movein Customer Name Date
Strings Matched: Mrs. Gail M Dewar (Customer010) = Mrs. Gail M Dewar (Customer010)
get Scheduled Date
***** Error VerifyAction_Transfers_Stack_TwoLocations test has failed *****
]]></system-out>
    <system-err><![CDATA[Starting ChromeDriver 76.0.3809.126 (d80a294506b4c9d18015e755cee48f953ddc3f2f-refs/branch-heads/3809@{#1024}) on port 11724
Only local connections are allowed.
Please protect ports used by ChromeDriver and related test frameworks to prevent access by malicious code.
[1570041303.831][WARNING]: This version of ChromeDriver has not been tested with Chrome version 77.
Oct 02, 2019 1:35:04 PM org.openqa.selenium.remote.ProtocolHandshake createSession
INFO: Detected dialect: W3C
]]></system-err>
  </testcase>
  <testcase name="TestCreditStatus" classname="com.NexusPortalAutomation.TestCases.Java.TC0012_verifyCreditStatusStatus" time="19.978"/>
  <testcase name="VerifyTransferActionServiceOrder" classname="com.NexusPortalAutomation.TestCases.Java.TC0032_VerifyAction_Transfers_Stack_StopService_Scheduled" time="68.652">
    <failure message="Actual Value &apos;Oct 3, 2019&apos; not Matched the expected value &apos;Oct 2, 2019&apos; " type="java.lang.AssertionError">java.lang.AssertionError: Actual Value 'Oct 3, 2019' not Matched the expected value 'Oct 2, 2019' 
	at com.NexusPortalAutomation.TestCases.Java.TC0032_VerifyAction_Transfers_Stack_StopService_Scheduled.VerifyTransferActionServiceOrder(TC0032_VerifyAction_Transfers_Stack_StopService_Scheduled.java:122)
</failure>
    <system-out><![CDATA[Closing Browser
Test Completed...
Launching Chrome
Browser Maximised
Test started- VerifyTransferActionServiceOrder
SORD00000002561
SORD00000002562
SORD00000002564
Deleting Records for ServiceOrder = SORD00000002564
0
0
0
Deleting Records for Location =  LOC@0004
Deleting Records for ServiceOrder = 
Angular Request Completed in 46ms
Log in to Nexus View
Element [[ChromeDriver: chrome on XP (ddbd0c2d61f28f48df15d240fb653cef)] -> id: username] displayed in 38ms
Login Page title Verified
Element [[ChromeDriver: chrome on XP (ddbd0c2d61f28f48df15d240fb653cef)] -> id: username] displayed in 15ms
Element [[ChromeDriver: chrome on XP (ddbd0c2d61f28f48df15d240fb653cef)] -> id: password] displayed in 31ms
Element [[ChromeDriver: chrome on XP (ddbd0c2d61f28f48df15d240fb653cef)] -> id: kc-login] displayed in 33ms
Angular Request Completed in 31ms
User signed Admin
Enter Text for Search =LOC@0004
Element [[ChromeDriver: chrome on XP (ddbd0c2d61f28f48df15d240fb653cef)] -> id: SRCH_Input] displayed in 68ms
Angular request time 746ms
Element [[ChromeDriver: chrome on XP (ddbd0c2d61f28f48df15d240fb653cef)] -> id: SRCH_Option_1_Address_Line] displayed in 84ms
Click Customer
Angular request time 629ms
Angular request time 16ms
Element [[ChromeDriver: chrome on XP (ddbd0c2d61f28f48df15d240fb653cef)] -> id: 'LOC_Location_Id'] displayed in 54ms
Angular request time 6ms
got Text CustomerLocId = LOC@0004
Customer Location Id found LOC@0004
Strings Matched: LOC@0004 = LOC@0004
Click Action Dropdown
Element [[ChromeDriver: chrome on XP (ddbd0c2d61f28f48df15d240fb653cef)] -> id: ACTION_Button] displayed in 32ms
Element [[ChromeDriver: chrome on XP (ddbd0c2d61f28f48df15d240fb653cef)] -> id: ACTION_Button] displayed in 13ms
Angular request time 9ms
Click Action Drop down
Angular request time 13ms
Element [[ChromeDriver: chrome on XP (ddbd0c2d61f28f48df15d240fb653cef)] -> id: ACTION_Transfer_Service] displayed in 51ms
Element [[ChromeDriver: chrome on XP (ddbd0c2d61f28f48df15d240fb653cef)] -> id: ACTION_Transfer_Service] displayed in 101ms
Angular request time 38ms
Click Action Transfer Service Drop down
Angular request time 19ms
Element [[ChromeDriver: chrome on XP (ddbd0c2d61f28f48df15d240fb653cef)] -> id: XFER_Select] displayed in 86ms
Angular request time 63ms
Click Transfer Combo
Angular request time 25ms
Element [[ChromeDriver: chrome on XP (ddbd0c2d61f28f48df15d240fb653cef)] -> id: XFER_Select_Option_3] displayed in 47ms
Angular request time 9ms
Click Transfer Option 3
Angular request time 8ms
Element [[ChromeDriver: chrome on XP (ddbd0c2d61f28f48df15d240fb653cef)] -> id: XFER_Date_Picker_Requested] displayed in 42ms
Entered Request Date = 10/02/2019 01:37
Submit Transfer Request
TRANSFER
Element [[ChromeDriver: chrome on XP (ddbd0c2d61f28f48df15d240fb653cef)] -> id: CLO_Service_Order_Input] displayed in 61ms
Setting Text on Search Request with Text = TRANSFER
Angular request time 12ms
Element [[ChromeDriver: chrome on XP (ddbd0c2d61f28f48df15d240fb653cef)] -> id: XFER_Date_Picker_Scheduled] displayed in 40ms
Enter Schedule Date Date
Element [[ChromeDriver: chrome on XP (ddbd0c2d61f28f48df15d240fb653cef)] -> id: XFER_Date_Picker_Scheduled] displayed in 35ms
Setting Text on DatePicket with Text = 10/02/2019 01:37
Angular request time 535ms
Strings Matched: Mr. VACANT VACANT = Mr. VACANT VACANT
Element [[ChromeDriver: chrome on XP (ddbd0c2d61f28f48df15d240fb653cef)] -> id: XFER_Search_Input] displayed in 35ms
Setting Text on Customer Name Request with Text = Mr. VACANT VACANT
Angular request time 7ms
Element [[ChromeDriver: chrome on XP (ddbd0c2d61f28f48df15d240fb653cef)] -> id: XFER_Search_Option_1] displayed in 584ms
Angular request time 14ms
Click XFER_Search_Option_1_Customer_Name
Angular request time 8ms
Element [[ChromeDriver: chrome on XP (ddbd0c2d61f28f48df15d240fb653cef)] -> id: XFER_Description] displayed in 39ms
Setting Text on Description Request with Text = Description for Stop Service
Angular request time 5ms
Click Submit
Element [[ChromeDriver: chrome on XP (ddbd0c2d61f28f48df15d240fb653cef)] -> id: XFER_Button_Action] displayed in 42ms
Element [[ChromeDriver: chrome on XP (ddbd0c2d61f28f48df15d240fb653cef)] -> id: XFER_Button_Action] displayed in 28ms
Angular request time 109ms
Click MoveInSubmit Button
Angular request time 9ms
Element [[ChromeDriver: chrome on XP (ddbd0c2d61f28f48df15d240fb653cef)] -> id: XFER_Button_Done] displayed in 98ms
Angular request time 30ms
Click Done Button for Transfer
Angular request time 19ms
Clicking Servic Order Link
Element [[ChromeDriver: chrome on XP (ddbd0c2d61f28f48df15d240fb653cef)] -> css selector: #mat-tab-label-0-2 > div] displayed in 49ms
Angular request time 593ms
Click Service Order Link
Angular request time 9ms
Element [[ChromeDriver: chrome on XP (ddbd0c2d61f28f48df15d240fb653cef)] -> id: SOLV_Service_Order_1] displayed in 46ms
Element [[ChromeDriver: chrome on XP (ddbd0c2d61f28f48df15d240fb653cef)] -> id: SOLV_Service_Order_1] displayed in 32ms
Angular request time 9ms
Click Clicking Service Order 1
Angular request time 8ms
Angular request time 7ms
Capturing Servic Order Number
Element [[ChromeDriver: chrome on XP (ddbd0c2d61f28f48df15d240fb653cef)] -> id: SODV_Service_Order_Id] displayed in 50ms
Angular request time 7ms
got Text Service Order Number = SORD00000002565
Element [[ChromeDriver: chrome on XP (ddbd0c2d61f28f48df15d240fb653cef)] -> id: ACTION_Refresh_Page] displayed in 100ms
Element [[ChromeDriver: chrome on XP (ddbd0c2d61f28f48df15d240fb653cef)] -> id: ACTION_Refresh_Page] displayed in 33ms
Angular request time 473ms
Click Refresh Button
Angular request time 5ms
Refresh Page
Click Action Dropdown
Element [[ChromeDriver: chrome on XP (ddbd0c2d61f28f48df15d240fb653cef)] -> id: ACTION_Button] displayed in 47ms
Element [[ChromeDriver: chrome on XP (ddbd0c2d61f28f48df15d240fb653cef)] -> id: ACTION_Button] displayed in 31ms
Angular request time 10ms
Click Action Drop down
Angular request time 8ms
Element [[ChromeDriver: chrome on XP (ddbd0c2d61f28f48df15d240fb653cef)] -> id: ACTION_Transfer_Service] displayed in 43ms
Element [[ChromeDriver: chrome on XP (ddbd0c2d61f28f48df15d240fb653cef)] -> id: ACTION_Transfer_Service] displayed in 78ms
Angular request time 33ms
Click Action Transfer Service Drop down
Angular request time 14ms
Element [[ChromeDriver: chrome on XP (ddbd0c2d61f28f48df15d240fb653cef)] -> id: XFER_Select] displayed in 77ms
Angular request time 12ms
Click Transfer Combo
Angular request time 17ms
Element [[ChromeDriver: chrome on XP (ddbd0c2d61f28f48df15d240fb653cef)] -> id: XFER_Select_Option_3] displayed in 55ms
Angular request time 15ms
Click Transfer Option 3
Angular request time 8ms
Element [[ChromeDriver: chrome on XP (ddbd0c2d61f28f48df15d240fb653cef)] -> id: XFER_Warning_Message] displayed in 29ms
Strings Matched: Service Order Exist. TRANSFER = Service Order Exist. TRANSFER
Element [[ChromeDriver: chrome on XP (ddbd0c2d61f28f48df15d240fb653cef)] -> id: XFER_Warning_Drillback] displayed in 35ms
String Verified  =cogsdrillback://DGPB/?Db=SQL_2017&Srv=RND-BASE-A&Cmp=TWO&Prod=229&Act=OPEN&Func=ServiceOrder&LocationID=LOC@0004&ServiceOrderNumber=SORD00000002565&CogsDrillback=1 Contains = SORD00000002565
Date after Addition of two days Oct 4, 2019
Submit Transfer Request
TRANSFER
Element [[ChromeDriver: chrome on XP (ddbd0c2d61f28f48df15d240fb653cef)] -> id: CLO_Service_Order_Input] displayed in 50ms
Setting Text on Search Request with Text = TRANSFER
Angular request time 14ms
Element [[ChromeDriver: chrome on XP (ddbd0c2d61f28f48df15d240fb653cef)] -> id: XFER_Date_Picker_Scheduled] displayed in 44ms
Enter Schedule Date Date
Element [[ChromeDriver: chrome on XP (ddbd0c2d61f28f48df15d240fb653cef)] -> id: XFER_Date_Picker_Scheduled] displayed in 36ms
Setting Text on DatePicket with Text = Oct 4, 2019
Angular request time 520ms
Strings Matched: Mr. VACANT VACANT = Mr. VACANT VACANT
Element [[ChromeDriver: chrome on XP (ddbd0c2d61f28f48df15d240fb653cef)] -> id: XFER_Search_Input] displayed in 36ms
Setting Text on Customer Name Request with Text = Mr. Automation Mate
Angular request time 9ms
Element [[ChromeDriver: chrome on XP (ddbd0c2d61f28f48df15d240fb653cef)] -> id: XFER_Search_Option_1] displayed in 586ms
Angular request time 13ms
Click XFER_Search_Option_1_Customer_Name
Angular request time 8ms
Element [[ChromeDriver: chrome on XP (ddbd0c2d61f28f48df15d240fb653cef)] -> id: XFER_Description] displayed in 50ms
Setting Text on Description Request with Text = Description for Move from Service
Angular request time 6ms
Click Submit
Element [[ChromeDriver: chrome on XP (ddbd0c2d61f28f48df15d240fb653cef)] -> id: XFER_Button_Action] displayed in 39ms
Element [[ChromeDriver: chrome on XP (ddbd0c2d61f28f48df15d240fb653cef)] -> id: XFER_Button_Action] displayed in 30ms
Angular request time 24ms
Click MoveInSubmit Button
Angular request time 7ms
Element [[ChromeDriver: chrome on XP (ddbd0c2d61f28f48df15d240fb653cef)] -> id: XFER_Button_Done] displayed in 68ms
Angular request time 34ms
Click Done Button for Transfer
Angular request time 13ms
Element [[ChromeDriver: chrome on XP (ddbd0c2d61f28f48df15d240fb653cef)] -> id: ACTION_Refresh_Page] displayed in 52ms
Element [[ChromeDriver: chrome on XP (ddbd0c2d61f28f48df15d240fb653cef)] -> id: ACTION_Refresh_Page] displayed in 37ms
Angular request time 584ms
Click Refresh Button
Angular request time 15ms
Refresh Page
Clicking Servic Order Link
Element [[ChromeDriver: chrome on XP (ddbd0c2d61f28f48df15d240fb653cef)] -> css selector: #mat-tab-label-0-2 > div] displayed in 46ms
Angular request time 9ms
Click Service Order Link
Angular request time 6ms
Element [[ChromeDriver: chrome on XP (ddbd0c2d61f28f48df15d240fb653cef)] -> id: SOLV_Service_Order_1] displayed in 50ms
Element [[ChromeDriver: chrome on XP (ddbd0c2d61f28f48df15d240fb653cef)] -> id: SOLV_Service_Order_1] displayed in 44ms
Angular request time 7ms
Click Clicking Service Order 1
Angular request time 7ms
Angular request time 4ms
Capturing Servic Order Number
Element [[ChromeDriver: chrome on XP (ddbd0c2d61f28f48df15d240fb653cef)] -> id: SODV_Service_Order_Id] displayed in 42ms
Angular request time 9ms
got Text Service Order Number = SORD00000002566
Element [[ChromeDriver: chrome on XP (ddbd0c2d61f28f48df15d240fb653cef)] -> id: ACTION_Refresh_Page] displayed in 38ms
Element [[ChromeDriver: chrome on XP (ddbd0c2d61f28f48df15d240fb653cef)] -> id: ACTION_Refresh_Page] displayed in 40ms
Angular request time 461ms
Click Refresh Button
Angular request time 15ms
Refresh Page
Click Action Dropdown
Element [[ChromeDriver: chrome on XP (ddbd0c2d61f28f48df15d240fb653cef)] -> id: ACTION_Button] displayed in 46ms
Element [[ChromeDriver: chrome on XP (ddbd0c2d61f28f48df15d240fb653cef)] -> id: ACTION_Button] displayed in 32ms
Angular request time 13ms
Click Action Drop down
Angular request time 7ms
Element [[ChromeDriver: chrome on XP (ddbd0c2d61f28f48df15d240fb653cef)] -> id: ACTION_Transfer_Service] displayed in 45ms
Element [[ChromeDriver: chrome on XP (ddbd0c2d61f28f48df15d240fb653cef)] -> id: ACTION_Transfer_Service] displayed in 62ms
Angular request time 49ms
Click Action Transfer Service Drop down
Angular request time 10ms
Element [[ChromeDriver: chrome on XP (ddbd0c2d61f28f48df15d240fb653cef)] -> id: XFER_Select] displayed in 97ms
Angular request time 15ms
Click Transfer Combo
Angular request time 10ms
Element [[ChromeDriver: chrome on XP (ddbd0c2d61f28f48df15d240fb653cef)] -> id: XFER_Select_Option_3] displayed in 48ms
Angular request time 11ms
Click Transfer Option 3
Angular request time 9ms
Element [[ChromeDriver: chrome on XP (ddbd0c2d61f28f48df15d240fb653cef)] -> id: XFER_Warning_Message] displayed in 23ms
Strings Matched: Multiple Service Orders Exist. TRANSFER = Multiple Service Orders Exist. TRANSFER
Element [[ChromeDriver: chrome on XP (ddbd0c2d61f28f48df15d240fb653cef)] -> id: XFER_Warning_Drillback] displayed in 22ms
String Verified  =cogsdrillback://DGPB/?Db=SQL_2017&Srv=RND-BASE-A&Cmp=TWO&Prod=229&Act=OPEN&Func=ServiceOrder&LocationID=LOC@0004&ServiceOrderNumber=SORD00000002566&CogsDrillback=1 Contains = SORD00000002566
Submit Transfer Request
TRANSFER
Element [[ChromeDriver: chrome on XP (ddbd0c2d61f28f48df15d240fb653cef)] -> id: CLO_Service_Order_Input] displayed in 34ms
Setting Text on Search Request with Text = TRANSFER
Angular request time 8ms
Element [[ChromeDriver: chrome on XP (ddbd0c2d61f28f48df15d240fb653cef)] -> id: XFER_Date_Picker_Scheduled] displayed in 43ms
Enter Schedule Date Date
Element [[ChromeDriver: chrome on XP (ddbd0c2d61f28f48df15d240fb653cef)] -> id: XFER_Date_Picker_Scheduled] displayed in 33ms
Setting Text on DatePicket with Text = Oct 3, 2019
Angular request time 533ms
Strings Matched: Mr. VACANT VACANT = Mr. VACANT VACANT
Element [[ChromeDriver: chrome on XP (ddbd0c2d61f28f48df15d240fb653cef)] -> id: XFER_Search_Input] displayed in 32ms
Setting Text on Customer Name Request with Text = MOVEIN
Angular request time 8ms
Element [[ChromeDriver: chrome on XP (ddbd0c2d61f28f48df15d240fb653cef)] -> id: XFER_Search_Option_1] displayed in 608ms
Angular request time 19ms
Click XFER_Search_Option_1_Customer_Name
Angular request time 9ms
Element [[ChromeDriver: chrome on XP (ddbd0c2d61f28f48df15d240fb653cef)] -> id: XFER_Description] displayed in 49ms
Setting Text on Description Request with Text = Description for Stop Service
Angular request time 8ms
Click Submit
Element [[ChromeDriver: chrome on XP (ddbd0c2d61f28f48df15d240fb653cef)] -> id: XFER_Button_Action] displayed in 47ms
Element [[ChromeDriver: chrome on XP (ddbd0c2d61f28f48df15d240fb653cef)] -> id: XFER_Button_Action] displayed in 30ms
Angular request time 119ms
Click MoveInSubmit Button
Angular request time 16ms
Element [[ChromeDriver: chrome on XP (ddbd0c2d61f28f48df15d240fb653cef)] -> id: XFER_Button_Done] displayed in 83ms
Angular request time 133ms
Click Done Button for Transfer
Angular request time 15ms
Element [[ChromeDriver: chrome on XP (ddbd0c2d61f28f48df15d240fb653cef)] -> id: ACTION_Refresh_Page] displayed in 80ms
Element [[ChromeDriver: chrome on XP (ddbd0c2d61f28f48df15d240fb653cef)] -> id: ACTION_Refresh_Page] displayed in 72ms
Angular request time 464ms
Click Refresh Button
Angular request time 10ms
Refresh Page
Clicking Servic Order Link
Element [[ChromeDriver: chrome on XP (ddbd0c2d61f28f48df15d240fb653cef)] -> css selector: #mat-tab-label-0-2 > div] displayed in 47ms
Angular request time 7ms
Click Service Order Link
Angular request time 7ms
Element [[ChromeDriver: chrome on XP (ddbd0c2d61f28f48df15d240fb653cef)] -> id: SOLV_Service_Order_1] displayed in 36ms
Element [[ChromeDriver: chrome on XP (ddbd0c2d61f28f48df15d240fb653cef)] -> id: SOLV_Service_Order_1] displayed in 31ms
Angular request time 8ms
Click Clicking Service Order 1
Angular request time 6ms
Angular request time 7ms
get Requested Customer Name
Strings Matched: Mr. Vacant Vacant = Mr. Vacant Vacant
get Move Out Customer Date
Strings Matched: Mr. Vacant Vacant = Mr. Vacant Vacant
get Movein Customer Name Date
Strings Matched: Mr. Movein Cus (Moveincus2) = Mr. Movein Cus (Moveincus2)
get Scheduled Date
***** Error VerifyTransferActionServiceOrder test has failed *****
]]></system-out>
    <system-err><![CDATA[Starting ChromeDriver 76.0.3809.126 (d80a294506b4c9d18015e755cee48f953ddc3f2f-refs/branch-heads/3809@{#1024}) on port 30049
Only local connections are allowed.
Please protect ports used by ChromeDriver and related test frameworks to prevent access by malicious code.
[1570041410.809][WARNING]: This version of ChromeDriver has not been tested with Chrome version 77.
Oct 02, 2019 1:36:51 PM org.openqa.selenium.remote.ProtocolHandshake createSession
INFO: Detected dialect: W3C
]]></system-err>
  </testcase>
  <testcase name="VerifyAction_Transfers_Stack_StartService_Scheduled" classname="com.NexusPortalAutomation.TestCases.Java.TC0033_VerifyAction_Transfers_Stack_StartService_Scheduled" time="55.422">
    <failure message="Actual Value &apos;Oct 3, 2019&apos; not Matched the expected value &apos;Oct 2, 2019&apos; " type="java.lang.AssertionError">java.lang.AssertionError: Actual Value 'Oct 3, 2019' not Matched the expected value 'Oct 2, 2019' 
	at com.NexusPortalAutomation.TestCases.Java.TC0033_VerifyAction_Transfers_Stack_StartService_Scheduled.VerifyAction_Transfers_Stack_StartService_Scheduled(TC0033_VerifyAction_Transfers_Stack_StartService_Scheduled.java:147)
</failure>
    <system-out><![CDATA[Closing Browser
Test Completed...
Launching Chrome
Browser Maximised
Test started- VerifyAction_Transfers_Stack_StartService_Scheduled
SORD00000002565
SORD00000002566
SORD00000002567
Deleting Records for ServiceOrder = SORD00000002567
0
0
0
Deleting Records for Location =  LOC@0004
Deleting Records for ServiceOrder = 
Deleting Records for ServiceOrder = 
Deleting Records for ServiceOrder = 
Angular Request Completed in 55ms
Log in to Nexus View
Element [[ChromeDriver: chrome on XP (4b922fe53e6576584a57d975ea6bf751)] -> id: username] displayed in 56ms
Login Page title Verified
Element [[ChromeDriver: chrome on XP (4b922fe53e6576584a57d975ea6bf751)] -> id: username] displayed in 24ms
Element [[ChromeDriver: chrome on XP (4b922fe53e6576584a57d975ea6bf751)] -> id: password] displayed in 44ms
Element [[ChromeDriver: chrome on XP (4b922fe53e6576584a57d975ea6bf751)] -> id: kc-login] displayed in 29ms
Angular Request Completed in 16ms
User signed Admin
Enter Text for Search =LOC@0004
Element [[ChromeDriver: chrome on XP (4b922fe53e6576584a57d975ea6bf751)] -> id: SRCH_Input] displayed in 83ms
Angular request time 629ms
Element [[ChromeDriver: chrome on XP (4b922fe53e6576584a57d975ea6bf751)] -> id: SRCH_Option_1_Address_Line] displayed in 46ms
Click Customer
Angular request time 445ms
Angular request time 15ms
Element [[ChromeDriver: chrome on XP (4b922fe53e6576584a57d975ea6bf751)] -> id: 'LOC_Location_Id'] displayed in 27ms
Angular request time 7ms
got Text CustomerLocId = LOC@0004
Customer Location Id found LOC@0004
Strings Matched: LOC@0004 = LOC@0004
Click Action Dropdown
Element [[ChromeDriver: chrome on XP (4b922fe53e6576584a57d975ea6bf751)] -> id: ACTION_Button] displayed in 32ms
Element [[ChromeDriver: chrome on XP (4b922fe53e6576584a57d975ea6bf751)] -> id: ACTION_Button] displayed in 27ms
Angular request time 9ms
Click Action Drop down
Angular request time 12ms
Element [[ChromeDriver: chrome on XP (4b922fe53e6576584a57d975ea6bf751)] -> id: ACTION_Transfer_Service] displayed in 57ms
Element [[ChromeDriver: chrome on XP (4b922fe53e6576584a57d975ea6bf751)] -> id: ACTION_Transfer_Service] displayed in 47ms
Angular request time 27ms
Click Action Transfer Service Drop down
Angular request time 9ms
Element [[ChromeDriver: chrome on XP (4b922fe53e6576584a57d975ea6bf751)] -> id: XFER_Select] displayed in 73ms
Angular request time 24ms
Click Transfer Combo
Angular request time 51ms
Element [[ChromeDriver: chrome on XP (4b922fe53e6576584a57d975ea6bf751)] -> id: XFER_Select_Option_2] displayed in 114ms
Angular request time 12ms
Click Transfer Option 2
Angular request time 8ms
Element [[ChromeDriver: chrome on XP (4b922fe53e6576584a57d975ea6bf751)] -> id: XFER_Date_Picker_Requested] displayed in 42ms
Entered Request Date = 10/02/2019 01:38
Submit Transfer Request
TRANSFER
Element [[ChromeDriver: chrome on XP (4b922fe53e6576584a57d975ea6bf751)] -> id: CLO_Service_Order_Input] displayed in 37ms
Setting Text on Search Request with Text = TRANSFER
Angular request time 7ms
Element [[ChromeDriver: chrome on XP (4b922fe53e6576584a57d975ea6bf751)] -> id: XFER_Date_Picker_Scheduled] displayed in 41ms
Enter Schedule Date Date
Element [[ChromeDriver: chrome on XP (4b922fe53e6576584a57d975ea6bf751)] -> id: XFER_Date_Picker_Scheduled] displayed in 32ms
Setting Text on DatePicket with Text = 10/02/2019 01:38
Angular request time 528ms
Strings Matched: Mr. VACANT VACANT = Mr. VACANT VACANT
Element [[ChromeDriver: chrome on XP (4b922fe53e6576584a57d975ea6bf751)] -> id: XFER_Search_Input] displayed in 38ms
Setting Text on Customer Name Request with Text = MoveinCus
Angular request time 6ms
Element [[ChromeDriver: chrome on XP (4b922fe53e6576584a57d975ea6bf751)] -> id: XFER_Search_Option_1] displayed in 595ms
Angular request time 19ms
Click XFER_Search_Option_1_Customer_Name
Angular request time 8ms
Element [[ChromeDriver: chrome on XP (4b922fe53e6576584a57d975ea6bf751)] -> id: XFER_Description] displayed in 58ms
Setting Text on Description Request with Text = Description for Start Service
Angular request time 7ms
Click Submit
Element [[ChromeDriver: chrome on XP (4b922fe53e6576584a57d975ea6bf751)] -> id: XFER_Button_Action] displayed in 150ms
Element [[ChromeDriver: chrome on XP (4b922fe53e6576584a57d975ea6bf751)] -> id: XFER_Button_Action] displayed in 112ms
Angular request time 161ms
Click MoveInSubmit Button
Angular request time 42ms
Element [[ChromeDriver: chrome on XP (4b922fe53e6576584a57d975ea6bf751)] -> id: XFER_Button_Done] displayed in 159ms
Angular request time 238ms
Click Done Button for Transfer
Angular request time 49ms
Clicking Servic Order Link
Element [[ChromeDriver: chrome on XP (4b922fe53e6576584a57d975ea6bf751)] -> css selector: #mat-tab-label-0-2 > div] displayed in 111ms
Angular request time 636ms
Click Service Order Link
Angular request time 8ms
Element [[ChromeDriver: chrome on XP (4b922fe53e6576584a57d975ea6bf751)] -> id: SOLV_Service_Order_1] displayed in 40ms
Element [[ChromeDriver: chrome on XP (4b922fe53e6576584a57d975ea6bf751)] -> id: SOLV_Service_Order_1] displayed in 38ms
Angular request time 9ms
Click Clicking Service Order 1
Angular request time 7ms
Angular request time 8ms
Capturing Servic Order Number
Element [[ChromeDriver: chrome on XP (4b922fe53e6576584a57d975ea6bf751)] -> id: SODV_Service_Order_Id] displayed in 55ms
Angular request time 11ms
got Text Service Order Number = SORD00000002568
Element [[ChromeDriver: chrome on XP (4b922fe53e6576584a57d975ea6bf751)] -> id: ACTION_Refresh_Page] displayed in 67ms
Element [[ChromeDriver: chrome on XP (4b922fe53e6576584a57d975ea6bf751)] -> id: ACTION_Refresh_Page] displayed in 29ms
Angular request time 463ms
Click Refresh Button
Angular request time 8ms
Refresh Page
Click Action Dropdown
Element [[ChromeDriver: chrome on XP (4b922fe53e6576584a57d975ea6bf751)] -> id: ACTION_Button] displayed in 47ms
Element [[ChromeDriver: chrome on XP (4b922fe53e6576584a57d975ea6bf751)] -> id: ACTION_Button] displayed in 31ms
Angular request time 14ms
Click Action Drop down
Angular request time 15ms
Element [[ChromeDriver: chrome on XP (4b922fe53e6576584a57d975ea6bf751)] -> id: ACTION_Transfer_Service] displayed in 47ms
Element [[ChromeDriver: chrome on XP (4b922fe53e6576584a57d975ea6bf751)] -> id: ACTION_Transfer_Service] displayed in 77ms
Angular request time 39ms
Click Action Transfer Service Drop down
Angular request time 16ms
Element [[ChromeDriver: chrome on XP (4b922fe53e6576584a57d975ea6bf751)] -> id: XFER_Select] displayed in 89ms
Angular request time 23ms
Click Transfer Combo
Angular request time 29ms
Element [[ChromeDriver: chrome on XP (4b922fe53e6576584a57d975ea6bf751)] -> id: XFER_Select_Option_2] displayed in 64ms
Angular request time 15ms
Click Transfer Option 2
Angular request time 8ms
Element [[ChromeDriver: chrome on XP (4b922fe53e6576584a57d975ea6bf751)] -> id: XFER_Warning_Message] displayed in 24ms
Strings Matched: Service Order Exist. TRANSFER = Service Order Exist. TRANSFER
Element [[ChromeDriver: chrome on XP (4b922fe53e6576584a57d975ea6bf751)] -> id: XFER_Warning_Drillback] displayed in 19ms
String Verified  =cogsdrillback://DGPB/?Db=SQL_2017&Srv=RND-BASE-A&Cmp=TWO&Prod=229&Act=OPEN&Func=ServiceOrder&LocationID=LOC@0004&ServiceOrderNumber=SORD00000002568&CogsDrillback=1 Contains = SORD00000002568
Submit Transfer Request
TRANSFER
Element [[ChromeDriver: chrome on XP (4b922fe53e6576584a57d975ea6bf751)] -> id: CLO_Service_Order_Input] displayed in 43ms
Setting Text on Search Request with Text = TRANSFER
Angular request time 10ms
Element [[ChromeDriver: chrome on XP (4b922fe53e6576584a57d975ea6bf751)] -> id: XFER_Date_Picker_Scheduled] displayed in 38ms
Enter Schedule Date Date
Element [[ChromeDriver: chrome on XP (4b922fe53e6576584a57d975ea6bf751)] -> id: XFER_Date_Picker_Scheduled] displayed in 36ms
Setting Text on DatePicket with Text = Oct 4, 2019
Angular request time 527ms
Strings Matched: Mr. VACANT VACANT = Mr. VACANT VACANT
Element [[ChromeDriver: chrome on XP (4b922fe53e6576584a57d975ea6bf751)] -> id: XFER_Search_Input] displayed in 42ms
Setting Text on Customer Name Request with Text = MoveinCus
Angular request time 5ms
Element [[ChromeDriver: chrome on XP (4b922fe53e6576584a57d975ea6bf751)] -> id: XFER_Search_Option_1] displayed in 615ms
Angular request time 18ms
Click XFER_Search_Option_1_Customer_Name
Angular request time 9ms
Element [[ChromeDriver: chrome on XP (4b922fe53e6576584a57d975ea6bf751)] -> id: XFER_Description] displayed in 58ms
Setting Text on Description Request with Text = Description for Start Service
Angular request time 8ms
Click Submit
Element [[ChromeDriver: chrome on XP (4b922fe53e6576584a57d975ea6bf751)] -> id: XFER_Button_Action] displayed in 38ms
Element [[ChromeDriver: chrome on XP (4b922fe53e6576584a57d975ea6bf751)] -> id: XFER_Button_Action] displayed in 32ms
Angular request time 118ms
Click MoveInSubmit Button
Angular request time 4ms
Element [[ChromeDriver: chrome on XP (4b922fe53e6576584a57d975ea6bf751)] -> id: XFER_Button_Done] displayed in 83ms
Angular request time 47ms
Click Done Button for Transfer
Angular request time 20ms
Element [[ChromeDriver: chrome on XP (4b922fe53e6576584a57d975ea6bf751)] -> id: ACTION_Refresh_Page] displayed in 64ms
Element [[ChromeDriver: chrome on XP (4b922fe53e6576584a57d975ea6bf751)] -> id: ACTION_Refresh_Page] displayed in 45ms
Angular request time 484ms
Click Refresh Button
Angular request time 7ms
Refresh Page
Clicking Servic Order Link
Element [[ChromeDriver: chrome on XP (4b922fe53e6576584a57d975ea6bf751)] -> css selector: #mat-tab-label-0-2 > div] displayed in 47ms
Angular request time 9ms
Click Service Order Link
Angular request time 6ms
Element [[ChromeDriver: chrome on XP (4b922fe53e6576584a57d975ea6bf751)] -> id: SOLV_Service_Order_1] displayed in 45ms
Element [[ChromeDriver: chrome on XP (4b922fe53e6576584a57d975ea6bf751)] -> id: SOLV_Service_Order_1] displayed in 38ms
Angular request time 12ms
Click Clicking Service Order 1
Angular request time 7ms
Angular request time 8ms
Capturing Servic Order Number
Element [[ChromeDriver: chrome on XP (4b922fe53e6576584a57d975ea6bf751)] -> id: SODV_Service_Order_Id] displayed in 36ms
Angular request time 6ms
got Text Service Order Number = SORD00000002569
Element [[ChromeDriver: chrome on XP (4b922fe53e6576584a57d975ea6bf751)] -> id: SODV_Drillback] displayed in 19ms
String Verified  =cogsdrillback://DGPB/?Db=SQL_2017&Srv=RND-BASE-A&Cmp=TWO&Prod=229&Act=OPEN&Func=ServiceOrder&LocationID=LOC@0004&ServiceOrderNumber=SORD00000002569&CogsDrillback=1 Contains = SORD00000002569
get Requested Date
Strings Matched: Oct 2, 2019 = Oct 2, 2019
SORD00000002569
SORD00000002569
Service Order verified = SORD00000002569
Element [[ChromeDriver: chrome on XP (4b922fe53e6576584a57d975ea6bf751)] -> id: ACTION_Refresh_Page] displayed in 28ms
Element [[ChromeDriver: chrome on XP (4b922fe53e6576584a57d975ea6bf751)] -> id: ACTION_Refresh_Page] displayed in 29ms
Angular request time 446ms
Click Refresh Button
Angular request time 6ms
Refresh Page
Click Action Dropdown
Element [[ChromeDriver: chrome on XP (4b922fe53e6576584a57d975ea6bf751)] -> id: ACTION_Button] displayed in 49ms
Element [[ChromeDriver: chrome on XP (4b922fe53e6576584a57d975ea6bf751)] -> id: ACTION_Button] displayed in 19ms
Angular request time 14ms
Click Action Drop down
Angular request time 9ms
Element [[ChromeDriver: chrome on XP (4b922fe53e6576584a57d975ea6bf751)] -> id: ACTION_Transfer_Service] displayed in 54ms
Element [[ChromeDriver: chrome on XP (4b922fe53e6576584a57d975ea6bf751)] -> id: ACTION_Transfer_Service] displayed in 63ms
Angular request time 38ms
Click Action Transfer Service Drop down
Angular request time 17ms
Element [[ChromeDriver: chrome on XP (4b922fe53e6576584a57d975ea6bf751)] -> id: XFER_Select] displayed in 101ms
Angular request time 13ms
Click Transfer Combo
Angular request time 6ms
Element [[ChromeDriver: chrome on XP (4b922fe53e6576584a57d975ea6bf751)] -> id: XFER_Select_Option_2] displayed in 59ms
Angular request time 9ms
Click Transfer Option 2
Angular request time 11ms
Element [[ChromeDriver: chrome on XP (4b922fe53e6576584a57d975ea6bf751)] -> id: XFER_Warning_Message] displayed in 26ms
Strings Matched: Multiple Service Orders Exist. TRANSFER = Multiple Service Orders Exist. TRANSFER
Element [[ChromeDriver: chrome on XP (4b922fe53e6576584a57d975ea6bf751)] -> id: XFER_Warning_Drillback] displayed in 31ms
String Verified  =cogsdrillback://DGPB/?Db=SQL_2017&Srv=RND-BASE-A&Cmp=TWO&Prod=229&Act=OPEN&Func=ServiceOrder&LocationID=LOC@0004&ServiceOrderNumber=SORD00000002569&CogsDrillback=1 Contains = SORD00000002569
TRANSFER
Element [[ChromeDriver: chrome on XP (4b922fe53e6576584a57d975ea6bf751)] -> id: CLO_Service_Order_Input] displayed in 54ms
Setting Text on Search Request with Text = TRANSFER
Angular request time 8ms
Submit Transfer Request
TRANSFER
Element [[ChromeDriver: chrome on XP (4b922fe53e6576584a57d975ea6bf751)] -> id: CLO_Service_Order_Input] displayed in 33ms
Setting Text on Search Request with Text = TRANSFER
Angular request time 519ms
Element [[ChromeDriver: chrome on XP (4b922fe53e6576584a57d975ea6bf751)] -> id: XFER_Date_Picker_Scheduled] displayed in 39ms
Enter Schedule Date Date
Element [[ChromeDriver: chrome on XP (4b922fe53e6576584a57d975ea6bf751)] -> id: XFER_Date_Picker_Scheduled] displayed in 33ms
Setting Text on DatePicket with Text = Oct 3, 2019
Angular request time 531ms
Strings Matched: Mr. VACANT VACANT = Mr. VACANT VACANT
Element [[ChromeDriver: chrome on XP (4b922fe53e6576584a57d975ea6bf751)] -> id: XFER_Search_Input] displayed in 36ms
Setting Text on Customer Name Request with Text = Alert
Angular request time 7ms
Element [[ChromeDriver: chrome on XP (4b922fe53e6576584a57d975ea6bf751)] -> id: XFER_Search_Option_1] displayed in 598ms
Angular request time 18ms
Click XFER_Search_Option_1_Customer_Name
Angular request time 9ms
Element [[ChromeDriver: chrome on XP (4b922fe53e6576584a57d975ea6bf751)] -> id: XFER_Description] displayed in 64ms
Setting Text on Description Request with Text = Description for Start Service
Angular request time 19ms
Click Submit
Element [[ChromeDriver: chrome on XP (4b922fe53e6576584a57d975ea6bf751)] -> id: XFER_Button_Action] displayed in 47ms
Element [[ChromeDriver: chrome on XP (4b922fe53e6576584a57d975ea6bf751)] -> id: XFER_Button_Action] displayed in 45ms
Angular request time 118ms
Click MoveInSubmit Button
Angular request time 15ms
Element [[ChromeDriver: chrome on XP (4b922fe53e6576584a57d975ea6bf751)] -> id: XFER_Button_Done] displayed in 99ms
Angular request time 125ms
Click Done Button for Transfer
Angular request time 15ms
Element [[ChromeDriver: chrome on XP (4b922fe53e6576584a57d975ea6bf751)] -> id: ACTION_Refresh_Page] displayed in 65ms
Element [[ChromeDriver: chrome on XP (4b922fe53e6576584a57d975ea6bf751)] -> id: ACTION_Refresh_Page] displayed in 54ms
Angular request time 444ms
Click Refresh Button
Angular request time 9ms
Refresh Page
Element [[ChromeDriver: chrome on XP (4b922fe53e6576584a57d975ea6bf751)] -> id: SOLV_Service_Order_1] displayed in 99ms
Element [[ChromeDriver: chrome on XP (4b922fe53e6576584a57d975ea6bf751)] -> id: SOLV_Service_Order_1] displayed in 30ms
Angular request time 8ms
Click Clicking Service Order 1
Angular request time 6ms
Angular request time 5ms
get Requested Customer Name
Strings Matched: Mr. Movein Cus = Mr. Movein Cus
get Move Out Customer Date
Strings Matched: Mr. Movein Cus = Mr. Movein Cus
get Movein Customer Name Date
Strings Matched: Mr. Alert Test (Customeralert01) = Mr. Alert Test (Customeralert01)
get Scheduled Date
***** Error VerifyAction_Transfers_Stack_StartService_Scheduled test has failed *****
]]></system-out>
    <system-err><![CDATA[Starting ChromeDriver 76.0.3809.126 (d80a294506b4c9d18015e755cee48f953ddc3f2f-refs/branch-heads/3809@{#1024}) on port 48632
Only local connections are allowed.
Please protect ports used by ChromeDriver and related test frameworks to prevent access by malicious code.
[1570041482.724][WARNING]: This version of ChromeDriver has not been tested with Chrome version 77.
Oct 02, 2019 1:38:03 PM org.openqa.selenium.remote.ProtocolHandshake createSession
INFO: Detected dialect: W3C
]]></system-err>
  </testcase>
  <testcase name="VerifyTransferActionServiceOrder" classname="com.NexusPortalAutomation.TestCases.Java.TC0030_VerifyAction_Transfers_StartService_Scheduled" time="38.218">
    <failure message="Actual Value &apos;Oct 2, 2019&apos; not Matched the expected value &apos;Oct 1, 2019&apos; " type="java.lang.AssertionError">java.lang.AssertionError: Actual Value 'Oct 2, 2019' not Matched the expected value 'Oct 1, 2019' 
	at com.NexusPortalAutomation.TestCases.Java.TC0030_VerifyAction_Transfers_StartService_Scheduled.VerifyTransferActionServiceOrder(TC0030_VerifyAction_Transfers_StartService_Scheduled.java:88)
</failure>
    <system-out><![CDATA[Closing Browser
Test Completed...
Launching Chrome
Browser Maximised
Test started- VerifyTransferActionServiceOrder
SORD00000002568
SORD00000002569
SORD00000002570
Deleting Records for ServiceOrder = SORD00000002570
0
0
0
Deleting Records for Location =  LOC@0004
Angular Request Completed in 17ms
Log in to Nexus View
Element [[ChromeDriver: chrome on XP (25e53836fd150e3b9eea8cb79c22a344)] -> id: username] displayed in 43ms
Login Page title Verified
Element [[ChromeDriver: chrome on XP (25e53836fd150e3b9eea8cb79c22a344)] -> id: username] displayed in 26ms
Element [[ChromeDriver: chrome on XP (25e53836fd150e3b9eea8cb79c22a344)] -> id: password] displayed in 39ms
Element [[ChromeDriver: chrome on XP (25e53836fd150e3b9eea8cb79c22a344)] -> id: kc-login] displayed in 37ms
Angular Request Completed in 16ms
User signed Admin
Enter Text for Search =LOC@0004
Element [[ChromeDriver: chrome on XP (25e53836fd150e3b9eea8cb79c22a344)] -> id: SRCH_Input] displayed in 77ms
Angular request time 725ms
Element [[ChromeDriver: chrome on XP (25e53836fd150e3b9eea8cb79c22a344)] -> id: SRCH_Option_1_Address_Line] displayed in 57ms
Click Customer
Angular request time 450ms
Angular request time 16ms
Element [[ChromeDriver: chrome on XP (25e53836fd150e3b9eea8cb79c22a344)] -> id: 'LOC_Location_Id'] displayed in 34ms
Angular request time 11ms
got Text CustomerLocId = LOC@0004
Customer Location Id found LOC@0004
Strings Matched: LOC@0004 = LOC@0004
Click Action Dropdown
Element [[ChromeDriver: chrome on XP (25e53836fd150e3b9eea8cb79c22a344)] -> id: ACTION_Button] displayed in 32ms
Element [[ChromeDriver: chrome on XP (25e53836fd150e3b9eea8cb79c22a344)] -> id: ACTION_Button] displayed in 15ms
Angular request time 8ms
Click Action Drop down
Angular request time 12ms
Element [[ChromeDriver: chrome on XP (25e53836fd150e3b9eea8cb79c22a344)] -> id: ACTION_Transfer_Service] displayed in 47ms
Element [[ChromeDriver: chrome on XP (25e53836fd150e3b9eea8cb79c22a344)] -> id: ACTION_Transfer_Service] displayed in 112ms
Angular request time 30ms
Click Action Transfer Service Drop down
Angular request time 27ms
Element [[ChromeDriver: chrome on XP (25e53836fd150e3b9eea8cb79c22a344)] -> id: XFER_Select] displayed in 80ms
Angular request time 19ms
Click Transfer Combo
Angular request time 18ms
Element [[ChromeDriver: chrome on XP (25e53836fd150e3b9eea8cb79c22a344)] -> id: XFER_Select_Option_2] displayed in 134ms
Angular request time 8ms
Click Transfer Option 2
Angular request time 10ms
TRANSFER
Element [[ChromeDriver: chrome on XP (25e53836fd150e3b9eea8cb79c22a344)] -> id: CLO_Service_Order_Input] displayed in 44ms
Setting Text on Search Request with Text = TRANSFER
Angular request time 5ms
Element [[ChromeDriver: chrome on XP (25e53836fd150e3b9eea8cb79c22a344)] -> id: XFER_Date_Picker_Requested] displayed in 45ms
Entered Request Date = 10/02/2019 01:39
Element [[ChromeDriver: chrome on XP (25e53836fd150e3b9eea8cb79c22a344)] -> id: XFER_Date_Picker_Scheduled] displayed in 41ms
Enter Schedule Date Date
Element [[ChromeDriver: chrome on XP (25e53836fd150e3b9eea8cb79c22a344)] -> id: XFER_Date_Picker_Scheduled] displayed in 32ms
Setting Text on DatePicket with Text = 10/02/2019 01:39
Angular request time 416ms
Element [[ChromeDriver: chrome on XP (25e53836fd150e3b9eea8cb79c22a344)] -> id: XFER_Date_Picker_Requested] displayed in 32ms
Entered Request Date = 10/02/2019 01:39
Submit Transfer Request
TRANSFER
Element [[ChromeDriver: chrome on XP (25e53836fd150e3b9eea8cb79c22a344)] -> id: CLO_Service_Order_Input] displayed in 32ms
Setting Text on Search Request with Text = TRANSFER
Angular request time 7ms
Element [[ChromeDriver: chrome on XP (25e53836fd150e3b9eea8cb79c22a344)] -> id: XFER_Date_Picker_Scheduled] displayed in 30ms
Enter Schedule Date Date
Element [[ChromeDriver: chrome on XP (25e53836fd150e3b9eea8cb79c22a344)] -> id: XFER_Date_Picker_Scheduled] displayed in 37ms
Setting Text on DatePicket with Text = 10/02/2019 01:39
Angular request time 523ms
Strings Matched: Mr. VACANT VACANT = Mr. VACANT VACANT
Element [[ChromeDriver: chrome on XP (25e53836fd150e3b9eea8cb79c22a344)] -> id: XFER_Search_Input] displayed in 36ms
Setting Text on Customer Name Request with Text = Mr. VACANT VACANT
Angular request time 7ms
Element [[ChromeDriver: chrome on XP (25e53836fd150e3b9eea8cb79c22a344)] -> id: XFER_Search_Option_1] displayed in 632ms
Angular request time 16ms
Click XFER_Search_Option_1_Customer_Name
Angular request time 6ms
Element [[ChromeDriver: chrome on XP (25e53836fd150e3b9eea8cb79c22a344)] -> id: XFER_Description] displayed in 64ms
Setting Text on Description Request with Text = Description for Start Service
Angular request time 7ms
Click Submit
Element [[ChromeDriver: chrome on XP (25e53836fd150e3b9eea8cb79c22a344)] -> id: XFER_Button_Action] displayed in 41ms
Element [[ChromeDriver: chrome on XP (25e53836fd150e3b9eea8cb79c22a344)] -> id: XFER_Button_Action] displayed in 29ms
Angular request time 118ms
Click MoveInSubmit Button
Angular request time 16ms
Element [[ChromeDriver: chrome on XP (25e53836fd150e3b9eea8cb79c22a344)] -> id: XFER_Button_Done] displayed in 101ms
Angular request time 35ms
Click Done Button for Transfer
Angular request time 16ms
Clicking Servic Order Link
Element [[ChromeDriver: chrome on XP (25e53836fd150e3b9eea8cb79c22a344)] -> css selector: #mat-tab-label-0-2 > div] displayed in 56ms
Angular request time 664ms
Click Service Order Link
Angular request time 5ms
Capturing Servic Order Number
Element [[ChromeDriver: chrome on XP (25e53836fd150e3b9eea8cb79c22a344)] -> id: SODV_Service_Order_Id] displayed in 39ms
Angular request time 9ms
got Text Service Order Number = SORD00000002571
get Requested Customer Name
Strings Matched: Mr. Automation Mate = Mr. Automation Mate
get Move Out Customer Date
Strings Matched: Mr. Automation Mate = Mr. Automation Mate
get Movein Customer Name Date
Strings Matched: Mr. Vacant Vacant (Vacant) = Mr. Vacant Vacant (Vacant)
get Scheduled Date
***** Error VerifyTransferActionServiceOrder test has failed *****
]]></system-out>
    <system-err><![CDATA[Starting ChromeDriver 76.0.3809.126 (d80a294506b4c9d18015e755cee48f953ddc3f2f-refs/branch-heads/3809@{#1024}) on port 27957
Only local connections are allowed.
Please protect ports used by ChromeDriver and related test frameworks to prevent access by malicious code.
[1570041541.427][WARNING]: This version of ChromeDriver has not been tested with Chrome version 77.
Oct 02, 2019 1:39:02 PM org.openqa.selenium.remote.ProtocolHandshake createSession
INFO: Detected dialect: W3C
]]></system-err>
  </testcase>
  <testcase name="VerifyTransferActionServiceOrder" classname="com.NexusPortalAutomation.TestCases.Java.TC0031_VerifyAction_Transfers_StopService_Scheduled" time="20.547">
    <failure message="Actual Value &apos;Oct 2, 2019&apos; not Matched the expected value &apos;Oct 1, 2019&apos; " type="java.lang.AssertionError">java.lang.AssertionError: Actual Value 'Oct 2, 2019' not Matched the expected value 'Oct 1, 2019' 
	at com.NexusPortalAutomation.TestCases.Java.TC0031_VerifyAction_Transfers_StopService_Scheduled.VerifyTransferActionServiceOrder(TC0031_VerifyAction_Transfers_StopService_Scheduled.java:88)
</failure>
    <system-out><![CDATA[Closing Browser
Test Completed...
Launching Chrome
Browser Maximised
Test started- VerifyTransferActionServiceOrder
SORD00000002571
Deleting Records for ServiceOrder = SORD00000002571
0
Deleting Records for Location =  LOC@0004
Angular Request Completed in 36ms
Log in to Nexus View
Element [[ChromeDriver: chrome on XP (6888c1af1ccf677fd3a44633e94d30f1)] -> id: username] displayed in 39ms
Login Page title Verified
Element [[ChromeDriver: chrome on XP (6888c1af1ccf677fd3a44633e94d30f1)] -> id: username] displayed in 17ms
Element [[ChromeDriver: chrome on XP (6888c1af1ccf677fd3a44633e94d30f1)] -> id: password] displayed in 29ms
Element [[ChromeDriver: chrome on XP (6888c1af1ccf677fd3a44633e94d30f1)] -> id: kc-login] displayed in 33ms
Angular Request Completed in 16ms
User signed Admin
Enter Text for Search =LOC@0004
Element [[ChromeDriver: chrome on XP (6888c1af1ccf677fd3a44633e94d30f1)] -> id: SRCH_Input] displayed in 82ms
Angular request time 630ms
Element [[ChromeDriver: chrome on XP (6888c1af1ccf677fd3a44633e94d30f1)] -> id: SRCH_Option_1_Address_Line] displayed in 50ms
Click Customer
Angular request time 446ms
Angular request time 17ms
Element [[ChromeDriver: chrome on XP (6888c1af1ccf677fd3a44633e94d30f1)] -> id: 'LOC_Location_Id'] displayed in 64ms
Angular request time 15ms
got Text CustomerLocId = LOC@0004
Customer Location Id found LOC@0004
Strings Matched: LOC@0004 = LOC@0004
Click Action Dropdown
Element [[ChromeDriver: chrome on XP (6888c1af1ccf677fd3a44633e94d30f1)] -> id: ACTION_Button] displayed in 30ms
Element [[ChromeDriver: chrome on XP (6888c1af1ccf677fd3a44633e94d30f1)] -> id: ACTION_Button] displayed in 15ms
Angular request time 9ms
Click Action Drop down
Angular request time 14ms
Element [[ChromeDriver: chrome on XP (6888c1af1ccf677fd3a44633e94d30f1)] -> id: ACTION_Transfer_Service] displayed in 51ms
Element [[ChromeDriver: chrome on XP (6888c1af1ccf677fd3a44633e94d30f1)] -> id: ACTION_Transfer_Service] displayed in 74ms
Angular request time 25ms
Click Action Transfer Service Drop down
Angular request time 17ms
Element [[ChromeDriver: chrome on XP (6888c1af1ccf677fd3a44633e94d30f1)] -> id: XFER_Select] displayed in 75ms
Angular request time 18ms
Click Transfer Combo
Angular request time 11ms
Element [[ChromeDriver: chrome on XP (6888c1af1ccf677fd3a44633e94d30f1)] -> id: XFER_Select_Option_3] displayed in 86ms
Angular request time 20ms
Click Transfer Option 3
Angular request time 8ms
TRANSFER
Element [[ChromeDriver: chrome on XP (6888c1af1ccf677fd3a44633e94d30f1)] -> id: CLO_Service_Order_Input] displayed in 57ms
Setting Text on Search Request with Text = TRANSFER
Angular request time 8ms
Element [[ChromeDriver: chrome on XP (6888c1af1ccf677fd3a44633e94d30f1)] -> id: XFER_Date_Picker_Requested] displayed in 47ms
Entered Request Date = 10/02/2019 01:39
Element [[ChromeDriver: chrome on XP (6888c1af1ccf677fd3a44633e94d30f1)] -> id: XFER_Date_Picker_Scheduled] displayed in 38ms
Enter Schedule Date Date
Element [[ChromeDriver: chrome on XP (6888c1af1ccf677fd3a44633e94d30f1)] -> id: XFER_Date_Picker_Scheduled] displayed in 34ms
Setting Text on DatePicket with Text = 10/02/2019 01:39
Angular request time 326ms
Element [[ChromeDriver: chrome on XP (6888c1af1ccf677fd3a44633e94d30f1)] -> id: XFER_Date_Picker_Requested] displayed in 37ms
Entered Request Date = 10/02/2019 01:39
Submit Transfer Request
TRANSFER
Element [[ChromeDriver: chrome on XP (6888c1af1ccf677fd3a44633e94d30f1)] -> id: CLO_Service_Order_Input] displayed in 42ms
Setting Text on Search Request with Text = TRANSFER
Angular request time 16ms
Element [[ChromeDriver: chrome on XP (6888c1af1ccf677fd3a44633e94d30f1)] -> id: XFER_Date_Picker_Scheduled] displayed in 28ms
Enter Schedule Date Date
Element [[ChromeDriver: chrome on XP (6888c1af1ccf677fd3a44633e94d30f1)] -> id: XFER_Date_Picker_Scheduled] displayed in 42ms
Setting Text on DatePicket with Text = 10/02/2019 01:39
Angular request time 519ms
Strings Matched: Mr. VACANT VACANT = Mr. VACANT VACANT
Element [[ChromeDriver: chrome on XP (6888c1af1ccf677fd3a44633e94d30f1)] -> id: XFER_Search_Input] displayed in 37ms
Setting Text on Customer Name Request with Text = Mr. VACANT VACANT
Angular request time 8ms
Element [[ChromeDriver: chrome on XP (6888c1af1ccf677fd3a44633e94d30f1)] -> id: XFER_Search_Option_1] displayed in 604ms
Angular request time 19ms
Click XFER_Search_Option_1_Customer_Name
Angular request time 8ms
Element [[ChromeDriver: chrome on XP (6888c1af1ccf677fd3a44633e94d30f1)] -> id: XFER_Description] displayed in 52ms
Setting Text on Description Request with Text = Description for Stop Service
Angular request time 8ms
Click Submit
Element [[ChromeDriver: chrome on XP (6888c1af1ccf677fd3a44633e94d30f1)] -> id: XFER_Button_Action] displayed in 40ms
Element [[ChromeDriver: chrome on XP (6888c1af1ccf677fd3a44633e94d30f1)] -> id: XFER_Button_Action] displayed in 36ms
Angular request time 118ms
Click MoveInSubmit Button
Angular request time 15ms
Element [[ChromeDriver: chrome on XP (6888c1af1ccf677fd3a44633e94d30f1)] -> id: XFER_Button_Done] displayed in 68ms
Angular request time 36ms
Click Done Button for Transfer
Angular request time 13ms
Clicking Servic Order Link
Element [[ChromeDriver: chrome on XP (6888c1af1ccf677fd3a44633e94d30f1)] -> css selector: #mat-tab-label-0-2 > div] displayed in 53ms
Angular request time 545ms
Click Service Order Link
Angular request time 7ms
Capturing Servic Order Number
Element [[ChromeDriver: chrome on XP (6888c1af1ccf677fd3a44633e94d30f1)] -> id: SODV_Service_Order_Id] displayed in 42ms
Angular request time 7ms
got Text Service Order Number = SORD00000002572
get Requested Customer Name
Strings Matched: Mr. Automation Mate = Mr. Automation Mate
get Move Out Customer Date
Strings Matched: Mr. Automation Mate = Mr. Automation Mate
get Movein Customer Name Date
Strings Matched: Mr. Vacant Vacant (Vacant) = Mr. Vacant Vacant (Vacant)
get Scheduled Date
***** Error VerifyTransferActionServiceOrder test has failed *****
]]></system-out>
    <system-err><![CDATA[Starting ChromeDriver 76.0.3809.126 (d80a294506b4c9d18015e755cee48f953ddc3f2f-refs/branch-heads/3809@{#1024}) on port 41968
Only local connections are allowed.
Please protect ports used by ChromeDriver and related test frameworks to prevent access by malicious code.
[1570041582.914][WARNING]: This version of ChromeDriver has not been tested with Chrome version 77.
Oct 02, 2019 1:39:43 PM org.openqa.selenium.remote.ProtocolHandshake createSession
INFO: Detected dialect: W3C
]]></system-err>
  </testcase>
  <testcase name="VerifyActionServiceOrder" classname="com.NexusPortalAutomation.TestCases.Java.TC0029_VerifyAction_Transfers_Scheduled" time="36.157">
    <failure message="Actual Value &apos;Oct 2, 2019&apos; not Matched the expected value &apos;Oct 1, 2019&apos; " type="java.lang.AssertionError">java.lang.AssertionError: Actual Value 'Oct 2, 2019' not Matched the expected value 'Oct 1, 2019' 
	at com.NexusPortalAutomation.TestCases.Java.TC0029_VerifyAction_Transfers_Scheduled.VerifyActionServiceOrder(TC0029_VerifyAction_Transfers_Scheduled.java:132)
</failure>
    <system-out><![CDATA[Closing Browser
Test Completed...
Launching Chrome
Browser Maximised
Test started- VerifyActionServiceOrder
SORD00000002572
Deleting Records for ServiceOrder = SORD00000002572
Deleting Records for ServiceOrder = 
0
Deleting Records for Location =  LOC@0004
Angular Request Completed in 71ms
Log in to Nexus View
Element [[ChromeDriver: chrome on XP (a4612157dc7ea01ba6f96c3fd5d93b83)] -> id: username] displayed in 58ms
Login Page title Verified
Element [[ChromeDriver: chrome on XP (a4612157dc7ea01ba6f96c3fd5d93b83)] -> id: username] displayed in 17ms
Element [[ChromeDriver: chrome on XP (a4612157dc7ea01ba6f96c3fd5d93b83)] -> id: password] displayed in 34ms
Element [[ChromeDriver: chrome on XP (a4612157dc7ea01ba6f96c3fd5d93b83)] -> id: kc-login] displayed in 35ms
Angular Request Completed in 30ms
User signed Admin
Enter Text for Search =LOC@0004
Element [[ChromeDriver: chrome on XP (a4612157dc7ea01ba6f96c3fd5d93b83)] -> id: SRCH_Input] displayed in 69ms
Angular request time 626ms
Element [[ChromeDriver: chrome on XP (a4612157dc7ea01ba6f96c3fd5d93b83)] -> id: SRCH_Option_1_Address_Line] displayed in 41ms
Click Customer
Angular request time 397ms
Angular request time 19ms
Element [[ChromeDriver: chrome on XP (a4612157dc7ea01ba6f96c3fd5d93b83)] -> id: 'LOC_Location_Id'] displayed in 36ms
Angular request time 12ms
got Text CustomerLocId = LOC@0004
Customer Location Id found LOC@0004
Strings Matched: LOC@0004 = LOC@0004
Click Action Dropdown
Element [[ChromeDriver: chrome on XP (a4612157dc7ea01ba6f96c3fd5d93b83)] -> id: ACTION_Button] displayed in 33ms
Element [[ChromeDriver: chrome on XP (a4612157dc7ea01ba6f96c3fd5d93b83)] -> id: ACTION_Button] displayed in 18ms
Angular request time 8ms
Click Action Drop down
Angular request time 16ms
Element [[ChromeDriver: chrome on XP (a4612157dc7ea01ba6f96c3fd5d93b83)] -> id: ACTION_Transfer_Service] displayed in 50ms
Element [[ChromeDriver: chrome on XP (a4612157dc7ea01ba6f96c3fd5d93b83)] -> id: ACTION_Transfer_Service] displayed in 62ms
Angular request time 24ms
Click Action Transfer Service Drop down
Angular request time 14ms
Element [[ChromeDriver: chrome on XP (a4612157dc7ea01ba6f96c3fd5d93b83)] -> id: XFER_Select] displayed in 80ms
Angular request time 21ms
Click Transfer Combo
Angular request time 8ms
Element [[ChromeDriver: chrome on XP (a4612157dc7ea01ba6f96c3fd5d93b83)] -> id: XFER_Select_Option_1] displayed in 96ms
Angular request time 14ms
Click Transfer Option 1
Angular request time 9ms
Element [[ChromeDriver: chrome on XP (a4612157dc7ea01ba6f96c3fd5d93b83)] -> id: XFER_MoveFrom_Date_Picker_Requested] displayed in 72ms
10/02/2019 01:40
Enter Schedule Date
Element [[ChromeDriver: chrome on XP (a4612157dc7ea01ba6f96c3fd5d93b83)] -> id: XFER_MoveFrom_Date_Picker_Scheduled] displayed in 42ms
Element [[ChromeDriver: chrome on XP (a4612157dc7ea01ba6f96c3fd5d93b83)] -> id: XFER_MoveFrom_Date_Picker_Scheduled] displayed in 34ms
Setting Text on DatePicket with Text = Sep 27, 2019
Angular request time 6ms
Element [[ChromeDriver: chrome on XP (a4612157dc7ea01ba6f96c3fd5d93b83)] -> xpath: //div[@class='requiered-field text ng-star-inserted']] displayed in 84ms
Angular request time 8ms
Element [[ChromeDriver: chrome on XP (a4612157dc7ea01ba6f96c3fd5d93b83)] -> xpath: //div[@class='requiered-field text ng-star-inserted']] displayed in 41ms
Angular request time 4ms
got Text Service Order invalidDate = Invalid date
Strings Matched: Invalid date = Invalid date
Enter Schedule Date
Element [[ChromeDriver: chrome on XP (a4612157dc7ea01ba6f96c3fd5d93b83)] -> id: XFER_MoveFrom_Date_Picker_Scheduled] displayed in 70ms
Element [[ChromeDriver: chrome on XP (a4612157dc7ea01ba6f96c3fd5d93b83)] -> id: XFER_MoveFrom_Date_Picker_Scheduled] displayed in 79ms
Setting Text on DatePicket with Text = 10/02/2019 01:40
Angular request time 16ms
TRANSFER
Element [[ChromeDriver: chrome on XP (a4612157dc7ea01ba6f96c3fd5d93b83)] -> id: CLO_Service_Order_Input] displayed in 44ms
Setting Text on Search Request with Text = Transfer
Angular request time 8ms
Strings Matched: Mr. VACANT VACANT = Mr. VACANT VACANT
TEST DEFAULT VALUE FOR CUSTOMER ===Mr. VACANT VACANT
Element [[ChromeDriver: chrome on XP (a4612157dc7ea01ba6f96c3fd5d93b83)] -> id: XFER_Search_Input] displayed in 47ms
Setting Text on Customer Name Request with Text = Mr. VACANT VACANT
Angular request time 533ms
Element [[ChromeDriver: chrome on XP (a4612157dc7ea01ba6f96c3fd5d93b83)] -> id: XFER_Search_Option_1_Customer_Name] displayed in 585ms
Angular request time 16ms
Click XFER_Search_Option_1_Customer_Name
Angular request time 8ms
Element [[ChromeDriver: chrome on XP (a4612157dc7ea01ba6f96c3fd5d93b83)] -> id: XFER_Description] displayed in 42ms
Setting Text on Description Request with Text = AUTOMATION TEST
Angular request time 11ms
Element [[ChromeDriver: chrome on XP (a4612157dc7ea01ba6f96c3fd5d93b83)] -> id: XFER_MoveTo_Tab] displayed in 41ms
Angular request time 13ms
Click Move To Tab (Transfers)
Angular request time 14ms
Element [[ChromeDriver: chrome on XP (a4612157dc7ea01ba6f96c3fd5d93b83)] -> id: XFER_MoveTo_Date_Picker_Requested] displayed in 47ms
10/02/2019 01:40
Enter Schedule Date
Element [[ChromeDriver: chrome on XP (a4612157dc7ea01ba6f96c3fd5d93b83)] -> id: XFER_MoveTo_Date_Picker_Scheduled] displayed in 592ms
Element [[ChromeDriver: chrome on XP (a4612157dc7ea01ba6f96c3fd5d93b83)] -> id: XFER_MoveTo_Date_Picker_Scheduled] displayed in 57ms
Setting Text on DatePicket with Text = 10/02/2019 01:40
Angular request time 10ms
Element [[ChromeDriver: chrome on XP (a4612157dc7ea01ba6f96c3fd5d93b83)] -> id: CLO_Service_Order_Input] displayed in 35ms
Enter Request Name
Element [[ChromeDriver: chrome on XP (a4612157dc7ea01ba6f96c3fd5d93b83)] -> id: CLO_Service_Order_Input] displayed in 29ms
Setting Text on Service Order Input with Text = TRANSFER
Angular request time 7ms
Element [[ChromeDriver: chrome on XP (a4612157dc7ea01ba6f96c3fd5d93b83)] -> id: XFER_Search_Input] displayed in 50ms
Element [[ChromeDriver: chrome on XP (a4612157dc7ea01ba6f96c3fd5d93b83)] -> id: XFER_Search_Input] displayed in 38ms
Setting Text on XFERSearchInput with Text = LOC@0005
Angular request time 419ms
Element [[ChromeDriver: chrome on XP (a4612157dc7ea01ba6f96c3fd5d93b83)] -> id: XFER_Search_Option_1_Customer_Name] displayed in 655ms
Angular request time 119ms
Click XFER_Search_Option_1_Customer_Name
Angular request time 16ms
Enter Request Description
Element [[ChromeDriver: chrome on XP (a4612157dc7ea01ba6f96c3fd5d93b83)] -> id: XFER_Description] displayed in 101ms
Element [[ChromeDriver: chrome on XP (a4612157dc7ea01ba6f96c3fd5d93b83)] -> id: XFER_Description] displayed in 28ms
Setting Text on XFER Description with Text = Move in from location
Angular request time 14ms
Click Submit
Element [[ChromeDriver: chrome on XP (a4612157dc7ea01ba6f96c3fd5d93b83)] -> id: XFER_Button_Action] displayed in 44ms
Element [[ChromeDriver: chrome on XP (a4612157dc7ea01ba6f96c3fd5d93b83)] -> id: XFER_Button_Action] displayed in 27ms
Angular request time 113ms
Click MoveInSubmit Button
Angular request time 16ms
Element [[ChromeDriver: chrome on XP (a4612157dc7ea01ba6f96c3fd5d93b83)] -> id: XFER_Button_Done] displayed in 100ms
Angular request time 26ms
Click Done Button for Transfer
Angular request time 10ms
Clicking Servic Order Link
Element [[ChromeDriver: chrome on XP (a4612157dc7ea01ba6f96c3fd5d93b83)] -> css selector: #mat-tab-label-0-2 > div] displayed in 52ms
Angular request time 547ms
Click Service Order Link
Angular request time 10ms
Capturing Servic Order Number
Element [[ChromeDriver: chrome on XP (a4612157dc7ea01ba6f96c3fd5d93b83)] -> id: SODV_Service_Order_Id] displayed in 35ms
Angular request time 8ms
got Text Service Order Number = SORD00000002573
Element [[ChromeDriver: chrome on XP (a4612157dc7ea01ba6f96c3fd5d93b83)] -> id: SODV_Drillback] displayed in 22ms
String Verified  =cogsdrillback://DGPB/?Db=SQL_2017&Srv=RND-BASE-A&Cmp=TWO&Prod=229&Act=OPEN&Func=ServiceOrder&LocationID=LOC@0004&ServiceOrderNumber=SORD00000002573&CogsDrillback=1 Contains = SORD00000002573
get Requested Customer Name
Strings Matched: Mr. Automation Mate = Mr. Automation Mate
get Requested Date
Strings Matched: Oct 2, 2019 = Oct 2, 2019
get Scheduled Date
***** Error VerifyActionServiceOrder test has failed *****
]]></system-out>
    <system-err><![CDATA[Starting ChromeDriver 76.0.3809.126 (d80a294506b4c9d18015e755cee48f953ddc3f2f-refs/branch-heads/3809@{#1024}) on port 43278
Only local connections are allowed.
Please protect ports used by ChromeDriver and related test frameworks to prevent access by malicious code.
[1570041606.760][WARNING]: This version of ChromeDriver has not been tested with Chrome version 77.
Oct 02, 2019 1:40:07 PM org.openqa.selenium.remote.ProtocolHandshake createSession
INFO: Detected dialect: W3C
]]></system-err>
  </testcase>
  <testcase name="VerifyTransferActionServiceOrder" classname="com.NexusPortalAutomation.TestCases.Java.TC0030_1_VerifyAction_Transfers_StartService_Scheduled_SameCustomerMovein" time="50.391">
    <failure message="no such element: Unable to locate element: {&quot;method&quot;:&quot;xpath&quot;,&quot;selector&quot;:&quot;//div[@class=&apos;requiered-field text ng-star-inserted&apos;]&quot;}&#10;  (Session info: chrome=77.0.3865.90)&#10;For documentation on this error, please visit: http://seleniumhq.org/exceptions/no_such_element.html&#10;Build info: version: &apos;3.14.0&apos;, revision: &apos;aacccce0&apos;, time: &apos;2018-08-02T20:19:58.91Z&apos;&#10;System info: host: &apos;RND-BASE-A&apos;, ip: &apos;10.0.2.15&apos;, os.name: &apos;Windows Server 2012 R2&apos;, os.arch: &apos;amd64&apos;, os.version: &apos;6.3&apos;, java.version: &apos;1.8.0_201&apos;&#10;Driver info: org.openqa.selenium.chrome.ChromeDriver&#10;Capabilities {acceptInsecureCerts: false, browserName: chrome, browserVersion: 77.0.3865.90, chrome: {chromedriverVersion: 76.0.3809.126 (d80a294506b4..., userDataDir: C:\Users\ADMINI~1\AppData\L...}, goog:chromeOptions: {debuggerAddress: localhost:54126}, javascriptEnabled: true, networkConnectionEnabled: false, pageLoadStrategy: normal, platform: XP, platformName: XP, proxy: Proxy(), setWindowRect: true, strictFileInteractability: false, timeouts: {implicit: 0, pageLoad: 300000, script: 30000}, unhandledPromptBehavior: dismiss and notify}&#10;Session ID: da57436780624f69350d6bdc3b6b16e7&#10;*** Element info: {Using=xpath, value=//div[@class=&apos;requiered-field text ng-star-inserted&apos;]}" type="org.openqa.selenium.NoSuchElementException">org.openqa.selenium.NoSuchElementException: 
no such element: Unable to locate element: {"method":"xpath","selector":"//div[@class='requiered-field text ng-star-inserted']"}
  (Session info: chrome=77.0.3865.90)
For documentation on this error, please visit: http://seleniumhq.org/exceptions/no_such_element.html
Build info: version: '3.14.0', revision: 'aacccce0', time: '2018-08-02T20:19:58.91Z'
System info: host: 'RND-BASE-A', ip: '10.0.2.15', os.name: 'Windows Server 2012 R2', os.arch: 'amd64', os.version: '6.3', java.version: '1.8.0_201'
Driver info: org.openqa.selenium.chrome.ChromeDriver
Capabilities {acceptInsecureCerts: false, browserName: chrome, browserVersion: 77.0.3865.90, chrome: {chromedriverVersion: 76.0.3809.126 (d80a294506b4..., userDataDir: C:\Users\ADMINI~1\AppData\L...}, goog:chromeOptions: {debuggerAddress: localhost:54126}, javascriptEnabled: true, networkConnectionEnabled: false, pageLoadStrategy: normal, platform: XP, platformName: XP, proxy: Proxy(), setWindowRect: true, strictFileInteractability: false, timeouts: {implicit: 0, pageLoad: 300000, script: 30000}, unhandledPromptBehavior: dismiss and notify}
Session ID: da57436780624f69350d6bdc3b6b16e7
*** Element info: {Using=xpath, value=//div[@class='requiered-field text ng-star-inserted']}
	at com.NexusPortalAutomation.TestCases.Java.TC0030_1_VerifyAction_Transfers_StartService_Scheduled_SameCustomerMovein.VerifyTransferActionServiceOrder(TC0030_1_VerifyAction_Transfers_StartService_Scheduled_SameCustomerMovein.java:89)
</failure>
    <system-out><![CDATA[Closing Browser
Test Completed...
Launching Chrome
Browser Maximised
Test started- VerifyTransferActionServiceOrder
SORD00000002573
Deleting Records for ServiceOrder = SORD00000002573
0
Deleting Records for Location =  LOC@0004
Angular Request Completed in 45ms
Log in to Nexus View
Element [[ChromeDriver: chrome on XP (da57436780624f69350d6bdc3b6b16e7)] -> id: username] displayed in 40ms
Login Page title Verified
Element [[ChromeDriver: chrome on XP (da57436780624f69350d6bdc3b6b16e7)] -> id: username] displayed in 18ms
Element [[ChromeDriver: chrome on XP (da57436780624f69350d6bdc3b6b16e7)] -> id: password] displayed in 49ms
Element [[ChromeDriver: chrome on XP (da57436780624f69350d6bdc3b6b16e7)] -> id: kc-login] displayed in 34ms
Angular Request Completed in 30ms
User signed Admin
Enter Text for Search =LOC@0004
Element [[ChromeDriver: chrome on XP (da57436780624f69350d6bdc3b6b16e7)] -> id: SRCH_Input] displayed in 101ms
Angular request time 628ms
Element [[ChromeDriver: chrome on XP (da57436780624f69350d6bdc3b6b16e7)] -> id: SRCH_Option_1_Address_Line] displayed in 45ms
Click Customer
Angular request time 371ms
Angular request time 16ms
Element [[ChromeDriver: chrome on XP (da57436780624f69350d6bdc3b6b16e7)] -> id: 'LOC_Location_Id'] displayed in 31ms
Angular request time 9ms
got Text CustomerLocId = LOC@0004
Customer Location Id found LOC@0004
Strings Matched: LOC@0004 = LOC@0004
Click Action Dropdown
Element [[ChromeDriver: chrome on XP (da57436780624f69350d6bdc3b6b16e7)] -> id: ACTION_Button] displayed in 34ms
Element [[ChromeDriver: chrome on XP (da57436780624f69350d6bdc3b6b16e7)] -> id: ACTION_Button] displayed in 16ms
Angular request time 10ms
Click Action Drop down
Angular request time 8ms
Element [[ChromeDriver: chrome on XP (da57436780624f69350d6bdc3b6b16e7)] -> id: ACTION_Transfer_Service] displayed in 41ms
Element [[ChromeDriver: chrome on XP (da57436780624f69350d6bdc3b6b16e7)] -> id: ACTION_Transfer_Service] displayed in 62ms
Angular request time 24ms
Click Action Transfer Service Drop down
Angular request time 18ms
Element [[ChromeDriver: chrome on XP (da57436780624f69350d6bdc3b6b16e7)] -> id: XFER_Select] displayed in 76ms
Angular request time 13ms
Click Transfer Combo
Angular request time 26ms
Element [[ChromeDriver: chrome on XP (da57436780624f69350d6bdc3b6b16e7)] -> id: XFER_Select_Option_2] displayed in 107ms
Angular request time 16ms
Click Transfer Option 2
Angular request time 14ms
TRANSFER
Element [[ChromeDriver: chrome on XP (da57436780624f69350d6bdc3b6b16e7)] -> id: CLO_Service_Order_Input] displayed in 49ms
Setting Text on Search Request with Text = TRANSFER
Angular request time 7ms
Element [[ChromeDriver: chrome on XP (da57436780624f69350d6bdc3b6b16e7)] -> id: XFER_Date_Picker_Requested] displayed in 48ms
Entered Request Date = 10/02/2019 01:41
Element [[ChromeDriver: chrome on XP (da57436780624f69350d6bdc3b6b16e7)] -> id: XFER_Date_Picker_Scheduled] displayed in 40ms
Enter Schedule Date Date
Element [[ChromeDriver: chrome on XP (da57436780624f69350d6bdc3b6b16e7)] -> id: XFER_Date_Picker_Scheduled] displayed in 34ms
Setting Text on DatePicket with Text = 10/02/2019 01:41
Angular request time 423ms
Element [[ChromeDriver: chrome on XP (da57436780624f69350d6bdc3b6b16e7)] -> id: XFER_Date_Picker_Requested] displayed in 39ms
Entered Request Date = 10/02/2019 01:41
TRANSFER
Element [[ChromeDriver: chrome on XP (da57436780624f69350d6bdc3b6b16e7)] -> id: CLO_Service_Order_Input] displayed in 33ms
Setting Text on Search Request with Text = TRANSFER
Angular request time 17ms
Element [[ChromeDriver: chrome on XP (da57436780624f69350d6bdc3b6b16e7)] -> id: XFER_Date_Picker_Scheduled] displayed in 33ms
Enter Schedule Date Date
Element [[ChromeDriver: chrome on XP (da57436780624f69350d6bdc3b6b16e7)] -> id: XFER_Date_Picker_Scheduled] displayed in 29ms
Setting Text on DatePicket with Text = 10/02/2019 01:41
Angular request time 522ms
Element [[ChromeDriver: chrome on XP (da57436780624f69350d6bdc3b6b16e7)] -> id: XFER_Search_Input] displayed in 35ms
Element [[ChromeDriver: chrome on XP (da57436780624f69350d6bdc3b6b16e7)] -> id: XFER_Search_Input] displayed in 17ms
Setting Text on Customer Name Request with Text = Mr. Automation Mate
Angular request time 7ms
Click Submit
Element [[ChromeDriver: chrome on XP (da57436780624f69350d6bdc3b6b16e7)] -> id: XFER_Button_Action] displayed in 47ms
Element [[ChromeDriver: chrome on XP (da57436780624f69350d6bdc3b6b16e7)] -> id: XFER_Button_Action] displayed in 29ms
Angular request time 113ms
Click MoveInSubmit Button
Angular request time 16ms
***** Error VerifyTransferActionServiceOrder test has failed *****
]]></system-out>
    <system-err><![CDATA[Starting ChromeDriver 76.0.3809.126 (d80a294506b4c9d18015e755cee48f953ddc3f2f-refs/branch-heads/3809@{#1024}) on port 46271
Only local connections are allowed.
Please protect ports used by ChromeDriver and related test frameworks to prevent access by malicious code.
[1570041646.176][WARNING]: This version of ChromeDriver has not been tested with Chrome version 77.
Oct 02, 2019 1:40:47 PM org.openqa.selenium.remote.ProtocolHandshake createSession
INFO: Detected dialect: W3C
]]></system-err>
  </testcase>
  <testcase name="VerifySignInbyID" classname="com.NexusPortalAutomation.TestCases.Java.TC0001_VerifySignInbyID" time="11.394"/>
  <testcase name="VerifyActionServiceOrder" classname="com.NexusPortalAutomation.TestCases.Java.TC0022_VerifyAction_ServiceOrder" time="27.706"/>
  <testcase name="VerifyActionServiceOrder_Transfers_NotSchedule" classname="com.NexusPortalAutomation.TestCases.Java.TC0025_1_VerifyAction_Transfers_Scheduled_CurrentMoveinCustomer" time="48.234">
    <failure message="no such element: Unable to locate element: {&quot;method&quot;:&quot;xpath&quot;,&quot;selector&quot;:&quot;//div[@class=&apos;requiered-field text ng-star-inserted&apos;]&quot;}&#10;  (Session info: chrome=77.0.3865.90)&#10;For documentation on this error, please visit: http://seleniumhq.org/exceptions/no_such_element.html&#10;Build info: version: &apos;3.14.0&apos;, revision: &apos;aacccce0&apos;, time: &apos;2018-08-02T20:19:58.91Z&apos;&#10;System info: host: &apos;RND-BASE-A&apos;, ip: &apos;10.0.2.15&apos;, os.name: &apos;Windows Server 2012 R2&apos;, os.arch: &apos;amd64&apos;, os.version: &apos;6.3&apos;, java.version: &apos;1.8.0_201&apos;&#10;Driver info: org.openqa.selenium.chrome.ChromeDriver&#10;Capabilities {acceptInsecureCerts: false, browserName: chrome, browserVersion: 77.0.3865.90, chrome: {chromedriverVersion: 76.0.3809.126 (d80a294506b4..., userDataDir: C:\Users\ADMINI~1\AppData\L...}, goog:chromeOptions: {debuggerAddress: localhost:54288}, javascriptEnabled: true, networkConnectionEnabled: false, pageLoadStrategy: normal, platform: XP, platformName: XP, proxy: Proxy(), setWindowRect: true, strictFileInteractability: false, timeouts: {implicit: 0, pageLoad: 300000, script: 30000}, unhandledPromptBehavior: dismiss and notify}&#10;Session ID: fe6bcaf39b90d7740f1b234a445d6702&#10;*** Element info: {Using=xpath, value=//div[@class=&apos;requiered-field text ng-star-inserted&apos;]}" type="org.openqa.selenium.NoSuchElementException">org.openqa.selenium.NoSuchElementException: 
no such element: Unable to locate element: {"method":"xpath","selector":"//div[@class='requiered-field text ng-star-inserted']"}
  (Session info: chrome=77.0.3865.90)
For documentation on this error, please visit: http://seleniumhq.org/exceptions/no_such_element.html
Build info: version: '3.14.0', revision: 'aacccce0', time: '2018-08-02T20:19:58.91Z'
System info: host: 'RND-BASE-A', ip: '10.0.2.15', os.name: 'Windows Server 2012 R2', os.arch: 'amd64', os.version: '6.3', java.version: '1.8.0_201'
Driver info: org.openqa.selenium.chrome.ChromeDriver
Capabilities {acceptInsecureCerts: false, browserName: chrome, browserVersion: 77.0.3865.90, chrome: {chromedriverVersion: 76.0.3809.126 (d80a294506b4..., userDataDir: C:\Users\ADMINI~1\AppData\L...}, goog:chromeOptions: {debuggerAddress: localhost:54288}, javascriptEnabled: true, networkConnectionEnabled: false, pageLoadStrategy: normal, platform: XP, platformName: XP, proxy: Proxy(), setWindowRect: true, strictFileInteractability: false, timeouts: {implicit: 0, pageLoad: 300000, script: 30000}, unhandledPromptBehavior: dismiss and notify}
Session ID: fe6bcaf39b90d7740f1b234a445d6702
*** Element info: {Using=xpath, value=//div[@class='requiered-field text ng-star-inserted']}
	at com.NexusPortalAutomation.TestCases.Java.TC0025_1_VerifyAction_Transfers_Scheduled_CurrentMoveinCustomer.VerifyActionServiceOrder_Transfers_NotSchedule(TC0025_1_VerifyAction_Transfers_Scheduled_CurrentMoveinCustomer.java:91)
</failure>
    <system-out><![CDATA[Closing Browser
Test Completed...
Launching Chrome
Browser Maximised
Test started- VerifyActionServiceOrder_Transfers_NotSchedule
SORD00000002575
Deleting Records for ServiceOrder = SORD00000002575
SORD00000002574
Deleting Records for ServiceOrder = SORD00000002574
0
Deleting Records for Location =  LOC@0004
0
Deleting Records for Location =  LOC@0005
Angular Request Completed in 14ms
Log in to Nexus View
Element [[ChromeDriver: chrome on XP (fe6bcaf39b90d7740f1b234a445d6702)] -> id: username] displayed in 45ms
Login Page title Verified
Element [[ChromeDriver: chrome on XP (fe6bcaf39b90d7740f1b234a445d6702)] -> id: username] displayed in 15ms
Element [[ChromeDriver: chrome on XP (fe6bcaf39b90d7740f1b234a445d6702)] -> id: password] displayed in 32ms
Element [[ChromeDriver: chrome on XP (fe6bcaf39b90d7740f1b234a445d6702)] -> id: kc-login] displayed in 30ms
Angular Request Completed in 30ms
User signed Admin
Enter Text for Search =LOC@0004
Element [[ChromeDriver: chrome on XP (fe6bcaf39b90d7740f1b234a445d6702)] -> id: SRCH_Input] displayed in 67ms
Angular request time 633ms
Element [[ChromeDriver: chrome on XP (fe6bcaf39b90d7740f1b234a445d6702)] -> id: SRCH_Option_1_Address_Line] displayed in 40ms
Click Customer
Angular request time 379ms
Angular request time 15ms
Element [[ChromeDriver: chrome on XP (fe6bcaf39b90d7740f1b234a445d6702)] -> id: 'LOC_Location_Id'] displayed in 57ms
Angular request time 8ms
got Text CustomerLocId = LOC@0004
Customer Location Id found LOC@0004
Strings Matched: LOC@0004 = LOC@0004
Click Action Dropdown
Element [[ChromeDriver: chrome on XP (fe6bcaf39b90d7740f1b234a445d6702)] -> id: ACTION_Button] displayed in 48ms
Element [[ChromeDriver: chrome on XP (fe6bcaf39b90d7740f1b234a445d6702)] -> id: ACTION_Button] displayed in 18ms
Angular request time 8ms
Click Action Drop down
Angular request time 15ms
Element [[ChromeDriver: chrome on XP (fe6bcaf39b90d7740f1b234a445d6702)] -> id: ACTION_Transfer_Service] displayed in 47ms
Element [[ChromeDriver: chrome on XP (fe6bcaf39b90d7740f1b234a445d6702)] -> id: ACTION_Transfer_Service] displayed in 93ms
Angular request time 31ms
Click Action Transfer Service Drop down
Angular request time 9ms
Element [[ChromeDriver: chrome on XP (fe6bcaf39b90d7740f1b234a445d6702)] -> id: XFER_Select] displayed in 75ms
Angular request time 46ms
Click Transfer Combo
Angular request time 43ms
Element [[ChromeDriver: chrome on XP (fe6bcaf39b90d7740f1b234a445d6702)] -> id: XFER_Select_Option_1] displayed in 51ms
Angular request time 8ms
Click Transfer Option 1
Angular request time 12ms
TRANSFER
Element [[ChromeDriver: chrome on XP (fe6bcaf39b90d7740f1b234a445d6702)] -> id: CLO_Service_Order_Input] displayed in 55ms
Setting Text on Search Request with Text = Transfer
Angular request time 8ms
Element [[ChromeDriver: chrome on XP (fe6bcaf39b90d7740f1b234a445d6702)] -> id: XFER_MoveFrom_Date_Picker_Requested] displayed in 44ms
10/02/2019 01:42
Enter Schedule Date
Element [[ChromeDriver: chrome on XP (fe6bcaf39b90d7740f1b234a445d6702)] -> id: XFER_MoveFrom_Date_Picker_Scheduled] displayed in 43ms
Element [[ChromeDriver: chrome on XP (fe6bcaf39b90d7740f1b234a445d6702)] -> id: XFER_MoveFrom_Date_Picker_Scheduled] displayed in 33ms
Setting Text on DatePicket with Text = 10/02/2019 01:42
Angular request time 419ms
Strings Matched: Mr. VACANT VACANT = Mr. VACANT VACANT
TEST DEFAULT VALUE FOR CUSTOMER ===Mr. VACANT VACANT
Element [[ChromeDriver: chrome on XP (fe6bcaf39b90d7740f1b234a445d6702)] -> id: XFER_Search_Input] displayed in 61ms
Setting Text on Customer Name Request with Text = Mr. Automation Mate
Angular request time 12ms
Element [[ChromeDriver: chrome on XP (fe6bcaf39b90d7740f1b234a445d6702)] -> id: XFER_Search_Option_1_Customer_Name] displayed in 631ms
Angular request time 16ms
Click XFER_Search_Option_1_Customer_Name
Angular request time 7ms
Element [[ChromeDriver: chrome on XP (fe6bcaf39b90d7740f1b234a445d6702)] -> id: XFER_Description] displayed in 71ms
Setting Text on Description Request with Text = AUTOMATION TEST
Angular request time 8ms
Element [[ChromeDriver: chrome on XP (fe6bcaf39b90d7740f1b234a445d6702)] -> id: XFER_MoveTo_Tab] displayed in 39ms
Angular request time 9ms
Click Move To Tab (Transfers)
Angular request time 7ms
Element [[ChromeDriver: chrome on XP (fe6bcaf39b90d7740f1b234a445d6702)] -> id: XFER_MoveTo_Date_Picker_Requested] displayed in 47ms
10/02/2019 01:42
Enter Request Date
Element [[ChromeDriver: chrome on XP (fe6bcaf39b90d7740f1b234a445d6702)] -> id: XFER_MoveTo_Date_Picker_Requested] displayed in 35ms
Element [[ChromeDriver: chrome on XP (fe6bcaf39b90d7740f1b234a445d6702)] -> id: XFER_MoveTo_Date_Picker_Requested] displayed in 41ms
Setting Text on DatePicket with Text = 10/02/2019 01:42
Angular request time 7ms
Element [[ChromeDriver: chrome on XP (fe6bcaf39b90d7740f1b234a445d6702)] -> id: CLO_Service_Order_Input] displayed in 105ms
Enter Request Name
Element [[ChromeDriver: chrome on XP (fe6bcaf39b90d7740f1b234a445d6702)] -> id: CLO_Service_Order_Input] displayed in 102ms
Setting Text on Service Order Input with Text = TRANSFER
Angular request time 32ms
Element [[ChromeDriver: chrome on XP (fe6bcaf39b90d7740f1b234a445d6702)] -> id: XFER_Search_Input] displayed in 119ms
Element [[ChromeDriver: chrome on XP (fe6bcaf39b90d7740f1b234a445d6702)] -> id: XFER_Search_Input] displayed in 79ms
Setting Text on XFERSearchInput with Text = LOC@0005
Angular request time 340ms
Element [[ChromeDriver: chrome on XP (fe6bcaf39b90d7740f1b234a445d6702)] -> id: XFER_Search_Option_1_Customer_Name] displayed in 640ms
Angular request time 131ms
Click XFER_Search_Option_1_Customer_Name
Angular request time 16ms
Enter Request Description
Element [[ChromeDriver: chrome on XP (fe6bcaf39b90d7740f1b234a445d6702)] -> id: XFER_Description] displayed in 99ms
Element [[ChromeDriver: chrome on XP (fe6bcaf39b90d7740f1b234a445d6702)] -> id: XFER_Description] displayed in 30ms
Setting Text on XFER Description with Text = Move in from location
Angular request time 15ms
Element [[ChromeDriver: chrome on XP (fe6bcaf39b90d7740f1b234a445d6702)] -> id: XFER_Search_Input] displayed in 20ms
Element [[ChromeDriver: chrome on XP (fe6bcaf39b90d7740f1b234a445d6702)] -> id: XFER_Search_Input] displayed in 21ms
Setting Text on Customer Name Request with Text = Mr. Automation Mate
Angular request time 9ms
Click Submit
Element [[ChromeDriver: chrome on XP (fe6bcaf39b90d7740f1b234a445d6702)] -> id: XFER_Button_Action] displayed in 42ms
Element [[ChromeDriver: chrome on XP (fe6bcaf39b90d7740f1b234a445d6702)] -> id: XFER_Button_Action] displayed in 24ms
Angular request time 127ms
Click MoveInSubmit Button
Angular request time 16ms
***** Error VerifyActionServiceOrder_Transfers_NotSchedule test has failed *****
]]></system-out>
    <system-err><![CDATA[Starting ChromeDriver 76.0.3809.126 (d80a294506b4c9d18015e755cee48f953ddc3f2f-refs/branch-heads/3809@{#1024}) on port 25304
Only local connections are allowed.
Please protect ports used by ChromeDriver and related test frameworks to prevent access by malicious code.
[1570041745.383][WARNING]: This version of ChromeDriver has not been tested with Chrome version 77.
Oct 02, 2019 1:42:26 PM org.openqa.selenium.remote.ProtocolHandshake createSession
INFO: Detected dialect: W3C
]]></system-err>
  </testcase>
  <testcase name="VerifyRecentWidget" classname="com.NexusPortalAutomation.TestCases.Java.TC0023_VerifyRecentWidget" time="15.636"/>
  <testcase name="VerifyActionServiceOrder_Transfers_NotSchedule" classname="com.NexusPortalAutomation.TestCases.Java.TC0025_VerifyAction_Transfers_NotScheduled" time="47.938"/>
  <testcase name="VerifyTransferActionServiceOrder" classname="com.NexusPortalAutomation.TestCases.Java.TC0026_VerifyAction_Transfers_StartService_NotScheduled" time="20.699"/>
  <testcase name="VerifyTransferActionServiceOrder" classname="com.NexusPortalAutomation.TestCases.Java.TC0027_VerifyAction_Transfers_StopService_NotScheduled" time="27.504"/>
  <testcase name="TestSearchAutobyRecent" classname="com.NexusPortalAutomation.TestCases.Java.TC0004_TestSearchbyRecentFunction" time="30.579"/>
  <testcase name="TestSearchAutobyBookMark" classname="com.NexusPortalAutomation.TestCases.Java.TC0005_TestBookMarks" time="11.805"/>
  <testcase name="TestSummarySectionOnChange" classname="com.NexusPortalAutomation.TestCases.Java.TC0007_TestSummarySection" time="16.038"/>
  <testcase name="TestSearchAutobyFirstName" classname="com.NexusPortalAutomation.TestCases.Java.TC0028_TestEnhancedNotes" time="13.968"/>
  <testcase name="TestSearchAutobyFirstName" classname="com.NexusPortalAutomation.TestCases.Java.TC0024_TestCustDetailSearch" time="29.645"/>
  <testcase name="TestSearchAlertOnLoad" classname="com.NexusPortalAutomation.TestCases.Java.TC0006_TestAlertOnLoad" time="11.293"/>
  <testcase name="TestSearchAutobyFirstName" classname="com.NexusPortalAutomation.TestCases.Java.TC0002_TestSearchAutobyFirstName" time="11.569"/>
  <testcase name="TestSearchAutobyLastName" classname="com.NexusPortalAutomation.TestCases.Java.TC0003_TestSearchAutobyLastName" time="21.688"/>
</testsuite>