<?xml version="1.0" encoding="UTF-8"?>
<testsuite xmlns:xsi="http://www.w3.org/2001/XMLSchema-instance" xsi:noNamespaceSchemaLocation="https://maven.apache.org/surefire/maven-surefire-plugin/xsd/surefire-test-report-3.0.xsd" version="3.0" name="TestSuite" time="1,875.807" tests="56" errors="0" skipped="0" failures="8">
  <properties>
    <property name="sun.desktop" value="windows"/>
    <property name="awt.toolkit" value="sun.awt.windows.WToolkit"/>
    <property name="file.encoding.pkg" value="sun.io"/>
    <property name="java.specification.version" value="1.8"/>
    <property name="sun.cpu.isalist" value="amd64"/>
    <property name="sun.jnu.encoding" value="Cp1252"/>
    <property name="java.class.path" value="D:\CogsdaleWorkspace\BitBucket\portal_test_automation\target\test-classes;D:\CogsdaleWorkspace\BitBucket\portal_test_automation\target\classes;C:\Users\Administrator\.m2\repository\junit\junit\3.8.1\junit-3.8.1.jar;C:\Users\Administrator\.m2\repository\org\testng\testng\6.14.3\testng-6.14.3.jar;C:\Users\Administrator\.m2\repository\org\apache-extras\beanshell\bsh\2.0b6\bsh-2.0b6.jar;C:\Users\Administrator\.m2\repository\org\seleniumhq\selenium\selenium-java\3.14.0\selenium-java-3.14.0.jar;C:\Users\Administrator\.m2\repository\org\seleniumhq\selenium\selenium-api\3.14.0\selenium-api-3.14.0.jar;C:\Users\Administrator\.m2\repository\org\seleniumhq\selenium\selenium-edge-driver\3.14.0\selenium-edge-driver-3.14.0.jar;C:\Users\Administrator\.m2\repository\org\seleniumhq\selenium\selenium-ie-driver\3.14.0\selenium-ie-driver-3.14.0.jar;C:\Users\Administrator\.m2\repository\org\seleniumhq\selenium\selenium-opera-driver\3.14.0\selenium-opera-driver-3.14.0.jar;C:\Users\Administrator\.m2\repository\org\seleniumhq\selenium\selenium-remote-driver\3.14.0\selenium-remote-driver-3.14.0.jar;C:\Users\Administrator\.m2\repository\org\seleniumhq\selenium\selenium-safari-driver\3.14.0\selenium-safari-driver-3.14.0.jar;C:\Users\Administrator\.m2\repository\org\seleniumhq\selenium\selenium-support\3.14.0\selenium-support-3.14.0.jar;C:\Users\Administrator\.m2\repository\net\bytebuddy\byte-buddy\1.8.15\byte-buddy-1.8.15.jar;C:\Users\Administrator\.m2\repository\org\apache\commons\commons-exec\1.3\commons-exec-1.3.jar;C:\Users\Administrator\.m2\repository\commons-codec\commons-codec\1.10\commons-codec-1.10.jar;C:\Users\Administrator\.m2\repository\commons-logging\commons-logging\1.2\commons-logging-1.2.jar;C:\Users\Administrator\.m2\repository\com\google\guava\guava\25.0-jre\guava-25.0-jre.jar;C:\Users\Administrator\.m2\repository\com\google\code\findbugs\jsr305\1.3.9\jsr305-1.3.9.jar;C:\Users\Administrator\.m2\repository\org\checkerframework\checker-compat-qual\2.0.0\checker-compat-qual-2.0.0.jar;C:\Users\Administrator\.m2\repository\com\google\errorprone\error_prone_annotations\2.1.3\error_prone_annotations-2.1.3.jar;C:\Users\Administrator\.m2\repository\com\google\j2objc\j2objc-annotations\1.1\j2objc-annotations-1.1.jar;C:\Users\Administrator\.m2\repository\org\codehaus\mojo\animal-sniffer-annotations\1.14\animal-sniffer-annotations-1.14.jar;C:\Users\Administrator\.m2\repository\org\apache\httpcomponents\httpclient\4.5.5\httpclient-4.5.5.jar;C:\Users\Administrator\.m2\repository\org\apache\httpcomponents\httpcore\4.4.9\httpcore-4.4.9.jar;C:\Users\Administrator\.m2\repository\com\squareup\okhttp3\okhttp\3.10.0\okhttp-3.10.0.jar;C:\Users\Administrator\.m2\repository\com\squareup\okio\okio\1.14.1\okio-1.14.1.jar;C:\Users\Administrator\.m2\repository\org\seleniumhq\selenium\selenium-firefox-driver\3.141.59\selenium-firefox-driver-3.141.59.jar;C:\Users\Administrator\.m2\repository\org\apache\maven\reporting\maven-reporting-api\2.0.6\maven-reporting-api-2.0.6.jar;C:\Users\Administrator\.m2\repository\org\apache\maven\doxia\doxia-sink-api\1.0-alpha-7\doxia-sink-api-1.0-alpha-7.jar;C:\Users\Administrator\.m2\repository\org\seleniumhq\selenium\selenium-chrome-driver\3.141.59\selenium-chrome-driver-3.141.59.jar;C:\Users\Administrator\.m2\repository\mysql\mysql-connector-java\8.0.15\mysql-connector-java-8.0.15.jar;C:\Users\Administrator\.m2\repository\com\google\protobuf\protobuf-java\3.6.1\protobuf-java-3.6.1.jar;C:\Users\Administrator\.m2\repository\org\apache\logging\log4j\log4j-core\2.11.2\log4j-core-2.11.2.jar;C:\Users\Administrator\.m2\repository\org\apache\logging\log4j\log4j-api\2.11.2\log4j-api-2.11.2.jar;C:\Users\Administrator\.m2\repository\org\apache\poi\poi\3.17\poi-3.17.jar;C:\Users\Administrator\.m2\repository\org\apache\commons\commons-collections4\4.1\commons-collections4-4.1.jar;C:\Users\Administrator\.m2\repository\org\apache\poi\poi-ooxml\3.17\poi-ooxml-3.17.jar;C:\Users\Administrator\.m2\repository\org\apache\poi\poi-ooxml-schemas\3.17\poi-ooxml-schemas-3.17.jar;C:\Users\Administrator\.m2\repository\org\apache\xmlbeans\xmlbeans\2.6.0\xmlbeans-2.6.0.jar;C:\Users\Administrator\.m2\repository\stax\stax-api\1.0.1\stax-api-1.0.1.jar;C:\Users\Administrator\.m2\repository\com\github\virtuald\curvesapi\1.04\curvesapi-1.04.jar;C:\Users\Administrator\.m2\repository\org\slf4j\slf4j-api\1.7.25\slf4j-api-1.7.25.jar;C:\Users\Administrator\.m2\repository\com\microsoft\sqlserver\mssql-jdbc\7.0.0.jre8\mssql-jdbc-7.0.0.jre8.jar;C:\Users\Administrator\.m2\repository\com\paulhammant\ngwebdriver\1.1.4\ngwebdriver-1.1.4.jar;C:\Users\Administrator\.m2\repository\com\aventstack\extentreports\4.0.5\extentreports-4.0.5.jar;C:\Users\Administrator\.m2\repository\org\freemarker\freemarker\2.3.23\freemarker-2.3.23.jar;C:\Users\Administrator\.m2\repository\org\mongodb\mongodb-driver\3.3.0\mongodb-driver-3.3.0.jar;C:\Users\Administrator\.m2\repository\org\mongodb\mongodb-driver-core\3.3.0\mongodb-driver-core-3.3.0.jar;C:\Users\Administrator\.m2\repository\org\mongodb\bson\3.3.0\bson-3.3.0.jar;C:\Users\Administrator\.m2\repository\org\apache\httpcomponents\httpmime\4.5.2\httpmime-4.5.2.jar;C:\Users\Administrator\.m2\repository\com\google\code\gson\gson\2.8.5\gson-2.8.5.jar;C:\Users\Administrator\.m2\repository\commons-io\commons-io\2.6\commons-io-2.6.jar;C:\Users\Administrator\.m2\repository\org\uncommons\reportng\1.1.4\reportng-1.1.4.jar;C:\Users\Administrator\.m2\repository\velocity\velocity\1.4\velocity-1.4.jar;C:\Users\Administrator\.m2\repository\com\google\inject\guice\3.0\guice-3.0.jar;C:\Users\Administrator\.m2\repository\javax\inject\javax.inject\1\javax.inject-1.jar;C:\Users\Administrator\.m2\repository\aopalliance\aopalliance\1.0\aopalliance-1.0.jar;C:\Users\Administrator\.m2\repository\velocity\velocity-dep\1.4\velocity-dep-1.4.jar;C:\Users\Administrator\.m2\repository\com\beust\jcommander\1.72\jcommander-1.72.jar;C:\Users\Administrator\.m2\repository\com\sikulix\sikulixapi\1.1.0\sikulixapi-1.1.0.jar;C:\Users\Administrator\.m2\repository\commons-cli\commons-cli\1.2\commons-cli-1.2.jar;C:\Users\Administrator\.m2\repository\com\melloware\jintellitype\1.3.7\jintellitype-1.3.7.jar;C:\Users\Administrator\.m2\repository\jxgrabkey\jxgrabkey\1.0\jxgrabkey-1.0.jar;C:\Users\Administrator\.m2\repository\org\swinglabs\swing-layout\1.0.3\swing-layout-1.0.3.jar;C:\Users\Administrator\.m2\repository\com\nativelibs4java\bridj\0.6.2\bridj-0.6.2.jar;C:\Users\Administrator\.m2\repository\com\sikulix\sikulixlibswin\1.1.0\sikulixlibswin-1.1.0.jar;"/>
    <property name="java.vm.vendor" value="Oracle Corporation"/>
    <property name="sun.arch.data.model" value="64"/>
    <property name="user.variant" value=""/>
    <property name="java.vendor.url" value="http://java.oracle.com/"/>
    <property name="user.timezone" value="America/Chicago"/>
    <property name="java.vm.specification.version" value="1.8"/>
    <property name="os.name" value="Windows Server 2012 R2"/>
    <property name="user.country" value="US"/>
    <property name="sun.java.launcher" value="SUN_STANDARD"/>
    <property name="sun.boot.library.path" value="C:\Program Files\Java\jdk1.8.0_201\jre\bin"/>
    <property name="sun.java.command" value="C:\Users\Administrator\AppData\Local\Temp\1\surefire4841693316258901011\surefirebooter3742454550525928447.jar C:\Users\Administrator\AppData\Local\Temp\1\surefire4841693316258901011 2019-10-10T08-45-08_500-jvmRun1 surefire3924684693003589814tmp surefire_07197440112322932082tmp"/>
    <property name="surefire.test.class.path" value="D:\CogsdaleWorkspace\BitBucket\portal_test_automation\target\test-classes;D:\CogsdaleWorkspace\BitBucket\portal_test_automation\target\classes;C:\Users\Administrator\.m2\repository\junit\junit\3.8.1\junit-3.8.1.jar;C:\Users\Administrator\.m2\repository\org\testng\testng\6.14.3\testng-6.14.3.jar;C:\Users\Administrator\.m2\repository\org\apache-extras\beanshell\bsh\2.0b6\bsh-2.0b6.jar;C:\Users\Administrator\.m2\repository\org\seleniumhq\selenium\selenium-java\3.14.0\selenium-java-3.14.0.jar;C:\Users\Administrator\.m2\repository\org\seleniumhq\selenium\selenium-api\3.14.0\selenium-api-3.14.0.jar;C:\Users\Administrator\.m2\repository\org\seleniumhq\selenium\selenium-edge-driver\3.14.0\selenium-edge-driver-3.14.0.jar;C:\Users\Administrator\.m2\repository\org\seleniumhq\selenium\selenium-ie-driver\3.14.0\selenium-ie-driver-3.14.0.jar;C:\Users\Administrator\.m2\repository\org\seleniumhq\selenium\selenium-opera-driver\3.14.0\selenium-opera-driver-3.14.0.jar;C:\Users\Administrator\.m2\repository\org\seleniumhq\selenium\selenium-remote-driver\3.14.0\selenium-remote-driver-3.14.0.jar;C:\Users\Administrator\.m2\repository\org\seleniumhq\selenium\selenium-safari-driver\3.14.0\selenium-safari-driver-3.14.0.jar;C:\Users\Administrator\.m2\repository\org\seleniumhq\selenium\selenium-support\3.14.0\selenium-support-3.14.0.jar;C:\Users\Administrator\.m2\repository\net\bytebuddy\byte-buddy\1.8.15\byte-buddy-1.8.15.jar;C:\Users\Administrator\.m2\repository\org\apache\commons\commons-exec\1.3\commons-exec-1.3.jar;C:\Users\Administrator\.m2\repository\commons-codec\commons-codec\1.10\commons-codec-1.10.jar;C:\Users\Administrator\.m2\repository\commons-logging\commons-logging\1.2\commons-logging-1.2.jar;C:\Users\Administrator\.m2\repository\com\google\guava\guava\25.0-jre\guava-25.0-jre.jar;C:\Users\Administrator\.m2\repository\com\google\code\findbugs\jsr305\1.3.9\jsr305-1.3.9.jar;C:\Users\Administrator\.m2\repository\org\checkerframework\checker-compat-qual\2.0.0\checker-compat-qual-2.0.0.jar;C:\Users\Administrator\.m2\repository\com\google\errorprone\error_prone_annotations\2.1.3\error_prone_annotations-2.1.3.jar;C:\Users\Administrator\.m2\repository\com\google\j2objc\j2objc-annotations\1.1\j2objc-annotations-1.1.jar;C:\Users\Administrator\.m2\repository\org\codehaus\mojo\animal-sniffer-annotations\1.14\animal-sniffer-annotations-1.14.jar;C:\Users\Administrator\.m2\repository\org\apache\httpcomponents\httpclient\4.5.5\httpclient-4.5.5.jar;C:\Users\Administrator\.m2\repository\org\apache\httpcomponents\httpcore\4.4.9\httpcore-4.4.9.jar;C:\Users\Administrator\.m2\repository\com\squareup\okhttp3\okhttp\3.10.0\okhttp-3.10.0.jar;C:\Users\Administrator\.m2\repository\com\squareup\okio\okio\1.14.1\okio-1.14.1.jar;C:\Users\Administrator\.m2\repository\org\seleniumhq\selenium\selenium-firefox-driver\3.141.59\selenium-firefox-driver-3.141.59.jar;C:\Users\Administrator\.m2\repository\org\apache\maven\reporting\maven-reporting-api\2.0.6\maven-reporting-api-2.0.6.jar;C:\Users\Administrator\.m2\repository\org\apache\maven\doxia\doxia-sink-api\1.0-alpha-7\doxia-sink-api-1.0-alpha-7.jar;C:\Users\Administrator\.m2\repository\org\seleniumhq\selenium\selenium-chrome-driver\3.141.59\selenium-chrome-driver-3.141.59.jar;C:\Users\Administrator\.m2\repository\mysql\mysql-connector-java\8.0.15\mysql-connector-java-8.0.15.jar;C:\Users\Administrator\.m2\repository\com\google\protobuf\protobuf-java\3.6.1\protobuf-java-3.6.1.jar;C:\Users\Administrator\.m2\repository\org\apache\logging\log4j\log4j-core\2.11.2\log4j-core-2.11.2.jar;C:\Users\Administrator\.m2\repository\org\apache\logging\log4j\log4j-api\2.11.2\log4j-api-2.11.2.jar;C:\Users\Administrator\.m2\repository\org\apache\poi\poi\3.17\poi-3.17.jar;C:\Users\Administrator\.m2\repository\org\apache\commons\commons-collections4\4.1\commons-collections4-4.1.jar;C:\Users\Administrator\.m2\repository\org\apache\poi\poi-ooxml\3.17\poi-ooxml-3.17.jar;C:\Users\Administrator\.m2\repository\org\apache\poi\poi-ooxml-schemas\3.17\poi-ooxml-schemas-3.17.jar;C:\Users\Administrator\.m2\repository\org\apache\xmlbeans\xmlbeans\2.6.0\xmlbeans-2.6.0.jar;C:\Users\Administrator\.m2\repository\stax\stax-api\1.0.1\stax-api-1.0.1.jar;C:\Users\Administrator\.m2\repository\com\github\virtuald\curvesapi\1.04\curvesapi-1.04.jar;C:\Users\Administrator\.m2\repository\org\slf4j\slf4j-api\1.7.25\slf4j-api-1.7.25.jar;C:\Users\Administrator\.m2\repository\com\microsoft\sqlserver\mssql-jdbc\7.0.0.jre8\mssql-jdbc-7.0.0.jre8.jar;C:\Users\Administrator\.m2\repository\com\paulhammant\ngwebdriver\1.1.4\ngwebdriver-1.1.4.jar;C:\Users\Administrator\.m2\repository\com\aventstack\extentreports\4.0.5\extentreports-4.0.5.jar;C:\Users\Administrator\.m2\repository\org\freemarker\freemarker\2.3.23\freemarker-2.3.23.jar;C:\Users\Administrator\.m2\repository\org\mongodb\mongodb-driver\3.3.0\mongodb-driver-3.3.0.jar;C:\Users\Administrator\.m2\repository\org\mongodb\mongodb-driver-core\3.3.0\mongodb-driver-core-3.3.0.jar;C:\Users\Administrator\.m2\repository\org\mongodb\bson\3.3.0\bson-3.3.0.jar;C:\Users\Administrator\.m2\repository\org\apache\httpcomponents\httpmime\4.5.2\httpmime-4.5.2.jar;C:\Users\Administrator\.m2\repository\com\google\code\gson\gson\2.8.5\gson-2.8.5.jar;C:\Users\Administrator\.m2\repository\commons-io\commons-io\2.6\commons-io-2.6.jar;C:\Users\Administrator\.m2\repository\org\uncommons\reportng\1.1.4\reportng-1.1.4.jar;C:\Users\Administrator\.m2\repository\velocity\velocity\1.4\velocity-1.4.jar;C:\Users\Administrator\.m2\repository\com\google\inject\guice\3.0\guice-3.0.jar;C:\Users\Administrator\.m2\repository\javax\inject\javax.inject\1\javax.inject-1.jar;C:\Users\Administrator\.m2\repository\aopalliance\aopalliance\1.0\aopalliance-1.0.jar;C:\Users\Administrator\.m2\repository\velocity\velocity-dep\1.4\velocity-dep-1.4.jar;C:\Users\Administrator\.m2\repository\com\beust\jcommander\1.72\jcommander-1.72.jar;C:\Users\Administrator\.m2\repository\com\sikulix\sikulixapi\1.1.0\sikulixapi-1.1.0.jar;C:\Users\Administrator\.m2\repository\commons-cli\commons-cli\1.2\commons-cli-1.2.jar;C:\Users\Administrator\.m2\repository\com\melloware\jintellitype\1.3.7\jintellitype-1.3.7.jar;C:\Users\Administrator\.m2\repository\jxgrabkey\jxgrabkey\1.0\jxgrabkey-1.0.jar;C:\Users\Administrator\.m2\repository\org\swinglabs\swing-layout\1.0.3\swing-layout-1.0.3.jar;C:\Users\Administrator\.m2\repository\com\nativelibs4java\bridj\0.6.2\bridj-0.6.2.jar;C:\Users\Administrator\.m2\repository\com\sikulix\sikulixlibswin\1.1.0\sikulixlibswin-1.1.0.jar;"/>
    <property name="sun.cpu.endian" value="little"/>
    <property name="user.home" value="C:\Users\Administrator"/>
    <property name="user.language" value="en"/>
    <property name="java.specification.vendor" value="Oracle Corporation"/>
    <property name="java.home" value="C:\Program Files\Java\jdk1.8.0_201\jre"/>
    <property name="basedir" value="D:\CogsdaleWorkspace\BitBucket\portal_test_automation"/>
    <property name="file.separator" value="\"/>
    <property name="line.separator" value="&#10;"/>
    <property name="java.vm.specification.vendor" value="Oracle Corporation"/>
    <property name="java.specification.name" value="Java Platform API Specification"/>
    <property name="java.awt.graphicsenv" value="sun.awt.Win32GraphicsEnvironment"/>
    <property name="surefire.real.class.path" value="C:\Users\Administrator\AppData\Local\Temp\1\surefire4841693316258901011\surefirebooter3742454550525928447.jar"/>
    <property name="sun.boot.class.path" value="C:\Program Files\Java\jdk1.8.0_201\jre\lib\resources.jar;C:\Program Files\Java\jdk1.8.0_201\jre\lib\rt.jar;C:\Program Files\Java\jdk1.8.0_201\jre\lib\sunrsasign.jar;C:\Program Files\Java\jdk1.8.0_201\jre\lib\jsse.jar;C:\Program Files\Java\jdk1.8.0_201\jre\lib\jce.jar;C:\Program Files\Java\jdk1.8.0_201\jre\lib\charsets.jar;C:\Program Files\Java\jdk1.8.0_201\jre\lib\jfr.jar;C:\Program Files\Java\jdk1.8.0_201\jre\classes"/>
    <property name="user.script" value=""/>
    <property name="sun.management.compiler" value="HotSpot 64-Bit Tiered Compilers"/>
    <property name="java.runtime.version" value="1.8.0_201-b09"/>
    <property name="java.net.preferIPv4Stack" value="true"/>
    <property name="user.name" value="Administrator"/>
    <property name="path.separator" value=";"/>
    <property name="os.version" value="6.3"/>
    <property name="java.endorsed.dirs" value="C:\Program Files\Java\jdk1.8.0_201\jre\lib\endorsed"/>
    <property name="java.runtime.name" value="Java(TM) SE Runtime Environment"/>
    <property name="file.encoding" value="Cp1252"/>
    <property name="java.vm.name" value="Java HotSpot(TM) 64-Bit Server VM"/>
    <property name="localRepository" value="C:\Users\Administrator\.m2\repository"/>
    <property name="java.vendor.url.bug" value="http://bugreport.sun.com/bugreport/"/>
    <property name="java.io.tmpdir" value="C:\Users\ADMINI~1\AppData\Local\Temp\1\"/>
    <property name="java.version" value="1.8.0_201"/>
    <property name="user.dir" value="D:\CogsdaleWorkspace\BitBucket\portal_test_automation"/>
    <property name="os.arch" value="amd64"/>
    <property name="java.vm.specification.name" value="Java Virtual Machine Specification"/>
    <property name="java.awt.printerjob" value="sun.awt.windows.WPrinterJob"/>
    <property name="sun.os.patch.level" value=""/>
    <property name="java.library.path" value="C:\Program Files\Java\jdk1.8.0_201\jre\bin;C:\Windows\Sun\Java\bin;C:\Windows\system32;C:\Windows;D:\apache-maven-3.6.2-bin\apache-maven-3.6.2/bin;C:\Program Files\Java\jdk1.8.0_201/bin;C:\Program Files\Java\jdk1.8.0_201/bin;C:\Program Files (x86)\Common Files\Oracle\Java\javapath;C:\Program Files\Python35\Scripts\;C:\Program Files\Python35\;C:\Windows\system32;C:\Windows;C:\Windows\System32\Wbem;C:\Windows\System32\WindowsPowerShell\v1.0\;C:\ProgramData\chocolatey\bin;C:\Program Files (x86)\Microsoft SQL Server\Client SDK\ODBC\130\Tools\Binn\;C:\Program Files\Microsoft SQL Server\Client SDK\ODBC\110\Tools\Binn\;C:\Program Files (x86)\Microsoft SQL Server\140\Tools\Binn\;C:\Program Files (x86)\Microsoft SQL Server\140\DTS\Binn\;C:\Program Files (x86)\Microsoft SQL Server\140\Tools\Binn\ManagementStudio\;C:\Program Files\Microsoft SQL Server\Client SDK\ODBC\130\Tools\Binn\;C:\Program Files\Microsoft SQL Server\140\Tools\Binn\;C:\Program Files\Microsoft SQL Server\140\DTS\Binn\;C:\CSM_API\API\CSR_Portal\;C:\Server\npm\;F:\apache-maven-3.6.0\bin;C:\Program Files\Git\cmd;C:\Program Files (x86)\Microsoft SQL Server\150\DTS\Binn\;c:\server\npm\;C:\Server\npm\;C:\Program Files\nodejs\;c:\Server\npm\;c:\Server\npm\;C:\Users\Administrator\AppData\Local\GitHubDesktop\bin;F:\apache-maven-3.6.0\bin;C:\Users\Administrator\AppData\Roaming\npm;."/>
    <property name="java.vm.info" value="mixed mode"/>
    <property name="java.vendor" value="Oracle Corporation"/>
    <property name="java.vm.version" value="25.201-b09"/>
    <property name="java.ext.dirs" value="C:\Program Files\Java\jdk1.8.0_201\jre\lib\ext;C:\Windows\Sun\Java\lib\ext"/>
    <property name="sun.io.unicode.encoding" value="UnicodeLittle"/>
    <property name="java.class.version" value="52.0"/>
  </properties>
  <testcase name="TestBookMark" classname="com.NexusPortalAutomation.TestCases.Java.TC0011_VerifyBookMark" time="45.5"/>
  <testcase name="VerifyTransactionsSaperatebill_saperate" classname="com.NexusPortalAutomation.TestCases.Java.TC0016_1_VerifyBillingDetails_VerifyBillSaperately" time="46.325"/>
  <testcase name="verifyDrillbackTransactions" classname="com.NexusPortalAutomation.TestCases.Java.TC0019_verifyDrillbackTransactions" time="16.732"/>
  <testcase name="VerifyTransactionsSaperatebill_saperate" classname="com.NexusPortalAutomation.TestCases.Java.TC0042_1_Transactions_OrderbyAmount" time="22.56"/>
  <testcase name="TestDrillBackServices" classname="com.NexusPortalAutomation.TestCases.Java.TC0020_verifyDrillbackServices" time="15.574"/>
  <testcase name="VerifyTransactionsSaperatebill_saperate" classname="com.NexusPortalAutomation.TestCases.Java.TC0042_1_Transactions_OrderbyDueBilled" time="22.259"/>
  <testcase name="TestserviceOrderDetails" classname="com.NexusPortalAutomation.TestCases.Java.TC0021_VerifyservicesOrderDetails" time="16.977"/>
  <testcase name="VerifyTransactionsSaperatebill_saperate" classname="com.NexusPortalAutomation.TestCases.Java.TC0042_Transactions_OrderbyDate" time="20.434"/>
  <testcase name="TestCustomerDetails" classname="com.NexusPortalAutomation.TestCases.Java.TC0010_verifyCustDetails" time="14.287"/>
  <testcase name="VerifyBillingDetails_SPA" classname="com.NexusPortalAutomation.TestCases.Java.TC0016_1_VerifyBillingDetails_SPA" time="10.252">
    <failure message="Actual Value &apos;$0.00&apos; not Matched the expected value &apos;$80.00&apos; " type="java.lang.AssertionError">java.lang.AssertionError: Actual Value '$0.00' not Matched the expected value '$80.00' 
	at com.NexusPortalAutomation.TestCases.Java.TC0016_1_VerifyBillingDetails_SPA.VerifyBillingDetails_SPA(TC0016_1_VerifyBillingDetails_SPA.java:41)
</failure>
    <system-out><![CDATA[Test completed successfully- TestCustomerDetails
Closing Browser
Test Completed...
Launching Chrome
Browser Maximised
Test started- VerifyBillingDetails_SPA
Angular Request Completed in 38ms
Log in to Nexus View
Element [[ChromeDriver: chrome on XP (fd727a541a5787746ad0d60d9e39a71d)] -> id: username] displayed in 47ms
Login Page title Verified
Element [[ChromeDriver: chrome on XP (fd727a541a5787746ad0d60d9e39a71d)] -> id: username] displayed in 20ms
Element [[ChromeDriver: chrome on XP (fd727a541a5787746ad0d60d9e39a71d)] -> id: password] displayed in 31ms
Element [[ChromeDriver: chrome on XP (fd727a541a5787746ad0d60d9e39a71d)] -> id: kc-login] displayed in 45ms
Angular Request Completed in 32ms
User signed Admin
Enter Text for Search =LOC@0001
Element [[ChromeDriver: chrome on XP (fd727a541a5787746ad0d60d9e39a71d)] -> id: SRCH_Input] displayed in 61ms
Angular request time 744ms
Element [[ChromeDriver: chrome on XP (fd727a541a5787746ad0d60d9e39a71d)] -> id: SRCH_Option_1_Address_Line] displayed in 103ms
Click Customer
Angular request time 1320ms
Angular request time 3ms
Element [[ChromeDriver: chrome on XP (fd727a541a5787746ad0d60d9e39a71d)] -> id: 'LOC_Location_Id'] displayed in 30ms
Angular request time 7ms
got Text CustomerLocId = LOC@0001
Customer Location Id found LOC@0001
Strings Matched: LOC@0001 = LOC@0001
Element [[ChromeDriver: chrome on XP (fd727a541a5787746ad0d60d9e39a71d)] -> xpath: //span[contains(text(),'Payment Arrangement Due')]] displayed in 65ms
get Payments Arrangement Due
Strings Matched: Payment Arrangement Due = Payment Arrangement Due
Element [[ChromeDriver: chrome on XP (fd727a541a5787746ad0d60d9e39a71d)] -> id: BILL_Installment_SPA] displayed in 70ms
get Payments Arrangement Due
]]></system-out>
    <system-err><![CDATA[Starting ChromeDriver 76.0.3809.126 (d80a294506b4c9d18015e755cee48f953ddc3f2f-refs/branch-heads/3809@{#1024}) on port 39198
Only local connections are allowed.
Please protect ports used by ChromeDriver and related test frameworks to prevent access by malicious code.
[1570715407.274][WARNING]: This version of ChromeDriver has not been tested with Chrome version 77.
Oct 10, 2019 8:50:08 AM org.openqa.selenium.remote.ProtocolHandshake createSession
INFO: Detected dialect: W3C
]]></system-err>
  </testcase>
  <testcase name="verifyDrillbacksGeneral" classname="com.NexusPortalAutomation.TestCases.Java.TC0018_verifyDrillbacksGeneral" time="21.759"/>
  <testcase name="VerifyAction_Transfers_Stack_TwoLocations_Scheduled_NotScheduled" classname="com.NexusPortalAutomation.TestCases.Java.TC0041_VerifyAction_Transfers_Stack_TwoLocations_Scheduled_NotScheduled" time="68.072"/>
  <testcase name="TestCustomerDetails" classname="com.NexusPortalAutomation.TestCases.Java.TC0010_2_verifyCustDetails_Blank" time="11.042"/>
  <testcase name="VerifyBillingDetails" classname="com.NexusPortalAutomation.TestCases.Java.TC0016_1_VerifyBillingDetails_EBill" time="23.652"/>
  <testcase name="TestBillingStatements" classname="com.NexusPortalAutomation.TestCases.Java.TC0017_StatementsValue" time="11.466"/>
  <testcase name="VerifyAction_Transfers_Stack_TwoLocations_Scheduled_NotScheduled" classname="com.NexusPortalAutomation.TestCases.Java.TC0040_VerifyAction_Transfers_Stack_TwoLocations_Scheduled_NotScheduled" time="68.239"/>
  <testcase name="TestCustomerDetails" classname="com.NexusPortalAutomation.TestCases.Java.TC0010_1_verifyCustDetails_Business" time="13.714"/>
  <testcase name="VerifyBillingDetails_budgetSPA" classname="com.NexusPortalAutomation.TestCases.Java.TC0016_1_VerifyBillingDetails_Budget_SPA" time="14.153">
    <failure message="Actual Value &apos;$0.00&apos; not Matched the expected value &apos;$80.00&apos; " type="java.lang.AssertionError">java.lang.AssertionError: Actual Value '$0.00' not Matched the expected value '$80.00' 
	at com.NexusPortalAutomation.TestCases.Java.TC0016_1_VerifyBillingDetails_Budget_SPA.VerifyBillingDetails_budgetSPA(TC0016_1_VerifyBillingDetails_Budget_SPA.java:69)
</failure>
    <system-out><![CDATA[Test completed successfully- TestCustomerDetails
Closing Browser
Test Completed...
Launching Chrome
Browser Maximised
Test started- VerifyBillingDetails_budgetSPA
Angular Request Completed in 16ms
Log in to Nexus View
Element [[ChromeDriver: chrome on XP (288c6b4a90268b55a155bf7d85730cb9)] -> id: username] displayed in 50ms
Login Page title Verified
Element [[ChromeDriver: chrome on XP (288c6b4a90268b55a155bf7d85730cb9)] -> id: username] displayed in 20ms
Element [[ChromeDriver: chrome on XP (288c6b4a90268b55a155bf7d85730cb9)] -> id: password] displayed in 34ms
Element [[ChromeDriver: chrome on XP (288c6b4a90268b55a155bf7d85730cb9)] -> id: kc-login] displayed in 516ms
Angular Request Completed in 16ms
User signed Admin
Enter Text for Search =LOC@0001
Element [[ChromeDriver: chrome on XP (288c6b4a90268b55a155bf7d85730cb9)] -> id: SRCH_Input] displayed in 66ms
Angular request time 1189ms
Element [[ChromeDriver: chrome on XP (288c6b4a90268b55a155bf7d85730cb9)] -> id: SRCH_Option_1_Address_Line] displayed in 61ms
Click Customer
Angular request time 1882ms
Angular request time 15ms
Element [[ChromeDriver: chrome on XP (288c6b4a90268b55a155bf7d85730cb9)] -> id: 'LOC_Location_Id'] displayed in 54ms
Angular request time 7ms
got Text CustomerLocId = LOC@0001
Customer Location Id found LOC@0001
Strings Matched: LOC@0001 = LOC@0001
This will verify budget icon
Strings Matched: Budget = Budget
Angular request time 8ms
Element 'BILL_Current_Balance' is displayed in 44ms
Element 'BILL_Unposted_Balance' is displayed in 70ms
Element 'BILL_Account_Balance' is displayed in 50ms
Element 'BILL_Past_Due' is displayed in 39ms
Element 'BILL_Installment_Budget' is displayed in 38ms
Element 'BILL_Over_Short' is displayed in 46ms
Strings Matched: $35.26 = $35.26
Strings Matched: $120.00 = $120.00
Strings Matched: $0.00 = $0.00
Strings Matched: $212.50 = $212.50
Strings Matched: $50.00 = $50.00
Strings Matched: $57.24 = $57.24
Strings Matched: $75.26 = $75.26
Element [[ChromeDriver: chrome on XP (288c6b4a90268b55a155bf7d85730cb9)] -> id: BILL_Budget] displayed in 70ms
get Payments Arrangement Due
String Verified  =cogsdrillback://DGPB/?Db=SQL_2017&Srv=RND-BASE-A&Cmp=TWO&Prod=229&Act=OPEN&Func=BudgetRegular&DocumentNumber=BUDG00000002700&LocationID=LOC@0001&CustomerID=0000011111&CogsDrillback=1 Contains = BudgetRegular&DocumentNumber=BUDG00000002700&LocationID=LOC@0001&CustomerID=0000011111&CogsDrillback=1
Element [[ChromeDriver: chrome on XP (288c6b4a90268b55a155bf7d85730cb9)] -> id: BILL_E_Bill] displayed in 77ms
Element [[ChromeDriver: chrome on XP (288c6b4a90268b55a155bf7d85730cb9)] -> id: BILL_E_Bill] displayed in 532ms
Angular request time 16ms
got Text EBill Swtich  = ON
Get Electronic Bill Status
Strings Matched: ON = ON
Element [[ChromeDriver: chrome on XP (288c6b4a90268b55a155bf7d85730cb9)] -> id: BILL_Auto_Pay] displayed in 70ms
Element [[ChromeDriver: chrome on XP (288c6b4a90268b55a155bf7d85730cb9)] -> id: BILL_Auto_Pay] displayed in 28ms
Angular request time 16ms
got Text AutoPay Switch = OFF
get Service AutpPay
Strings Matched: OFF = OFF
Element [[ChromeDriver: chrome on XP (288c6b4a90268b55a155bf7d85730cb9)] -> id: BILL_Deposit_Amount] displayed in 54ms
Element [[ChromeDriver: chrome on XP (288c6b4a90268b55a155bf7d85730cb9)] -> id: BILL_Deposit_Amount] displayed in 30ms
Angular request time 17ms
got Text Get Deposit Amount = $0.00
Get Deposit Amount
Strings Matched: $0.00 = $0.00
Element [[ChromeDriver: chrome on XP (288c6b4a90268b55a155bf7d85730cb9)] -> xpath: //span[contains(text(),'Payment Arrangement Due')]] displayed in 62ms
get Payments Arrangement Due
Strings Matched: Payment Arrangement Due = Payment Arrangement Due
Element [[ChromeDriver: chrome on XP (288c6b4a90268b55a155bf7d85730cb9)] -> id: BILL_Installment_SPA] displayed in 77ms
get Payments Arrangement Due
]]></system-out>
    <system-err><![CDATA[Starting ChromeDriver 76.0.3809.126 (d80a294506b4c9d18015e755cee48f953ddc3f2f-refs/branch-heads/3809@{#1024}) on port 20549
Only local connections are allowed.
Please protect ports used by ChromeDriver and related test frameworks to prevent access by malicious code.
[1570715675.937][WARNING]: This version of ChromeDriver has not been tested with Chrome version 77.
Oct 10, 2019 8:54:36 AM org.openqa.selenium.remote.ProtocolHandshake createSession
INFO: Detected dialect: W3C
]]></system-err>
  </testcase>
  <testcase name="VerifyBillingDetails" classname="com.NexusPortalAutomation.TestCases.Java.TC0016_VerifyBillingDetails_UsageGraph" time="11.806">
    <failure message="image not matched" type="java.lang.AssertionError">java.lang.AssertionError: image not matched
	at com.NexusPortalAutomation.TestCases.Java.TC0016_VerifyBillingDetails_UsageGraph.VerifyBillingDetails(TC0016_VerifyBillingDetails_UsageGraph.java:44)
</failure>
    <system-out><![CDATA[***** Error VerifyBillingDetails_budgetSPA test has failed *****
Closing Browser
Test Completed...
Launching Chrome
Browser Maximised
Test started- VerifyBillingDetails
Angular Request Completed in 16ms
Log in to Nexus View
Element [[ChromeDriver: chrome on XP (35d15877afce8af5fbb4835c4dfbf7de)] -> id: username] displayed in 59ms
Login Page title Verified
Element [[ChromeDriver: chrome on XP (35d15877afce8af5fbb4835c4dfbf7de)] -> id: username] displayed in 18ms
Element [[ChromeDriver: chrome on XP (35d15877afce8af5fbb4835c4dfbf7de)] -> id: password] displayed in 30ms
Element [[ChromeDriver: chrome on XP (35d15877afce8af5fbb4835c4dfbf7de)] -> id: kc-login] displayed in 44ms
Angular Request Completed in 16ms
User signed Admin
Enter Text for Search =BILLGRAPH
Element [[ChromeDriver: chrome on XP (35d15877afce8af5fbb4835c4dfbf7de)] -> id: SRCH_Input] displayed in 54ms
Angular request time 1229ms
Element [[ChromeDriver: chrome on XP (35d15877afce8af5fbb4835c4dfbf7de)] -> id: SRCH_Option_1_Address_Line] displayed in 16ms
Click Customer
Angular request time 1330ms
Angular request time 14ms
Element [[ChromeDriver: chrome on XP (35d15877afce8af5fbb4835c4dfbf7de)] -> id: SERV_Service_1_Service_Type_1] displayed in 29ms
]]></system-out>
    <system-err><![CDATA[Starting ChromeDriver 76.0.3809.126 (d80a294506b4c9d18015e755cee48f953ddc3f2f-refs/branch-heads/3809@{#1024}) on port 14651
Only local connections are allowed.
Please protect ports used by ChromeDriver and related test frameworks to prevent access by malicious code.
[1570715694.737][WARNING]: This version of ChromeDriver has not been tested with Chrome version 77.
Oct 10, 2019 8:54:56 AM org.openqa.selenium.remote.ProtocolHandshake createSession
INFO: Detected dialect: W3C
Oct 10, 2019 8:55:08 AM org.bridj.BridJ log
INFO: Registering type org.sikuli.util.SysJNA$WinKernel32
Oct 10, 2019 8:55:08 AM org.bridj.BridJ log
INFO: Registering type org.bridj.TimeT
Oct 10, 2019 8:55:08 AM org.bridj.BridJ log
INFO: Registering type org.bridj.TimeT$timeval_customizer
Oct 10, 2019 8:55:08 AM org.bridj.BridJ log
INFO: Registering type org.bridj.StructIO$DefaultCustomizer
Oct 10, 2019 8:55:08 AM org.bridj.BridJ log
INFO: Registering type org.bridj.TimeT$timeval
Oct 10, 2019 8:55:08 AM org.bridj.BridJ log
INFO: Registering type org.bridj.StructObject
Oct 10, 2019 8:55:08 AM org.bridj.BridJ log
INFO: Registering type org.bridj.NativeObject
Oct 10, 2019 8:55:08 AM org.bridj.BridJ log
INFO: Registering type org.bridj.AbstractIntegral
Oct 10, 2019 8:55:08 AM org.bridj.BridJ log
INFO: Registering type java.lang.Number
]]></system-err>
  </testcase>
  <testcase name="VerifyAction_Transfers_Stack_TwoLocations_Scheduled_NotScheduled" classname="com.NexusPortalAutomation.TestCases.Java.TC0039_VerifyAction_Transfers_Stack_TwoLocations_Scheduled_NotScheduled" time="81.516"/>
  <testcase name="TestSearchAccount" classname="com.NexusPortalAutomation.TestCases.Java.TC0009_VerifyAccountSearch" time="18.409"/>
  <testcase name="VerifyBillingDetails_Budget" classname="com.NexusPortalAutomation.TestCases.Java.TC0016_1_VerifyBillingDetails_Budget" time="13.066">
    <failure message="Actual Value &apos;$0.00&apos; not Matched the expected value &apos;$100.00&apos; " type="java.lang.AssertionError">java.lang.AssertionError: Actual Value '$0.00' not Matched the expected value '$100.00' 
	at com.NexusPortalAutomation.TestCases.Java.TC0016_1_VerifyBillingDetails_Budget.VerifyBillingDetails_Budget(TC0016_1_VerifyBillingDetails_Budget.java:65)
</failure>
    <system-out><![CDATA[Test completed successfully- TestSearchAccount
Closing Browser
Test Completed...
Launching Chrome
Browser Maximised
Test started- VerifyBillingDetails_Budget
Angular Request Completed in 63ms
Log in to Nexus View
Element [[ChromeDriver: chrome on XP (0df0647c54c83b5abc54a41f77e1b3b7)] -> id: username] displayed in 43ms
Login Page title Verified
Element [[ChromeDriver: chrome on XP (0df0647c54c83b5abc54a41f77e1b3b7)] -> id: username] displayed in 11ms
Element [[ChromeDriver: chrome on XP (0df0647c54c83b5abc54a41f77e1b3b7)] -> id: password] displayed in 32ms
Element [[ChromeDriver: chrome on XP (0df0647c54c83b5abc54a41f77e1b3b7)] -> id: kc-login] displayed in 31ms
Angular Request Completed in 47ms
User signed Admin
Enter Text for Search =BUDGETLOC02
Element [[ChromeDriver: chrome on XP (0df0647c54c83b5abc54a41f77e1b3b7)] -> id: SRCH_Input] displayed in 79ms
Angular request time 641ms
Element [[ChromeDriver: chrome on XP (0df0647c54c83b5abc54a41f77e1b3b7)] -> id: SRCH_Option_1_Address_Line] displayed in 36ms
Click Customer
Angular request time 1289ms
Angular request time 17ms
Element [[ChromeDriver: chrome on XP (0df0647c54c83b5abc54a41f77e1b3b7)] -> id: 'LOC_Location_Id'] displayed in 63ms
Angular request time 23ms
got Text CustomerLocId = BUDGETLOC02
Customer Location Id found BUDGETLOC02
Strings Matched: BUDGETLOC02 = BUDGETLOC02
This will verify budget icon
Strings Matched: Budget = Budget
Angular request time 31ms
Element 'BILL_Current_Balance' is displayed in 173ms
Element 'BILL_Unposted_Balance' is displayed in 650ms
Element 'BILL_Account_Balance' is displayed in 146ms
Element 'BILL_Past_Due' is displayed in 613ms
Element 'BILL_Installment_Budget' is displayed in 59ms
Element 'BILL_Over_Short' is displayed in 78ms
Strings Matched: $100.00 = $100.00
Strings Matched: $0.00 = $0.00
Strings Matched: $0.00 = $0.00
Strings Matched: $255.00 = $255.00
Strings Matched: $100.00 = $100.00
Strings Matched: $155.00 = $155.00
]]></system-out>
    <system-err><![CDATA[Starting ChromeDriver 76.0.3809.126 (d80a294506b4c9d18015e755cee48f953ddc3f2f-refs/branch-heads/3809@{#1024}) on port 37310
Only local connections are allowed.
Please protect ports used by ChromeDriver and related test frameworks to prevent access by malicious code.
[1570715822.187][WARNING]: This version of ChromeDriver has not been tested with Chrome version 77.
Oct 10, 2019 8:57:03 AM org.openqa.selenium.remote.ProtocolHandshake createSession
INFO: Detected dialect: W3C
]]></system-err>
  </testcase>
  <testcase name="VerifyBillingDetails" classname="com.NexusPortalAutomation.TestCases.Java.TC0016_VerifyBillingDetails" time="25.077"/>
  <testcase name="VerifyAction_Transfers_Stack_TwoLocations_defaultCustomerLocationBased_NotScheduled" classname="com.NexusPortalAutomation.TestCases.Java.TC0038_VerifyAction_Transfers_Stack_TwoLocations_defaultCustomerLocationBased_NotScheduled" time="0.238"/>
  <testcase name="TestSearchAccount" classname="com.NexusPortalAutomation.TestCases.Java.TC0009_1_VerifyAccountSearch_NoAccounts" time="11.809"/>
  <testcase name="VerifyBillingDetailsAutoPay" classname="com.NexusPortalAutomation.TestCases.Java.TC0016_1_VerifyBillingDetails_AutoPay" time="13.387"/>
  <testcase name="VerifyAction_Transfers_Stack_TwoLocations_NotScheduled" classname="com.NexusPortalAutomation.TestCases.Java.TC0037_VerifyAction_Transfers_Stack_TwoLocations_NotScheduled" time="71.793"/>
  <testcase name="TestSearchbylocationID" classname="com.NexusPortalAutomation.TestCases.Java.TC0008_VerifySignInbylocationID" time="17.481"/>
  <testcase name="TestContactLogs" classname="com.NexusPortalAutomation.TestCases.Java.TC0015_VerifyContactLogs" time="14.311"/>
  <testcase name="VerifyTransferActionServiceOrder" classname="com.NexusPortalAutomation.TestCases.Java.TC0036_VerifyAction_Transfers_StartService" time="69.303">
    <failure message="Object Not Found Expected condition failed: waiting for visibility of Proxy element for: DefaultElementLocator &apos;By.id: XFER_Button_Done&apos; (tried for 20 second(s) with 500 milliseconds interval)" type="java.lang.AssertionError">java.lang.AssertionError: Object Not Found Expected condition failed: waiting for visibility of Proxy element for: DefaultElementLocator 'By.id: XFER_Button_Done' (tried for 20 second(s) with 500 milliseconds interval)
	at com.NexusPortalAutomation.TestCases.Java.TC0036_VerifyAction_Transfers_StartService.VerifyTransferActionServiceOrder(TC0036_VerifyAction_Transfers_StartService.java:107)
</failure>
    <system-out><![CDATA[Test completed successfully- TestContactLogs
Closing Browser
Test Completed...
Launching Chrome
Browser Maximised
Test started- VerifyTransferActionServiceOrder
SORD00000002785
SORD00000002786
SORD00000002788
Deleting Records for ServiceOrder = SORD00000002788
0
0
0
Deleting Records for Location =  LOC@0004
SORD00000002787
Deleting Records for ServiceOrder = SORD00000002787
0
Deleting Records for Location =  LOC@0005
Deleting Records for ServiceOrder = 
Deleting Records for ServiceOrder = 
Angular Request Completed in 74ms
Log in to Nexus View
Element [[ChromeDriver: chrome on XP (4da0eb46b771044d1546485ac0ca434e)] -> id: username] displayed in 48ms
Login Page title Verified
Element [[ChromeDriver: chrome on XP (4da0eb46b771044d1546485ac0ca434e)] -> id: username] displayed in 16ms
Element [[ChromeDriver: chrome on XP (4da0eb46b771044d1546485ac0ca434e)] -> id: password] displayed in 47ms
Element [[ChromeDriver: chrome on XP (4da0eb46b771044d1546485ac0ca434e)] -> id: kc-login] displayed in 66ms
Angular Request Completed in 31ms
User signed Admin
Enter Text for Search =LOC@0004
Element [[ChromeDriver: chrome on XP (4da0eb46b771044d1546485ac0ca434e)] -> id: SRCH_Input] displayed in 66ms
Angular request time 937ms
Element [[ChromeDriver: chrome on XP (4da0eb46b771044d1546485ac0ca434e)] -> id: SRCH_Option_1_Address_Line] displayed in 703ms
Click Customer
Angular request time 781ms
Angular request time 19ms
Element [[ChromeDriver: chrome on XP (4da0eb46b771044d1546485ac0ca434e)] -> id: 'LOC_Location_Id'] displayed in 39ms
Angular request time 15ms
got Text CustomerLocId = LOC@0004
Customer Location Id found LOC@0004
Strings Matched: LOC@0004 = LOC@0004
Click Action Dropdown
Element [[ChromeDriver: chrome on XP (4da0eb46b771044d1546485ac0ca434e)] -> id: ACTION_Button] displayed in 32ms
Element [[ChromeDriver: chrome on XP (4da0eb46b771044d1546485ac0ca434e)] -> id: ACTION_Button] displayed in 515ms
Angular request time 4ms
Click Action Drop down
Angular request time 12ms
Element [[ChromeDriver: chrome on XP (4da0eb46b771044d1546485ac0ca434e)] -> id: ACTION_Transfer_Service] displayed in 675ms
Element [[ChromeDriver: chrome on XP (4da0eb46b771044d1546485ac0ca434e)] -> id: ACTION_Transfer_Service] displayed in 90ms
Angular request time 594ms
Click Action Transfer Service Drop down
Angular request time 7ms
Element [[ChromeDriver: chrome on XP (4da0eb46b771044d1546485ac0ca434e)] -> id: XFER_Select] displayed in 212ms
Angular request time 16ms
Click Transfer Combo
Angular request time 11ms
Element [[ChromeDriver: chrome on XP (4da0eb46b771044d1546485ac0ca434e)] -> id: XFER_Select_Option_2] displayed in 36ms
Angular request time 12ms
Click Transfer Option 2
Angular request time 12ms
Element [[ChromeDriver: chrome on XP (4da0eb46b771044d1546485ac0ca434e)] -> id: XFER_Date_Picker_Requested] displayed in 31ms
Entered Request Date = 10/10/2019 09:00
Submit Transfer Request
TRANSFER
Element [[ChromeDriver: chrome on XP (4da0eb46b771044d1546485ac0ca434e)] -> id: CLO_Service_Order_Input] displayed in 44ms
Setting Text on Search Request with Text = TRANSFER
Angular request time 20ms
Element [[ChromeDriver: chrome on XP (4da0eb46b771044d1546485ac0ca434e)] -> id: XFER_Date_Picker_Scheduled] displayed in 89ms
Enter Schedule Date Date
Element [[ChromeDriver: chrome on XP (4da0eb46b771044d1546485ac0ca434e)] -> id: XFER_Date_Picker_Scheduled] displayed in 39ms
Setting Text on DatePicket with Text = 
Angular request time 371ms
Strings Matched: Mr. VACANT VACANT = Mr. VACANT VACANT
Element [[ChromeDriver: chrome on XP (4da0eb46b771044d1546485ac0ca434e)] -> id: XFER_Search_Input] displayed in 27ms
Setting Text on Customer Name Request with Text = MoveinCus
Angular request time 9ms
Element [[ChromeDriver: chrome on XP (4da0eb46b771044d1546485ac0ca434e)] -> id: XFER_Search_Option_1] displayed in 672ms
Angular request time 24ms
Click XFER_Search_Option_1_Customer_Name
Angular request time 11ms
Element [[ChromeDriver: chrome on XP (4da0eb46b771044d1546485ac0ca434e)] -> id: XFER_Description] displayed in 24ms
Setting Text on Description Request with Text = Description for Start Service
Angular request time 12ms
Click Submit
Element [[ChromeDriver: chrome on XP (4da0eb46b771044d1546485ac0ca434e)] -> id: XFER_Button_Action] displayed in 30ms
Element [[ChromeDriver: chrome on XP (4da0eb46b771044d1546485ac0ca434e)] -> id: XFER_Button_Action] displayed in 22ms
Angular request time 130ms
Click MoveInSubmit Button
Angular request time 19ms
Element [[ChromeDriver: chrome on XP (4da0eb46b771044d1546485ac0ca434e)] -> id: XFER_Button_Done] displayed in 74ms
Angular request time 67ms
Click Done Button for Transfer
Angular request time 23ms
Clicking Servic Order Link
Element [[ChromeDriver: chrome on XP (4da0eb46b771044d1546485ac0ca434e)] -> css selector: #mat-tab-label-0-2 > div] displayed in 55ms
Angular request time 738ms
Click Service Order Link
Angular request time 24ms
Element [[ChromeDriver: chrome on XP (4da0eb46b771044d1546485ac0ca434e)] -> id: SOLV_Service_Order_1] displayed in 82ms
Element [[ChromeDriver: chrome on XP (4da0eb46b771044d1546485ac0ca434e)] -> id: SOLV_Service_Order_1] displayed in 58ms
Angular request time 24ms
Click Clicking Service Order 1
Angular request time 23ms
Angular request time 21ms
Capturing Servic Order Number
Element [[ChromeDriver: chrome on XP (4da0eb46b771044d1546485ac0ca434e)] -> id: SODV_Service_Order_Id] displayed in 97ms
Angular request time 31ms
got Text Service Order Number = SORD00000002789
Element [[ChromeDriver: chrome on XP (4da0eb46b771044d1546485ac0ca434e)] -> id: ACTION_Refresh_Page] displayed in 31ms
Element [[ChromeDriver: chrome on XP (4da0eb46b771044d1546485ac0ca434e)] -> id: ACTION_Refresh_Page] displayed in 51ms
Angular request time 515ms
Click Refresh Button
Angular request time 16ms
Refresh Page
Click Action Dropdown
Element [[ChromeDriver: chrome on XP (4da0eb46b771044d1546485ac0ca434e)] -> id: ACTION_Button] displayed in 47ms
Element [[ChromeDriver: chrome on XP (4da0eb46b771044d1546485ac0ca434e)] -> id: ACTION_Button] displayed in 30ms
Angular request time 28ms
Click Action Drop down
Angular request time 35ms
Element [[ChromeDriver: chrome on XP (4da0eb46b771044d1546485ac0ca434e)] -> id: ACTION_Transfer_Service] displayed in 58ms
Element [[ChromeDriver: chrome on XP (4da0eb46b771044d1546485ac0ca434e)] -> id: ACTION_Transfer_Service] displayed in 63ms
Angular request time 70ms
Click Action Transfer Service Drop down
Angular request time 51ms
Element [[ChromeDriver: chrome on XP (4da0eb46b771044d1546485ac0ca434e)] -> id: XFER_Select] displayed in 66ms
Angular request time 19ms
Click Transfer Combo
Angular request time 12ms
Element [[ChromeDriver: chrome on XP (4da0eb46b771044d1546485ac0ca434e)] -> id: XFER_Select_Option_2] displayed in 47ms
Angular request time 62ms
Click Transfer Option 2
Angular request time 16ms
Element [[ChromeDriver: chrome on XP (4da0eb46b771044d1546485ac0ca434e)] -> id: XFER_Warning_Message] displayed in 31ms
Strings Matched: Service Order Exist. TRANSFER = Service Order Exist. TRANSFER
Element [[ChromeDriver: chrome on XP (4da0eb46b771044d1546485ac0ca434e)] -> id: XFER_Warning_Drillback] displayed in 35ms
String Verified  =cogsdrillback://DGPB/?Db=SQL_2017&Srv=RND-BASE-A&Cmp=TWO&Prod=229&Act=OPEN&Func=ServiceOrder&LocationID=LOC@0004&ServiceOrderNumber=SORD00000002789&CogsDrillback=1 Contains = SORD00000002789
Submit Transfer Request
TRANSFER
Element [[ChromeDriver: chrome on XP (4da0eb46b771044d1546485ac0ca434e)] -> id: CLO_Service_Order_Input] displayed in 63ms
Setting Text on Search Request with Text = TRANSFER
Angular request time 35ms
Element [[ChromeDriver: chrome on XP (4da0eb46b771044d1546485ac0ca434e)] -> id: XFER_Date_Picker_Scheduled] displayed in 35ms
Enter Schedule Date Date
Element [[ChromeDriver: chrome on XP (4da0eb46b771044d1546485ac0ca434e)] -> id: XFER_Date_Picker_Scheduled] displayed in 253ms
Setting Text on DatePicket with Text = 
Angular request time 223ms
Strings Matched: Mr. VACANT VACANT = Mr. VACANT VACANT
Element [[ChromeDriver: chrome on XP (4da0eb46b771044d1546485ac0ca434e)] -> id: XFER_Search_Input] displayed in 46ms
Setting Text on Customer Name Request with Text = MoveinCus
Angular request time 15ms
Element [[ChromeDriver: chrome on XP (4da0eb46b771044d1546485ac0ca434e)] -> id: XFER_Search_Option_1] displayed in 1227ms
Angular request time 16ms
Click XFER_Search_Option_1_Customer_Name
Angular request time 8ms
Element [[ChromeDriver: chrome on XP (4da0eb46b771044d1546485ac0ca434e)] -> id: XFER_Description] displayed in 23ms
Setting Text on Description Request with Text = Description for Start Service
Angular request time 8ms
Click Submit
Element [[ChromeDriver: chrome on XP (4da0eb46b771044d1546485ac0ca434e)] -> id: XFER_Button_Action] displayed in 50ms
Element [[ChromeDriver: chrome on XP (4da0eb46b771044d1546485ac0ca434e)] -> id: XFER_Button_Action] displayed in 47ms
Angular request time 15ms
Click MoveInSubmit Button
Angular request time 8ms
]]></system-out>
    <system-err><![CDATA[Starting ChromeDriver 76.0.3809.126 (d80a294506b4c9d18015e755cee48f953ddc3f2f-refs/branch-heads/3809@{#1024}) on port 34355
Only local connections are allowed.
Please protect ports used by ChromeDriver and related test frameworks to prevent access by malicious code.
[1570716027.232][WARNING]: This version of ChromeDriver has not been tested with Chrome version 77.
Oct 10, 2019 9:00:28 AM org.openqa.selenium.remote.ProtocolHandshake createSession
INFO: Detected dialect: W3C
]]></system-err>
  </testcase>
  <testcase name="TestSecondayContact" classname="com.NexusPortalAutomation.TestCases.Java.TC0014_VerifySecondaryContact" time="12.082"/>
  <testcase name="VerifyAction_Transfers_StopService" classname="com.NexusPortalAutomation.TestCases.Java.TC0035_VerifyAction_Transfers_StopService" time="65.456"/>
  <testcase name="TestContactEdit" classname="com.NexusPortalAutomation.TestCases.Java.TC0013_VerifyContactEdit" time="21.871"/>
  <testcase name="VerifyAction_Transfers_Stack_TwoLocations" classname="com.NexusPortalAutomation.TestCases.Java.TC0034_VerifyAction_Transfers_Stack_TwoLocations" time="60.133">
    <failure message="Actual Value &apos;Mr. Vacant Vacant&apos; not Matched the expected value &apos;Noel Ford&apos; " type="java.lang.AssertionError">java.lang.AssertionError: Actual Value 'Mr. Vacant Vacant' not Matched the expected value 'Noel Ford' 
	at com.NexusPortalAutomation.TestCases.Java.TC0034_VerifyAction_Transfers_Stack_TwoLocations.VerifyAction_Transfers_Stack_TwoLocations(TC0034_VerifyAction_Transfers_Stack_TwoLocations.java:137)
</failure>
    <system-out><![CDATA[Test completed successfully- TestContactEdit
Closing Browser
Test Completed...
Launching Chrome
Browser Maximised
Test started- VerifyAction_Transfers_Stack_TwoLocations
SORD00000002790
SORD00000002791
SORD00000002792
Deleting Records for ServiceOrder = SORD00000002792
0
0
0
Deleting Records for Location =  LOC@0004
SORD00000002783
Deleting Records for ServiceOrder = SORD00000002783
0
Deleting Records for Location =  LOC@0002
Angular Request Completed in 62ms
Log in to Nexus View
Element [[ChromeDriver: chrome on XP (216296b5b5f98367377b610ba60f2e02)] -> id: username] displayed in 51ms
Login Page title Verified
Element [[ChromeDriver: chrome on XP (216296b5b5f98367377b610ba60f2e02)] -> id: username] displayed in 20ms
Element [[ChromeDriver: chrome on XP (216296b5b5f98367377b610ba60f2e02)] -> id: password] displayed in 98ms
Element [[ChromeDriver: chrome on XP (216296b5b5f98367377b610ba60f2e02)] -> id: kc-login] displayed in 86ms
Angular Request Completed in 19ms
User signed Admin
Enter Text for Search =LOC@0004
Element [[ChromeDriver: chrome on XP (216296b5b5f98367377b610ba60f2e02)] -> id: SRCH_Input] displayed in 63ms
Angular request time 841ms
Element [[ChromeDriver: chrome on XP (216296b5b5f98367377b610ba60f2e02)] -> id: SRCH_Option_1_Address_Line] displayed in 27ms
Click Customer
Angular request time 343ms
Angular request time 8ms
Element [[ChromeDriver: chrome on XP (216296b5b5f98367377b610ba60f2e02)] -> id: 'LOC_Location_Id'] displayed in 23ms
Angular request time 8ms
got Text CustomerLocId = LOC@0004
Customer Location Id found LOC@0004
Strings Matched: LOC@0004 = LOC@0004
Click Action Dropdown
Element [[ChromeDriver: chrome on XP (216296b5b5f98367377b610ba60f2e02)] -> id: ACTION_Button] displayed in 31ms
Element [[ChromeDriver: chrome on XP (216296b5b5f98367377b610ba60f2e02)] -> id: ACTION_Button] displayed in 12ms
Angular request time 15ms
Click Action Drop down
Angular request time 8ms
Element [[ChromeDriver: chrome on XP (216296b5b5f98367377b610ba60f2e02)] -> id: ACTION_Transfer_Service] displayed in 50ms
Element [[ChromeDriver: chrome on XP (216296b5b5f98367377b610ba60f2e02)] -> id: ACTION_Transfer_Service] displayed in 39ms
Angular request time 129ms
Click Action Transfer Service Drop down
Angular request time 32ms
Element [[ChromeDriver: chrome on XP (216296b5b5f98367377b610ba60f2e02)] -> id: XFER_Select] displayed in 593ms
Angular request time 12ms
Click Transfer Combo
Angular request time 12ms
Element [[ChromeDriver: chrome on XP (216296b5b5f98367377b610ba60f2e02)] -> id: XFER_Select_Option_3] displayed in 30ms
Angular request time 12ms
Click Transfer Option 3
Angular request time 16ms
Element [[ChromeDriver: chrome on XP (216296b5b5f98367377b610ba60f2e02)] -> id: XFER_Date_Picker_Requested] displayed in 31ms
Entered Request Date = 10/10/2019 09:03
Submit Transfer Request
TRANSFER
Element [[ChromeDriver: chrome on XP (216296b5b5f98367377b610ba60f2e02)] -> id: CLO_Service_Order_Input] displayed in 27ms
Setting Text on Search Request with Text = TRANSFER
Angular request time 9ms
Element [[ChromeDriver: chrome on XP (216296b5b5f98367377b610ba60f2e02)] -> id: XFER_Date_Picker_Scheduled] displayed in 551ms
Enter Schedule Date Date
Element [[ChromeDriver: chrome on XP (216296b5b5f98367377b610ba60f2e02)] -> id: XFER_Date_Picker_Scheduled] displayed in 24ms
Setting Text on DatePicket with Text = 10/10/2019 09:03
Angular request time 11ms
Strings Matched: Mr. VACANT VACANT = Mr. VACANT VACANT
Element [[ChromeDriver: chrome on XP (216296b5b5f98367377b610ba60f2e02)] -> id: XFER_Search_Input] displayed in 27ms
Setting Text on Customer Name Request with Text = Mr. VACANT VACANT
Angular request time 11ms
Element [[ChromeDriver: chrome on XP (216296b5b5f98367377b610ba60f2e02)] -> id: XFER_Search_Option_1] displayed in 599ms
Angular request time 12ms
Click XFER_Search_Option_1_Customer_Name
Angular request time 8ms
Element [[ChromeDriver: chrome on XP (216296b5b5f98367377b610ba60f2e02)] -> id: XFER_Description] displayed in 35ms
Setting Text on Description Request with Text = Description for Stop Service
Angular request time 20ms
Click Submit
Element [[ChromeDriver: chrome on XP (216296b5b5f98367377b610ba60f2e02)] -> id: XFER_Button_Action] displayed in 39ms
Element [[ChromeDriver: chrome on XP (216296b5b5f98367377b610ba60f2e02)] -> id: XFER_Button_Action] displayed in 24ms
Angular request time 113ms
Click MoveInSubmit Button
Angular request time 8ms
Element [[ChromeDriver: chrome on XP (216296b5b5f98367377b610ba60f2e02)] -> id: XFER_Button_Done] displayed in 94ms
Angular request time 273ms
Click Done Button for Transfer
Angular request time 59ms
Clicking Servic Order Link
Element [[ChromeDriver: chrome on XP (216296b5b5f98367377b610ba60f2e02)] -> css selector: #mat-tab-label-0-2 > div] displayed in 105ms
Angular request time 887ms
Click Service Order Link
Angular request time 24ms
Element [[ChromeDriver: chrome on XP (216296b5b5f98367377b610ba60f2e02)] -> id: SOLV_Service_Order_1] displayed in 34ms
Element [[ChromeDriver: chrome on XP (216296b5b5f98367377b610ba60f2e02)] -> id: SOLV_Service_Order_1] displayed in 35ms
Angular request time 12ms
Click Clicking Service Order 1
Angular request time 8ms
Angular request time 11ms
Capturing Servic Order Number
Element [[ChromeDriver: chrome on XP (216296b5b5f98367377b610ba60f2e02)] -> id: SODV_Service_Order_Id] displayed in 43ms
Angular request time 12ms
got Text Service Order Number = SORD00000002793
Element [[ChromeDriver: chrome on XP (216296b5b5f98367377b610ba60f2e02)] -> id: ACTION_Refresh_Page] displayed in 32ms
Element [[ChromeDriver: chrome on XP (216296b5b5f98367377b610ba60f2e02)] -> id: ACTION_Refresh_Page] displayed in 34ms
Angular request time 629ms
Click Refresh Button
Angular request time 15ms
Refresh Page
Click Action Dropdown
Element [[ChromeDriver: chrome on XP (216296b5b5f98367377b610ba60f2e02)] -> id: ACTION_Button] displayed in 12ms
Element [[ChromeDriver: chrome on XP (216296b5b5f98367377b610ba60f2e02)] -> id: ACTION_Button] displayed in 8ms
Angular request time 15ms
Click Action Drop down
Angular request time 8ms
Element [[ChromeDriver: chrome on XP (216296b5b5f98367377b610ba60f2e02)] -> id: ACTION_Transfer_Service] displayed in 27ms
Element [[ChromeDriver: chrome on XP (216296b5b5f98367377b610ba60f2e02)] -> id: ACTION_Transfer_Service] displayed in 39ms
Angular request time 22ms
Click Action Transfer Service Drop down
Angular request time 12ms
Element [[ChromeDriver: chrome on XP (216296b5b5f98367377b610ba60f2e02)] -> id: XFER_Select] displayed in 51ms
Angular request time 16ms
Click Transfer Combo
Angular request time 11ms
Element [[ChromeDriver: chrome on XP (216296b5b5f98367377b610ba60f2e02)] -> id: XFER_Select_Option_3] displayed in 43ms
Angular request time 23ms
Click Transfer Option 3
Angular request time 24ms
Element [[ChromeDriver: chrome on XP (216296b5b5f98367377b610ba60f2e02)] -> id: XFER_Warning_Message] displayed in 24ms
Strings Matched: Service Order Exist. TRANSFER = Service Order Exist. TRANSFER
Element [[ChromeDriver: chrome on XP (216296b5b5f98367377b610ba60f2e02)] -> id: XFER_Warning_Drillback] displayed in 168ms
String Verified  =cogsdrillback://DGPB/?Db=SQL_2017&Srv=RND-BASE-A&Cmp=TWO&Prod=229&Act=OPEN&Func=ServiceOrder&LocationID=LOC@0004&ServiceOrderNumber=SORD00000002793&CogsDrillback=1 Contains = SORD00000002793
Date after Addition of two days Oct 12, 2019
Submit Transfer Request
TRANSFER
Element [[ChromeDriver: chrome on XP (216296b5b5f98367377b610ba60f2e02)] -> id: CLO_Service_Order_Input] displayed in 27ms
Setting Text on Search Request with Text = TRANSFER
Angular request time 12ms
Element [[ChromeDriver: chrome on XP (216296b5b5f98367377b610ba60f2e02)] -> id: XFER_Date_Picker_Scheduled] displayed in 31ms
Enter Schedule Date Date
Element [[ChromeDriver: chrome on XP (216296b5b5f98367377b610ba60f2e02)] -> id: XFER_Date_Picker_Scheduled] displayed in 23ms
Setting Text on DatePicket with Text = Oct 12, 2019
Angular request time 548ms
Strings Matched: Mr. VACANT VACANT = Mr. VACANT VACANT
Element [[ChromeDriver: chrome on XP (216296b5b5f98367377b610ba60f2e02)] -> id: XFER_Search_Input] displayed in 36ms
Setting Text on Customer Name Request with Text = Mr. Automation Mate
Angular request time 16ms
Element [[ChromeDriver: chrome on XP (216296b5b5f98367377b610ba60f2e02)] -> id: XFER_Search_Option_1] displayed in 1109ms
Angular request time 20ms
Click XFER_Search_Option_1_Customer_Name
Angular request time 11ms
Element [[ChromeDriver: chrome on XP (216296b5b5f98367377b610ba60f2e02)] -> id: XFER_Description] displayed in 24ms
Setting Text on Description Request with Text = Description for Stop Service
Angular request time 12ms
Click Submit
Element [[ChromeDriver: chrome on XP (216296b5b5f98367377b610ba60f2e02)] -> id: XFER_Button_Action] displayed in 32ms
Element [[ChromeDriver: chrome on XP (216296b5b5f98367377b610ba60f2e02)] -> id: XFER_Button_Action] displayed in 24ms
Angular request time 117ms
Click MoveInSubmit Button
Angular request time 27ms
Element [[ChromeDriver: chrome on XP (216296b5b5f98367377b610ba60f2e02)] -> id: XFER_Button_Done] displayed in 20ms
Angular request time 129ms
Click Done Button for Transfer
Angular request time 16ms
Element [[ChromeDriver: chrome on XP (216296b5b5f98367377b610ba60f2e02)] -> id: ACTION_Refresh_Page] displayed in 35ms
Element [[ChromeDriver: chrome on XP (216296b5b5f98367377b610ba60f2e02)] -> id: ACTION_Refresh_Page] displayed in 40ms
Angular request time 602ms
Click Refresh Button
Angular request time 19ms
Refresh Page
Clicking Servic Order Link
Element [[ChromeDriver: chrome on XP (216296b5b5f98367377b610ba60f2e02)] -> css selector: #mat-tab-label-0-2 > div] displayed in 11ms
Angular request time 8ms
Click Service Order Link
Angular request time 7ms
Element [[ChromeDriver: chrome on XP (216296b5b5f98367377b610ba60f2e02)] -> id: SOLV_Service_Order_1] displayed in 28ms
Element [[ChromeDriver: chrome on XP (216296b5b5f98367377b610ba60f2e02)] -> id: SOLV_Service_Order_1] displayed in 23ms
Angular request time 7ms
Click Clicking Service Order 1
Angular request time 16ms
Angular request time 8ms
Element [[ChromeDriver: chrome on XP (216296b5b5f98367377b610ba60f2e02)] -> id: ACTION_Refresh_Page] displayed in 24ms
Element [[ChromeDriver: chrome on XP (216296b5b5f98367377b610ba60f2e02)] -> id: ACTION_Refresh_Page] displayed in 23ms
Angular request time 602ms
Click Refresh Button
Angular request time 15ms
Refresh Page
Element [[ChromeDriver: chrome on XP (216296b5b5f98367377b610ba60f2e02)] -> id: SRCH_Input] displayed in 51ms
Element [[ChromeDriver: chrome on XP (216296b5b5f98367377b610ba60f2e02)] -> id: SRCH_Input] displayed in 11ms
Setting Text on Search Text with Text = LOC@0002
Angular request time 8ms
Search Text
Element [[ChromeDriver: chrome on XP (216296b5b5f98367377b610ba60f2e02)] -> id: SRCH_Option_1_Customer_Name] displayed in 640ms
Click DashBoard Search Result 
Angular request time 1015ms
Click Action Dropdown
Element [[ChromeDriver: chrome on XP (216296b5b5f98367377b610ba60f2e02)] -> id: ACTION_Button] displayed in 20ms
Element [[ChromeDriver: chrome on XP (216296b5b5f98367377b610ba60f2e02)] -> id: ACTION_Button] displayed in 8ms
Angular request time 8ms
Click Action Drop down
Angular request time 8ms
Element [[ChromeDriver: chrome on XP (216296b5b5f98367377b610ba60f2e02)] -> id: ACTION_Transfer_Service] displayed in 31ms
Element [[ChromeDriver: chrome on XP (216296b5b5f98367377b610ba60f2e02)] -> id: ACTION_Transfer_Service] displayed in 251ms
Angular request time 145ms
Click Action Transfer Service Drop down
Angular request time 4ms
Element [[ChromeDriver: chrome on XP (216296b5b5f98367377b610ba60f2e02)] -> id: XFER_Select] displayed in 23ms
Angular request time 12ms
Click Transfer Combo
Angular request time 19ms
Element [[ChromeDriver: chrome on XP (216296b5b5f98367377b610ba60f2e02)] -> id: XFER_Select_Option_1] displayed in 31ms
Angular request time 11ms
Click Transfer Option 1
Angular request time 16ms
TRANSFER
Element [[ChromeDriver: chrome on XP (216296b5b5f98367377b610ba60f2e02)] -> id: CLO_Service_Order_Input] displayed in 36ms
Setting Text on Search Request with Text = Transfer
Angular request time 11ms
Element [[ChromeDriver: chrome on XP (216296b5b5f98367377b610ba60f2e02)] -> id: XFER_MoveFrom_Date_Picker_Requested] displayed in 46ms
10/10/2019 09:04
Strings Matched: Mr. VACANT VACANT = Mr. VACANT VACANT
TEST DEFAULT VALUE FOR CUSTOMER ===Mr. VACANT VACANT
Element [[ChromeDriver: chrome on XP (216296b5b5f98367377b610ba60f2e02)] -> id: XFER_Search_Input] displayed in 47ms
Setting Text on Customer Name Request with Text = Mr. VACANT VACANT
Angular request time 332ms
Element [[ChromeDriver: chrome on XP (216296b5b5f98367377b610ba60f2e02)] -> id: XFER_Search_Option_1_Customer_Name] displayed in 794ms
Angular request time 43ms
Click XFER_Search_Option_1_Customer_Name
Angular request time 11ms
Element [[ChromeDriver: chrome on XP (216296b5b5f98367377b610ba60f2e02)] -> id: XFER_Description] displayed in 36ms
Setting Text on Description Request with Text = AUTOMATION TEST
Angular request time 8ms
Element [[ChromeDriver: chrome on XP (216296b5b5f98367377b610ba60f2e02)] -> id: XFER_MoveTo_Tab] displayed in 32ms
Angular request time 16ms
Click Move To Tab (Transfers)
Angular request time 23ms
Enter Schedule Date
Element [[ChromeDriver: chrome on XP (216296b5b5f98367377b610ba60f2e02)] -> id: XFER_MoveTo_Date_Picker_Scheduled] displayed in 633ms
Element [[ChromeDriver: chrome on XP (216296b5b5f98367377b610ba60f2e02)] -> id: XFER_MoveTo_Date_Picker_Scheduled] displayed in 54ms
Setting Text on DatePicket with Text = Oct 11, 2019
Angular request time 472ms
Element [[ChromeDriver: chrome on XP (216296b5b5f98367377b610ba60f2e02)] -> id: CLO_Service_Order_Input] displayed in 20ms
Enter Request Name
Element [[ChromeDriver: chrome on XP (216296b5b5f98367377b610ba60f2e02)] -> id: CLO_Service_Order_Input] displayed in 16ms
Setting Text on Service Order Input with Text = TRANSFER
Angular request time 8ms
Element [[ChromeDriver: chrome on XP (216296b5b5f98367377b610ba60f2e02)] -> id: XFER_Search_Input] displayed in 27ms
Element [[ChromeDriver: chrome on XP (216296b5b5f98367377b610ba60f2e02)] -> id: XFER_Search_Input] displayed in 27ms
Setting Text on XFERSearchInput with Text = LOC@0004
Angular request time 547ms
Element [[ChromeDriver: chrome on XP (216296b5b5f98367377b610ba60f2e02)] -> id: XFER_Search_Option_1_Customer_Name] displayed in 719ms
Angular request time 121ms
Click XFER_Search_Option_1_Customer_Name
Angular request time 19ms
Enter Request Description
Element [[ChromeDriver: chrome on XP (216296b5b5f98367377b610ba60f2e02)] -> id: XFER_Description] displayed in 55ms
Element [[ChromeDriver: chrome on XP (216296b5b5f98367377b610ba60f2e02)] -> id: XFER_Description] displayed in 31ms
Setting Text on XFER Description with Text = Move in from location LOC@0004
Angular request time 20ms
Click Submit
Element [[ChromeDriver: chrome on XP (216296b5b5f98367377b610ba60f2e02)] -> id: XFER_Button_Action] displayed in 31ms
Element [[ChromeDriver: chrome on XP (216296b5b5f98367377b610ba60f2e02)] -> id: XFER_Button_Action] displayed in 27ms
Angular request time 117ms
Click MoveInSubmit Button
Angular request time 12ms
String Verified  =check
Transfer initiated Contains = Transfer initiated
Element [[ChromeDriver: chrome on XP (216296b5b5f98367377b610ba60f2e02)] -> id: XFER_Button_Done] displayed in 31ms
Angular request time 594ms
Click Done Button for Transfer
Angular request time 12ms
Element [[ChromeDriver: chrome on XP (216296b5b5f98367377b610ba60f2e02)] -> id: SRCH_Input] displayed in 16ms
Element [[ChromeDriver: chrome on XP (216296b5b5f98367377b610ba60f2e02)] -> id: SRCH_Input] displayed in 15ms
Setting Text on Search Text with Text = LOC@0004
Angular request time 16ms
Search Text
Element [[ChromeDriver: chrome on XP (216296b5b5f98367377b610ba60f2e02)] -> id: SRCH_Option_1_Customer_Name] displayed in 262ms
Click DashBoard Search Result 
Angular request time 758ms
Element [[ChromeDriver: chrome on XP (216296b5b5f98367377b610ba60f2e02)] -> id: ACTION_Refresh_Page] displayed in 78ms
Element [[ChromeDriver: chrome on XP (216296b5b5f98367377b610ba60f2e02)] -> id: ACTION_Refresh_Page] displayed in 62ms
Angular request time 614ms
Click Refresh Button
Angular request time 15ms
Refresh Page
Clicking Servic Order Link
Element [[ChromeDriver: chrome on XP (216296b5b5f98367377b610ba60f2e02)] -> css selector: #mat-tab-label-0-2 > div] displayed in 246ms
Angular request time 15ms
Click Service Order Link
Angular request time 12ms
Element [[ChromeDriver: chrome on XP (216296b5b5f98367377b610ba60f2e02)] -> id: SOLV_Service_Order_1] displayed in 47ms
Element [[ChromeDriver: chrome on XP (216296b5b5f98367377b610ba60f2e02)] -> id: SOLV_Service_Order_1] displayed in 55ms
Angular request time 15ms
Click Clicking Service Order 1
Angular request time 16ms
Angular request time 16ms
get Requested Customer Name
]]></system-out>
    <system-err><![CDATA[Starting ChromeDriver 76.0.3809.126 (d80a294506b4c9d18015e755cee48f953ddc3f2f-refs/branch-heads/3809@{#1024}) on port 6404
Only local connections are allowed.
Please protect ports used by ChromeDriver and related test frameworks to prevent access by malicious code.
[1570716215.342][WARNING]: This version of ChromeDriver has not been tested with Chrome version 77.
Oct 10, 2019 9:03:36 AM org.openqa.selenium.remote.ProtocolHandshake createSession
INFO: Detected dialect: W3C
]]></system-err>
  </testcase>
  <testcase name="TestCreditStatus" classname="com.NexusPortalAutomation.TestCases.Java.TC0012_verifyCreditStatusStatus" time="23.909"/>
  <testcase name="VerifyTransferActionServiceOrder" classname="com.NexusPortalAutomation.TestCases.Java.TC0032_VerifyAction_Transfers_Stack_StopService_Scheduled" time="58.988"/>
  <testcase name="VerifyAction_Transfers_Stack_StartService_Scheduled" classname="com.NexusPortalAutomation.TestCases.Java.TC0033_VerifyAction_Transfers_Stack_StartService_Scheduled" time="64.816"/>
  <testcase name="VerifyTransferActionServiceOrder" classname="com.NexusPortalAutomation.TestCases.Java.TC0030_VerifyAction_Transfers_StartService_Scheduled" time="27.55"/>
  <testcase name="VerifyTransferActionServiceOrder" classname="com.NexusPortalAutomation.TestCases.Java.TC0031_VerifyAction_Transfers_StopService_Scheduled" time="27.238"/>
  <testcase name="VerifyActionServiceOrder" classname="com.NexusPortalAutomation.TestCases.Java.TC0029_VerifyAction_Transfers_Scheduled" time="43.41"/>
  <testcase name="VerifyTransferActionServiceOrder" classname="com.NexusPortalAutomation.TestCases.Java.TC0030_1_VerifyAction_Transfers_StartService_Scheduled_SameCustomerMovein" time="28.743">
    <failure message="no such element: Unable to locate element: {&quot;method&quot;:&quot;xpath&quot;,&quot;selector&quot;:&quot;//div[@class=&apos;requiered-field text ng-star-inserted&apos;]&quot;}&#10;  (Session info: chrome=77.0.3865.90)&#10;For documentation on this error, please visit: http://seleniumhq.org/exceptions/no_such_element.html&#10;Build info: version: &apos;3.14.0&apos;, revision: &apos;aacccce0&apos;, time: &apos;2018-08-02T20:19:58.91Z&apos;&#10;System info: host: &apos;RND-BASE-A&apos;, ip: &apos;10.0.2.15&apos;, os.name: &apos;Windows Server 2012 R2&apos;, os.arch: &apos;amd64&apos;, os.version: &apos;6.3&apos;, java.version: &apos;1.8.0_201&apos;&#10;Driver info: org.openqa.selenium.chrome.ChromeDriver&#10;Capabilities {acceptInsecureCerts: false, browserName: chrome, browserVersion: 77.0.3865.90, chrome: {chromedriverVersion: 76.0.3809.126 (d80a294506b4..., userDataDir: C:\Users\ADMINI~1\AppData\L...}, goog:chromeOptions: {debuggerAddress: localhost:64300}, javascriptEnabled: true, networkConnectionEnabled: false, pageLoadStrategy: normal, platform: XP, platformName: XP, proxy: Proxy(), setWindowRect: true, strictFileInteractability: false, timeouts: {implicit: 0, pageLoad: 300000, script: 30000}, unhandledPromptBehavior: dismiss and notify}&#10;Session ID: 367ba7effc1707fee7581966d0ee4b25&#10;*** Element info: {Using=xpath, value=//div[@class=&apos;requiered-field text ng-star-inserted&apos;]}" type="org.openqa.selenium.NoSuchElementException">org.openqa.selenium.NoSuchElementException: 
no such element: Unable to locate element: {"method":"xpath","selector":"//div[@class='requiered-field text ng-star-inserted']"}
  (Session info: chrome=77.0.3865.90)
For documentation on this error, please visit: http://seleniumhq.org/exceptions/no_such_element.html
Build info: version: '3.14.0', revision: 'aacccce0', time: '2018-08-02T20:19:58.91Z'
System info: host: 'RND-BASE-A', ip: '10.0.2.15', os.name: 'Windows Server 2012 R2', os.arch: 'amd64', os.version: '6.3', java.version: '1.8.0_201'
Driver info: org.openqa.selenium.chrome.ChromeDriver
Capabilities {acceptInsecureCerts: false, browserName: chrome, browserVersion: 77.0.3865.90, chrome: {chromedriverVersion: 76.0.3809.126 (d80a294506b4..., userDataDir: C:\Users\ADMINI~1\AppData\L...}, goog:chromeOptions: {debuggerAddress: localhost:64300}, javascriptEnabled: true, networkConnectionEnabled: false, pageLoadStrategy: normal, platform: XP, platformName: XP, proxy: Proxy(), setWindowRect: true, strictFileInteractability: false, timeouts: {implicit: 0, pageLoad: 300000, script: 30000}, unhandledPromptBehavior: dismiss and notify}
Session ID: 367ba7effc1707fee7581966d0ee4b25
*** Element info: {Using=xpath, value=//div[@class='requiered-field text ng-star-inserted']}
	at com.NexusPortalAutomation.TestCases.Java.TC0030_1_VerifyAction_Transfers_StartService_Scheduled_SameCustomerMovein.VerifyTransferActionServiceOrder(TC0030_1_VerifyAction_Transfers_StartService_Scheduled_SameCustomerMovein.java:89)
</failure>
    <system-out><![CDATA[Test completed successfully- VerifyActionServiceOrder
Closing Browser
Test Completed...
Launching Chrome
Browser Maximised
Test started- VerifyTransferActionServiceOrder
SORD00000002805
Deleting Records for ServiceOrder = SORD00000002805
0
Deleting Records for Location =  LOC@0004
Angular Request Completed in 50ms
Log in to Nexus View
Element [[ChromeDriver: chrome on XP (367ba7effc1707fee7581966d0ee4b25)] -> id: username] displayed in 47ms
Login Page title Verified
Element [[ChromeDriver: chrome on XP (367ba7effc1707fee7581966d0ee4b25)] -> id: username] displayed in 24ms
Element [[ChromeDriver: chrome on XP (367ba7effc1707fee7581966d0ee4b25)] -> id: password] displayed in 39ms
Element [[ChromeDriver: chrome on XP (367ba7effc1707fee7581966d0ee4b25)] -> id: kc-login] displayed in 23ms
Angular Request Completed in 32ms
User signed Admin
Enter Text for Search =LOC@0004
Element [[ChromeDriver: chrome on XP (367ba7effc1707fee7581966d0ee4b25)] -> id: SRCH_Input] displayed in 43ms
Angular request time 871ms
Element [[ChromeDriver: chrome on XP (367ba7effc1707fee7581966d0ee4b25)] -> id: SRCH_Option_1_Address_Line] displayed in 78ms
Click Customer
Angular request time 336ms
Angular request time 8ms
Element [[ChromeDriver: chrome on XP (367ba7effc1707fee7581966d0ee4b25)] -> id: 'LOC_Location_Id'] displayed in 19ms
Angular request time 8ms
got Text CustomerLocId = LOC@0004
Customer Location Id found LOC@0004
Strings Matched: LOC@0004 = LOC@0004
Click Action Dropdown
Element [[ChromeDriver: chrome on XP (367ba7effc1707fee7581966d0ee4b25)] -> id: ACTION_Button] displayed in 28ms
Element [[ChromeDriver: chrome on XP (367ba7effc1707fee7581966d0ee4b25)] -> id: ACTION_Button] displayed in 15ms
Angular request time 15ms
Click Action Drop down
Angular request time 16ms
Element [[ChromeDriver: chrome on XP (367ba7effc1707fee7581966d0ee4b25)] -> id: ACTION_Transfer_Service] displayed in 39ms
Element [[ChromeDriver: chrome on XP (367ba7effc1707fee7581966d0ee4b25)] -> id: ACTION_Transfer_Service] displayed in 26ms
Angular request time 11ms
Click Action Transfer Service Drop down
Angular request time 12ms
Element [[ChromeDriver: chrome on XP (367ba7effc1707fee7581966d0ee4b25)] -> id: XFER_Select] displayed in 39ms
Angular request time 12ms
Click Transfer Combo
Angular request time 22ms
Element [[ChromeDriver: chrome on XP (367ba7effc1707fee7581966d0ee4b25)] -> id: XFER_Select_Option_2] displayed in 55ms
Angular request time 12ms
Click Transfer Option 2
Angular request time 12ms
TRANSFER
Element [[ChromeDriver: chrome on XP (367ba7effc1707fee7581966d0ee4b25)] -> id: CLO_Service_Order_Input] displayed in 51ms
Setting Text on Search Request with Text = TRANSFER
Angular request time 24ms
Element [[ChromeDriver: chrome on XP (367ba7effc1707fee7581966d0ee4b25)] -> id: XFER_Date_Picker_Requested] displayed in 31ms
Entered Request Date = 10/10/2019 09:09
Element [[ChromeDriver: chrome on XP (367ba7effc1707fee7581966d0ee4b25)] -> id: XFER_Date_Picker_Scheduled] displayed in 39ms
Enter Schedule Date Date
Element [[ChromeDriver: chrome on XP (367ba7effc1707fee7581966d0ee4b25)] -> id: XFER_Date_Picker_Scheduled] displayed in 23ms
Setting Text on DatePicket with Text = 10/10/2019 09:09
Angular request time 441ms
Element [[ChromeDriver: chrome on XP (367ba7effc1707fee7581966d0ee4b25)] -> id: XFER_Date_Picker_Requested] displayed in 32ms
Entered Request Date = 10/10/2019 09:09
TRANSFER
Element [[ChromeDriver: chrome on XP (367ba7effc1707fee7581966d0ee4b25)] -> id: CLO_Service_Order_Input] displayed in 23ms
Setting Text on Search Request with Text = TRANSFER
Angular request time 12ms
Element [[ChromeDriver: chrome on XP (367ba7effc1707fee7581966d0ee4b25)] -> id: XFER_Date_Picker_Scheduled] displayed in 73ms
Enter Schedule Date Date
Element [[ChromeDriver: chrome on XP (367ba7effc1707fee7581966d0ee4b25)] -> id: XFER_Date_Picker_Scheduled] displayed in 86ms
Setting Text on DatePicket with Text = 10/10/2019 09:09
Angular request time 352ms
Element [[ChromeDriver: chrome on XP (367ba7effc1707fee7581966d0ee4b25)] -> id: XFER_Search_Input] displayed in 31ms
Element [[ChromeDriver: chrome on XP (367ba7effc1707fee7581966d0ee4b25)] -> id: XFER_Search_Input] displayed in 24ms
Setting Text on Customer Name Request with Text = Mr. Automation Mate
Angular request time 15ms
Click Submit
Element [[ChromeDriver: chrome on XP (367ba7effc1707fee7581966d0ee4b25)] -> id: XFER_Button_Action] displayed in 32ms
Element [[ChromeDriver: chrome on XP (367ba7effc1707fee7581966d0ee4b25)] -> id: XFER_Button_Action] displayed in 24ms
Angular request time 113ms
Click MoveInSubmit Button
Angular request time 16ms
]]></system-out>
    <system-err><![CDATA[Starting ChromeDriver 76.0.3809.126 (d80a294506b4c9d18015e755cee48f953ddc3f2f-refs/branch-heads/3809@{#1024}) on port 1933
Only local connections are allowed.
Please protect ports used by ChromeDriver and related test frameworks to prevent access by malicious code.
[1570716557.377][WARNING]: This version of ChromeDriver has not been tested with Chrome version 77.
Oct 10, 2019 9:09:18 AM org.openqa.selenium.remote.ProtocolHandshake createSession
INFO: Detected dialect: W3C
]]></system-err>
  </testcase>
  <testcase name="VerifySignInbyID" classname="com.NexusPortalAutomation.TestCases.Java.TC0001_VerifySignInbyID" time="14.342"/>
  <testcase name="VerifyActionServiceOrder" classname="com.NexusPortalAutomation.TestCases.Java.TC0022_VerifyAction_ServiceOrder" time="20.894"/>
  <testcase name="VerifyActionServiceOrder_Transfers_NotSchedule" classname="com.NexusPortalAutomation.TestCases.Java.TC0025_1_VerifyAction_Transfers_Scheduled_CurrentMoveinCustomer" time="38.051">
    <failure message="no such element: Unable to locate element: {&quot;method&quot;:&quot;xpath&quot;,&quot;selector&quot;:&quot;//div[@class=&apos;requiered-field text ng-star-inserted&apos;]&quot;}&#10;  (Session info: chrome=77.0.3865.90)&#10;For documentation on this error, please visit: http://seleniumhq.org/exceptions/no_such_element.html&#10;Build info: version: &apos;3.14.0&apos;, revision: &apos;aacccce0&apos;, time: &apos;2018-08-02T20:19:58.91Z&apos;&#10;System info: host: &apos;RND-BASE-A&apos;, ip: &apos;10.0.2.15&apos;, os.name: &apos;Windows Server 2012 R2&apos;, os.arch: &apos;amd64&apos;, os.version: &apos;6.3&apos;, java.version: &apos;1.8.0_201&apos;&#10;Driver info: org.openqa.selenium.chrome.ChromeDriver&#10;Capabilities {acceptInsecureCerts: false, browserName: chrome, browserVersion: 77.0.3865.90, chrome: {chromedriverVersion: 76.0.3809.126 (d80a294506b4..., userDataDir: C:\Users\ADMINI~1\AppData\L...}, goog:chromeOptions: {debuggerAddress: localhost:64445}, javascriptEnabled: true, networkConnectionEnabled: false, pageLoadStrategy: normal, platform: XP, platformName: XP, proxy: Proxy(), setWindowRect: true, strictFileInteractability: false, timeouts: {implicit: 0, pageLoad: 300000, script: 30000}, unhandledPromptBehavior: dismiss and notify}&#10;Session ID: 19e8c518ec3ef45b3043ce3e5e0ad13f&#10;*** Element info: {Using=xpath, value=//div[@class=&apos;requiered-field text ng-star-inserted&apos;]}" type="org.openqa.selenium.NoSuchElementException">org.openqa.selenium.NoSuchElementException: 
no such element: Unable to locate element: {"method":"xpath","selector":"//div[@class='requiered-field text ng-star-inserted']"}
  (Session info: chrome=77.0.3865.90)
For documentation on this error, please visit: http://seleniumhq.org/exceptions/no_such_element.html
Build info: version: '3.14.0', revision: 'aacccce0', time: '2018-08-02T20:19:58.91Z'
System info: host: 'RND-BASE-A', ip: '10.0.2.15', os.name: 'Windows Server 2012 R2', os.arch: 'amd64', os.version: '6.3', java.version: '1.8.0_201'
Driver info: org.openqa.selenium.chrome.ChromeDriver
Capabilities {acceptInsecureCerts: false, browserName: chrome, browserVersion: 77.0.3865.90, chrome: {chromedriverVersion: 76.0.3809.126 (d80a294506b4..., userDataDir: C:\Users\ADMINI~1\AppData\L...}, goog:chromeOptions: {debuggerAddress: localhost:64445}, javascriptEnabled: true, networkConnectionEnabled: false, pageLoadStrategy: normal, platform: XP, platformName: XP, proxy: Proxy(), setWindowRect: true, strictFileInteractability: false, timeouts: {implicit: 0, pageLoad: 300000, script: 30000}, unhandledPromptBehavior: dismiss and notify}
Session ID: 19e8c518ec3ef45b3043ce3e5e0ad13f
*** Element info: {Using=xpath, value=//div[@class='requiered-field text ng-star-inserted']}
	at com.NexusPortalAutomation.TestCases.Java.TC0025_1_VerifyAction_Transfers_Scheduled_CurrentMoveinCustomer.VerifyActionServiceOrder_Transfers_NotSchedule(TC0025_1_VerifyAction_Transfers_Scheduled_CurrentMoveinCustomer.java:91)
</failure>
    <system-out><![CDATA[Test completed successfully- VerifyActionServiceOrder
Closing Browser
Test Completed...
Launching Chrome
Browser Maximised
Test started- VerifyActionServiceOrder_Transfers_NotSchedule
SORD00000002807
Deleting Records for ServiceOrder = SORD00000002807
SORD00000002806
Deleting Records for ServiceOrder = SORD00000002806
0
Deleting Records for Location =  LOC@0004
0
Deleting Records for Location =  LOC@0005
Angular Request Completed in 38ms
Log in to Nexus View
Element [[ChromeDriver: chrome on XP (19e8c518ec3ef45b3043ce3e5e0ad13f)] -> id: username] displayed in 40ms
Login Page title Verified
Element [[ChromeDriver: chrome on XP (19e8c518ec3ef45b3043ce3e5e0ad13f)] -> id: username] displayed in 11ms
Element [[ChromeDriver: chrome on XP (19e8c518ec3ef45b3043ce3e5e0ad13f)] -> id: password] displayed in 31ms
Element [[ChromeDriver: chrome on XP (19e8c518ec3ef45b3043ce3e5e0ad13f)] -> id: kc-login] displayed in 40ms
Angular Request Completed in 58ms
User signed Admin
Enter Text for Search =LOC@0004
Element [[ChromeDriver: chrome on XP (19e8c518ec3ef45b3043ce3e5e0ad13f)] -> id: SRCH_Input] displayed in 94ms
Angular request time 684ms
Element [[ChromeDriver: chrome on XP (19e8c518ec3ef45b3043ce3e5e0ad13f)] -> id: SRCH_Option_1_Address_Line] displayed in 47ms
Click Customer
Angular request time 442ms
Angular request time 15ms
Element [[ChromeDriver: chrome on XP (19e8c518ec3ef45b3043ce3e5e0ad13f)] -> id: 'LOC_Location_Id'] displayed in 69ms
Angular request time 12ms
got Text CustomerLocId = LOC@0004
Customer Location Id found LOC@0004
Strings Matched: LOC@0004 = LOC@0004
Click Action Dropdown
Element [[ChromeDriver: chrome on XP (19e8c518ec3ef45b3043ce3e5e0ad13f)] -> id: ACTION_Button] displayed in 27ms
Element [[ChromeDriver: chrome on XP (19e8c518ec3ef45b3043ce3e5e0ad13f)] -> id: ACTION_Button] displayed in 12ms
Angular request time 8ms
Click Action Drop down
Angular request time 15ms
Element [[ChromeDriver: chrome on XP (19e8c518ec3ef45b3043ce3e5e0ad13f)] -> id: ACTION_Transfer_Service] displayed in 63ms
Element [[ChromeDriver: chrome on XP (19e8c518ec3ef45b3043ce3e5e0ad13f)] -> id: ACTION_Transfer_Service] displayed in 78ms
Angular request time 74ms
Click Action Transfer Service Drop down
Angular request time 39ms
Element [[ChromeDriver: chrome on XP (19e8c518ec3ef45b3043ce3e5e0ad13f)] -> id: XFER_Select] displayed in 58ms
Angular request time 23ms
Click Transfer Combo
Angular request time 12ms
Element [[ChromeDriver: chrome on XP (19e8c518ec3ef45b3043ce3e5e0ad13f)] -> id: XFER_Select_Option_1] displayed in 535ms
Angular request time 20ms
Click Transfer Option 1
Angular request time 11ms
TRANSFER
Element [[ChromeDriver: chrome on XP (19e8c518ec3ef45b3043ce3e5e0ad13f)] -> id: CLO_Service_Order_Input] displayed in 31ms
Setting Text on Search Request with Text = Transfer
Angular request time 11ms
Element [[ChromeDriver: chrome on XP (19e8c518ec3ef45b3043ce3e5e0ad13f)] -> id: XFER_MoveFrom_Date_Picker_Requested] displayed in 169ms
10/10/2019 09:10
Enter Schedule Date
Element [[ChromeDriver: chrome on XP (19e8c518ec3ef45b3043ce3e5e0ad13f)] -> id: XFER_MoveFrom_Date_Picker_Scheduled] displayed in 422ms
Element [[ChromeDriver: chrome on XP (19e8c518ec3ef45b3043ce3e5e0ad13f)] -> id: XFER_MoveFrom_Date_Picker_Scheduled] displayed in 28ms
Setting Text on DatePicket with Text = 10/10/2019 09:10
Angular request time 223ms
Strings Matched: Mr. VACANT VACANT = Mr. VACANT VACANT
TEST DEFAULT VALUE FOR CUSTOMER ===Mr. VACANT VACANT
Element [[ChromeDriver: chrome on XP (19e8c518ec3ef45b3043ce3e5e0ad13f)] -> id: XFER_Search_Input] displayed in 62ms
Setting Text on Customer Name Request with Text = Mr. Automation Mate
Angular request time 23ms
Element [[ChromeDriver: chrome on XP (19e8c518ec3ef45b3043ce3e5e0ad13f)] -> id: XFER_Search_Option_1_Customer_Name] displayed in 762ms
Angular request time 23ms
Click XFER_Search_Option_1_Customer_Name
Angular request time 12ms
Element [[ChromeDriver: chrome on XP (19e8c518ec3ef45b3043ce3e5e0ad13f)] -> id: XFER_Description] displayed in 27ms
Setting Text on Description Request with Text = AUTOMATION TEST
Angular request time 8ms
Element [[ChromeDriver: chrome on XP (19e8c518ec3ef45b3043ce3e5e0ad13f)] -> id: XFER_MoveTo_Tab] displayed in 35ms
Angular request time 12ms
Click Move To Tab (Transfers)
Angular request time 183ms
Element [[ChromeDriver: chrome on XP (19e8c518ec3ef45b3043ce3e5e0ad13f)] -> id: XFER_MoveTo_Date_Picker_Requested] displayed in 39ms
10/10/2019 09:10
Enter Request Date
Element [[ChromeDriver: chrome on XP (19e8c518ec3ef45b3043ce3e5e0ad13f)] -> id: XFER_MoveTo_Date_Picker_Requested] displayed in 24ms
Element [[ChromeDriver: chrome on XP (19e8c518ec3ef45b3043ce3e5e0ad13f)] -> id: XFER_MoveTo_Date_Picker_Requested] displayed in 20ms
Setting Text on DatePicket with Text = 10/10/2019 09:10
Angular request time 16ms
Element [[ChromeDriver: chrome on XP (19e8c518ec3ef45b3043ce3e5e0ad13f)] -> id: CLO_Service_Order_Input] displayed in 43ms
Enter Request Name
Element [[ChromeDriver: chrome on XP (19e8c518ec3ef45b3043ce3e5e0ad13f)] -> id: CLO_Service_Order_Input] displayed in 40ms
Setting Text on Service Order Input with Text = TRANSFER
Angular request time 16ms
Element [[ChromeDriver: chrome on XP (19e8c518ec3ef45b3043ce3e5e0ad13f)] -> id: XFER_Search_Input] displayed in 24ms
Element [[ChromeDriver: chrome on XP (19e8c518ec3ef45b3043ce3e5e0ad13f)] -> id: XFER_Search_Input] displayed in 39ms
Setting Text on XFERSearchInput with Text = LOC@0005
Angular request time 637ms
Element [[ChromeDriver: chrome on XP (19e8c518ec3ef45b3043ce3e5e0ad13f)] -> id: XFER_Search_Option_1_Customer_Name] displayed in 879ms
Angular request time 137ms
Click XFER_Search_Option_1_Customer_Name
Angular request time 24ms
Enter Request Description
Element [[ChromeDriver: chrome on XP (19e8c518ec3ef45b3043ce3e5e0ad13f)] -> id: XFER_Description] displayed in 65ms
Element [[ChromeDriver: chrome on XP (19e8c518ec3ef45b3043ce3e5e0ad13f)] -> id: XFER_Description] displayed in 94ms
Setting Text on XFER Description with Text = Move in from location
Angular request time 31ms
Element [[ChromeDriver: chrome on XP (19e8c518ec3ef45b3043ce3e5e0ad13f)] -> id: XFER_Search_Input] displayed in 36ms
Element [[ChromeDriver: chrome on XP (19e8c518ec3ef45b3043ce3e5e0ad13f)] -> id: XFER_Search_Input] displayed in 31ms
Setting Text on Customer Name Request with Text = Mr. Automation Mate
Angular request time 16ms
Click Submit
Element [[ChromeDriver: chrome on XP (19e8c518ec3ef45b3043ce3e5e0ad13f)] -> id: XFER_Button_Action] displayed in 32ms
Element [[ChromeDriver: chrome on XP (19e8c518ec3ef45b3043ce3e5e0ad13f)] -> id: XFER_Button_Action] displayed in 24ms
Angular request time 125ms
Click MoveInSubmit Button
Angular request time 7ms
]]></system-out>
    <system-err><![CDATA[Starting ChromeDriver 76.0.3809.126 (d80a294506b4c9d18015e755cee48f953ddc3f2f-refs/branch-heads/3809@{#1024}) on port 1671
Only local connections are allowed.
Please protect ports used by ChromeDriver and related test frameworks to prevent access by malicious code.
[1570716635.135][WARNING]: This version of ChromeDriver has not been tested with Chrome version 77.
Oct 10, 2019 9:10:36 AM org.openqa.selenium.remote.ProtocolHandshake createSession
INFO: Detected dialect: W3C
]]></system-err>
  </testcase>
  <testcase name="VerifyRecentWidget" classname="com.NexusPortalAutomation.TestCases.Java.TC0023_VerifyRecentWidget" time="14.223"/>
  <testcase name="VerifyActionServiceOrder_Transfers_NotSchedule" classname="com.NexusPortalAutomation.TestCases.Java.TC0025_VerifyAction_Transfers_NotScheduled" time="35.52"/>
  <testcase name="VerifyTransferActionServiceOrder" classname="com.NexusPortalAutomation.TestCases.Java.TC0026_VerifyAction_Transfers_StartService_NotScheduled" time="24.797"/>
  <testcase name="VerifyTransferActionServiceOrder" classname="com.NexusPortalAutomation.TestCases.Java.TC0027_VerifyAction_Transfers_StopService_NotScheduled" time="27.023"/>
  <testcase name="TestSearchAutobyRecent" classname="com.NexusPortalAutomation.TestCases.Java.TC0004_TestSearchbyRecentFunction" time="35.597"/>
  <testcase name="TestSearchAutobyBookMark" classname="com.NexusPortalAutomation.TestCases.Java.TC0005_TestBookMarks" time="14.413"/>
  <testcase name="TestSummarySectionOnChange" classname="com.NexusPortalAutomation.TestCases.Java.TC0007_TestSummarySection" time="19.82"/>
  <testcase name="TestSearchAutobyFirstName" classname="com.NexusPortalAutomation.TestCases.Java.TC0028_TestEnhancedNotes" time="13.535"/>
  <testcase name="TestSearchAutobyFirstName" classname="com.NexusPortalAutomation.TestCases.Java.TC0024_TestCustDetailSearch" time="25.133"/>
  <testcase name="TestSearchAlertOnLoad" classname="com.NexusPortalAutomation.TestCases.Java.TC0006_TestAlertOnLoad" time="15.131"/>
  <testcase name="TestSearchAutobyFirstName" classname="com.NexusPortalAutomation.TestCases.Java.TC0002_TestSearchAutobyFirstName" time="13.777"/>
  <testcase name="TestSearchAutobyLastName" classname="com.NexusPortalAutomation.TestCases.Java.TC0003_TestSearchAutobyLastName" time="12.691"/>
</testsuite>