<?xml version="1.0" encoding="UTF-8"?>
<!-- Generated by org.testng.reporters.JUnitReportReporter -->
<testsuite skipped="0" hostname="RND-BASE-A" name="com.NexusPortalAutomation.TestCases.Java.TC0010_verifyCustDetails" tests="1" failures="0" timestamp="01 Oct 2019 12:56:32 GMT" time="14.865" errors="0">
  <testcase name="TestCustomerDetails" time="14.865" classname="com.NexusPortalAutomation.TestCases.Java.TC0010_verifyCustDetails"/>
</testsuite> <!-- com.NexusPortalAutomation.TestCases.Java.TC0010_verifyCustDetails -->
