<?xml version="1.0" encoding="UTF-8"?>
<!-- Generated by org.testng.reporters.JUnitReportReporter -->
<testsuite skipped="0" hostname="RND-BASE-A" name="com.NexusPortalAutomation.TestCases.Java.TC0017_StatementsOrderByDate" tests="1" failures="0" timestamp="27 Oct 2019 09:13:34 GMT" time="14.548" errors="0">
  <testcase name="TestBillingStatements" time="14.548" classname="com.NexusPortalAutomation.TestCases.Java.TC0017_StatementsOrderByDate"/>
</testsuite> <!-- com.NexusPortalAutomation.TestCases.Java.TC0017_StatementsOrderByDate -->
