<?xml version="1.0" encoding="UTF-8"?>
<!-- Generated by org.testng.reporters.JUnitReportReporter -->
<testsuite skipped="0" hostname="RND-BASE-A" name="com.NexusPortalAutomation.TestCases.Java.TC0016_VerifyBillingDetails" tests="1" failures="0" timestamp="03 Oct 2019 14:07:49 GMT" time="34.312" errors="0">
  <testcase name="VerifyBillingDetails" time="34.312" classname="com.NexusPortalAutomation.TestCases.Java.TC0016_VerifyBillingDetails"/>
</testsuite> <!-- com.NexusPortalAutomation.TestCases.Java.TC0016_VerifyBillingDetails -->
