<?xml version="1.0" encoding="UTF-8"?>
<!-- Generated by org.testng.reporters.JUnitReportReporter -->
<testsuite skipped="0" hostname="RND-BASE-A" name="com.NexusPortalAutomation.TestCases.Java.TC0036_VerifyAction_Transfers_StartService" tests="1" failures="0" timestamp="23 Oct 2019 05:31:50 GMT" time="47.372" errors="0">
  <testcase name="VerifyTransferActionServiceOrder" time="47.372" classname="com.NexusPortalAutomation.TestCases.Java.TC0036_VerifyAction_Transfers_StartService"/>
</testsuite> <!-- com.NexusPortalAutomation.TestCases.Java.TC0036_VerifyAction_Transfers_StartService -->
