<?xml version="1.0" encoding="UTF-8"?>
<!-- Generated by org.testng.reporters.JUnitReportReporter -->
<testsuite skipped="0" hostname="RND-BASE-A" name="com.NexusPortalAutomation.TestCases.Java.TC0022_VerifyAction_ServiceOrder" tests="1" failures="0" timestamp="07 Oct 2019 18:28:51 GMT" time="52.714" errors="0">
  <testcase name="VerifyActionServiceOrder" time="52.714" classname="com.NexusPortalAutomation.TestCases.Java.TC0022_VerifyAction_ServiceOrder"/>
</testsuite> <!-- com.NexusPortalAutomation.TestCases.Java.TC0022_VerifyAction_ServiceOrder -->
