<?xml version="1.0" encoding="UTF-8"?>
<!-- Generated by org.testng.reporters.JUnitReportReporter -->
<testsuite skipped="0" hostname="RND-BASE-A" name="com.NexusPortalAutomation.TestCases.Java.TC0036_VerifyAction_Transfers_StartService" tests="1" failures="0" timestamp="02 Dec 2019 11:13:46 GMT" time="75.414" errors="0">
  <testcase name="VerifyTransferActionServiceOrder" time="75.414" classname="com.NexusPortalAutomation.TestCases.Java.TC0036_VerifyAction_Transfers_StartService"/>
</testsuite> <!-- com.NexusPortalAutomation.TestCases.Java.TC0036_VerifyAction_Transfers_StartService -->
