<?xml version="1.0" encoding="UTF-8"?>
<!-- Generated by org.testng.reporters.JUnitReportReporter -->
<testsuite skipped="0" hostname="RND-BASE-A" name="com.NexusPortalAutomation.TestCases.Java.TC0052_VerifyGlobalOptions_1" tests="1" failures="0" timestamp="03 Jan 2020 17:32:06 GMT" time="10.159" errors="0">
  <testcase name="VerifyTransferActionServiceOrder" time="10.159" classname="com.NexusPortalAutomation.TestCases.Java.TC0052_VerifyGlobalOptions_1"/>
</testsuite> <!-- com.NexusPortalAutomation.TestCases.Java.TC0052_VerifyGlobalOptions_1 -->
