<?xml version="1.0" encoding="UTF-8"?>
<!-- Generated by org.testng.reporters.JUnitReportReporter -->
<testsuite skipped="0" hostname="RND-BASE-A" name="com.NexusPortalAutomation.TestCases.Java.TC0017_1_StatementsOrderByDate" tests="1" failures="0" timestamp="25 Oct 2019 16:26:54 GMT" time="14.472" errors="0">
  <testcase name="TestBillingStatements" time="14.472" classname="com.NexusPortalAutomation.TestCases.Java.TC0017_1_StatementsOrderByDate"/>
</testsuite> <!-- com.NexusPortalAutomation.TestCases.Java.TC0017_1_StatementsOrderByDate -->
