<?xml version="1.0" encoding="UTF-8"?>
<!-- Generated by org.testng.reporters.JUnitReportReporter -->
<testsuite skipped="0" hostname="RND-BASE-A" name="com.NexusPortalAutomation.TestCases.Java.TC0052_VerifyLocationsTextNormal" tests="1" failures="0" timestamp="03 Jan 2020 17:07:50 GMT" time="64.188" errors="0">
  <testcase name="VerifyBillingDetails" time="64.188" classname="com.NexusPortalAutomation.TestCases.Java.TC0052_VerifyLocationsTextNormal"/>
</testsuite> <!-- com.NexusPortalAutomation.TestCases.Java.TC0052_VerifyLocationsTextNormal -->
