<?xml version="1.0" encoding="UTF-8"?>
<!-- Generated by org.testng.reporters.JUnitReportReporter -->
<testsuite skipped="0" hostname="RND-BASE-A" name="com.NexusPortalAutomation.TestCases.Java.TC0015_VerifyContactLogs" tests="1" failures="0" timestamp="01 Oct 2019 12:56:32 GMT" time="11.720" errors="0">
  <testcase name="TestContactLogs" time="11.720" classname="com.NexusPortalAutomation.TestCases.Java.TC0015_VerifyContactLogs"/>
</testsuite> <!-- com.NexusPortalAutomation.TestCases.Java.TC0015_VerifyContactLogs -->
