<?xml version="1.0" encoding="UTF-8"?>
<!-- Generated by org.testng.reporters.JUnitReportReporter -->
<testsuite skipped="0" hostname="RND-BASE-A" name="com.NexusPortalAutomation.TestCases.Java.TC0029_VerifyAction_Transfers_Scheduled" tests="1" failures="0" timestamp="04 Dec 2019 13:11:06 GMT" time="31.802" errors="0">
  <testcase name="VerifyActionServiceOrder" time="31.802" classname="com.NexusPortalAutomation.TestCases.Java.TC0029_VerifyAction_Transfers_Scheduled"/>
</testsuite> <!-- com.NexusPortalAutomation.TestCases.Java.TC0029_VerifyAction_Transfers_Scheduled -->
