<?xml version="1.0" encoding="UTF-8"?>
<!-- Generated by org.testng.reporters.JUnitReportReporter -->
<testsuite skipped="0" hostname="RND-BASE-A" name="com.NexusPortalAutomation.Utilities.Java.SikuliUtility" tests="1" failures="0" timestamp="04 Oct 2019 17:52:43 GMT" time="14.049" errors="0">
  <testcase name="nexusPortalLogin" time="14.049" classname="com.NexusPortalAutomation.Utilities.Java.SikuliUtility"/>
</testsuite> <!-- com.NexusPortalAutomation.Utilities.Java.SikuliUtility -->
