<?xml version="1.0" encoding="UTF-8"?>
<!-- Generated by org.testng.reporters.JUnitReportReporter -->
<testsuite skipped="0" hostname="RND-BASE-A" name="com.NexusPortalAutomation.TestCases.Java.TC0016_VerifyBillingDetails_UsageGraph" tests="1" failures="0" timestamp="16 Oct 2019 19:05:59 GMT" time="14.204" errors="0">
  <testcase name="VerifyBillingDetails" time="14.204" classname="com.NexusPortalAutomation.TestCases.Java.TC0016_VerifyBillingDetails_UsageGraph"/>
</testsuite> <!-- com.NexusPortalAutomation.TestCases.Java.TC0016_VerifyBillingDetails_UsageGraph -->
