<?xml version="1.0" encoding="UTF-8"?>
<!-- Generated by org.testng.reporters.JUnitReportReporter -->
<testsuite skipped="0" hostname="RND-BASE-A" name="com.NexusPortalAutomation.TestCases.Java.TC0028_TestEnhancedNotes" tests="1" failures="0" timestamp="01 Oct 2019 15:16:30 GMT" time="16.838" errors="0">
  <testcase name="TestSearchAutobyFirstName" time="16.838" classname="com.NexusPortalAutomation.TestCases.Java.TC0028_TestEnhancedNotes"/>
</testsuite> <!-- com.NexusPortalAutomation.TestCases.Java.TC0028_TestEnhancedNotes -->
