<?xml version="1.0" encoding="UTF-8"?>
<!-- Generated by org.testng.reporters.JUnitReportReporter -->
<testsuite skipped="0" hostname="RND-BASE-A" name="com.NexusPortalAutomation.TestCases.Java.TC0006_1_TestAlertOnLoadOnce" tests="1" failures="0" timestamp="24 Oct 2019 16:34:44 GMT" time="38.689" errors="0">
  <testcase name="TestSearchAlertOnLoad" time="38.689" classname="com.NexusPortalAutomation.TestCases.Java.TC0006_1_TestAlertOnLoadOnce"/>
</testsuite> <!-- com.NexusPortalAutomation.TestCases.Java.TC0006_1_TestAlertOnLoadOnce -->
