<?xml version="1.0" encoding="UTF-8"?>
<!-- Generated by org.testng.reporters.JUnitReportReporter -->
<testsuite skipped="0" hostname="RND-BASE-A" name="com.NexusPortalAutomation.TestCases.Java.TC0016_VerifyBillingDetails_UsageGraph" tests="1" failures="0" timestamp="04 Oct 2019 18:57:33 GMT" time="14.500" errors="0">
  <testcase name="VerifyBillingDetails" time="14.500" classname="com.NexusPortalAutomation.TestCases.Java.TC0016_VerifyBillingDetails_UsageGraph"/>
</testsuite> <!-- com.NexusPortalAutomation.TestCases.Java.TC0016_VerifyBillingDetails_UsageGraph -->
