<?xml version="1.0" encoding="UTF-8"?>
<!-- Generated by org.testng.reporters.JUnitReportReporter -->
<testsuite skipped="0" hostname="RND-BASE-A" name="com.NexusPortalAutomation.TestCases.Java.TC0016_1_VerifyBillingDetails_AutoPay" tests="1" failures="0" timestamp="16 Oct 2019 19:05:59 GMT" time="12.888" errors="0">
  <testcase name="VerifyBillingDetailsAutoPay" time="12.888" classname="com.NexusPortalAutomation.TestCases.Java.TC0016_1_VerifyBillingDetails_AutoPay"/>
</testsuite> <!-- com.NexusPortalAutomation.TestCases.Java.TC0016_1_VerifyBillingDetails_AutoPay -->
