<?xml version="1.0" encoding="UTF-8"?>
<!-- Generated by org.testng.reporters.JUnitReportReporter -->
<testsuite skipped="0" hostname="RND-BASE-A" name="com.NexusPortalAutomation.apiTestCases.Java.TC0002_getaccountbalanceInvalidCustomer" tests="1" failures="0" timestamp="22 Oct 2019 08:56:13 GMT" time="1.953" errors="0">
  <testcase name="testaccountbalanceresponseforInvalidCustomer" time="1.953" classname="com.NexusPortalAutomation.apiTestCases.Java.TC0002_getaccountbalanceInvalidCustomer"/>
</testsuite> <!-- com.NexusPortalAutomation.apiTestCases.Java.TC0002_getaccountbalanceInvalidCustomer -->
