<?xml version="1.0" encoding="UTF-8"?>
<!-- Generated by org.testng.reporters.JUnitReportReporter -->
<testsuite skipped="0" hostname="RND-BASE-A" name="com.NexusPortalAutomation.TestCases.Java.TC0026_VerifyAction_Transfers_StartService_NotScheduled" tests="1" failures="0" timestamp="02 Jan 2020 19:31:12 GMT" time="24.329" errors="0">
  <testcase name="VerifyTransferActionServiceOrder" time="24.329" classname="com.NexusPortalAutomation.TestCases.Java.TC0026_VerifyAction_Transfers_StartService_NotScheduled"/>
</testsuite> <!-- com.NexusPortalAutomation.TestCases.Java.TC0026_VerifyAction_Transfers_StartService_NotScheduled -->
