<?xml version="1.0" encoding="UTF-8"?>
<!-- Generated by org.testng.reporters.JUnitReportReporter -->
<testsuite skipped="0" hostname="RND-BASE-A" name="com.NexusPortalAutomation.TestCases.Java.TC0001_VerifySignIn" tests="1" failures="0" timestamp="06 May 2019 14:51:28 GMT" time="51.759" errors="0">
  <testcase name="TestSearchAuto" time="51.759" classname="com.NexusPortalAutomation.TestCases.Java.TC0001_VerifySignIn"/>
</testsuite> <!-- com.NexusPortalAutomation.TestCases.Java.TC0001_VerifySignIn -->
