<?xml version="1.0" encoding="UTF-8"?>
<!-- Generated by org.testng.reporters.JUnitReportReporter -->
<testsuite skipped="0" hostname="RND-BASE-A" name="com.NexusPortalAutomation.TestCases.Java.TC0042_Transactions_OrderbyDate" tests="1" failures="0" timestamp="01 Oct 2019 12:56:32 GMT" time="20.372" errors="0">
  <testcase name="VerifyTransactionsSaperatebill_saperate" time="20.372" classname="com.NexusPortalAutomation.TestCases.Java.TC0042_Transactions_OrderbyDate"/>
</testsuite> <!-- com.NexusPortalAutomation.TestCases.Java.TC0042_Transactions_OrderbyDate -->
