<?xml version="1.0" encoding="UTF-8"?>
<!-- Generated by org.testng.reporters.JUnitReportReporter -->
<testsuite skipped="0" hostname="RND-BASE-A" name="com.NexusPortalAutomation.TestCases.Java.TC0024_TestCustDetailSearch" tests="1" failures="0" timestamp="12 Dec 2019 19:54:41 GMT" time="20.214" errors="0">
  <testcase name="TestSearchAutobyFirstName" time="20.214" classname="com.NexusPortalAutomation.TestCases.Java.TC0024_TestCustDetailSearch"/>
</testsuite> <!-- com.NexusPortalAutomation.TestCases.Java.TC0024_TestCustDetailSearch -->
