<?xml version="1.0" encoding="UTF-8"?>
<!-- Generated by org.testng.reporters.JUnitReportReporter -->
<testsuite skipped="0" hostname="RND-BASE-A" name="com.NexusPortalAutomation.TestCases.Java.TC0024_TestCustDetailSearch" tests="1" failures="0" timestamp="16 Oct 2019 19:05:59 GMT" time="18.881" errors="0">
  <testcase name="TestSearchAutobyFirstName" time="18.881" classname="com.NexusPortalAutomation.TestCases.Java.TC0024_TestCustDetailSearch"/>
</testsuite> <!-- com.NexusPortalAutomation.TestCases.Java.TC0024_TestCustDetailSearch -->
