<?xml version="1.0" encoding="UTF-8"?>
<!-- Generated by org.testng.reporters.JUnitReportReporter -->
<testsuite skipped="0" hostname="RND-BASE-A" name="com.NexusPortalAutomation.TestCases.Java.TC0010_1_verifyCustDetails_Business" tests="1" failures="0" timestamp="02 Jan 2020 19:31:12 GMT" time="11.291" errors="0">
  <testcase name="TestCustomerDetails" time="11.291" classname="com.NexusPortalAutomation.TestCases.Java.TC0010_1_verifyCustDetails_Business"/>
</testsuite> <!-- com.NexusPortalAutomation.TestCases.Java.TC0010_1_verifyCustDetails_Business -->
