<?xml version="1.0" encoding="UTF-8"?>
<!-- Generated by org.testng.reporters.JUnitReportReporter -->
<testsuite skipped="0" hostname="RND-BASE-A" name="com.NexusPortalAutomation.TestCases.Java.TC0022_VerifyAction_ServiceOrder" tests="1" failures="0" timestamp="01 Oct 2019 12:56:32 GMT" time="19.601" errors="0">
  <testcase name="VerifyActionServiceOrder" time="19.601" classname="com.NexusPortalAutomation.TestCases.Java.TC0022_VerifyAction_ServiceOrder"/>
</testsuite> <!-- com.NexusPortalAutomation.TestCases.Java.TC0022_VerifyAction_ServiceOrder -->
