<?xml version="1.0" encoding="UTF-8"?>
<!-- Generated by org.testng.reporters.JUnitReportReporter -->
<testsuite skipped="0" hostname="RND-BASE-A" name="com.NexusPortalAutomation.TestCases.Java.TC0053_VerifyGlobalOptions_pagetitle" tests="1" failures="0" timestamp="03 Jan 2020 19:25:58 GMT" time="12.436" errors="0">
  <testcase name="VerifyTransferActionServiceOrder" time="12.436" classname="com.NexusPortalAutomation.TestCases.Java.TC0053_VerifyGlobalOptions_pagetitle"/>
</testsuite> <!-- com.NexusPortalAutomation.TestCases.Java.TC0053_VerifyGlobalOptions_pagetitle -->
