<?xml version="1.0" encoding="UTF-8"?>
<!-- Generated by org.testng.reporters.JUnitReportReporter -->
<testsuite skipped="0" hostname="RND-BASE-A" name="com.NexusPortalAutomation.Utilities.Java.MySQLDataExec" tests="1" failures="0" timestamp="22 Oct 2019 12:54:37 GMT" time="0.558" errors="0">
  <testcase name="TestDEL" time="0.558" classname="com.NexusPortalAutomation.Utilities.Java.MySQLDataExec"/>
</testsuite> <!-- com.NexusPortalAutomation.Utilities.Java.MySQLDataExec -->
