<?xml version="1.0" encoding="UTF-8"?>
<!-- Generated by org.testng.reporters.JUnitReportReporter -->
<testsuite skipped="0" hostname="RND-BASE-A" name="com.NexusPortalAutomation.TestCases.Java.TC0025_VerifyAction_Transfers_NotScheduled" tests="1" failures="0" timestamp="16 Oct 2019 19:05:59 GMT" time="26.818" errors="0">
  <testcase name="VerifyActionServiceOrder_Transfers_NotSchedule" time="26.818" classname="com.NexusPortalAutomation.TestCases.Java.TC0025_VerifyAction_Transfers_NotScheduled"/>
</testsuite> <!-- com.NexusPortalAutomation.TestCases.Java.TC0025_VerifyAction_Transfers_NotScheduled -->
