<?xml version="1.0" encoding="UTF-8"?>
<!-- Generated by org.testng.reporters.JUnitReportReporter -->
<testsuite skipped="0" hostname="RND-BASE-A" name="com.NexusPortalAutomation.TestCases.Java.TC0001_VerifySignInbyID" tests="1" failures="0" timestamp="07 May 2019 14:34:51 GMT" time="33.671" errors="0">
  <testcase name="TestSearchID" time="33.671" classname="com.NexusPortalAutomation.TestCases.Java.TC0001_VerifySignInbyID"/>
</testsuite> <!-- com.NexusPortalAutomation.TestCases.Java.TC0001_VerifySignInbyID -->
