<?xml version="1.0" encoding="UTF-8"?>
<!-- Generated by org.testng.reporters.JUnitReportReporter -->
<testsuite skipped="0" hostname="RND-BASE-A" name="com.NexusPortalAutomation.apiTestCases.Java.TC0002_getaccountbalanceInvalidCustomer" tests="1" failures="0" timestamp="02 Jan 2020 18:56:23 GMT" time="0.187" errors="0">
  <testcase name="testaccountbalanceresponseforInvalidCustomer" time="0.187" classname="com.NexusPortalAutomation.apiTestCases.Java.TC0002_getaccountbalanceInvalidCustomer"/>
</testsuite> <!-- com.NexusPortalAutomation.apiTestCases.Java.TC0002_getaccountbalanceInvalidCustomer -->
