<?xml version="1.0" encoding="UTF-8"?>
<!-- Generated by org.testng.reporters.JUnitReportReporter -->
<testsuite skipped="0" hostname="RND-BASE-A" name="com.NexusPortalAutomation.TestCases.Java.TC0012_verifyCreditStatusStatus" tests="1" failures="0" timestamp="16 Oct 2019 19:05:59 GMT" time="21.412" errors="0">
  <testcase name="TestCreditStatus" time="21.412" classname="com.NexusPortalAutomation.TestCases.Java.TC0012_verifyCreditStatusStatus"/>
</testsuite> <!-- com.NexusPortalAutomation.TestCases.Java.TC0012_verifyCreditStatusStatus -->
