<?xml version="1.0" encoding="UTF-8"?>
<!-- Generated by org.testng.reporters.JUnitReportReporter -->
<testsuite skipped="0" hostname="RND-BASE-A" name="com.NexusPortalAutomation.TestCases.Java.TC0052_VerifyGlobalOptions_1" tests="1" failures="0" timestamp="18 Dec 2019 12:27:21 GMT" time="11.862" errors="0">
  <testcase name="VerifyTransferActionServiceOrder" time="11.862" classname="com.NexusPortalAutomation.TestCases.Java.TC0052_VerifyGlobalOptions_1"/>
</testsuite> <!-- com.NexusPortalAutomation.TestCases.Java.TC0052_VerifyGlobalOptions_1 -->
