<?xml version="1.0" encoding="UTF-8"?>
<!-- Generated by org.testng.reporters.JUnitReportReporter -->
<testsuite skipped="0" hostname="RND-BASE-A" name="com.NexusPortalAutomation.TestCases.Java.TC0020_verifyDrillbackServices" tests="1" failures="0" timestamp="04 Dec 2019 16:27:58 GMT" time="13.884" errors="0">
  <testcase name="TestDrillBackServices" time="13.884" classname="com.NexusPortalAutomation.TestCases.Java.TC0020_verifyDrillbackServices"/>
</testsuite> <!-- com.NexusPortalAutomation.TestCases.Java.TC0020_verifyDrillbackServices -->
