<?xml version="1.0" encoding="UTF-8"?>
<!-- Generated by org.testng.reporters.JUnitReportReporter -->
<testsuite skipped="0" hostname="RND-BASE-A" name="com.NexusPortalAutomation.TestCases.Java.TC0050_VerifyMoveiinCustomerAppearing" tests="1" failures="0" timestamp="27 Oct 2019 16:39:36 GMT" time="32.958" errors="0">
  <testcase name="VerifyTransferActionServiceOrder" time="32.958" classname="com.NexusPortalAutomation.TestCases.Java.TC0050_VerifyMoveiinCustomerAppearing"/>
</testsuite> <!-- com.NexusPortalAutomation.TestCases.Java.TC0050_VerifyMoveiinCustomerAppearing -->
