<?xml version="1.0" encoding="UTF-8"?>
<!-- Generated by org.testng.reporters.JUnitReportReporter -->
<testsuite skipped="0" hostname="RND-BASE-A" name="com.NexusPortalAutomation.TestCases.Java.TC0020_verifyDrillbackServices" tests="1" failures="0" timestamp="07 Jan 2020 18:56:46 GMT" time="11.900" errors="0">
  <testcase name="TestDrillBackServices" time="11.900" classname="com.NexusPortalAutomation.TestCases.Java.TC0020_verifyDrillbackServices"/>
</testsuite> <!-- com.NexusPortalAutomation.TestCases.Java.TC0020_verifyDrillbackServices -->
