<?xml version="1.0" encoding="UTF-8"?>
<!-- Generated by org.testng.reporters.JUnitReportReporter -->
<testsuite skipped="0" hostname="RND-BASE-A" name="com.NexusPortalAutomation.TestCases.Java.TC0002_VerifySignInbyName" tests="2" failures="0" timestamp="07 May 2019 13:04:58 GMT" time="69.089" errors="0">
  <testcase name="TestSearchAutobyFirstName" time="34.577" classname="com.NexusPortalAutomation.TestCases.Java.TC0002_VerifySignInbyName"/>
  <testcase name="TestSearchAutobyLastName" time="34.512" classname="com.NexusPortalAutomation.TestCases.Java.TC0002_VerifySignInbyName"/>
</testsuite> <!-- com.NexusPortalAutomation.TestCases.Java.TC0002_VerifySignInbyName -->
