<?xml version="1.0" encoding="UTF-8"?>
<!-- Generated by org.testng.reporters.JUnitReportReporter -->
<testsuite skipped="0" hostname="RND-BASE-A" name="com.NexusPortalAutomation.Utilities.Java.MySQLDataExec" tests="1" failures="0" timestamp="02 Jan 2020 18:56:23 GMT" time="0.368" errors="0">
  <testcase name="TestDEL" time="0.368" classname="com.NexusPortalAutomation.Utilities.Java.MySQLDataExec"/>
</testsuite> <!-- com.NexusPortalAutomation.Utilities.Java.MySQLDataExec -->
