<?xml version="1.0" encoding="UTF-8"?>
<!-- Generated by org.testng.reporters.JUnitReportReporter -->
<testsuite skipped="0" hostname="RND-BASE-A" name="com.NexusPortalAutomation.TestCases.Java.TC0053_VerifyGlobalOptions_pagetitle" tests="1" failures="0" timestamp="06 Jan 2020 13:58:37 GMT" time="12.592" errors="0">
  <testcase name="VerifyTransferActionServiceOrder" time="12.592" classname="com.NexusPortalAutomation.TestCases.Java.TC0053_VerifyGlobalOptions_pagetitle"/>
</testsuite> <!-- com.NexusPortalAutomation.TestCases.Java.TC0053_VerifyGlobalOptions_pagetitle -->
