<?xml version="1.0" encoding="UTF-8"?>
<!-- Generated by org.testng.reporters.JUnitReportReporter -->
<testsuite skipped="0" hostname="RND-BASE-A" name="com.NexusPortalAutomation.TestCases.Java.TC0008_VerifySignInbylocationID" tests="1" failures="0" timestamp="16 Oct 2019 19:05:59 GMT" time="12.844" errors="0">
  <testcase name="TestSearchbylocationID" time="12.844" classname="com.NexusPortalAutomation.TestCases.Java.TC0008_VerifySignInbylocationID"/>
</testsuite> <!-- com.NexusPortalAutomation.TestCases.Java.TC0008_VerifySignInbylocationID -->
