<?xml version="1.0" encoding="UTF-8"?>
<!-- Generated by org.testng.reporters.JUnitReportReporter -->
<testsuite skipped="0" hostname="RND-BASE-A" name="com.NexusPortalAutomation.TestCases.Java.TC0051_VerifyMasterIncludedLocations" tests="1" failures="0" timestamp="08 Jan 2020 14:35:22 GMT" time="9.958" errors="0">
  <testcase name="VerifyBillingDetails" time="9.958" classname="com.NexusPortalAutomation.TestCases.Java.TC0051_VerifyMasterIncludedLocations"/>
</testsuite> <!-- com.NexusPortalAutomation.TestCases.Java.TC0051_VerifyMasterIncludedLocations -->
