<?xml version="1.0" encoding="UTF-8"?>
<!-- Generated by org.testng.reporters.JUnitReportReporter -->
<testsuite skipped="0" hostname="RND-BASE-A" name="com.NexusPortalAutomation.TestCases.Java.TC0021_VerifyservicesOrderDetails" tests="1" failures="0" timestamp="07 Oct 2019 18:28:51 GMT" time="18.828" errors="0">
  <testcase name="TestserviceOrderDetails" time="18.828" classname="com.NexusPortalAutomation.TestCases.Java.TC0021_VerifyservicesOrderDetails"/>
</testsuite> <!-- com.NexusPortalAutomation.TestCases.Java.TC0021_VerifyservicesOrderDetails -->
