<?xml version="1.0" encoding="UTF-8"?>
<!-- Generated by org.testng.reporters.JUnitReportReporter -->
<testsuite skipped="0" hostname="RND-BASE-A" name="com.NexusPortalAutomation.TestCases.Java.TC0050_VerifyMoveiinCustomerAppearing" tests="1" failures="0" timestamp="02 Jan 2020 19:31:12 GMT" time="54.191" errors="0">
  <testcase name="VerifyTransferActionServiceOrder" time="54.191" classname="com.NexusPortalAutomation.TestCases.Java.TC0050_VerifyMoveiinCustomerAppearing"/>
</testsuite> <!-- com.NexusPortalAutomation.TestCases.Java.TC0050_VerifyMoveiinCustomerAppearing -->
