<?xml version="1.0" encoding="UTF-8"?>
<!-- Generated by org.testng.reporters.JUnitReportReporter -->
<testsuite skipped="0" hostname="RND-BASE-A" name="com.NexusPortalAutomation.apiTestCases.Java.TC0003_getlocationbycustomer" tests="1" failures="0" timestamp="22 Oct 2019 11:43:02 GMT" time="1.781" errors="0">
  <testcase name="testldefaultcustomerlocation" time="1.781" classname="com.NexusPortalAutomation.apiTestCases.Java.TC0003_getlocationbycustomer"/>
</testsuite> <!-- com.NexusPortalAutomation.apiTestCases.Java.TC0003_getlocationbycustomer -->
