<?xml version="1.0" encoding="UTF-8"?>
<!-- Generated by org.testng.reporters.JUnitReportReporter -->
<testsuite skipped="0" hostname="RND-BASE-A" name="com.NexusPortalAutomation.TestCases.Java.TC0015_VerifyContactLogs" tests="1" failures="0" timestamp="08 Jan 2020 17:12:14 GMT" time="10.830" errors="0">
  <testcase name="TestContactLogs" time="10.830" classname="com.NexusPortalAutomation.TestCases.Java.TC0015_VerifyContactLogs"/>
</testsuite> <!-- com.NexusPortalAutomation.TestCases.Java.TC0015_VerifyContactLogs -->
