<?xml version="1.0" encoding="UTF-8"?>
<!-- Generated by org.testng.reporters.JUnitReportReporter -->
<testsuite skipped="0" hostname="RND-BASE-A" name="com.NexusPortalAutomation.apiTestCases.Java.TC0003_getdefaultcustomerforlocation" tests="2" failures="0" timestamp="22 Oct 2019 12:06:34 GMT" time="4.912" errors="0">
  <testcase name="testldefaultcustomerlocation" time="4.226" classname="com.NexusPortalAutomation.apiTestCases.Java.TC0003_getdefaultcustomerforlocation"/>
  <testcase name="testldefaultcustomerlocationOverridden" time="0.686" classname="com.NexusPortalAutomation.apiTestCases.Java.TC0003_getdefaultcustomerforlocation"/>
</testsuite> <!-- com.NexusPortalAutomation.apiTestCases.Java.TC0003_getdefaultcustomerforlocation -->
