<?xml version="1.0" encoding="UTF-8"?>
<!-- Generated by org.testng.reporters.JUnitReportReporter -->
<testsuite skipped="0" hostname="RND-BASE-A" name="com.NexusPortalAutomation.TestCases.Java.TC0054_VerifyGlobalOptions_TransferTab" tests="1" failures="0" timestamp="07 Jan 2020 18:12:30 GMT" time="14.092" errors="0">
  <testcase name="VerifyTransferActionServiceOrder" time="14.092" classname="com.NexusPortalAutomation.TestCases.Java.TC0054_VerifyGlobalOptions_TransferTab"/>
</testsuite> <!-- com.NexusPortalAutomation.TestCases.Java.TC0054_VerifyGlobalOptions_TransferTab -->
