<?xml version="1.0" encoding="UTF-8"?>
<!-- Generated by org.testng.reporters.JUnitReportReporter -->
<testsuite skipped="0" hostname="RND-BASE-A" name="com.NexusPortalAutomation.apiTestCases.Java.TC0003_getdefaultcustomerforlocation" tests="2" failures="0" timestamp="02 Jan 2020 18:56:23 GMT" time="2.956" errors="0">
  <testcase name="testldefaultcustomerlocationOverridden" time="0.321" classname="com.NexusPortalAutomation.apiTestCases.Java.TC0003_getdefaultcustomerforlocation"/>
  <testcase name="testldefaultcustomerlocation" time="2.635" classname="com.NexusPortalAutomation.apiTestCases.Java.TC0003_getdefaultcustomerforlocation"/>
</testsuite> <!-- com.NexusPortalAutomation.apiTestCases.Java.TC0003_getdefaultcustomerforlocation -->
