<?xml version="1.0" encoding="UTF-8"?>
<!-- Generated by org.testng.reporters.JUnitReportReporter -->
<testsuite skipped="0" hostname="RND-BASE-A" name="com.NexusPortalAutomation.TestCases.Java.TC0034_VerifyAction_Transfers_Stack_TwoLocations" tests="1" failures="0" timestamp="08 Aug 2019 19:40:07 GMT" time="89.170" errors="0">
  <testcase name="VerifyTransferActionServiceOrder" time="89.170" classname="com.NexusPortalAutomation.TestCases.Java.TC0034_VerifyAction_Transfers_Stack_TwoLocations"/>
</testsuite> <!-- com.NexusPortalAutomation.TestCases.Java.TC0034_VerifyAction_Transfers_Stack_TwoLocations -->
