<?xml version="1.0" encoding="UTF-8"?>
<!-- Generated by org.testng.reporters.JUnitReportReporter -->
<testsuite skipped="0" hostname="RND-BASE-A" name="com.NexusPortalAutomation.TestCases.Java.TC0012_VerifyCreditStatus" tests="1" failures="0" timestamp="08 Jul 2019 18:24:59 GMT" time="26.400" errors="0">
  <testcase name="TestCreditStatus" time="26.400" classname="com.NexusPortalAutomation.TestCases.Java.TC0012_VerifyCreditStatus"/>
</testsuite> <!-- com.NexusPortalAutomation.TestCases.Java.TC0012_VerifyCreditStatus -->
