<?xml version="1.0" encoding="UTF-8"?>
<!-- Generated by org.testng.reporters.JUnitReportReporter -->
<testsuite skipped="0" hostname="RND-BASE-A" name="com.NexusPortalAutomation.TestCases.Java.TC0010_VerifyCustomerDetails" tests="1" failures="0" timestamp="05 Jul 2019 14:34:20 GMT" time="31.097" errors="0">
  <testcase name="TestCustomerDetails" time="31.097" classname="com.NexusPortalAutomation.TestCases.Java.TC0010_VerifyCustomerDetails"/>
</testsuite> <!-- com.NexusPortalAutomation.TestCases.Java.TC0010_VerifyCustomerDetails -->
