<?xml version="1.0" encoding="UTF-8"?>
<!-- Generated by org.testng.reporters.JUnitReportReporter -->
<testsuite skipped="0" hostname="RND-BASE-A" name="com.NexusPortalAutomation.TestCases.Java.TC0016_VerifyBillingDetails" tests="1" failures="0" timestamp="06 Aug 2019 15:37:52 GMT" time="37.554" errors="0">
  <testcase name="VerifyBillingDetails" time="37.554" classname="com.NexusPortalAutomation.TestCases.Java.TC0016_VerifyBillingDetails"/>
</testsuite> <!-- com.NexusPortalAutomation.TestCases.Java.TC0016_VerifyBillingDetails -->
