<?xml version="1.0" encoding="UTF-8"?>
<!-- Generated by org.testng.reporters.JUnitReportReporter -->
<testsuite skipped="0" hostname="RND-BASE-A" name="com.NexusPortalAutomation.TestCases.Java.TC0016_1_VerifyBillingDetails_EBill" tests="1" failures="0" timestamp="13 Sep 2019 11:33:20 GMT" time="42.535" errors="0">
  <testcase name="VerifyBillingDetails" time="42.535" classname="com.NexusPortalAutomation.TestCases.Java.TC0016_1_VerifyBillingDetails_EBill"/>
</testsuite> <!-- com.NexusPortalAutomation.TestCases.Java.TC0016_1_VerifyBillingDetails_EBill -->
