<?xml version="1.0" encoding="UTF-8"?>
<!-- Generated by org.testng.reporters.JUnitReportReporter -->
<testsuite skipped="0" hostname="RND-BASE-A" name="com.NexusPortalAutomation.TestCases.Java.TC0004_TestSearchbyRecentFunction" tests="1" failures="0" timestamp="24 Sep 2019 14:34:03 GMT" time="33.673" errors="0">
  <testcase name="TestSearchAutobyRecent" time="33.673" classname="com.NexusPortalAutomation.TestCases.Java.TC0004_TestSearchbyRecentFunction"/>
</testsuite> <!-- com.NexusPortalAutomation.TestCases.Java.TC0004_TestSearchbyRecentFunction -->
