<?xml version="1.0" encoding="UTF-8"?>
<!-- Generated by org.testng.reporters.JUnitReportReporter -->
<testsuite skipped="0" hostname="RND-BASE-A" name="com.NexusPortalAutomation.TestCases.Java.TC0005_TestSearchbyBookMarks" tests="1" failures="0" timestamp="12 Jun 2019 13:30:08 GMT" time="24.652" errors="0">
  <testcase name="TestSearchAutobyBookMark" time="24.652" classname="com.NexusPortalAutomation.TestCases.Java.TC0005_TestSearchbyBookMarks"/>
</testsuite> <!-- com.NexusPortalAutomation.TestCases.Java.TC0005_TestSearchbyBookMarks -->
