<?xml version="1.0" encoding="UTF-8"?>
<!-- Generated by org.testng.reporters.JUnitReportReporter -->
<testsuite skipped="0" hostname="RND-BASE-A" name="com.NexusPortalAutomation.TestCases.Java.TC0007_TestSummarySection" tests="1" failures="0" timestamp="14 Jun 2019 14:33:55 GMT" time="31.494" errors="0">
  <testcase name="TestSummarySectionOnChange" time="31.494" classname="com.NexusPortalAutomation.TestCases.Java.TC0007_TestSummarySection"/>
</testsuite> <!-- com.NexusPortalAutomation.TestCases.Java.TC0007_TestSummarySection -->
