<?xml version="1.0" encoding="UTF-8"?>
<!-- Generated by org.testng.reporters.JUnitReportReporter -->
<testsuite skipped="0" hostname="RND-BASE-A" name="com.NexusPortalAutomation.TestCases.Java.TC0010_2_verifyCustDetails_Blank" tests="1" failures="0" timestamp="10 Oct 2019 14:16:25 GMT" time="11.042" errors="0">
  <testcase name="TestCustomerDetails" time="11.042" classname="com.NexusPortalAutomation.TestCases.Java.TC0010_2_verifyCustDetails_Blank"/>
</testsuite> <!-- com.NexusPortalAutomation.TestCases.Java.TC0010_2_verifyCustDetails_Blank -->
