<?xml version="1.0" encoding="UTF-8"?>
<!-- Generated by org.testng.reporters.JUnitReportReporter -->
<testsuite skipped="0" hostname="RND-BASE-A" name="com.NexusPortalAutomation.TestCases.Java.TC0010_VerifyCustomerDetails" tests="1" failures="0" timestamp="17 Jul 2019 17:44:11 GMT" time="25.316" errors="0">
  <testcase name="TestCustomerDetails" time="25.316" classname="com.NexusPortalAutomation.TestCases.Java.TC0010_VerifyCustomerDetails"/>
</testsuite> <!-- com.NexusPortalAutomation.TestCases.Java.TC0010_VerifyCustomerDetails -->
