<?xml version="1.0" encoding="UTF-8"?>
<!-- Generated by org.testng.reporters.JUnitReportReporter -->
<testsuite skipped="0" hostname="RND-BASE-A" name="com.NexusPortalAutomation.TestCases.Java.TC0016_1_VerifyBillingDetails_EBill" tests="1" failures="0" timestamp="08 Oct 2019 14:53:51 GMT" time="20.037" errors="0">
  <testcase name="VerifyBillingDetails" time="20.037" classname="com.NexusPortalAutomation.TestCases.Java.TC0016_1_VerifyBillingDetails_EBill"/>
</testsuite> <!-- com.NexusPortalAutomation.TestCases.Java.TC0016_1_VerifyBillingDetails_EBill -->
