<?xml version="1.0" encoding="UTF-8"?>
<!-- Generated by org.testng.reporters.JUnitReportReporter -->
<testsuite skipped="0" hostname="RND-BASE-A" name="com.NexusPortalAutomation.TestCases.Java.TC0022_VerifyAction_ServiceOrder" tests="1" failures="0" timestamp="13 Sep 2019 11:33:18 GMT" time="34.495" errors="0">
  <testcase name="VerifyActionServiceOrder" time="34.495" classname="com.NexusPortalAutomation.TestCases.Java.TC0022_VerifyAction_ServiceOrder"/>
</testsuite> <!-- com.NexusPortalAutomation.TestCases.Java.TC0022_VerifyAction_ServiceOrder -->
