<?xml version="1.0" encoding="UTF-8"?>
<!-- Generated by org.testng.reporters.JUnitReportReporter -->
<testsuite skipped="0" hostname="RND-BASE-A" name="com.NexusPortalAutomation.TestCases.Java.TC0012_VerifyCreditStatus" tests="1" failures="0" timestamp="29 Aug 2019 12:21:06 GMT" time="63.786" errors="0">
  <testcase name="TestCreditStatus" time="63.786" classname="com.NexusPortalAutomation.TestCases.Java.TC0012_VerifyCreditStatus"/>
</testsuite> <!-- com.NexusPortalAutomation.TestCases.Java.TC0012_VerifyCreditStatus -->
