<?xml version="1.0" encoding="UTF-8"?>
<!-- Generated by org.testng.reporters.JUnitReportReporter -->
<testsuite skipped="0" hostname="RND-BASE-A" name="com.NexusPortalAutomation.TestCases.Java.TC0007_TestSummarySection" tests="1" failures="0" timestamp="18 Jul 2019 19:23:41 GMT" time="26.367" errors="0">
  <testcase name="TestSummarySectionOnChange" time="26.367" classname="com.NexusPortalAutomation.TestCases.Java.TC0007_TestSummarySection"/>
</testsuite> <!-- com.NexusPortalAutomation.TestCases.Java.TC0007_TestSummarySection -->
