<?xml version="1.0" encoding="UTF-8"?>
<!-- Generated by org.testng.reporters.JUnitReportReporter -->
<testsuite skipped="0" hostname="RND-BASE-A" name="com.NexusPortalAutomation.TestCases.Java.TC0018_VerifyDrillBacksGeneral" tests="1" failures="0" timestamp="16 Jul 2019 13:41:57 GMT" time="31.717" errors="0">
  <testcase name="VerifyDrillBacksGeneral" time="31.717" classname="com.NexusPortalAutomation.TestCases.Java.TC0018_VerifyDrillBacksGeneral"/>
</testsuite> <!-- com.NexusPortalAutomation.TestCases.Java.TC0018_VerifyDrillBacksGeneral -->
