<?xml version="1.0" encoding="UTF-8"?>
<!-- Generated by org.testng.reporters.JUnitReportReporter -->
<testsuite skipped="0" hostname="RND-BASE-A" name="com.NexusPortalAutomation.TestCases.Java.TC0010_verifyCustDetails" tests="1" failures="0" timestamp="02 Oct 2019 18:48:13 GMT" time="13.334" errors="0">
  <testcase name="TestCustomerDetails" time="13.334" classname="com.NexusPortalAutomation.TestCases.Java.TC0010_verifyCustDetails"/>
</testsuite> <!-- com.NexusPortalAutomation.TestCases.Java.TC0010_verifyCustDetails -->
