<?xml version="1.0" encoding="UTF-8"?>
<!-- Generated by org.testng.reporters.JUnitReportReporter -->
<testsuite skipped="0" hostname="RND-BASE-A" name="com.NexusPortalAutomation.TestCases.Java.TC0028_TestEnhancedNotes" tests="1" failures="0" timestamp="30 Aug 2019 14:39:32 GMT" time="28.795" errors="0">
  <testcase name="TestSearchAutobyFirstName" time="28.795" classname="com.NexusPortalAutomation.TestCases.Java.TC0028_TestEnhancedNotes"/>
</testsuite> <!-- com.NexusPortalAutomation.TestCases.Java.TC0028_TestEnhancedNotes -->
