<?xml version="1.0" encoding="UTF-8"?>
<!-- Generated by org.testng.reporters.JUnitReportReporter -->
<testsuite skipped="0" hostname="RND-BASE-A" name="com.NexusPortalAutomation.TestCases.Java.TC0003_TestSearchAutobyLastName" tests="1" failures="0" timestamp="22 Aug 2019 18:25:15 GMT" time="26.426" errors="0">
  <testcase name="TestSearchAutobyLastName" time="26.426" classname="com.NexusPortalAutomation.TestCases.Java.TC0003_TestSearchAutobyLastName"/>
</testsuite> <!-- com.NexusPortalAutomation.TestCases.Java.TC0003_TestSearchAutobyLastName -->
