<?xml version="1.0" encoding="UTF-8"?>
<!-- Generated by org.testng.reporters.JUnitReportReporter -->
<testsuite skipped="0" hostname="RND-BASE-A" name="com.NexusPortalAutomation.TestCases.Java.TC0001_VerifySignInbyID" tests="1" failures="0" timestamp="24 Sep 2019 14:34:03 GMT" time="13.624" errors="0">
  <testcase name="VerifySignInbyID" time="13.624" classname="com.NexusPortalAutomation.TestCases.Java.TC0001_VerifySignInbyID"/>
</testsuite> <!-- com.NexusPortalAutomation.TestCases.Java.TC0001_VerifySignInbyID -->
