<?xml version="1.0" encoding="UTF-8"?>
<!-- Generated by org.testng.reporters.JUnitReportReporter -->
<testsuite skipped="0" hostname="RND-BASE-A" name="com.NexusPortalAutomation.TestCases.Java.TC0025_VerifyAction_Transfers" tests="1" failures="0" timestamp="17 Jul 2019 15:04:24 GMT" time="65.982" errors="0">
  <testcase name="VerifyActionServiceOrder" time="65.982" classname="com.NexusPortalAutomation.TestCases.Java.TC0025_VerifyAction_Transfers"/>
</testsuite> <!-- com.NexusPortalAutomation.TestCases.Java.TC0025_VerifyAction_Transfers -->
