<?xml version="1.0" encoding="UTF-8"?>
<!-- Generated by org.testng.reporters.JUnitReportReporter -->
<testsuite skipped="0" hostname="RND-BASE-A" name="com.NexusPortalAutomation.TestCases.Java.TC0016_VerifyBillingDetails" tests="1" failures="0" timestamp="30 Jul 2019 14:10:11 GMT" time="22.059" errors="0">
  <testcase name="VerifyBillingDetails" time="22.059" classname="com.NexusPortalAutomation.TestCases.Java.TC0016_VerifyBillingDetails"/>
</testsuite> <!-- com.NexusPortalAutomation.TestCases.Java.TC0016_VerifyBillingDetails -->
