<?xml version="1.0" encoding="UTF-8"?>
<!-- Generated by org.testng.reporters.JUnitReportReporter -->
<testsuite skipped="0" hostname="RND-BASE-A" name="com.NexusPortalAutomation.TestCases.Java.TC0002_TestSearchAutobyFirstName" tests="1" failures="0" timestamp="08 Jul 2019 18:24:59 GMT" time="25.190" errors="0">
  <testcase name="TestSearchAutobyFirstName" time="25.190" classname="com.NexusPortalAutomation.TestCases.Java.TC0002_TestSearchAutobyFirstName"/>
</testsuite> <!-- com.NexusPortalAutomation.TestCases.Java.TC0002_TestSearchAutobyFirstName -->
