<?xml version="1.0" encoding="UTF-8"?>
<!-- Generated by org.testng.reporters.JUnitReportReporter -->
<testsuite skipped="0" hostname="RND-BASE-A" name="com.NexusPortalAutomation.TestCases.Java.TC0036_VerifyAction_Transfers_StartService" tests="1" failures="0" timestamp="24 Sep 2019 14:34:03 GMT" time="53.271" errors="0">
  <testcase name="VerifyTransferActionServiceOrder" time="53.271" classname="com.NexusPortalAutomation.TestCases.Java.TC0036_VerifyAction_Transfers_StartService"/>
</testsuite> <!-- com.NexusPortalAutomation.TestCases.Java.TC0036_VerifyAction_Transfers_StartService -->
