<?xml version="1.0" encoding="UTF-8"?>
<!-- Generated by org.testng.reporters.JUnitReportReporter -->
<testsuite skipped="0" hostname="RND-BASE-A" name="com.NexusPortalAutomation.TestCases.Java.TC0018_verifyDrillbacksGeneral" tests="1" failures="0" timestamp="14 Oct 2019 12:02:46 GMT" time="29.877" errors="0">
  <testcase name="verifyDrillbacksGeneral" time="29.877" classname="com.NexusPortalAutomation.TestCases.Java.TC0018_verifyDrillbacksGeneral"/>
</testsuite> <!-- com.NexusPortalAutomation.TestCases.Java.TC0018_verifyDrillbacksGeneral -->
