<?xml version="1.0" encoding="UTF-8"?>
<!-- Generated by org.testng.reporters.JUnitReportReporter -->
<testsuite skipped="0" hostname="RND-BASE-A" name="com.NexusPortalAutomation.TestCases.Java.TC0006_TestAlertOnLoad" tests="1" failures="0" timestamp="29 Aug 2019 14:37:31 GMT" time="24.556" errors="0">
  <testcase name="TestSearchAlertOnLoad" time="24.556" classname="com.NexusPortalAutomation.TestCases.Java.TC0006_TestAlertOnLoad"/>
</testsuite> <!-- com.NexusPortalAutomation.TestCases.Java.TC0006_TestAlertOnLoad -->
