<?xml version="1.0" encoding="UTF-8"?>
<!-- Generated by org.testng.reporters.JUnitReportReporter -->
<testsuite skipped="0" hostname="RND-BASE-A" name="com.NexusPortalAutomation.TestCases.Java.TC0010_VerifyCustomerDetails" tests="1" failures="0" timestamp="03 Jun 2019 17:51:19 GMT" time="24.445" errors="0">
  <testcase name="TestCustomerDetails" time="24.445" classname="com.NexusPortalAutomation.TestCases.Java.TC0010_VerifyCustomerDetails"/>
</testsuite> <!-- com.NexusPortalAutomation.TestCases.Java.TC0010_VerifyCustomerDetails -->
