<?xml version="1.0" encoding="UTF-8"?>
<!-- Generated by org.testng.reporters.JUnitReportReporter -->
<testsuite skipped="0" hostname="RND-BASE-A" name="com.NexusPortalAutomation.TestCases.Java.TC0029_VerifyAction_Transfers_Scheduled" tests="1" failures="0" timestamp="29 Aug 2019 14:37:31 GMT" time="62.778" errors="0">
  <testcase name="VerifyActionServiceOrder" time="62.778" classname="com.NexusPortalAutomation.TestCases.Java.TC0029_VerifyAction_Transfers_Scheduled"/>
</testsuite> <!-- com.NexusPortalAutomation.TestCases.Java.TC0029_VerifyAction_Transfers_Scheduled -->
