<?xml version="1.0" encoding="UTF-8"?>
<!-- Generated by org.testng.reporters.JUnitReportReporter -->
<testsuite skipped="0" hostname="RND-BASE-A" name="com.NexusPortalAutomation.TestCases.Java.TC0014_VerifySecondaryContact" tests="1" failures="0" timestamp="17 Sep 2019 19:11:25 GMT" time="35.636" errors="0">
  <testcase name="TestSecondayContact" time="35.636" classname="com.NexusPortalAutomation.TestCases.Java.TC0014_VerifySecondaryContact"/>
</testsuite> <!-- com.NexusPortalAutomation.TestCases.Java.TC0014_VerifySecondaryContact -->
