<?xml version="1.0" encoding="UTF-8"?>
<!-- Generated by org.testng.reporters.JUnitReportReporter -->
<testsuite skipped="0" hostname="RND-BASE-A" name="com.NexusPortalAutomation.TestCases.Java.TC0009_VerifyAccountSearch" tests="1" failures="0" timestamp="18 Jul 2019 19:23:41 GMT" time="25.257" errors="0">
  <testcase name="TestSearchAccount" time="25.257" classname="com.NexusPortalAutomation.TestCases.Java.TC0009_VerifyAccountSearch"/>
</testsuite> <!-- com.NexusPortalAutomation.TestCases.Java.TC0009_VerifyAccountSearch -->
