<?xml version="1.0" encoding="UTF-8"?>
<!-- Generated by org.testng.reporters.JUnitReportReporter -->
<testsuite skipped="0" hostname="RND-BASE-A" name="com.NexusPortalAutomation.TestCases.Java.TC0019_VerifyDrillBackTransactions" tests="1" failures="0" timestamp="13 Jun 2019 16:34:51 GMT" time="32.188" errors="0">
  <testcase name="TestSecondayContact" time="32.188" classname="com.NexusPortalAutomation.TestCases.Java.TC0019_VerifyDrillBackTransactions"/>
</testsuite> <!-- com.NexusPortalAutomation.TestCases.Java.TC0019_VerifyDrillBackTransactions -->
