<?xml version="1.0" encoding="UTF-8"?>
<!-- Generated by org.testng.reporters.JUnitReportReporter -->
<testsuite skipped="0" hostname="RND-BASE-A" name="com.NexusPortalAutomation.TestCases.Java.TC0019_verifyDrillbackTransactions" tests="1" failures="0" timestamp="08 Oct 2019 14:53:51 GMT" time="16.172" errors="0">
  <testcase name="verifyDrillbackTransactions" time="16.172" classname="com.NexusPortalAutomation.TestCases.Java.TC0019_verifyDrillbackTransactions"/>
</testsuite> <!-- com.NexusPortalAutomation.TestCases.Java.TC0019_verifyDrillbackTransactions -->
