<?xml version="1.0" encoding="UTF-8"?>
<!-- Generated by org.testng.reporters.JUnitReportReporter -->
<testsuite skipped="0" hostname="RND-BASE-A" name="com.NexusPortalAutomation.TestCases.Java.TC0035_VerifyAction_Transfers_StopService" tests="1" failures="0" timestamp="10 Oct 2019 14:16:25 GMT" time="65.452" errors="0">
  <testcase name="VerifyAction_Transfers_StopService" time="65.452" classname="com.NexusPortalAutomation.TestCases.Java.TC0035_VerifyAction_Transfers_StopService"/>
</testsuite> <!-- com.NexusPortalAutomation.TestCases.Java.TC0035_VerifyAction_Transfers_StopService -->
