<?xml version="1.0" encoding="UTF-8"?>
<!-- Generated by org.testng.reporters.JUnitReportReporter -->
<testsuite skipped="0" hostname="RND-BASE-A" name="com.NexusPortalAutomation.TestCases.Java.TC0011_VerifyBookMark" tests="1" failures="0" timestamp="13 Jun 2019 16:34:51 GMT" time="59.523" errors="0">
  <testcase name="TestBookMark" time="59.523" classname="com.NexusPortalAutomation.TestCases.Java.TC0011_VerifyBookMark"/>
</testsuite> <!-- com.NexusPortalAutomation.TestCases.Java.TC0011_VerifyBookMark -->
