<?xml version="1.0" encoding="UTF-8"?>
<!-- Generated by org.testng.reporters.JUnitReportReporter -->
<testsuite skipped="0" hostname="RND-BASE-A" name="com.NexusPortalAutomation.TestCases.Java.TC0009_VerifyAccountSearch" tests="1" failures="0" timestamp="12 Jun 2019 19:36:09 GMT" time="29.078" errors="0">
  <testcase name="TestSearchAccount" time="29.078" classname="com.NexusPortalAutomation.TestCases.Java.TC0009_VerifyAccountSearch"/>
</testsuite> <!-- com.NexusPortalAutomation.TestCases.Java.TC0009_VerifyAccountSearch -->
