<?xml version="1.0" encoding="UTF-8"?>
<!-- Generated by org.testng.reporters.JUnitReportReporter -->
<testsuite skipped="0" hostname="RND-BASE-A" name="com.NexusPortalAutomation.TestCases.Java.TC0018_verifyDrillbacksGeneral" tests="1" failures="0" timestamp="11 Sep 2019 17:00:42 GMT" time="28.895" errors="0">
  <testcase name="verifyDrillbacksGeneral" time="28.895" classname="com.NexusPortalAutomation.TestCases.Java.TC0018_verifyDrillbacksGeneral"/>
</testsuite> <!-- com.NexusPortalAutomation.TestCases.Java.TC0018_verifyDrillbacksGeneral -->
