<?xml version="1.0" encoding="UTF-8"?>
<!-- Generated by org.testng.reporters.JUnitReportReporter -->
<testsuite skipped="0" hostname="RND-BASE-A" name="com.NexusPortalAutomation.TestCases.Java.TC0018_VerifyDrillBacksGeneral" tests="1" failures="0" timestamp="22 Aug 2019 18:25:15 GMT" time="32.470" errors="0">
  <testcase name="VerifyDrillBacksGeneral" time="32.470" classname="com.NexusPortalAutomation.TestCases.Java.TC0018_VerifyDrillBacksGeneral"/>
</testsuite> <!-- com.NexusPortalAutomation.TestCases.Java.TC0018_VerifyDrillBacksGeneral -->
