<?xml version="1.0" encoding="UTF-8"?>
<!-- Generated by org.testng.reporters.JUnitReportReporter -->
<testsuite skipped="0" hostname="RND-BASE-A" name="com.NexusPortalAutomation.TestCases.Java.TC0016_1_VerifyBillingDetails_EBill" tests="1" failures="0" timestamp="27 Sep 2019 14:18:56 GMT" time="21.801" errors="0">
  <testcase name="VerifyBillingDetails" time="21.801" classname="com.NexusPortalAutomation.TestCases.Java.TC0016_1_VerifyBillingDetails_EBill"/>
</testsuite> <!-- com.NexusPortalAutomation.TestCases.Java.TC0016_1_VerifyBillingDetails_EBill -->
