<?xml version="1.0" encoding="UTF-8"?>
<!-- Generated by org.testng.reporters.JUnitReportReporter -->
<testsuite skipped="0" hostname="RND-BASE-A" name="com.NexusPortalAutomation.TestCases.Java.TC0017_StatementsValue" tests="1" failures="0" timestamp="03 Jun 2019 12:31:04 GMT" time="29.831" errors="0">
  <testcase name="TestBillingStatements" time="29.831" classname="com.NexusPortalAutomation.TestCases.Java.TC0017_StatementsValue"/>
</testsuite> <!-- com.NexusPortalAutomation.TestCases.Java.TC0017_StatementsValue -->
