<?xml version="1.0" encoding="UTF-8"?>
<!-- Generated by org.testng.reporters.JUnitReportReporter -->
<testsuite skipped="0" hostname="RND-BASE-A" name="com.NexusPortalAutomation.TestCases.Java.TC0016_VerifyBillingDetails" tests="1" failures="0" timestamp="17 Sep 2019 17:41:44 GMT" time="29.174" errors="0">
  <testcase name="VerifyBillingDetails" time="29.174" classname="com.NexusPortalAutomation.TestCases.Java.TC0016_VerifyBillingDetails"/>
</testsuite> <!-- com.NexusPortalAutomation.TestCases.Java.TC0016_VerifyBillingDetails -->
