<?xml version="1.0" encoding="UTF-8"?>
<!-- Generated by org.testng.reporters.JUnitReportReporter -->
<testsuite skipped="0" hostname="RND-BASE-A" name="com.NexusPortalAutomation.TestCases.Java.TC0012_VerifyCreditStatus" tests="1" failures="0" timestamp="11 Jul 2019 17:11:59 GMT" time="26.157" errors="0">
  <testcase name="TestCreditStatus" time="26.157" classname="com.NexusPortalAutomation.TestCases.Java.TC0012_VerifyCreditStatus"/>
</testsuite> <!-- com.NexusPortalAutomation.TestCases.Java.TC0012_VerifyCreditStatus -->
