<?xml version="1.0" encoding="UTF-8"?>
<!-- Generated by org.testng.reporters.JUnitReportReporter -->
<testsuite skipped="0" hostname="RND-BASE-A" name="com.NexusPortalAutomation.TestCases.Java.TC0005_TestSearchbyBookMarks" tests="1" failures="0" timestamp="13 Jun 2019 16:34:51 GMT" time="23.964" errors="0">
  <testcase name="TestSearchAutobyBookMark" time="23.964" classname="com.NexusPortalAutomation.TestCases.Java.TC0005_TestSearchbyBookMarks"/>
</testsuite> <!-- com.NexusPortalAutomation.TestCases.Java.TC0005_TestSearchbyBookMarks -->
