<?xml version="1.0" encoding="UTF-8"?>
<!-- Generated by org.testng.reporters.JUnitReportReporter -->
<testsuite skipped="0" hostname="RND-BASE-A" name="com.NexusPortalAutomation.TestCases.Java.TC0021_VerifyServicesOrderDetails" tests="1" failures="0" timestamp="29 Aug 2019 14:37:31 GMT" time="32.741" errors="0">
  <testcase name="TestServiceOrderDetails" time="32.741" classname="com.NexusPortalAutomation.TestCases.Java.TC0021_VerifyServicesOrderDetails"/>
</testsuite> <!-- com.NexusPortalAutomation.TestCases.Java.TC0021_VerifyServicesOrderDetails -->
