<?xml version="1.0" encoding="UTF-8"?>
<!-- Generated by org.testng.reporters.JUnitReportReporter -->
<testsuite skipped="0" hostname="RND-BASE-A" name="com.NexusPortalAutomation.TestCases.Java.TC0021_VerifyServicesOrderDetails" tests="1" failures="0" timestamp="30 Aug 2019 14:39:33 GMT" time="33.055" errors="0">
  <testcase name="TestServiceOrderDetails" time="33.055" classname="com.NexusPortalAutomation.TestCases.Java.TC0021_VerifyServicesOrderDetails"/>
</testsuite> <!-- com.NexusPortalAutomation.TestCases.Java.TC0021_VerifyServicesOrderDetails -->
