<?xml version="1.0" encoding="UTF-8"?>
<!-- Generated by org.testng.reporters.JUnitReportReporter -->
<testsuite skipped="0" hostname="RND-BASE-A" name="com.NexusPortalAutomation.TestCases.Java.TC0006_TestAlertOnLoad" tests="1" failures="0" timestamp="30 May 2019 17:22:38 GMT" time="22.855" errors="0">
  <testcase name="TestSearchAlertOnLoad" time="22.855" classname="com.NexusPortalAutomation.TestCases.Java.TC0006_TestAlertOnLoad"/>
</testsuite> <!-- com.NexusPortalAutomation.TestCases.Java.TC0006_TestAlertOnLoad -->
