<?xml version="1.0" encoding="UTF-8"?>
<!-- Generated by org.testng.reporters.JUnitReportReporter -->
<testsuite skipped="0" hostname="RND-BASE-A" name="com.NexusPortalAutomation.TestCases.Java.TC0007_TestSummarySection" tests="1" failures="0" timestamp="16 Jul 2019 13:41:57 GMT" time="25.068" errors="0">
  <testcase name="TestSummarySectionOnChange" time="25.068" classname="com.NexusPortalAutomation.TestCases.Java.TC0007_TestSummarySection"/>
</testsuite> <!-- com.NexusPortalAutomation.TestCases.Java.TC0007_TestSummarySection -->
