<?xml version="1.0" encoding="UTF-8"?>
<!-- Generated by org.testng.reporters.JUnitReportReporter -->
<testsuite skipped="0" hostname="RND-BASE-A" name="com.NexusPortalAutomation.TestCases.Java.TC0020_VerifyDrillBackServices" tests="1" failures="0" timestamp="08 Aug 2019 19:40:07 GMT" time="25.772" errors="0">
  <testcase name="TestDrillBackServices" time="25.772" classname="com.NexusPortalAutomation.TestCases.Java.TC0020_VerifyDrillBackServices"/>
</testsuite> <!-- com.NexusPortalAutomation.TestCases.Java.TC0020_VerifyDrillBackServices -->
