<?xml version="1.0" encoding="UTF-8"?>
<!-- Generated by org.testng.reporters.JUnitReportReporter -->
<testsuite skipped="0" hostname="RND-BASE-A" name="com.NexusPortalAutomation.TestCases.Java.TC0017_StatementsValue" tests="1" failures="0" timestamp="30 Jul 2019 14:10:11 GMT" time="20.598" errors="0">
  <testcase name="TestBillingStatements" time="20.598" classname="com.NexusPortalAutomation.TestCases.Java.TC0017_StatementsValue"/>
</testsuite> <!-- com.NexusPortalAutomation.TestCases.Java.TC0017_StatementsValue -->
