<?xml version="1.0" encoding="UTF-8"?>
<!-- Generated by org.testng.reporters.JUnitReportReporter -->
<testsuite skipped="0" hostname="RND-BASE-A" name="com.NexusPortalAutomation.TestCases.Java.TC0010_verifyCustDetails" tests="1" failures="0" timestamp="17 Sep 2019 17:41:44 GMT" time="23.545" errors="0">
  <testcase name="TestCustomerDetails" time="23.545" classname="com.NexusPortalAutomation.TestCases.Java.TC0010_verifyCustDetails"/>
</testsuite> <!-- com.NexusPortalAutomation.TestCases.Java.TC0010_verifyCustDetails -->
