<?xml version="1.0" encoding="UTF-8"?>
<!-- Generated by org.testng.reporters.JUnitReportReporter -->
<testsuite skipped="0" hostname="RND-BASE-A" name="com.NexusPortalAutomation.TestCases.Java.TC0019_VerifyDrillBackTransactions" tests="1" failures="0" timestamp="01 Aug 2019 17:12:47 GMT" time="24.263" errors="0">
  <testcase name="VerifyDrillBackTransactions" time="24.263" classname="com.NexusPortalAutomation.TestCases.Java.TC0019_VerifyDrillBackTransactions"/>
</testsuite> <!-- com.NexusPortalAutomation.TestCases.Java.TC0019_VerifyDrillBackTransactions -->
