<?xml version="1.0" encoding="UTF-8"?>
<!-- Generated by org.testng.reporters.JUnitReportReporter -->
<testsuite skipped="0" hostname="RND-BASE-A" name="com.NexusPortalAutomation.TestCases.Java.TC0010_VerifyCustomerDetails" tests="1" failures="0" timestamp="30 May 2019 17:22:39 GMT" time="23.120" errors="0">
  <testcase name="TestCustomerDetails" time="23.120" classname="com.NexusPortalAutomation.TestCases.Java.TC0010_VerifyCustomerDetails"/>
</testsuite> <!-- com.NexusPortalAutomation.TestCases.Java.TC0010_VerifyCustomerDetails -->
