<?xml version="1.0" encoding="UTF-8"?>
<!-- Generated by org.testng.reporters.JUnitReportReporter -->
<testsuite skipped="0" hostname="RND-BASE-A" name="com.NexusPortalAutomation.TestCases.Java.TC0013_VerifyContactEdit" tests="1" failures="0" timestamp="22 Aug 2019 18:25:15 GMT" time="33.634" errors="0">
  <testcase name="TestContactEdit" time="33.634" classname="com.NexusPortalAutomation.TestCases.Java.TC0013_VerifyContactEdit"/>
</testsuite> <!-- com.NexusPortalAutomation.TestCases.Java.TC0013_VerifyContactEdit -->
