<?xml version="1.0" encoding="UTF-8"?>
<!-- Generated by org.testng.reporters.JUnitReportReporter -->
<testsuite skipped="0" hostname="RND-BASE-A" name="com.NexusPortalAutomation.TestCases.Java.TC0020_VerifyDrillBackServices" tests="1" failures="0" timestamp="04 Jul 2019 18:19:42 GMT" time="24.209" errors="0">
  <testcase name="TestDrillBackServices" time="24.209" classname="com.NexusPortalAutomation.TestCases.Java.TC0020_VerifyDrillBackServices"/>
</testsuite> <!-- com.NexusPortalAutomation.TestCases.Java.TC0020_VerifyDrillBackServices -->
