<?xml version="1.0" encoding="UTF-8"?>
<!-- Generated by org.testng.reporters.JUnitReportReporter -->
<testsuite skipped="0" hostname="RND-BASE-A" name="com.NexusPortalAutomation.TestCases.Java.TC0018_VerifyDrillBacksGeneral" tests="1" failures="0" timestamp="30 Aug 2019 14:39:33 GMT" time="42.568" errors="0">
  <testcase name="VerifyDrillBacksGeneral" time="42.568" classname="com.NexusPortalAutomation.TestCases.Java.TC0018_VerifyDrillBacksGeneral"/>
</testsuite> <!-- com.NexusPortalAutomation.TestCases.Java.TC0018_VerifyDrillBacksGeneral -->
