<?xml version="1.0" encoding="UTF-8"?>
<!-- Generated by org.testng.reporters.JUnitReportReporter -->
<testsuite skipped="0" hostname="RND-BASE-A" name="com.NexusPortalAutomation.TestCases.Java.TC0012_verifyCreditStatusStatus" tests="1" failures="0" timestamp="11 Sep 2019 17:00:42 GMT" time="48.384" errors="0">
  <testcase name="TestCreditStatus" time="48.384" classname="com.NexusPortalAutomation.TestCases.Java.TC0012_verifyCreditStatusStatus"/>
</testsuite> <!-- com.NexusPortalAutomation.TestCases.Java.TC0012_verifyCreditStatusStatus -->
