<?xml version="1.0" encoding="UTF-8"?>
<!-- Generated by org.testng.reporters.JUnitReportReporter -->
<testsuite skipped="0" hostname="RND-BASE-A" name="com.NexusPortalAutomation.TestCases.Java.TC0003_TestSearchAutobyLastName" tests="1" failures="0" timestamp="04 Jul 2019 18:19:42 GMT" time="21.453" errors="0">
  <testcase name="TestSearchAutobyLastName" time="21.453" classname="com.NexusPortalAutomation.TestCases.Java.TC0003_TestSearchAutobyLastName"/>
</testsuite> <!-- com.NexusPortalAutomation.TestCases.Java.TC0003_TestSearchAutobyLastName -->
