<?xml version="1.0" encoding="UTF-8"?>
<!-- Generated by org.testng.reporters.JUnitReportReporter -->
<testsuite skipped="0" hostname="RND-BASE-A" name="com.NexusPortalAutomation.TestCases.Java.TC0021_VerifyServicesOrderDetails" tests="1" failures="0" timestamp="11 Jul 2019 17:11:59 GMT" time="20.482" errors="0">
  <testcase name="TestServiceOrderDetails" time="20.482" classname="com.NexusPortalAutomation.TestCases.Java.TC0021_VerifyServicesOrderDetails"/>
</testsuite> <!-- com.NexusPortalAutomation.TestCases.Java.TC0021_VerifyServicesOrderDetails -->
