<?xml version="1.0" encoding="UTF-8"?>
<!-- Generated by org.testng.reporters.JUnitReportReporter -->
<testsuite skipped="0" hostname="RND-BASE-A" name="com.NexusPortalAutomation.TestCases.Java.TC0042_1_Transactions_OrderbyDueBilled" tests="1" failures="0" timestamp="10 Oct 2019 14:16:25 GMT" time="22.259" errors="0">
  <testcase name="VerifyTransactionsSaperatebill_saperate" time="22.259" classname="com.NexusPortalAutomation.TestCases.Java.TC0042_1_Transactions_OrderbyDueBilled"/>
</testsuite> <!-- com.NexusPortalAutomation.TestCases.Java.TC0042_1_Transactions_OrderbyDueBilled -->
