<?xml version="1.0" encoding="UTF-8"?>
<!-- Generated by org.testng.reporters.JUnitReportReporter -->
<testsuite skipped="0" hostname="RND-BASE-A" name="com.NexusPortalAutomation.TestCases.Java.TC0008_VerifySignInbyLocationID" tests="1" failures="0" timestamp="27 May 2019 17:16:11 GMT" time="20.468" errors="0">
  <testcase name="TestSearchbyLocationID" time="20.468" classname="com.NexusPortalAutomation.TestCases.Java.TC0008_VerifySignInbyLocationID"/>
</testsuite> <!-- com.NexusPortalAutomation.TestCases.Java.TC0008_VerifySignInbyLocationID -->
