<?xml version="1.0" encoding="UTF-8"?>
<!-- Generated by org.testng.reporters.JUnitReportReporter -->
<testsuite skipped="0" hostname="RND-BASE-A" name="com.NexusPortalAutomation.TestCases.Java.TC0010_1_verifyCustDetails_Business" tests="1" failures="0" timestamp="13 Sep 2019 11:33:15 GMT" time="25.240" errors="0">
  <testcase name="TestCustomerDetails" time="25.240" classname="com.NexusPortalAutomation.TestCases.Java.TC0010_1_verifyCustDetails_Business"/>
</testsuite> <!-- com.NexusPortalAutomation.TestCases.Java.TC0010_1_verifyCustDetails_Business -->
