<?xml version="1.0" encoding="UTF-8"?>
<!-- Generated by org.testng.reporters.JUnitReportReporter -->
<testsuite skipped="0" hostname="RND-BASE-A" name="com.NexusPortalAutomation.TestCases.Java.TC0035_VerifyAction_Transfers_StopService" tests="1" failures="0" timestamp="02 Oct 2019 18:48:13 GMT" time="45.930" errors="0">
  <testcase name="VerifyAction_Transfers_StopService" time="45.930" classname="com.NexusPortalAutomation.TestCases.Java.TC0035_VerifyAction_Transfers_StopService"/>
</testsuite> <!-- com.NexusPortalAutomation.TestCases.Java.TC0035_VerifyAction_Transfers_StopService -->
