<?xml version="1.0" encoding="UTF-8"?>
<!-- Generated by org.testng.reporters.JUnitReportReporter -->
<testsuite skipped="0" hostname="RND-BASE-A" name="com.NexusPortalAutomation.TestCases.Java.TC0005_TestBookMarks" tests="1" failures="0" timestamp="09 Oct 2019 19:52:19 GMT" time="14.161" errors="0">
  <testcase name="TestSearchAutobyBookMark" time="14.161" classname="com.NexusPortalAutomation.TestCases.Java.TC0005_TestBookMarks"/>
</testsuite> <!-- com.NexusPortalAutomation.TestCases.Java.TC0005_TestBookMarks -->
