<?xml version="1.0" encoding="UTF-8"?>
<!-- Generated by org.testng.reporters.JUnitReportReporter -->
<testsuite skipped="0" hostname="RND-BASE-A" name="com.NexusPortalAutomation.TestCases.Java.TC0019_VerifyDrillBackTransactions" tests="1" failures="0" timestamp="17 Jul 2019 18:01:41 GMT" time="26.916" errors="0">
  <testcase name="VerifyDrillBackTransactions" time="26.916" classname="com.NexusPortalAutomation.TestCases.Java.TC0019_VerifyDrillBackTransactions"/>
</testsuite> <!-- com.NexusPortalAutomation.TestCases.Java.TC0019_VerifyDrillBackTransactions -->
