<?xml version="1.0" encoding="UTF-8"?>
<!-- Generated by org.testng.reporters.JUnitReportReporter -->
<testsuite skipped="0" hostname="RND-BASE-A" name="com.NexusPortalAutomation.TestCases.Java.TC0021_VerifyservicesOrderDetails" tests="1" failures="0" timestamp="17 Sep 2019 19:11:25 GMT" time="36.466" errors="0">
  <testcase name="TestserviceOrderDetails" time="36.466" classname="com.NexusPortalAutomation.TestCases.Java.TC0021_VerifyservicesOrderDetails"/>
</testsuite> <!-- com.NexusPortalAutomation.TestCases.Java.TC0021_VerifyservicesOrderDetails -->
