<?xml version="1.0" encoding="UTF-8"?>
<!-- Generated by org.testng.reporters.JUnitReportReporter -->
<testsuite skipped="0" hostname="RND-BASE-A" name="com.NexusPortalAutomation.TestCases.Java.TC0027_VerifyAction_Transfers_StopService" tests="1" failures="0" timestamp="18 Jul 2019 18:38:53 GMT" time="37.759" errors="0">
  <testcase name="VerifyActionServiceOrder" time="37.759" classname="com.NexusPortalAutomation.TestCases.Java.TC0027_VerifyAction_Transfers_StopService"/>
</testsuite> <!-- com.NexusPortalAutomation.TestCases.Java.TC0027_VerifyAction_Transfers_StopService -->
