<?xml version="1.0" encoding="UTF-8"?>
<!-- Generated by org.testng.reporters.JUnitReportReporter -->
<testsuite skipped="0" hostname="RND-BASE-A" name="com.NexusPortalAutomation.TestCases.Java.TC0027_VerifyAction_Transfers_StopService" tests="1" failures="0" timestamp="17 Jul 2019 15:04:24 GMT" time="59.690" errors="0">
  <testcase name="VerifyActionServiceOrder" time="59.690" classname="com.NexusPortalAutomation.TestCases.Java.TC0027_VerifyAction_Transfers_StopService"/>
</testsuite> <!-- com.NexusPortalAutomation.TestCases.Java.TC0027_VerifyAction_Transfers_StopService -->
