<?xml version="1.0" encoding="UTF-8"?>
<!-- Generated by org.testng.reporters.JUnitReportReporter -->
<testsuite skipped="0" hostname="RND-BASE-A" name="com.NexusPortalAutomation.TestCases.Java.TC0021_VerifyServicesOrderDetails" tests="1" failures="0" timestamp="05 Jul 2019 14:34:20 GMT" time="31.049" errors="0">
  <testcase name="TestServiceOrderDetails" time="31.049" classname="com.NexusPortalAutomation.TestCases.Java.TC0021_VerifyServicesOrderDetails"/>
</testsuite> <!-- com.NexusPortalAutomation.TestCases.Java.TC0021_VerifyServicesOrderDetails -->
