<?xml version="1.0" encoding="UTF-8"?>
<!-- Generated by org.testng.reporters.JUnitReportReporter -->
<testsuite skipped="0" hostname="RND-BASE-A" name="com.NexusPortalAutomation.TestCases.Java.TC0005_TestSearchbyBookMarks" tests="1" failures="0" timestamp="27 May 2019 17:16:11 GMT" time="22.358" errors="0">
  <testcase name="TestSearchAutobyBookMark" time="22.358" classname="com.NexusPortalAutomation.TestCases.Java.TC0005_TestSearchbyBookMarks"/>
</testsuite> <!-- com.NexusPortalAutomation.TestCases.Java.TC0005_TestSearchbyBookMarks -->
