<?xml version="1.0" encoding="UTF-8"?>
<!-- Generated by org.testng.reporters.JUnitReportReporter -->
<testsuite skipped="0" hostname="RND-BASE-A" name="com.NexusPortalAutomation.TestCases.Java.TC0034_VerifyAction_Transfers_Stack_TwoLocations" tests="1" failures="0" timestamp="11 Sep 2019 17:00:42 GMT" time="111.084" errors="0">
  <testcase name="VerifyAction_Transfers_Stack_TwoLocations" time="111.084" classname="com.NexusPortalAutomation.TestCases.Java.TC0034_VerifyAction_Transfers_Stack_TwoLocations"/>
</testsuite> <!-- com.NexusPortalAutomation.TestCases.Java.TC0034_VerifyAction_Transfers_Stack_TwoLocations -->
