<?xml version="1.0" encoding="UTF-8"?>
<!-- Generated by org.testng.reporters.JUnitReportReporter -->
<testsuite skipped="0" hostname="RND-BASE-A" name="com.NexusPortalAutomation.TestCases.Java.TC0034_VerifyAction_Transfers_Stack_TwoLocations" tests="1" failures="0" timestamp="24 Sep 2019 14:34:03 GMT" time="64.888" errors="0">
  <testcase name="VerifyAction_Transfers_Stack_TwoLocations" time="64.888" classname="com.NexusPortalAutomation.TestCases.Java.TC0034_VerifyAction_Transfers_Stack_TwoLocations"/>
</testsuite> <!-- com.NexusPortalAutomation.TestCases.Java.TC0034_VerifyAction_Transfers_Stack_TwoLocations -->
