<?xml version="1.0" encoding="UTF-8"?>
<!-- Generated by org.testng.reporters.JUnitReportReporter -->
<testsuite skipped="0" hostname="RND-BASE-A" name="com.NexusPortalAutomation.TestCases.Java.TC0008_VerifySignInbyLocationID" tests="1" failures="0" timestamp="17 Jul 2019 18:01:41 GMT" time="23.535" errors="0">
  <testcase name="TestSearchbyLocationID" time="23.535" classname="com.NexusPortalAutomation.TestCases.Java.TC0008_VerifySignInbyLocationID"/>
</testsuite> <!-- com.NexusPortalAutomation.TestCases.Java.TC0008_VerifySignInbyLocationID -->
