<?xml version="1.0" encoding="UTF-8"?>
<!-- Generated by org.testng.reporters.JUnitReportReporter -->
<testsuite skipped="0" hostname="RND-BASE-A" name="com.NexusPortalAutomation.TestCases.Java.TC0011_VerifyBookMark" tests="1" failures="0" timestamp="16 Jul 2019 13:41:57 GMT" time="45.439" errors="0">
  <testcase name="TestBookMark" time="45.439" classname="com.NexusPortalAutomation.TestCases.Java.TC0011_VerifyBookMark"/>
</testsuite> <!-- com.NexusPortalAutomation.TestCases.Java.TC0011_VerifyBookMark -->
