<?xml version="1.0" encoding="UTF-8"?>
<!-- Generated by org.testng.reporters.JUnitReportReporter -->
<testsuite skipped="0" hostname="RND-BASE-A" name="com.NexusPortalAutomation.TestCases.Java.TC0024_TestCustDetailSearchFirstName" tests="1" failures="0" timestamp="11 Jul 2019 14:26:55 GMT" time="35.236" errors="0">
  <testcase name="TestSearchAutobyFirstName" time="35.236" classname="com.NexusPortalAutomation.TestCases.Java.TC0024_TestCustDetailSearchFirstName"/>
</testsuite> <!-- com.NexusPortalAutomation.TestCases.Java.TC0024_TestCustDetailSearchFirstName -->
