<?xml version="1.0" encoding="UTF-8"?>
<!-- Generated by org.testng.reporters.JUnitReportReporter -->
<testsuite skipped="0" hostname="RND-BASE-A" name="com.NexusPortalAutomation.TestCases.Java.TC0017_StatementsValue" tests="1" failures="0" timestamp="11 Jul 2019 14:26:55 GMT" time="23.204" errors="0">
  <testcase name="TestBillingStatements" time="23.204" classname="com.NexusPortalAutomation.TestCases.Java.TC0017_StatementsValue"/>
</testsuite> <!-- com.NexusPortalAutomation.TestCases.Java.TC0017_StatementsValue -->
