<?xml version="1.0" encoding="UTF-8"?>
<!-- Generated by org.testng.reporters.JUnitReportReporter -->
<testsuite skipped="0" hostname="RND-BASE-A" name="com.NexusPortalAutomation.TestCases.Java.TC0026_VerifyAction_Transfers_StartService" tests="1" failures="0" timestamp="17 Jul 2019 15:04:24 GMT" time="56.939" errors="0">
  <testcase name="VerifyActionServiceOrder" time="56.939" classname="com.NexusPortalAutomation.TestCases.Java.TC0026_VerifyAction_Transfers_StartService"/>
</testsuite> <!-- com.NexusPortalAutomation.TestCases.Java.TC0026_VerifyAction_Transfers_StartService -->
