<?xml version="1.0" encoding="UTF-8"?>
<!-- Generated by org.testng.reporters.JUnitReportReporter -->
<testsuite skipped="0" hostname="RND-BASE-A" name="com.NexusPortalAutomation.TestCases.Java.TC0004_TestSearchbyRecentFunction" tests="1" failures="0" timestamp="13 Jun 2019 16:34:51 GMT" time="34.333" errors="0">
  <testcase name="TestSearchAutobyRecent" time="34.333" classname="com.NexusPortalAutomation.TestCases.Java.TC0004_TestSearchbyRecentFunction"/>
</testsuite> <!-- com.NexusPortalAutomation.TestCases.Java.TC0004_TestSearchbyRecentFunction -->
