<?xml version="1.0" encoding="UTF-8"?>
<!-- Generated by org.testng.reporters.JUnitReportReporter -->
<testsuite skipped="0" hostname="RND-BASE-A" name="com.NexusPortalAutomation.TestCases.Java.TC0005_TestBookMarks" tests="1" failures="0" timestamp="11 Sep 2019 17:00:42 GMT" time="29.938" errors="0">
  <testcase name="TestSearchAutobyBookMark" time="29.938" classname="com.NexusPortalAutomation.TestCases.Java.TC0005_TestBookMarks"/>
</testsuite> <!-- com.NexusPortalAutomation.TestCases.Java.TC0005_TestBookMarks -->
