<?xml version="1.0" encoding="UTF-8"?>
<!-- Generated by org.testng.reporters.JUnitReportReporter -->
<testsuite skipped="0" hostname="RND-BASE-A" name="com.NexusPortalAutomation.TestCases.Java.TC0014_VerifySecondaryContact" tests="1" failures="0" timestamp="27 May 2019 17:16:11 GMT" time="23.427" errors="0">
  <testcase name="TestSecondayContact" time="23.427" classname="com.NexusPortalAutomation.TestCases.Java.TC0014_VerifySecondaryContact"/>
</testsuite> <!-- com.NexusPortalAutomation.TestCases.Java.TC0014_VerifySecondaryContact -->
