<?xml version="1.0" encoding="UTF-8"?>
<!-- Generated by org.testng.reporters.JUnitReportReporter -->
<testsuite skipped="0" hostname="RND-BASE-A" name="com.NexusPortalAutomation.TestCases.Java.TC0013_VerifyContactEdit" tests="1" failures="0" timestamp="13 Sep 2019 11:33:15 GMT" time="39.914" errors="0">
  <testcase name="TestContactEdit" time="39.914" classname="com.NexusPortalAutomation.TestCases.Java.TC0013_VerifyContactEdit"/>
</testsuite> <!-- com.NexusPortalAutomation.TestCases.Java.TC0013_VerifyContactEdit -->
