<?xml version="1.0" encoding="UTF-8"?>
<!-- Generated by org.testng.reporters.JUnitReportReporter -->
<testsuite skipped="0" hostname="RND-BASE-A" name="com.NexusPortalAutomation.TestCases.Java.TC0024_TestCustDetailSearch" tests="1" failures="0" timestamp="01 Oct 2019 19:02:39 GMT" time="61.060" errors="0">
  <testcase name="TestSearchAutobyFirstName" time="61.060" classname="com.NexusPortalAutomation.TestCases.Java.TC0024_TestCustDetailSearch"/>
</testsuite> <!-- com.NexusPortalAutomation.TestCases.Java.TC0024_TestCustDetailSearch -->
