<?xml version="1.0" encoding="UTF-8"?>
<!-- Generated by org.testng.reporters.JUnitReportReporter -->
<testsuite skipped="0" hostname="RND-BASE-A" name="com.NexusPortalAutomation.TestCases.Java.TC0014_VerifySecondaryContact" tests="1" failures="0" timestamp="18 Jul 2019 19:23:41 GMT" time="24.391" errors="0">
  <testcase name="TestSecondayContact" time="24.391" classname="com.NexusPortalAutomation.TestCases.Java.TC0014_VerifySecondaryContact"/>
</testsuite> <!-- com.NexusPortalAutomation.TestCases.Java.TC0014_VerifySecondaryContact -->
