<?xml version="1.0" encoding="UTF-8"?>
<!-- Generated by org.testng.reporters.JUnitReportReporter -->
<testsuite skipped="0" hostname="RND-BASE-A" name="com.NexusPortalAutomation.TestCases.Java.TC0028_TestEnhancedNotes" tests="1" failures="0" timestamp="29 Aug 2019 12:21:06 GMT" time="25.132" errors="0">
  <testcase name="TestSearchAutobyFirstName" time="25.132" classname="com.NexusPortalAutomation.TestCases.Java.TC0028_TestEnhancedNotes"/>
</testsuite> <!-- com.NexusPortalAutomation.TestCases.Java.TC0028_TestEnhancedNotes -->
