<?xml version="1.0" encoding="UTF-8"?>
<!-- Generated by org.testng.reporters.JUnitReportReporter -->
<testsuite skipped="0" hostname="RND-BASE-A" name="com.NexusPortalAutomation.TestCases.Java.TC0006_TestAlertOnLoad" tests="1" failures="0" timestamp="17 Jul 2019 18:01:41 GMT" time="35.339" errors="0">
  <testcase name="TestSearchAlertOnLoad" time="35.339" classname="com.NexusPortalAutomation.TestCases.Java.TC0006_TestAlertOnLoad"/>
</testsuite> <!-- com.NexusPortalAutomation.TestCases.Java.TC0006_TestAlertOnLoad -->
