<?xml version="1.0" encoding="UTF-8"?>
<!-- Generated by org.testng.reporters.JUnitReportReporter -->
<testsuite skipped="0" hostname="RND-BASE-A" name="com.NexusPortalAutomation.TestCases.Java.TC0024_TestCustDetailSearch" tests="1" failures="0" timestamp="29 Aug 2019 14:37:31 GMT" time="44.905" errors="0">
  <testcase name="TestSearchAutobyFirstName" time="44.905" classname="com.NexusPortalAutomation.TestCases.Java.TC0024_TestCustDetailSearch"/>
</testsuite> <!-- com.NexusPortalAutomation.TestCases.Java.TC0024_TestCustDetailSearch -->
