<?xml version="1.0" encoding="UTF-8"?>
<!-- Generated by org.testng.reporters.JUnitReportReporter -->
<testsuite skipped="0" hostname="RND-BASE-A" name="com.NexusPortalAutomation.TestCases.Java.TC0010_1_verifyCustDetails_Business" tests="1" failures="0" timestamp="24 Sep 2019 14:34:03 GMT" time="12.150" errors="0">
  <testcase name="TestCustomerDetails" time="12.150" classname="com.NexusPortalAutomation.TestCases.Java.TC0010_1_verifyCustDetails_Business"/>
</testsuite> <!-- com.NexusPortalAutomation.TestCases.Java.TC0010_1_verifyCustDetails_Business -->
