<?xml version="1.0" encoding="UTF-8"?>
<!-- Generated by org.testng.reporters.JUnitReportReporter -->
<testsuite skipped="0" hostname="RND-BASE-A" name="com.NexusPortalAutomation.TestCases.Java.TC0008_VerifySignInbyLocationID" tests="1" failures="0" timestamp="08 Aug 2019 19:40:07 GMT" time="25.752" errors="0">
  <testcase name="TestSearchbyLocationID" time="25.752" classname="com.NexusPortalAutomation.TestCases.Java.TC0008_VerifySignInbyLocationID"/>
</testsuite> <!-- com.NexusPortalAutomation.TestCases.Java.TC0008_VerifySignInbyLocationID -->
