<?xml version="1.0" encoding="UTF-8"?>
<!-- Generated by org.testng.reporters.JUnitReportReporter -->
<testsuite skipped="0" hostname="RND-BASE-A" name="com.NexusPortalAutomation.TestCases.Java.TC0011_VerifyBookMark" tests="1" failures="0" timestamp="13 Sep 2019 11:33:18 GMT" time="49.093" errors="0">
  <testcase name="TestBookMark" time="49.093" classname="com.NexusPortalAutomation.TestCases.Java.TC0011_VerifyBookMark"/>
</testsuite> <!-- com.NexusPortalAutomation.TestCases.Java.TC0011_VerifyBookMark -->
