<?xml version="1.0" encoding="UTF-8"?>
<!-- Generated by org.testng.reporters.JUnitReportReporter -->
<testsuite skipped="0" hostname="RND-BASE-A" name="com.NexusPortalAutomation.TestCases.Java.TC0020_verifyDrillbackServices" tests="1" failures="0" timestamp="10 Oct 2019 14:16:25 GMT" time="15.574" errors="0">
  <testcase name="TestDrillBackServices" time="15.574" classname="com.NexusPortalAutomation.TestCases.Java.TC0020_verifyDrillbackServices"/>
</testsuite> <!-- com.NexusPortalAutomation.TestCases.Java.TC0020_verifyDrillbackServices -->
