<?xml version="1.0" encoding="UTF-8"?>
<!-- Generated by org.testng.reporters.JUnitReportReporter -->
<testsuite skipped="0" hostname="RND-BASE-A" name="com.NexusPortalAutomation.TestCases.Java.TC0015_VerifyContactLogs" tests="1" failures="0" timestamp="22 Aug 2019 18:25:15 GMT" time="18.911" errors="0">
  <testcase name="TestContactLogs" time="18.911" classname="com.NexusPortalAutomation.TestCases.Java.TC0015_VerifyContactLogs"/>
</testsuite> <!-- com.NexusPortalAutomation.TestCases.Java.TC0015_VerifyContactLogs -->
