<?xml version="1.0" encoding="UTF-8"?>
<!-- Generated by org.testng.reporters.JUnitReportReporter -->
<testsuite skipped="0" hostname="RND-BASE-A" name="com.NexusPortalAutomation.TestCases.Java.TC0023_VerifyRecentWidget" tests="1" failures="0" timestamp="14 Oct 2019 12:02:46 GMT" time="18.900" errors="0">
  <testcase name="VerifyRecentWidget" time="18.900" classname="com.NexusPortalAutomation.TestCases.Java.TC0023_VerifyRecentWidget"/>
</testsuite> <!-- com.NexusPortalAutomation.TestCases.Java.TC0023_VerifyRecentWidget -->
