<?xml version="1.0" encoding="UTF-8"?>
<!-- Generated by org.testng.reporters.JUnitReportReporter -->
<testsuite skipped="0" hostname="RND-BASE-A" name="com.NexusPortalAutomation.TestCases.Java.TC0013_VerifyContactEdit" tests="1" failures="0" timestamp="17 Sep 2019 17:41:44 GMT" time="33.384" errors="0">
  <testcase name="TestContactEdit" time="33.384" classname="com.NexusPortalAutomation.TestCases.Java.TC0013_VerifyContactEdit"/>
</testsuite> <!-- com.NexusPortalAutomation.TestCases.Java.TC0013_VerifyContactEdit -->
