<?xml version="1.0" encoding="UTF-8"?>
<!-- Generated by org.testng.reporters.JUnitReportReporter -->
<testsuite skipped="0" hostname="RND-BASE-A" name="com.NexusPortalAutomation.TestCases.Java.TC0012_VerifyCreditStatus" tests="1" failures="0" timestamp="16 Jul 2019 13:41:57 GMT" time="23.333" errors="0">
  <testcase name="TestCreditStatus" time="23.333" classname="com.NexusPortalAutomation.TestCases.Java.TC0012_VerifyCreditStatus"/>
</testsuite> <!-- com.NexusPortalAutomation.TestCases.Java.TC0012_VerifyCreditStatus -->
