<?xml version="1.0" encoding="UTF-8"?>
<!-- Generated by org.testng.reporters.JUnitReportReporter -->
<testsuite skipped="0" hostname="RND-BASE-A" name="com.NexusPortalAutomation.TestCases.Java.TC0016_VerifyBillingDetails" tests="1" failures="0" timestamp="17 Jul 2019 18:01:41 GMT" time="27.531" errors="0">
  <testcase name="VerifyBillingDetails" time="27.531" classname="com.NexusPortalAutomation.TestCases.Java.TC0016_VerifyBillingDetails"/>
</testsuite> <!-- com.NexusPortalAutomation.TestCases.Java.TC0016_VerifyBillingDetails -->
