<?xml version="1.0" encoding="UTF-8"?>
<!-- Generated by org.testng.reporters.JUnitReportReporter -->
<testsuite skipped="0" hostname="RND-BASE-A" name="com.NexusPortalAutomation.TestCases.Java.TC0005_TestBookMarks" tests="1" failures="0" timestamp="22 Aug 2019 18:25:15 GMT" time="31.291" errors="0">
  <testcase name="TestSearchAutobyBookMark" time="31.291" classname="com.NexusPortalAutomation.TestCases.Java.TC0005_TestBookMarks"/>
</testsuite> <!-- com.NexusPortalAutomation.TestCases.Java.TC0005_TestBookMarks -->
