<?xml version="1.0" encoding="UTF-8"?>
<!-- Generated by org.testng.reporters.JUnitReportReporter -->
<testsuite skipped="0" hostname="RND-BASE-A" name="com.NexusPortalAutomation.TestCases.Java.TC0035_VerifyAction_Transfers_StopService" tests="1" failures="0" timestamp="22 Aug 2019 18:25:13 GMT" time="56.444" errors="0">
  <testcase name="VerifyTransferActionServiceOrder" time="56.444" classname="com.NexusPortalAutomation.TestCases.Java.TC0035_VerifyAction_Transfers_StopService"/>
</testsuite> <!-- com.NexusPortalAutomation.TestCases.Java.TC0035_VerifyAction_Transfers_StopService -->
